{"total": {"lines":{"total":7227,"covered":3303,"skipped":0,"pct":45.7},"statements":{"total":7687,"covered":3417,"skipped":0,"pct":44.45},"functions":{"total":1130,"covered":506,"skipped":0,"pct":44.77},"branches":{"total":5912,"covered":1833,"skipped":0,"pct":31},"branchesTrue":{"total":0,"covered":0,"skipped":0,"pct":100}}
,"C:\\Users\\javir\\OneDrive\\Desktop\\TFGRepos\\BACKEND\\tfg-backend\\src\\controllers\\auth.controller.js": {"lines":{"total":38,"covered":38,"skipped":0,"pct":100},"functions":{"total":4,"covered":4,"skipped":0,"pct":100},"statements":{"total":38,"covered":38,"skipped":0,"pct":100},"branches":{"total":6,"covered":4,"skipped":0,"pct":66.66}}
,"C:\\Users\\javir\\OneDrive\\Desktop\\TFGRepos\\BACKEND\\tfg-backend\\src\\controllers\\bfi44.controller.js": {"lines":{"total":112,"covered":96,"skipped":0,"pct":85.71},"functions":{"total":12,"covered":11,"skipped":0,"pct":91.66},"statements":{"total":112,"covered":96,"skipped":0,"pct":85.71},"branches":{"total":50,"covered":39,"skipped":0,"pct":78}}
,"C:\\Users\\javir\\OneDrive\\Desktop\\TFGRepos\\BACKEND\\tfg-backend\\src\\controllers\\cv.controller.js": {"lines":{"total":277,"covered":189,"skipped":0,"pct":68.23},"functions":{"total":24,"covered":19,"skipped":0,"pct":79.16},"statements":{"total":278,"covered":190,"skipped":0,"pct":68.34},"branches":{"total":156,"covered":108,"skipped":0,"pct":69.23}}
,"C:\\Users\\javir\\OneDrive\\Desktop\\TFGRepos\\BACKEND\\tfg-backend\\src\\controllers\\home.controller.js": {"lines":{"total":2,"covered":2,"skipped":0,"pct":100},"functions":{"total":1,"covered":1,"skipped":0,"pct":100},"statements":{"total":2,"covered":2,"skipped":0,"pct":100},"branches":{"total":0,"covered":0,"skipped":0,"pct":100}}
,"C:\\Users\\javir\\OneDrive\\Desktop\\TFGRepos\\BACKEND\\tfg-backend\\src\\controllers\\legal.controller.js": {"lines":{"total":13,"covered":12,"skipped":0,"pct":92.3},"functions":{"total":1,"covered":1,"skipped":0,"pct":100},"statements":{"total":13,"covered":12,"skipped":0,"pct":92.3},"branches":{"total":8,"covered":8,"skipped":0,"pct":100}}
,"C:\\Users\\javir\\OneDrive\\Desktop\\TFGRepos\\BACKEND\\tfg-backend\\src\\controllers\\notification.controller.js": {"lines":{"total":113,"covered":106,"skipped":0,"pct":93.8},"functions":{"total":12,"covered":12,"skipped":0,"pct":100},"statements":{"total":113,"covered":106,"skipped":0,"pct":93.8},"branches":{"total":60,"covered":56,"skipped":0,"pct":93.33}}
,"C:\\Users\\javir\\OneDrive\\Desktop\\TFGRepos\\BACKEND\\tfg-backend\\src\\controllers\\organization.controller.js": {"lines":{"total":178,"covered":145,"skipped":0,"pct":81.46},"functions":{"total":20,"covered":18,"skipped":0,"pct":90},"statements":{"total":178,"covered":145,"skipped":0,"pct":81.46},"branches":{"total":42,"covered":26,"skipped":0,"pct":61.9}}
,"C:\\Users\\javir\\OneDrive\\Desktop\\TFGRepos\\BACKEND\\tfg-backend\\src\\controllers\\project.controller.js": {"lines":{"total":302,"covered":215,"skipped":0,"pct":71.19},"functions":{"total":33,"covered":23,"skipped":0,"pct":69.69},"statements":{"total":306,"covered":216,"skipped":0,"pct":70.58},"branches":{"total":120,"covered":56,"skipped":0,"pct":46.66}}
,"C:\\Users\\javir\\OneDrive\\Desktop\\TFGRepos\\BACKEND\\tfg-backend\\src\\controllers\\risk.controller.js": {"lines":{"total":222,"covered":116,"skipped":0,"pct":52.25},"functions":{"total":33,"covered":16,"skipped":0,"pct":48.48},"statements":{"total":228,"covered":120,"skipped":0,"pct":52.63},"branches":{"total":75,"covered":14,"skipped":0,"pct":18.66}}
,"C:\\Users\\javir\\OneDrive\\Desktop\\TFGRepos\\BACKEND\\tfg-backend\\src\\controllers\\user.controller.js": {"lines":{"total":44,"covered":6,"skipped":0,"pct":13.63},"functions":{"total":4,"covered":0,"skipped":0,"pct":0},"statements":{"total":44,"covered":6,"skipped":0,"pct":13.63},"branches":{"total":22,"covered":0,"skipped":0,"pct":0}}
,"C:\\Users\\javir\\OneDrive\\Desktop\\TFGRepos\\BACKEND\\tfg-backend\\src\\middleware\\authorization.js": {"lines":{"total":102,"covered":50,"skipped":0,"pct":49.01},"functions":{"total":11,"covered":9,"skipped":0,"pct":81.81},"statements":{"total":102,"covered":50,"skipped":0,"pct":49.01},"branches":{"total":68,"covered":29,"skipped":0,"pct":42.64}}
,"C:\\Users\\javir\\OneDrive\\Desktop\\TFGRepos\\BACKEND\\tfg-backend\\src\\services\\auth\\auth.service.js": {"lines":{"total":98,"covered":79,"skipped":0,"pct":80.61},"functions":{"total":11,"covered":5,"skipped":0,"pct":45.45},"statements":{"total":98,"covered":79,"skipped":0,"pct":80.61},"branches":{"total":62,"covered":40,"skipped":0,"pct":64.51}}
,"C:\\Users\\javir\\OneDrive\\Desktop\\TFGRepos\\BACKEND\\tfg-backend\\src\\services\\auth\\email.service.js": {"lines":{"total":31,"covered":29,"skipped":0,"pct":93.54},"functions":{"total":9,"covered":8,"skipped":0,"pct":88.88},"statements":{"total":33,"covered":31,"skipped":0,"pct":93.93},"branches":{"total":14,"covered":11,"skipped":0,"pct":78.57}}
,"C:\\Users\\javir\\OneDrive\\Desktop\\TFGRepos\\BACKEND\\tfg-backend\\src\\services\\auth\\emailQueue.service.js": {"lines":{"total":62,"covered":9,"skipped":0,"pct":14.51},"functions":{"total":12,"covered":1,"skipped":0,"pct":8.33},"statements":{"total":64,"covered":9,"skipped":0,"pct":14.06},"branches":{"total":22,"covered":4,"skipped":0,"pct":18.18}}
,"C:\\Users\\javir\\OneDrive\\Desktop\\TFGRepos\\BACKEND\\tfg-backend\\src\\services\\core\\bfi44.service.js": {"lines":{"total":94,"covered":32,"skipped":0,"pct":34.04},"functions":{"total":23,"covered":4,"skipped":0,"pct":17.39},"statements":{"total":98,"covered":33,"skipped":0,"pct":33.67},"branches":{"total":42,"covered":16,"skipped":0,"pct":38.09}}
,"C:\\Users\\javir\\OneDrive\\Desktop\\TFGRepos\\BACKEND\\tfg-backend\\src\\services\\core\\organization.service.js": {"lines":{"total":215,"covered":81,"skipped":0,"pct":37.67},"functions":{"total":38,"covered":9,"skipped":0,"pct":23.68},"statements":{"total":219,"covered":82,"skipped":0,"pct":37.44},"branches":{"total":127,"covered":32,"skipped":0,"pct":25.19}}
,"C:\\Users\\javir\\OneDrive\\Desktop\\TFGRepos\\BACKEND\\tfg-backend\\src\\services\\core\\project.service.js": {"lines":{"total":205,"covered":155,"skipped":0,"pct":75.6},"functions":{"total":25,"covered":16,"skipped":0,"pct":64},"statements":{"total":210,"covered":156,"skipped":0,"pct":74.28},"branches":{"total":118,"covered":80,"skipped":0,"pct":67.79}}
,"C:\\Users\\javir\\OneDrive\\Desktop\\TFGRepos\\BACKEND\\tfg-backend\\src\\services\\core\\user.service.js": {"lines":{"total":79,"covered":79,"skipped":0,"pct":100},"functions":{"total":12,"covered":12,"skipped":0,"pct":100},"statements":{"total":80,"covered":80,"skipped":0,"pct":100},"branches":{"total":43,"covered":38,"skipped":0,"pct":88.37}}
,"C:\\Users\\javir\\OneDrive\\Desktop\\TFGRepos\\BACKEND\\tfg-backend\\src\\services\\cv\\aiExtractor.service.js": {"lines":{"total":320,"covered":32,"skipped":0,"pct":10},"functions":{"total":48,"covered":8,"skipped":0,"pct":16.66},"statements":{"total":341,"covered":33,"skipped":0,"pct":9.67},"branches":{"total":325,"covered":9,"skipped":0,"pct":2.76}}
,"C:\\Users\\javir\\OneDrive\\Desktop\\TFGRepos\\BACKEND\\tfg-backend\\src\\services\\cv\\cv.service.js": {"lines":{"total":255,"covered":37,"skipped":0,"pct":14.5},"functions":{"total":32,"covered":1,"skipped":0,"pct":3.12},"statements":{"total":268,"covered":42,"skipped":0,"pct":15.67},"branches":{"total":224,"covered":39,"skipped":0,"pct":17.41}}
,"C:\\Users\\javir\\OneDrive\\Desktop\\TFGRepos\\BACKEND\\tfg-backend\\src\\services\\cv\\cvCompletenessValidator.service.js": {"lines":{"total":97,"covered":91,"skipped":0,"pct":93.81},"functions":{"total":18,"covered":18,"skipped":0,"pct":100},"statements":{"total":108,"covered":93,"skipped":0,"pct":86.11},"branches":{"total":82,"covered":64,"skipped":0,"pct":78.04}}
,"C:\\Users\\javir\\OneDrive\\Desktop\\TFGRepos\\BACKEND\\tfg-backend\\src\\services\\cv\\cvInteractiveQuestionnaire.service.js": {"lines":{"total":111,"covered":98,"skipped":0,"pct":88.28},"functions":{"total":21,"covered":19,"skipped":0,"pct":90.47},"statements":{"total":124,"covered":108,"skipped":0,"pct":87.09},"branches":{"total":99,"covered":62,"skipped":0,"pct":62.62}}
,"C:\\Users\\javir\\OneDrive\\Desktop\\TFGRepos\\BACKEND\\tfg-backend\\src\\services\\cv\\cvQuestionsGenerator.service.js": {"lines":{"total":40,"covered":40,"skipped":0,"pct":100},"functions":{"total":8,"covered":8,"skipped":0,"pct":100},"statements":{"total":41,"covered":41,"skipped":0,"pct":100},"branches":{"total":28,"covered":25,"skipped":0,"pct":89.28}}
,"C:\\Users\\javir\\OneDrive\\Desktop\\TFGRepos\\BACKEND\\tfg-backend\\src\\services\\cv\\extractors\\achievementsExtractor.js": {"lines":{"total":106,"covered":99,"skipped":0,"pct":93.39},"functions":{"total":24,"covered":24,"skipped":0,"pct":100},"statements":{"total":124,"covered":109,"skipped":0,"pct":87.9},"branches":{"total":80,"covered":45,"skipped":0,"pct":56.25}}
,"C:\\Users\\javir\\OneDrive\\Desktop\\TFGRepos\\BACKEND\\tfg-backend\\src\\services\\cv\\extractors\\certificationsExtractor.js": {"lines":{"total":56,"covered":55,"skipped":0,"pct":98.21},"functions":{"total":8,"covered":8,"skipped":0,"pct":100},"statements":{"total":64,"covered":59,"skipped":0,"pct":92.18},"branches":{"total":45,"covered":32,"skipped":0,"pct":71.11}}
,"C:\\Users\\javir\\OneDrive\\Desktop\\TFGRepos\\BACKEND\\tfg-backend\\src\\services\\cv\\extractors\\contactExtractor.js": {"lines":{"total":36,"covered":22,"skipped":0,"pct":61.11},"functions":{"total":5,"covered":3,"skipped":0,"pct":60},"statements":{"total":40,"covered":25,"skipped":0,"pct":62.5},"branches":{"total":28,"covered":14,"skipped":0,"pct":50}}
,"C:\\Users\\javir\\OneDrive\\Desktop\\TFGRepos\\BACKEND\\tfg-backend\\src\\services\\cv\\extractors\\educationExtractor.js": {"lines":{"total":69,"covered":55,"skipped":0,"pct":79.71},"functions":{"total":10,"covered":9,"skipped":0,"pct":90},"statements":{"total":75,"covered":59,"skipped":0,"pct":78.66},"branches":{"total":53,"covered":29,"skipped":0,"pct":54.71}}
,"C:\\Users\\javir\\OneDrive\\Desktop\\TFGRepos\\BACKEND\\tfg-backend\\src\\services\\cv\\extractors\\experienceExtractor.js": {"lines":{"total":91,"covered":78,"skipped":0,"pct":85.71},"functions":{"total":13,"covered":12,"skipped":0,"pct":92.3},"statements":{"total":101,"covered":85,"skipped":0,"pct":84.15},"branches":{"total":72,"covered":46,"skipped":0,"pct":63.88}}
,"C:\\Users\\javir\\OneDrive\\Desktop\\TFGRepos\\BACKEND\\tfg-backend\\src\\services\\cv\\extractors\\languagesExtractor.js": {"lines":{"total":41,"covered":40,"skipped":0,"pct":97.56},"functions":{"total":4,"covered":4,"skipped":0,"pct":100},"statements":{"total":43,"covered":41,"skipped":0,"pct":95.34},"branches":{"total":34,"covered":28,"skipped":0,"pct":82.35}}
,"C:\\Users\\javir\\OneDrive\\Desktop\\TFGRepos\\BACKEND\\tfg-backend\\src\\services\\cv\\extractors\\projectsExtractor.js": {"lines":{"total":63,"covered":61,"skipped":0,"pct":96.82},"functions":{"total":11,"covered":10,"skipped":0,"pct":90.9},"statements":{"total":71,"covered":67,"skipped":0,"pct":94.36},"branches":{"total":52,"covered":44,"skipped":0,"pct":84.61}}
,"C:\\Users\\javir\\OneDrive\\Desktop\\TFGRepos\\BACKEND\\tfg-backend\\src\\services\\cv\\extractors\\skillsExtractor.js": {"lines":{"total":42,"covered":41,"skipped":0,"pct":97.61},"functions":{"total":6,"covered":6,"skipped":0,"pct":100},"statements":{"total":44,"covered":42,"skipped":0,"pct":95.45},"branches":{"total":20,"covered":16,"skipped":0,"pct":80}}
,"C:\\Users\\javir\\OneDrive\\Desktop\\TFGRepos\\BACKEND\\tfg-backend\\src\\services\\notification\\notification.service.js": {"lines":{"total":68,"covered":26,"skipped":0,"pct":38.23},"functions":{"total":19,"covered":5,"skipped":0,"pct":26.31},"statements":{"total":70,"covered":26,"skipped":0,"pct":37.14},"branches":{"total":25,"covered":6,"skipped":0,"pct":24}}
,"C:\\Users\\javir\\OneDrive\\Desktop\\TFGRepos\\BACKEND\\tfg-backend\\src\\services\\notification\\channels\\EmailChannel.js": {"lines":{"total":33,"covered":32,"skipped":0,"pct":96.96},"functions":{"total":7,"covered":7,"skipped":0,"pct":100},"statements":{"total":33,"covered":32,"skipped":0,"pct":96.96},"branches":{"total":20,"covered":16,"skipped":0,"pct":80}}
,"C:\\Users\\javir\\OneDrive\\Desktop\\TFGRepos\\BACKEND\\tfg-backend\\src\\services\\notification\\channels\\InAppChannel.js": {"lines":{"total":13,"covered":11,"skipped":0,"pct":84.61},"functions":{"total":3,"covered":3,"skipped":0,"pct":100},"statements":{"total":13,"covered":11,"skipped":0,"pct":84.61},"branches":{"total":6,"covered":6,"skipped":0,"pct":100}}
,"C:\\Users\\javir\\OneDrive\\Desktop\\TFGRepos\\BACKEND\\tfg-backend\\src\\services\\notification\\channels\\NotificationChannel.js": {"lines":{"total":6,"covered":6,"skipped":0,"pct":100},"functions":{"total":3,"covered":3,"skipped":0,"pct":100},"statements":{"total":6,"covered":6,"skipped":0,"pct":100},"branches":{"total":0,"covered":0,"skipped":0,"pct":100}}
,"C:\\Users\\javir\\OneDrive\\Desktop\\TFGRepos\\BACKEND\\tfg-backend\\src\\services\\notification\\channels\\NotificationChannelFactory.js": {"lines":{"total":26,"covered":24,"skipped":0,"pct":92.3},"functions":{"total":6,"covered":6,"skipped":0,"pct":100},"statements":{"total":26,"covered":24,"skipped":0,"pct":92.3},"branches":{"total":8,"covered":7,"skipped":0,"pct":87.5}}
,"C:\\Users\\javir\\OneDrive\\Desktop\\TFGRepos\\BACKEND\\tfg-backend\\src\\services\\notification\\channels\\PushChannel.js": {"lines":{"total":15,"covered":13,"skipped":0,"pct":86.66},"functions":{"total":3,"covered":3,"skipped":0,"pct":100},"statements":{"total":15,"covered":13,"skipped":0,"pct":86.66},"branches":{"total":6,"covered":5,"skipped":0,"pct":83.33}}
,"C:\\Users\\javir\\OneDrive\\Desktop\\TFGRepos\\BACKEND\\tfg-backend\\src\\services\\notification\\helpers\\auth.helper.js": {"lines":{"total":21,"covered":9,"skipped":0,"pct":42.85},"functions":{"total":5,"covered":2,"skipped":0,"pct":40},"statements":{"total":21,"covered":9,"skipped":0,"pct":42.85},"branches":{"total":2,"covered":0,"skipped":0,"pct":0}}
,"C:\\Users\\javir\\OneDrive\\Desktop\\TFGRepos\\BACKEND\\tfg-backend\\src\\services\\notification\\helpers\\bfi44.helper.js": {"lines":{"total":21,"covered":10,"skipped":0,"pct":47.61},"functions":{"total":6,"covered":3,"skipped":0,"pct":50},"statements":{"total":21,"covered":10,"skipped":0,"pct":47.61},"branches":{"total":2,"covered":1,"skipped":0,"pct":50}}
,"C:\\Users\\javir\\OneDrive\\Desktop\\TFGRepos\\BACKEND\\tfg-backend\\src\\services\\notification\\helpers\\cv.helper.js": {"lines":{"total":27,"covered":10,"skipped":0,"pct":37.03},"functions":{"total":6,"covered":2,"skipped":0,"pct":33.33},"statements":{"total":27,"covered":10,"skipped":0,"pct":37.03},"branches":{"total":6,"covered":0,"skipped":0,"pct":0}}
,"C:\\Users\\javir\\OneDrive\\Desktop\\TFGRepos\\BACKEND\\tfg-backend\\src\\services\\notification\\helpers\\organization.helper.js": {"lines":{"total":52,"covered":17,"skipped":0,"pct":32.69},"functions":{"total":15,"covered":5,"skipped":0,"pct":33.33},"statements":{"total":52,"covered":17,"skipped":0,"pct":32.69},"branches":{"total":30,"covered":8,"skipped":0,"pct":26.66}}
,"C:\\Users\\javir\\OneDrive\\Desktop\\TFGRepos\\BACKEND\\tfg-backend\\src\\services\\notification\\helpers\\project.helper.js": {"lines":{"total":104,"covered":27,"skipped":0,"pct":25.96},"functions":{"total":35,"covered":10,"skipped":0,"pct":28.57},"statements":{"total":106,"covered":28,"skipped":0,"pct":26.41},"branches":{"total":56,"covered":7,"skipped":0,"pct":12.5}}
,"C:\\Users\\javir\\OneDrive\\Desktop\\TFGRepos\\BACKEND\\tfg-backend\\src\\services\\notification\\helpers\\user.helper.js": {"lines":{"total":17,"covered":5,"skipped":0,"pct":29.41},"functions":{"total":4,"covered":0,"skipped":0,"pct":0},"statements":{"total":17,"covered":5,"skipped":0,"pct":29.41},"branches":{"total":10,"covered":0,"skipped":0,"pct":0}}
,"C:\\Users\\javir\\OneDrive\\Desktop\\TFGRepos\\BACKEND\\tfg-backend\\src\\services\\risk\\cbr.service.js": {"lines":{"total":188,"covered":45,"skipped":0,"pct":23.93},"functions":{"total":52,"covered":9,"skipped":0,"pct":17.3},"statements":{"total":202,"covered":46,"skipped":0,"pct":22.77},"branches":{"total":256,"covered":98,"skipped":0,"pct":38.28}}
,"C:\\Users\\javir\\OneDrive\\Desktop\\TFGRepos\\BACKEND\\tfg-backend\\src\\services\\risk\\manualRisk.service.js": {"lines":{"total":78,"covered":78,"skipped":0,"pct":100},"functions":{"total":6,"covered":6,"skipped":0,"pct":100},"statements":{"total":78,"covered":78,"skipped":0,"pct":100},"branches":{"total":71,"covered":70,"skipped":0,"pct":98.59}}
,"C:\\Users\\javir\\OneDrive\\Desktop\\TFGRepos\\BACKEND\\tfg-backend\\src\\services\\risk\\postProject.service.js": {"lines":{"total":145,"covered":14,"skipped":0,"pct":9.65},"functions":{"total":30,"covered":3,"skipped":0,"pct":10},"statements":{"total":154,"covered":15,"skipped":0,"pct":9.74},"branches":{"total":180,"covered":7,"skipped":0,"pct":3.88}}
,"C:\\Users\\javir\\OneDrive\\Desktop\\TFGRepos\\BACKEND\\tfg-backend\\src\\services\\risk\\riskPrediction.service.js": {"lines":{"total":187,"covered":22,"skipped":0,"pct":11.76},"functions":{"total":42,"covered":8,"skipped":0,"pct":19.04},"statements":{"total":197,"covered":24,"skipped":0,"pct":12.18},"branches":{"total":182,"covered":11,"skipped":0,"pct":6.04}}
,"C:\\Users\\javir\\OneDrive\\Desktop\\TFGRepos\\BACKEND\\tfg-backend\\src\\services\\risk\\seedCases.service.js": {"lines":{"total":25,"covered":18,"skipped":0,"pct":72},"functions":{"total":7,"covered":4,"skipped":0,"pct":57.14},"statements":{"total":27,"covered":19,"skipped":0,"pct":70.37},"branches":{"total":7,"covered":4,"skipped":0,"pct":57.14}}
,"C:\\Users\\javir\\OneDrive\\Desktop\\TFGRepos\\BACKEND\\tfg-backend\\src\\services\\risk\\decisionTree\\hofstede.js": {"lines":{"total":21,"covered":4,"skipped":0,"pct":19.04},"functions":{"total":3,"covered":0,"skipped":0,"pct":0},"statements":{"total":25,"covered":4,"skipped":0,"pct":16},"branches":{"total":14,"covered":0,"skipped":0,"pct":0}}
,"C:\\Users\\javir\\OneDrive\\Desktop\\TFGRepos\\BACKEND\\tfg-backend\\src\\services\\risk\\decisionTree\\index.js": {"lines":{"total":78,"covered":9,"skipped":0,"pct":11.53},"functions":{"total":29,"covered":0,"skipped":0,"pct":0},"statements":{"total":129,"covered":9,"skipped":0,"pct":6.97},"branches":{"total":55,"covered":0,"skipped":0,"pct":0}}
,"C:\\Users\\javir\\OneDrive\\Desktop\\TFGRepos\\BACKEND\\tfg-backend\\src\\services\\risk\\decisionTree\\utils.js": {"lines":{"total":72,"covered":8,"skipped":0,"pct":11.11},"functions":{"total":19,"covered":1,"skipped":0,"pct":5.26},"statements":{"total":92,"covered":8,"skipped":0,"pct":8.69},"branches":{"total":107,"covered":3,"skipped":0,"pct":2.8}}
,"C:\\Users\\javir\\OneDrive\\Desktop\\TFGRepos\\BACKEND\\tfg-backend\\src\\services\\risk\\decisionTree\\rules\\communication.js": {"lines":{"total":89,"covered":3,"skipped":0,"pct":3.37},"functions":{"total":3,"covered":0,"skipped":0,"pct":0},"statements":{"total":98,"covered":3,"skipped":0,"pct":3.06},"branches":{"total":97,"covered":0,"skipped":0,"pct":0}}
,"C:\\Users\\javir\\OneDrive\\Desktop\\TFGRepos\\BACKEND\\tfg-backend\\src\\services\\risk\\decisionTree\\rules\\conflict.js": {"lines":{"total":40,"covered":36,"skipped":0,"pct":90},"functions":{"total":1,"covered":1,"skipped":0,"pct":100},"statements":{"total":42,"covered":37,"skipped":0,"pct":88.09},"branches":{"total":42,"covered":26,"skipped":0,"pct":61.9}}
,"C:\\Users\\javir\\OneDrive\\Desktop\\TFGRepos\\BACKEND\\tfg-backend\\src\\services\\risk\\decisionTree\\rules\\cultural.js": {"lines":{"total":72,"covered":3,"skipped":0,"pct":4.16},"functions":{"total":4,"covered":0,"skipped":0,"pct":0},"statements":{"total":83,"covered":3,"skipped":0,"pct":3.61},"branches":{"total":92,"covered":0,"skipped":0,"pct":0}}
,"C:\\Users\\javir\\OneDrive\\Desktop\\TFGRepos\\BACKEND\\tfg-backend\\src\\services\\risk\\decisionTree\\rules\\planning.js": {"lines":{"total":396,"covered":2,"skipped":0,"pct":0.5},"functions":{"total":12,"covered":0,"skipped":0,"pct":0},"statements":{"total":418,"covered":2,"skipped":0,"pct":0.47},"branches":{"total":628,"covered":0,"skipped":0,"pct":0}}
,"C:\\Users\\javir\\OneDrive\\Desktop\\TFGRepos\\BACKEND\\tfg-backend\\src\\services\\risk\\decisionTree\\rules\\team.js": {"lines":{"total":204,"covered":2,"skipped":0,"pct":0.98},"functions":{"total":7,"covered":0,"skipped":0,"pct":0},"statements":{"total":222,"covered":2,"skipped":0,"pct":0.9},"branches":{"total":292,"covered":0,"skipped":0,"pct":0}}
,"C:\\Users\\javir\\OneDrive\\Desktop\\TFGRepos\\BACKEND\\tfg-backend\\src\\services\\risk\\decisionTree\\rules\\workload.js": {"lines":{"total":157,"covered":2,"skipped":0,"pct":1.27},"functions":{"total":4,"covered":0,"skipped":0,"pct":0},"statements":{"total":171,"covered":2,"skipped":0,"pct":1.16},"branches":{"total":182,"covered":0,"skipped":0,"pct":0}}
,"C:\\Users\\javir\\OneDrive\\Desktop\\TFGRepos\\BACKEND\\tfg-backend\\src\\services\\team\\personalityOptimizer.service.js": {"lines":{"total":153,"covered":87,"skipped":0,"pct":56.86},"functions":{"total":28,"covered":15,"skipped":0,"pct":53.57},"statements":{"total":156,"covered":89,"skipped":0,"pct":57.05},"branches":{"total":134,"covered":40,"skipped":0,"pct":29.85}}
,"C:\\Users\\javir\\OneDrive\\Desktop\\TFGRepos\\BACKEND\\tfg-backend\\src\\services\\team\\teamAnalysis.service.js": {"lines":{"total":237,"covered":30,"skipped":0,"pct":12.65},"functions":{"total":56,"covered":6,"skipped":0,"pct":10.71},"statements":{"total":261,"covered":30,"skipped":0,"pct":11.49},"branches":{"total":209,"covered":24,"skipped":0,"pct":11.48}}
,"C:\\Users\\javir\\OneDrive\\Desktop\\TFGRepos\\BACKEND\\tfg-backend\\src\\services\\team\\teamAnalysisOrchestrator.service.js": {"lines":{"total":124,"covered":8,"skipped":0,"pct":6.45},"functions":{"total":33,"covered":0,"skipped":0,"pct":0},"statements":{"total":127,"covered":8,"skipped":0,"pct":6.29},"branches":{"total":46,"covered":0,"skipped":0,"pct":0}}
,"C:\\Users\\javir\\OneDrive\\Desktop\\TFGRepos\\BACKEND\\tfg-backend\\src\\services\\team\\teamSelection.service.js": {"lines":{"total":325,"covered":149,"skipped":0,"pct":45.84},"functions":{"total":51,"covered":24,"skipped":0,"pct":47.05},"statements":{"total":346,"covered":155,"skipped":0,"pct":44.79},"branches":{"total":268,"covered":102,"skipped":0,"pct":38.05}}
,"C:\\Users\\javir\\OneDrive\\Desktop\\TFGRepos\\BACKEND\\tfg-backend\\src\\services\\team\\teamSynergy.service.js": {"lines":{"total":277,"covered":39,"skipped":0,"pct":14.07},"functions":{"total":59,"covered":12,"skipped":0,"pct":20.33},"statements":{"total":318,"covered":47,"skipped":0,"pct":14.77},"branches":{"total":216,"covered":11,"skipped":0,"pct":5.09}}
,"C:\\Users\\javir\\OneDrive\\Desktop\\TFGRepos\\BACKEND\\tfg-backend\\src\\utils\\AppError.js": {"lines":{"total":13,"covered":13,"skipped":0,"pct":100},"functions":{"total":7,"covered":7,"skipped":0,"pct":100},"statements":{"total":13,"covered":13,"skipped":0,"pct":100},"branches":{"total":2,"covered":2,"skipped":0,"pct":100}}
,"C:\\Users\\javir\\OneDrive\\Desktop\\TFGRepos\\BACKEND\\tfg-backend\\src\\utils\\bfi44ProfileMapper.js": {"lines":{"total":10,"covered":7,"skipped":0,"pct":70},"functions":{"total":2,"covered":2,"skipped":0,"pct":100},"statements":{"total":12,"covered":7,"skipped":0,"pct":58.33},"branches":{"total":38,"covered":11,"skipped":0,"pct":28.94}}
,"C:\\Users\\javir\\OneDrive\\Desktop\\TFGRepos\\BACKEND\\tfg-backend\\src\\utils\\cookie.js": {"lines":{"total":16,"covered":16,"skipped":0,"pct":100},"functions":{"total":5,"covered":5,"skipped":0,"pct":100},"statements":{"total":17,"covered":16,"skipped":0,"pct":94.11},"branches":{"total":12,"covered":8,"skipped":0,"pct":66.66}}
,"C:\\Users\\javir\\OneDrive\\Desktop\\TFGRepos\\BACKEND\\tfg-backend\\src\\utils\\cvUtils.js": {"lines":{"total":106,"covered":87,"skipped":0,"pct":82.07},"functions":{"total":27,"covered":23,"skipped":0,"pct":85.18},"statements":{"total":117,"covered":95,"skipped":0,"pct":81.19},"branches":{"total":90,"covered":63,"skipped":0,"pct":70}}
,"C:\\Users\\javir\\OneDrive\\Desktop\\TFGRepos\\BACKEND\\tfg-backend\\src\\utils\\dictionaries.js": {"lines":{"total":25,"covered":24,"skipped":0,"pct":96},"functions":{"total":6,"covered":6,"skipped":0,"pct":100},"statements":{"total":26,"covered":25,"skipped":0,"pct":96.15},"branches":{"total":11,"covered":10,"skipped":0,"pct":90.9}}
,"C:\\Users\\javir\\OneDrive\\Desktop\\TFGRepos\\BACKEND\\tfg-backend\\src\\utils\\documentUpdater.js": {"lines":{"total":19,"covered":18,"skipped":0,"pct":94.73},"functions":{"total":4,"covered":4,"skipped":0,"pct":100},"statements":{"total":21,"covered":20,"skipped":0,"pct":95.23},"branches":{"total":11,"covered":10,"skipped":0,"pct":90.9}}
,"C:\\Users\\javir\\OneDrive\\Desktop\\TFGRepos\\BACKEND\\tfg-backend\\src\\utils\\errorHelper.js": {"lines":{"total":15,"covered":15,"skipped":0,"pct":100},"functions":{"total":2,"covered":2,"skipped":0,"pct":100},"statements":{"total":23,"covered":23,"skipped":0,"pct":100},"branches":{"total":42,"covered":42,"skipped":0,"pct":100}}
,"C:\\Users\\javir\\OneDrive\\Desktop\\TFGRepos\\BACKEND\\tfg-backend\\src\\utils\\idHelper.js": {"lines":{"total":5,"covered":5,"skipped":0,"pct":100},"functions":{"total":1,"covered":1,"skipped":0,"pct":100},"statements":{"total":8,"covered":8,"skipped":0,"pct":100},"branches":{"total":6,"covered":6,"skipped":0,"pct":100}}
,"C:\\Users\\javir\\OneDrive\\Desktop\\TFGRepos\\BACKEND\\tfg-backend\\src\\utils\\jwt.js": {"lines":{"total":29,"covered":28,"skipped":0,"pct":96.55},"functions":{"total":3,"covered":3,"skipped":0,"pct":100},"statements":{"total":29,"covered":28,"skipped":0,"pct":96.55},"branches":{"total":16,"covered":12,"skipped":0,"pct":75}}
,"C:\\Users\\javir\\OneDrive\\Desktop\\TFGRepos\\BACKEND\\tfg-backend\\src\\utils\\notificationValidator.js": {"lines":{"total":87,"covered":78,"skipped":0,"pct":89.65},"functions":{"total":5,"covered":5,"skipped":0,"pct":100},"statements":{"total":88,"covered":79,"skipped":0,"pct":89.77},"branches":{"total":100,"covered":91,"skipped":0,"pct":91}}
,"C:\\Users\\javir\\OneDrive\\Desktop\\TFGRepos\\BACKEND\\tfg-backend\\src\\utils\\pdfParser.js": {"lines":{"total":9,"covered":5,"skipped":0,"pct":55.55},"functions":{"total":3,"covered":0,"skipped":0,"pct":0},"statements":{"total":10,"covered":5,"skipped":0,"pct":50},"branches":{"total":0,"covered":0,"skipped":0,"pct":100}}
,"C:\\Users\\javir\\OneDrive\\Desktop\\TFGRepos\\BACKEND\\tfg-backend\\src\\utils\\responseHandler.js": {"lines":{"total":27,"covered":27,"skipped":0,"pct":100},"functions":{"total":5,"covered":5,"skipped":0,"pct":100},"statements":{"total":28,"covered":28,"skipped":0,"pct":100},"branches":{"total":46,"covered":41,"skipped":0,"pct":89.13}}
,"C:\\Users\\javir\\OneDrive\\Desktop\\TFGRepos\\BACKEND\\tfg-backend\\src\\utils\\validators.js": {"lines":{"total":81,"covered":43,"skipped":0,"pct":53.08},"functions":{"total":9,"covered":6,"skipped":0,"pct":66.66},"statements":{"total":82,"covered":43,"skipped":0,"pct":52.43},"branches":{"total":112,"covered":71,"skipped":0,"pct":63.39}}
}
