{"total": {"lines":{"total":7286,"covered":3163,"skipped":0,"pct":43.41},"statements":{"total":7768,"covered":3269,"skipped":0,"pct":42.08},"functions":{"total":1093,"covered":498,"skipped":0,"pct":45.56},"branches":{"total":6062,"covered":1775,"skipped":0,"pct":29.28},"branchesTrue":{"total":0,"covered":0,"skipped":0,"pct":100}}
,"C:\\Users\\Javier\\Documents\\GitHub\\TFGRepos\\Back\\tfg-backend\\src\\controllers\\auth.controller.js": {"lines":{"total":35,"covered":35,"skipped":0,"pct":100},"functions":{"total":4,"covered":4,"skipped":0,"pct":100},"statements":{"total":35,"covered":35,"skipped":0,"pct":100},"branches":{"total":6,"covered":5,"skipped":0,"pct":83.33}}
,"C:\\Users\\Javier\\Documents\\GitHub\\TFGRepos\\Back\\tfg-backend\\src\\controllers\\bfi44.controller.js": {"lines":{"total":86,"covered":83,"skipped":0,"pct":96.51},"functions":{"total":10,"covered":10,"skipped":0,"pct":100},"statements":{"total":86,"covered":83,"skipped":0,"pct":96.51},"branches":{"total":31,"covered":29,"skipped":0,"pct":93.54}}
,"C:\\Users\\Javier\\Documents\\GitHub\\TFGRepos\\Back\\tfg-backend\\src\\controllers\\cv.controller.js": {"lines":{"total":291,"covered":204,"skipped":0,"pct":70.1},"functions":{"total":28,"covered":22,"skipped":0,"pct":78.57},"statements":{"total":296,"covered":208,"skipped":0,"pct":70.27},"branches":{"total":153,"covered":109,"skipped":0,"pct":71.24}}
,"C:\\Users\\Javier\\Documents\\GitHub\\TFGRepos\\Back\\tfg-backend\\src\\controllers\\home.controller.js": {"lines":{"total":2,"covered":2,"skipped":0,"pct":100},"functions":{"total":1,"covered":1,"skipped":0,"pct":100},"statements":{"total":2,"covered":2,"skipped":0,"pct":100},"branches":{"total":0,"covered":0,"skipped":0,"pct":100}}
,"C:\\Users\\Javier\\Documents\\GitHub\\TFGRepos\\Back\\tfg-backend\\src\\controllers\\legal.controller.js": {"lines":{"total":10,"covered":10,"skipped":0,"pct":100},"functions":{"total":1,"covered":1,"skipped":0,"pct":100},"statements":{"total":10,"covered":10,"skipped":0,"pct":100},"branches":{"total":8,"covered":8,"skipped":0,"pct":100}}
,"C:\\Users\\Javier\\Documents\\GitHub\\TFGRepos\\Back\\tfg-backend\\src\\controllers\\notification.controller.js": {"lines":{"total":104,"covered":97,"skipped":0,"pct":93.26},"functions":{"total":12,"covered":12,"skipped":0,"pct":100},"statements":{"total":104,"covered":97,"skipped":0,"pct":93.26},"branches":{"total":50,"covered":49,"skipped":0,"pct":98}}
,"C:\\Users\\Javier\\Documents\\GitHub\\TFGRepos\\Back\\tfg-backend\\src\\controllers\\organization.controller.js": {"lines":{"total":169,"covered":144,"skipped":0,"pct":85.2},"functions":{"total":18,"covered":16,"skipped":0,"pct":88.88},"statements":{"total":169,"covered":144,"skipped":0,"pct":85.2},"branches":{"total":76,"covered":47,"skipped":0,"pct":61.84}}
,"C:\\Users\\Javier\\Documents\\GitHub\\TFGRepos\\Back\\tfg-backend\\src\\controllers\\project.controller.js": {"lines":{"total":536,"covered":316,"skipped":0,"pct":58.95},"functions":{"total":64,"covered":41,"skipped":0,"pct":64.06},"statements":{"total":542,"covered":317,"skipped":0,"pct":58.48},"branches":{"total":272,"covered":136,"skipped":0,"pct":50}}
,"C:\\Users\\Javier\\Documents\\GitHub\\TFGRepos\\Back\\tfg-backend\\src\\controllers\\risk.controller.js": {"lines":{"total":262,"covered":112,"skipped":0,"pct":42.74},"functions":{"total":39,"covered":15,"skipped":0,"pct":38.46},"statements":{"total":279,"covered":118,"skipped":0,"pct":42.29},"branches":{"total":99,"covered":22,"skipped":0,"pct":22.22}}
,"C:\\Users\\Javier\\Documents\\GitHub\\TFGRepos\\Back\\tfg-backend\\src\\controllers\\user.controller.js": {"lines":{"total":27,"covered":4,"skipped":0,"pct":14.81},"functions":{"total":2,"covered":0,"skipped":0,"pct":0},"statements":{"total":27,"covered":4,"skipped":0,"pct":14.81},"branches":{"total":21,"covered":0,"skipped":0,"pct":0}}
,"C:\\Users\\Javier\\Documents\\GitHub\\TFGRepos\\Back\\tfg-backend\\src\\middleware\\authorization.js": {"lines":{"total":83,"covered":39,"skipped":0,"pct":46.98},"functions":{"total":9,"covered":8,"skipped":0,"pct":88.88},"statements":{"total":83,"covered":39,"skipped":0,"pct":46.98},"branches":{"total":48,"covered":22,"skipped":0,"pct":45.83}}
,"C:\\Users\\Javier\\Documents\\GitHub\\TFGRepos\\Back\\tfg-backend\\src\\services\\aiExtractor.service.js": {"lines":{"total":298,"covered":25,"skipped":0,"pct":8.38},"functions":{"total":38,"covered":5,"skipped":0,"pct":13.15},"statements":{"total":316,"covered":25,"skipped":0,"pct":7.91},"branches":{"total":321,"covered":6,"skipped":0,"pct":1.86}}
,"C:\\Users\\Javier\\Documents\\GitHub\\TFGRepos\\Back\\tfg-backend\\src\\services\\auth.service.js": {"lines":{"total":89,"covered":75,"skipped":0,"pct":84.26},"functions":{"total":7,"covered":4,"skipped":0,"pct":57.14},"statements":{"total":89,"covered":75,"skipped":0,"pct":84.26},"branches":{"total":54,"covered":35,"skipped":0,"pct":64.81}}
,"C:\\Users\\Javier\\Documents\\GitHub\\TFGRepos\\Back\\tfg-backend\\src\\services\\authNotificationHelper.js": {"lines":{"total":24,"covered":11,"skipped":0,"pct":45.83},"functions":{"total":6,"covered":3,"skipped":0,"pct":50},"statements":{"total":27,"covered":13,"skipped":0,"pct":48.14},"branches":{"total":8,"covered":4,"skipped":0,"pct":50}}
,"C:\\Users\\Javier\\Documents\\GitHub\\TFGRepos\\Back\\tfg-backend\\src\\services\\bfi44.service.js": {"lines":{"total":86,"covered":30,"skipped":0,"pct":34.88},"functions":{"total":22,"covered":4,"skipped":0,"pct":18.18},"statements":{"total":90,"covered":31,"skipped":0,"pct":34.44},"branches":{"total":35,"covered":16,"skipped":0,"pct":45.71}}
,"C:\\Users\\Javier\\Documents\\GitHub\\TFGRepos\\Back\\tfg-backend\\src\\services\\bfi44NotificationHelper.js": {"lines":{"total":24,"covered":11,"skipped":0,"pct":45.83},"functions":{"total":7,"covered":4,"skipped":0,"pct":57.14},"statements":{"total":27,"covered":12,"skipped":0,"pct":44.44},"branches":{"total":8,"covered":3,"skipped":0,"pct":37.5}}
,"C:\\Users\\Javier\\Documents\\GitHub\\TFGRepos\\Back\\tfg-backend\\src\\services\\cbr.service.js": {"lines":{"total":216,"covered":44,"skipped":0,"pct":20.37},"functions":{"total":54,"covered":9,"skipped":0,"pct":16.66},"statements":{"total":231,"covered":45,"skipped":0,"pct":19.48},"branches":{"total":260,"covered":100,"skipped":0,"pct":38.46}}
,"C:\\Users\\Javier\\Documents\\GitHub\\TFGRepos\\Back\\tfg-backend\\src\\services\\cv.service.js": {"lines":{"total":244,"covered":35,"skipped":0,"pct":14.34},"functions":{"total":33,"covered":1,"skipped":0,"pct":3.03},"statements":{"total":257,"covered":40,"skipped":0,"pct":15.56},"branches":{"total":204,"covered":39,"skipped":0,"pct":19.11}}
,"C:\\Users\\Javier\\Documents\\GitHub\\TFGRepos\\Back\\tfg-backend\\src\\services\\cvCompletenessValidator.service.js": {"lines":{"total":97,"covered":91,"skipped":0,"pct":93.81},"functions":{"total":18,"covered":18,"skipped":0,"pct":100},"statements":{"total":108,"covered":93,"skipped":0,"pct":86.11},"branches":{"total":82,"covered":64,"skipped":0,"pct":78.04}}
,"C:\\Users\\Javier\\Documents\\GitHub\\TFGRepos\\Back\\tfg-backend\\src\\services\\cvInteractiveQuestionnaire.service.js": {"lines":{"total":107,"covered":94,"skipped":0,"pct":87.85},"functions":{"total":18,"covered":16,"skipped":0,"pct":88.88},"statements":{"total":116,"covered":102,"skipped":0,"pct":87.93},"branches":{"total":88,"covered":53,"skipped":0,"pct":60.22}}
,"C:\\Users\\Javier\\Documents\\GitHub\\TFGRepos\\Back\\tfg-backend\\src\\services\\cvNotificationHelper.js": {"lines":{"total":30,"covered":11,"skipped":0,"pct":36.66},"functions":{"total":7,"covered":3,"skipped":0,"pct":42.85},"statements":{"total":33,"covered":12,"skipped":0,"pct":36.36},"branches":{"total":12,"covered":2,"skipped":0,"pct":16.66}}
,"C:\\Users\\Javier\\Documents\\GitHub\\TFGRepos\\Back\\tfg-backend\\src\\services\\cvQuestionsGenerator.service.js": {"lines":{"total":40,"covered":40,"skipped":0,"pct":100},"functions":{"total":8,"covered":8,"skipped":0,"pct":100},"statements":{"total":41,"covered":41,"skipped":0,"pct":100},"branches":{"total":28,"covered":25,"skipped":0,"pct":89.28}}
,"C:\\Users\\Javier\\Documents\\GitHub\\TFGRepos\\Back\\tfg-backend\\src\\services\\decisionTree.service.js": {"lines":{"total":1269,"covered":47,"skipped":0,"pct":3.7},"functions":{"total":91,"covered":2,"skipped":0,"pct":2.19},"statements":{"total":1437,"covered":48,"skipped":0,"pct":3.34},"branches":{"total":1737,"covered":29,"skipped":0,"pct":1.66}}
,"C:\\Users\\Javier\\Documents\\GitHub\\TFGRepos\\Back\\tfg-backend\\src\\services\\email.service.js": {"lines":{"total":9,"covered":9,"skipped":0,"pct":100},"functions":{"total":2,"covered":2,"skipped":0,"pct":100},"statements":{"total":9,"covered":9,"skipped":0,"pct":100},"branches":{"total":6,"covered":4,"skipped":0,"pct":66.66}}
,"C:\\Users\\Javier\\Documents\\GitHub\\TFGRepos\\Back\\tfg-backend\\src\\services\\manualRisk.service.js": {"lines":{"total":77,"covered":77,"skipped":0,"pct":100},"functions":{"total":6,"covered":6,"skipped":0,"pct":100},"statements":{"total":77,"covered":77,"skipped":0,"pct":100},"branches":{"total":65,"covered":64,"skipped":0,"pct":98.46}}
,"C:\\Users\\Javier\\Documents\\GitHub\\TFGRepos\\Back\\tfg-backend\\src\\services\\notification.service.js": {"lines":{"total":68,"covered":26,"skipped":0,"pct":38.23},"functions":{"total":19,"covered":5,"skipped":0,"pct":26.31},"statements":{"total":70,"covered":26,"skipped":0,"pct":37.14},"branches":{"total":25,"covered":6,"skipped":0,"pct":24}}
,"C:\\Users\\Javier\\Documents\\GitHub\\TFGRepos\\Back\\tfg-backend\\src\\services\\organization.service.js": {"lines":{"total":201,"covered":53,"skipped":0,"pct":26.36},"functions":{"total":38,"covered":9,"skipped":0,"pct":23.68},"statements":{"total":205,"covered":54,"skipped":0,"pct":26.34},"branches":{"total":115,"covered":21,"skipped":0,"pct":18.26}}
,"C:\\Users\\Javier\\Documents\\GitHub\\TFGRepos\\Back\\tfg-backend\\src\\services\\organizationNotificationHelper.js": {"lines":{"total":55,"covered":19,"skipped":0,"pct":34.54},"functions":{"total":16,"covered":6,"skipped":0,"pct":37.5},"statements":{"total":58,"covered":21,"skipped":0,"pct":36.2},"branches":{"total":32,"covered":11,"skipped":0,"pct":34.37}}
,"C:\\Users\\Javier\\Documents\\GitHub\\TFGRepos\\Back\\tfg-backend\\src\\services\\personalityOptimizer.service.js": {"lines":{"total":163,"covered":87,"skipped":0,"pct":53.37},"functions":{"total":30,"covered":15,"skipped":0,"pct":50},"statements":{"total":166,"covered":89,"skipped":0,"pct":53.61},"branches":{"total":136,"covered":40,"skipped":0,"pct":29.41}}
,"C:\\Users\\Javier\\Documents\\GitHub\\TFGRepos\\Back\\tfg-backend\\src\\services\\postProject.service.js": {"lines":{"total":156,"covered":15,"skipped":0,"pct":9.61},"functions":{"total":31,"covered":3,"skipped":0,"pct":9.67},"statements":{"total":165,"covered":16,"skipped":0,"pct":9.69},"branches":{"total":182,"covered":7,"skipped":0,"pct":3.84}}
,"C:\\Users\\Javier\\Documents\\GitHub\\TFGRepos\\Back\\tfg-backend\\src\\services\\project.service.js": {"lines":{"total":195,"covered":111,"skipped":0,"pct":56.92},"functions":{"total":26,"covered":15,"skipped":0,"pct":57.69},"statements":{"total":201,"covered":111,"skipped":0,"pct":55.22},"branches":{"total":110,"covered":62,"skipped":0,"pct":56.36}}
,"C:\\Users\\Javier\\Documents\\GitHub\\TFGRepos\\Back\\tfg-backend\\src\\services\\projectNotificationHelper.js": {"lines":{"total":107,"covered":29,"skipped":0,"pct":27.1},"functions":{"total":36,"covered":11,"skipped":0,"pct":30.55},"statements":{"total":112,"covered":32,"skipped":0,"pct":28.57},"branches":{"total":50,"covered":9,"skipped":0,"pct":18}}
,"C:\\Users\\Javier\\Documents\\GitHub\\TFGRepos\\Back\\tfg-backend\\src\\services\\riskPrediction.service.js": {"lines":{"total":189,"covered":20,"skipped":0,"pct":10.58},"functions":{"total":39,"covered":8,"skipped":0,"pct":20.51},"statements":{"total":198,"covered":24,"skipped":0,"pct":12.12},"branches":{"total":162,"covered":6,"skipped":0,"pct":3.7}}
,"C:\\Users\\Javier\\Documents\\GitHub\\TFGRepos\\Back\\tfg-backend\\src\\services\\seedCases.service.js": {"lines":{"total":24,"covered":17,"skipped":0,"pct":70.83},"functions":{"total":7,"covered":4,"skipped":0,"pct":57.14},"statements":{"total":26,"covered":18,"skipped":0,"pct":69.23},"branches":{"total":7,"covered":4,"skipped":0,"pct":57.14}}
,"C:\\Users\\Javier\\Documents\\GitHub\\TFGRepos\\Back\\tfg-backend\\src\\services\\teamAnalysis.service.js": {"lines":{"total":243,"covered":33,"skipped":0,"pct":13.58},"functions":{"total":56,"covered":6,"skipped":0,"pct":10.71},"statements":{"total":267,"covered":33,"skipped":0,"pct":12.35},"branches":{"total":211,"covered":24,"skipped":0,"pct":11.37}}
,"C:\\Users\\Javier\\Documents\\GitHub\\TFGRepos\\Back\\tfg-backend\\src\\services\\teamSelection.service.js": {"lines":{"total":325,"covered":154,"skipped":0,"pct":47.38},"functions":{"total":48,"covered":24,"skipped":0,"pct":50},"statements":{"total":345,"covered":160,"skipped":0,"pct":46.37},"branches":{"total":260,"covered":102,"skipped":0,"pct":39.23}}
,"C:\\Users\\Javier\\Documents\\GitHub\\TFGRepos\\Back\\tfg-backend\\src\\services\\teamSynergy.service.js": {"lines":{"total":303,"covered":58,"skipped":0,"pct":19.14},"functions":{"total":60,"covered":12,"skipped":0,"pct":20},"statements":{"total":345,"covered":63,"skipped":0,"pct":18.26},"branches":{"total":244,"covered":28,"skipped":0,"pct":11.47}}
,"C:\\Users\\Javier\\Documents\\GitHub\\TFGRepos\\Back\\tfg-backend\\src\\services\\user.service.js": {"lines":{"total":79,"covered":79,"skipped":0,"pct":100},"functions":{"total":12,"covered":12,"skipped":0,"pct":100},"statements":{"total":80,"covered":80,"skipped":0,"pct":100},"branches":{"total":43,"covered":38,"skipped":0,"pct":88.37}}
,"C:\\Users\\Javier\\Documents\\GitHub\\TFGRepos\\Back\\tfg-backend\\src\\services\\userNotificationHelper.js": {"lines":{"total":20,"covered":4,"skipped":0,"pct":20},"functions":{"total":5,"covered":0,"skipped":0,"pct":0},"statements":{"total":23,"covered":4,"skipped":0,"pct":17.39},"branches":{"total":16,"covered":0,"skipped":0,"pct":0}}
,"C:\\Users\\Javier\\Documents\\GitHub\\TFGRepos\\Back\\tfg-backend\\src\\services\\cvExtractors\\achievementsExtractor.js": {"lines":{"total":106,"covered":99,"skipped":0,"pct":93.39},"functions":{"total":24,"covered":24,"skipped":0,"pct":100},"statements":{"total":124,"covered":109,"skipped":0,"pct":87.9},"branches":{"total":80,"covered":45,"skipped":0,"pct":56.25}}
,"C:\\Users\\Javier\\Documents\\GitHub\\TFGRepos\\Back\\tfg-backend\\src\\services\\cvExtractors\\certificationsExtractor.js": {"lines":{"total":56,"covered":55,"skipped":0,"pct":98.21},"functions":{"total":8,"covered":8,"skipped":0,"pct":100},"statements":{"total":64,"covered":59,"skipped":0,"pct":92.18},"branches":{"total":45,"covered":32,"skipped":0,"pct":71.11}}
,"C:\\Users\\Javier\\Documents\\GitHub\\TFGRepos\\Back\\tfg-backend\\src\\services\\cvExtractors\\contactExtractor.js": {"lines":{"total":36,"covered":22,"skipped":0,"pct":61.11},"functions":{"total":5,"covered":3,"skipped":0,"pct":60},"statements":{"total":40,"covered":25,"skipped":0,"pct":62.5},"branches":{"total":28,"covered":14,"skipped":0,"pct":50}}
,"C:\\Users\\Javier\\Documents\\GitHub\\TFGRepos\\Back\\tfg-backend\\src\\services\\cvExtractors\\educationExtractor.js": {"lines":{"total":69,"covered":55,"skipped":0,"pct":79.71},"functions":{"total":10,"covered":9,"skipped":0,"pct":90},"statements":{"total":75,"covered":59,"skipped":0,"pct":78.66},"branches":{"total":53,"covered":29,"skipped":0,"pct":54.71}}
,"C:\\Users\\Javier\\Documents\\GitHub\\TFGRepos\\Back\\tfg-backend\\src\\services\\cvExtractors\\experienceExtractor.js": {"lines":{"total":91,"covered":78,"skipped":0,"pct":85.71},"functions":{"total":13,"covered":12,"skipped":0,"pct":92.3},"statements":{"total":101,"covered":85,"skipped":0,"pct":84.15},"branches":{"total":70,"covered":44,"skipped":0,"pct":62.85}}
,"C:\\Users\\Javier\\Documents\\GitHub\\TFGRepos\\Back\\tfg-backend\\src\\services\\cvExtractors\\languagesExtractor.js": {"lines":{"total":41,"covered":40,"skipped":0,"pct":97.56},"functions":{"total":4,"covered":4,"skipped":0,"pct":100},"statements":{"total":43,"covered":41,"skipped":0,"pct":95.34},"branches":{"total":34,"covered":28,"skipped":0,"pct":82.35}}
,"C:\\Users\\Javier\\Documents\\GitHub\\TFGRepos\\Back\\tfg-backend\\src\\services\\cvExtractors\\projectsExtractor.js": {"lines":{"total":63,"covered":61,"skipped":0,"pct":96.82},"functions":{"total":11,"covered":10,"skipped":0,"pct":90.9},"statements":{"total":71,"covered":67,"skipped":0,"pct":94.36},"branches":{"total":50,"covered":42,"skipped":0,"pct":84}}
,"C:\\Users\\Javier\\Documents\\GitHub\\TFGRepos\\Back\\tfg-backend\\src\\services\\cvExtractors\\skillsExtractor.js": {"lines":{"total":40,"covered":39,"skipped":0,"pct":97.5},"functions":{"total":6,"covered":6,"skipped":0,"pct":100},"statements":{"total":41,"covered":40,"skipped":0,"pct":97.56},"branches":{"total":16,"covered":13,"skipped":0,"pct":81.25}}
,"C:\\Users\\Javier\\Documents\\GitHub\\TFGRepos\\Back\\tfg-backend\\src\\services\\notificationChannels\\EmailChannel.js": {"lines":{"total":32,"covered":31,"skipped":0,"pct":96.87},"functions":{"total":7,"covered":7,"skipped":0,"pct":100},"statements":{"total":32,"covered":31,"skipped":0,"pct":96.87},"branches":{"total":20,"covered":16,"skipped":0,"pct":80}}
,"C:\\Users\\Javier\\Documents\\GitHub\\TFGRepos\\Back\\tfg-backend\\src\\services\\notificationChannels\\InAppChannel.js": {"lines":{"total":13,"covered":11,"skipped":0,"pct":84.61},"functions":{"total":3,"covered":3,"skipped":0,"pct":100},"statements":{"total":13,"covered":11,"skipped":0,"pct":84.61},"branches":{"total":6,"covered":6,"skipped":0,"pct":100}}
,"C:\\Users\\Javier\\Documents\\GitHub\\TFGRepos\\Back\\tfg-backend\\src\\services\\notificationChannels\\NotificationChannel.js": {"lines":{"total":5,"covered":5,"skipped":0,"pct":100},"functions":{"total":3,"covered":3,"skipped":0,"pct":100},"statements":{"total":5,"covered":5,"skipped":0,"pct":100},"branches":{"total":0,"covered":0,"skipped":0,"pct":100}}
,"C:\\Users\\Javier\\Documents\\GitHub\\TFGRepos\\Back\\tfg-backend\\src\\services\\notificationChannels\\NotificationChannelFactory.js": {"lines":{"total":25,"covered":23,"skipped":0,"pct":92},"functions":{"total":6,"covered":6,"skipped":0,"pct":100},"statements":{"total":25,"covered":23,"skipped":0,"pct":92},"branches":{"total":8,"covered":7,"skipped":0,"pct":87.5}}
,"C:\\Users\\Javier\\Documents\\GitHub\\TFGRepos\\Back\\tfg-backend\\src\\services\\notificationChannels\\PushChannel.js": {"lines":{"total":15,"covered":13,"skipped":0,"pct":86.66},"functions":{"total":3,"covered":3,"skipped":0,"pct":100},"statements":{"total":15,"covered":13,"skipped":0,"pct":86.66},"branches":{"total":6,"covered":5,"skipped":0,"pct":83.33}}
,"C:\\Users\\Javier\\Documents\\GitHub\\TFGRepos\\Back\\tfg-backend\\src\\utils\\AppError.js": {"lines":{"total":13,"covered":13,"skipped":0,"pct":100},"functions":{"total":7,"covered":7,"skipped":0,"pct":100},"statements":{"total":13,"covered":13,"skipped":0,"pct":100},"branches":{"total":2,"covered":2,"skipped":0,"pct":100}}
,"C:\\Users\\Javier\\Documents\\GitHub\\TFGRepos\\Back\\tfg-backend\\src\\utils\\bfi44ProfileMapper.js": {"lines":{"total":10,"covered":7,"skipped":0,"pct":70},"functions":{"total":2,"covered":2,"skipped":0,"pct":100},"statements":{"total":12,"covered":7,"skipped":0,"pct":58.33},"branches":{"total":38,"covered":11,"skipped":0,"pct":28.94}}
,"C:\\Users\\Javier\\Documents\\GitHub\\TFGRepos\\Back\\tfg-backend\\src\\utils\\cvUtils.js": {"lines":{"total":102,"covered":84,"skipped":0,"pct":82.35},"functions":{"total":26,"covered":22,"skipped":0,"pct":84.61},"statements":{"total":113,"covered":92,"skipped":0,"pct":81.41},"branches":{"total":85,"covered":59,"skipped":0,"pct":69.41}}
,"C:\\Users\\Javier\\Documents\\GitHub\\TFGRepos\\Back\\tfg-backend\\src\\utils\\dictionaries.js": {"lines":{"total":25,"covered":23,"skipped":0,"pct":92},"functions":{"total":6,"covered":6,"skipped":0,"pct":100},"statements":{"total":26,"covered":24,"skipped":0,"pct":92.3},"branches":{"total":11,"covered":9,"skipped":0,"pct":81.81}}
,"C:\\Users\\Javier\\Documents\\GitHub\\TFGRepos\\Back\\tfg-backend\\src\\utils\\jwt.js": {"lines":{"total":25,"covered":24,"skipped":0,"pct":96},"functions":{"total":3,"covered":3,"skipped":0,"pct":100},"statements":{"total":25,"covered":24,"skipped":0,"pct":96},"branches":{"total":10,"covered":8,"skipped":0,"pct":80}}
,"C:\\Users\\Javier\\Documents\\GitHub\\TFGRepos\\Back\\tfg-backend\\src\\utils\\notificationValidator.js": {"lines":{"total":86,"covered":77,"skipped":0,"pct":89.53},"functions":{"total":5,"covered":5,"skipped":0,"pct":100},"statements":{"total":87,"covered":78,"skipped":0,"pct":89.65},"branches":{"total":100,"covered":87,"skipped":0,"pct":87}}
,"C:\\Users\\Javier\\Documents\\GitHub\\TFGRepos\\Back\\tfg-backend\\src\\utils\\responseHandler.js": {"lines":{"total":14,"covered":14,"skipped":0,"pct":100},"functions":{"total":4,"covered":4,"skipped":0,"pct":100},"statements":{"total":14,"covered":14,"skipped":0,"pct":100},"branches":{"total":28,"covered":23,"skipped":0,"pct":82.14}}
,"C:\\Users\\Javier\\Documents\\GitHub\\TFGRepos\\Back\\tfg-backend\\src\\utils\\validators.js": {"lines":{"total":76,"covered":38,"skipped":0,"pct":50},"functions":{"total":9,"covered":6,"skipped":0,"pct":66.66},"statements":{"total":77,"covered":38,"skipped":0,"pct":49.35},"branches":{"total":107,"covered":66,"skipped":0,"pct":61.68}}
}
