TN:
SF:src\controllers\auth.controller.js
FN:5,(anonymous_0)
FN:23,(anonymous_1)
FN:40,(anonymous_2)
FN:60,(anonymous_3)
FNF:4
FNH:4
FNDA:9,(anonymous_0)
FNDA:3,(anonymous_1)
FNDA:6,(anonymous_2)
FNDA:4,(anonymous_3)
DA:1,4
DA:2,4
DA:3,4
DA:5,4
DA:6,9
DA:7,9
DA:9,9
DA:11,5
DA:13,4
DA:19,5
DA:23,4
DA:24,3
DA:25,3
DA:27,3
DA:29,3
DA:31,2
DA:36,1
DA:40,4
DA:41,6
DA:42,6
DA:44,6
DA:45,1
DA:48,5
DA:50,3
DA:51,3
DA:54,2
DA:55,2
DA:56,2
DA:60,4
DA:61,4
DA:62,4
DA:64,4
DA:65,4
DA:67,2
DA:74,2
LF:35
LH:35
BRDA:44,0,0,1
BRDA:44,0,1,5
BRDA:50,1,0,3
BRDA:50,1,1,1
BRDA:55,2,0,2
BRDA:55,2,1,0
BRF:6
BRH:5
end_of_record
TN:
SF:src\controllers\bfi44.controller.js
FN:16,(anonymous_0)
FN:31,(anonymous_1)
FN:57,(anonymous_2)
FN:95,(anonymous_3)
FN:117,(anonymous_4)
FN:142,(anonymous_5)
FN:160,(anonymous_6)
FN:187,(anonymous_7)
FN:201,(anonymous_8)
FN:218,(anonymous_9)
FNF:10
FNH:10
FNDA:2,(anonymous_0)
FNDA:3,(anonymous_1)
FNDA:6,(anonymous_2)
FNDA:3,(anonymous_3)
FNDA:3,(anonymous_4)
FNDA:3,(anonymous_5)
FNDA:4,(anonymous_6)
FNDA:3,(anonymous_7)
FNDA:2,(anonymous_8)
FNDA:4,(anonymous_9)
DA:1,4
DA:2,4
DA:3,4
DA:4,4
DA:17,2
DA:18,2
DA:20,1
DA:22,1
DA:23,1
DA:32,3
DA:33,3
DA:34,3
DA:36,3
DA:37,1
DA:40,2
DA:42,1
DA:48,1
DA:49,1
DA:58,6
DA:59,6
DA:61,6
DA:62,2
DA:63,2
DA:65,2
DA:66,1
DA:69,1
DA:70,1
DA:72,1
DA:73,0
DA:77,5
DA:79,4
DA:80,1
DA:83,3
DA:86,1
DA:87,1
DA:96,3
DA:97,3
DA:99,3
DA:101,2
DA:102,1
DA:105,1
DA:108,1
DA:109,1
DA:118,3
DA:119,3
DA:121,3
DA:122,1
DA:125,2
DA:127,1
DA:133,1
DA:134,1
DA:143,3
DA:144,3
DA:146,3
DA:148,2
DA:151,1
DA:152,1
DA:161,4
DA:162,4
DA:163,1
DA:166,3
DA:167,1
DA:170,2
DA:172,1
DA:178,1
DA:179,1
DA:188,3
DA:189,3
DA:190,1
DA:193,2
DA:194,1
DA:197,1
DA:199,1
DA:201,2
DA:209,0
DA:210,0
DA:219,4
DA:220,4
DA:221,1
DA:224,3
DA:225,1
DA:228,2
DA:230,1
DA:233,1
DA:234,1
DA:239,4
LF:86
LH:83
BRDA:36,0,0,1
BRDA:36,0,1,2
BRDA:61,1,0,2
BRDA:61,1,1,4
BRDA:61,2,0,6
BRDA:61,2,1,3
BRDA:65,3,0,1
BRDA:65,3,1,1
BRDA:70,4,0,1
BRDA:70,4,1,1
BRDA:70,4,2,0
BRDA:72,5,0,0
BRDA:72,5,1,1
BRDA:79,6,0,1
BRDA:79,6,1,3
BRDA:101,7,0,1
BRDA:101,7,1,1
BRDA:121,8,0,1
BRDA:121,8,1,2
BRDA:162,9,0,1
BRDA:162,9,1,3
BRDA:166,10,0,1
BRDA:166,10,1,2
BRDA:189,11,0,1
BRDA:189,11,1,2
BRDA:193,12,0,1
BRDA:193,12,1,1
BRDA:220,13,0,1
BRDA:220,13,1,3
BRDA:224,14,0,1
BRDA:224,14,1,2
BRF:31
BRH:29
end_of_record
TN:
SF:src\controllers\cv.controller.js
FN:29,(anonymous_0)
FN:65,(anonymous_1)
FN:123,(anonymous_2)
FN:140,(anonymous_3)
FN:163,(anonymous_4)
FN:187,(anonymous_5)
FN:211,(anonymous_6)
FN:232,(anonymous_7)
FN:249,(anonymous_8)
FN:261,(anonymous_9)
FN:276,(anonymous_10)
FN:322,(anonymous_11)
FN:360,(anonymous_12)
FN:397,(anonymous_13)
FN:464,(anonymous_14)
FN:504,(anonymous_15)
FN:550,(anonymous_16)
FN:569,(anonymous_17)
FN:615,(anonymous_18)
FN:662,(anonymous_19)
FN:703,(anonymous_20)
FN:722,(anonymous_21)
FN:761,(anonymous_22)
FN:766,(anonymous_23)
FN:786,(anonymous_24)
FN:802,(anonymous_25)
FN:852,(anonymous_26)
FN:870,(anonymous_27)
FNF:28
FNH:22
FNDA:7,(anonymous_0)
FNDA:0,(anonymous_1)
FNDA:2,(anonymous_2)
FNDA:3,(anonymous_3)
FNDA:3,(anonymous_4)
FNDA:3,(anonymous_5)
FNDA:2,(anonymous_6)
FNDA:2,(anonymous_7)
FNDA:2,(anonymous_8)
FNDA:3,(anonymous_9)
FNDA:4,(anonymous_10)
FNDA:0,(anonymous_11)
FNDA:0,(anonymous_12)
FNDA:0,(anonymous_13)
FNDA:2,(anonymous_14)
FNDA:4,(anonymous_15)
FNDA:3,(anonymous_16)
FNDA:1,(anonymous_17)
FNDA:3,(anonymous_18)
FNDA:4,(anonymous_19)
FNDA:0,(anonymous_20)
FNDA:0,(anonymous_21)
FNDA:1,(anonymous_22)
FNDA:2,(anonymous_23)
FNDA:3,(anonymous_24)
FNDA:1,(anonymous_25)
FNDA:3,(anonymous_26)
FNDA:1,(anonymous_27)
DA:1,4
DA:2,4
DA:3,4
DA:4,4
DA:5,4
DA:6,4
DA:7,4
DA:8,4
DA:9,4
DA:18,4
DA:30,7
DA:31,7
DA:32,1
DA:35,6
DA:36,6
DA:40,6
DA:41,3
DA:42,3
DA:43,2
DA:44,3
DA:45,2
DA:47,1
DA:50,4
DA:51,1
DA:54,3
DA:55,3
DA:57,3
DA:58,1
DA:65,2
DA:66,0
DA:69,2
DA:72,2
DA:73,2
DA:76,2
DA:77,0
DA:78,0
DA:80,0
DA:101,2
DA:115,1
DA:116,1
DA:124,2
DA:125,2
DA:126,2
DA:128,1
DA:133,1
DA:141,3
DA:142,3
DA:143,3
DA:144,3
DA:146,3
DA:148,3
DA:149,1
DA:152,2
DA:155,0
DA:164,3
DA:165,3
DA:171,3
DA:173,3
DA:179,0
DA:188,3
DA:189,3
DA:196,3
DA:198,3
DA:204,0
DA:212,2
DA:213,2
DA:214,2
DA:215,2
DA:217,2
DA:219,1
DA:225,1
DA:233,2
DA:234,2
DA:235,2
DA:237,2
DA:239,1
DA:242,1
DA:250,2
DA:251,2
DA:252,2
DA:254,2
DA:261,3
DA:265,2
DA:268,0
DA:277,4
DA:278,4
DA:279,4
DA:281,4
DA:282,1
DA:285,3
DA:287,1
DA:293,2
DA:295,2
DA:303,2
DA:311,2
DA:312,2
DA:314,2
DA:323,0
DA:324,0
DA:325,0
DA:326,0
DA:332,0
DA:334,0
DA:337,0
DA:339,0
DA:344,0
DA:349,0
DA:350,0
DA:352,0
DA:361,0
DA:362,0
DA:363,0
DA:365,0
DA:367,0
DA:370,0
DA:372,0
DA:379,0
DA:386,0
DA:387,0
DA:389,0
DA:398,0
DA:399,0
DA:400,0
DA:401,0
DA:403,0
DA:404,0
DA:407,0
DA:408,0
DA:409,0
DA:417,0
DA:422,0
DA:431,0
DA:437,0
DA:439,0
DA:446,0
DA:453,0
DA:454,0
DA:456,0
DA:465,2
DA:466,2
DA:468,2
DA:470,2
DA:471,1
DA:474,1
DA:475,1
DA:477,1
DA:495,0
DA:496,0
DA:505,4
DA:506,4
DA:507,4
DA:508,4
DA:510,4
DA:512,4
DA:513,1
DA:516,3
DA:518,3
DA:519,1
DA:527,2
DA:528,1
DA:530,1
DA:533,2
DA:541,0
DA:542,0
DA:551,3
DA:552,3
DA:553,3
DA:555,3
DA:556,1
DA:559,2
DA:561,2
DA:562,1
DA:566,1
DA:569,1
DA:571,1
DA:572,1
DA:574,1
DA:575,1
DA:576,1
DA:578,1
DA:581,1
DA:584,1
DA:587,1
DA:589,1
DA:591,1
DA:606,0
DA:607,0
DA:616,3
DA:617,3
DA:618,3
DA:620,3
DA:622,3
DA:623,1
DA:626,2
DA:628,2
DA:629,1
DA:640,1
DA:641,1
DA:643,1
DA:652,0
DA:653,0
DA:663,4
DA:664,4
DA:665,4
DA:666,4
DA:668,4
DA:669,1
DA:672,3
DA:673,1
DA:676,2
DA:678,2
DA:679,1
DA:683,1
DA:685,1
DA:693,0
DA:694,0
DA:704,0
DA:705,0
DA:706,0
DA:708,0
DA:709,0
DA:712,0
DA:714,0
DA:715,0
DA:719,0
DA:722,0
DA:723,0
DA:724,0
DA:726,0
DA:727,0
DA:728,0
DA:730,0
DA:733,0
DA:736,0
DA:738,0
DA:752,0
DA:753,0
DA:762,1
DA:763,1
DA:764,1
DA:766,2
DA:773,1
DA:778,0
DA:779,0
DA:787,3
DA:788,3
DA:789,3
DA:791,3
DA:792,1
DA:796,2
DA:797,2
DA:798,1
DA:802,1
DA:803,1
DA:804,1
DA:806,1
DA:807,1
DA:808,1
DA:810,1
DA:813,1
DA:816,1
DA:819,1
DA:820,1
DA:822,1
DA:823,1
DA:830,0
DA:844,0
DA:845,0
DA:853,3
DA:854,3
DA:855,3
DA:857,3
DA:858,1
DA:862,2
DA:863,2
DA:864,1
DA:867,1
DA:870,1
DA:871,1
DA:872,1
DA:874,1
DA:875,1
DA:876,1
DA:878,1
DA:881,1
DA:884,1
DA:886,1
DA:888,1
DA:905,0
DA:906,0
DA:911,4
LF:291
LH:204
BRDA:31,0,0,1
BRDA:31,0,1,6
BRDA:40,1,0,3
BRDA:40,1,1,3
BRDA:44,2,0,2
BRDA:44,2,1,1
BRDA:50,3,0,1
BRDA:50,3,1,3
BRDA:50,4,0,4
BRDA:50,4,1,3
BRDA:55,5,0,3
BRDA:55,5,1,0
BRDA:57,6,0,1
BRDA:57,6,1,2
BRDA:73,7,0,2
BRDA:73,7,1,2
BRDA:73,7,2,2
BRDA:73,7,3,0
BRDA:76,8,0,0
BRDA:76,8,1,2
BRDA:148,9,0,1
BRDA:148,9,1,2
BRDA:148,10,0,3
BRDA:148,10,1,1
BRDA:166,11,0,1
BRDA:166,11,1,2
BRDA:167,12,0,1
BRDA:167,12,1,2
BRDA:190,13,0,3
BRDA:190,13,1,1
BRDA:191,14,0,3
BRDA:191,14,1,1
BRDA:192,15,0,3
BRDA:192,15,1,1
BRDA:255,16,0,2
BRDA:255,16,1,1
BRDA:256,17,0,2
BRDA:256,17,1,1
BRDA:257,18,0,2
BRDA:257,18,1,1
BRDA:258,19,0,2
BRDA:258,19,1,1
BRDA:259,20,0,2
BRDA:259,20,1,1
BRDA:260,21,0,2
BRDA:260,21,1,1
BRDA:261,22,0,2
BRDA:261,22,1,1
BRDA:281,23,0,1
BRDA:281,23,1,3
BRDA:311,24,0,2
BRDA:311,24,1,0
BRDA:312,25,0,2
BRDA:312,25,1,0
BRDA:349,26,0,0
BRDA:349,26,1,0
BRDA:350,27,0,0
BRDA:350,27,1,0
BRDA:386,28,0,0
BRDA:386,28,1,0
BRDA:387,29,0,0
BRDA:387,29,1,0
BRDA:403,30,0,0
BRDA:403,30,1,0
BRDA:408,31,0,0
BRDA:408,31,1,0
BRDA:418,32,0,0
BRDA:418,32,1,0
BRDA:419,33,0,0
BRDA:419,33,1,0
BRDA:453,34,0,0
BRDA:453,34,1,0
BRDA:454,35,0,0
BRDA:454,35,1,0
BRDA:470,36,0,1
BRDA:470,36,1,1
BRDA:507,37,0,4
BRDA:507,37,1,2
BRDA:507,37,2,2
BRDA:512,38,0,1
BRDA:512,38,1,3
BRDA:518,39,0,1
BRDA:518,39,1,2
BRDA:527,40,0,1
BRDA:527,40,1,1
BRDA:536,41,0,1
BRDA:536,41,1,1
BRDA:555,42,0,1
BRDA:555,42,1,2
BRDA:555,43,0,3
BRDA:555,43,1,3
BRDA:561,44,0,1
BRDA:561,44,1,1
BRDA:575,45,0,1
BRDA:575,45,1,0
BRDA:618,46,0,3
BRDA:618,46,1,3
BRDA:618,46,2,3
BRDA:622,47,0,1
BRDA:622,47,1,2
BRDA:628,48,0,1
BRDA:628,48,1,1
BRDA:666,49,0,4
BRDA:666,49,1,4
BRDA:666,49,2,4
BRDA:668,50,0,1
BRDA:668,50,1,3
BRDA:668,51,0,4
BRDA:668,51,1,4
BRDA:672,52,0,1
BRDA:672,52,1,2
BRDA:678,53,0,1
BRDA:678,53,1,1
BRDA:688,54,0,1
BRDA:688,54,1,0
BRDA:708,55,0,0
BRDA:708,55,1,0
BRDA:708,56,0,0
BRDA:708,56,1,0
BRDA:714,57,0,0
BRDA:714,57,1,0
BRDA:727,58,0,0
BRDA:727,58,1,0
BRDA:746,59,0,0
BRDA:746,59,1,0
BRDA:746,60,0,0
BRDA:746,60,1,0
BRDA:763,61,0,1
BRDA:763,61,1,0
BRDA:763,61,2,0
BRDA:791,62,0,1
BRDA:791,62,1,2
BRDA:791,63,0,3
BRDA:791,63,1,2
BRDA:791,63,2,2
BRDA:797,64,0,1
BRDA:797,64,1,1
BRDA:807,65,0,1
BRDA:807,65,1,0
BRDA:819,66,0,1
BRDA:819,66,1,1
BRDA:819,66,2,1
BRDA:819,66,3,1
BRDA:822,67,0,1
BRDA:822,67,1,0
BRDA:857,68,0,1
BRDA:857,68,1,2
BRDA:857,69,0,3
BRDA:857,69,1,2
BRDA:863,70,0,1
BRDA:863,70,1,1
BRDA:875,71,0,1
BRDA:875,71,1,0
BRF:153
BRH:109
end_of_record
TN:
SF:src\controllers\home.controller.js
FN:1,(anonymous_0)
FNF:1
FNH:1
FNDA:2,(anonymous_0)
DA:1,1
DA:2,2
LF:2
LH:2
BRF:0
BRH:0
end_of_record
TN:
SF:src\controllers\legal.controller.js
FN:4,(anonymous_0)
FNF:1
FNH:1
FNDA:6,(anonymous_0)
DA:1,4
DA:5,6
DA:6,6
DA:8,6
DA:10,6
DA:11,2
DA:14,4
DA:15,1
DA:18,3
DA:32,4
LF:10
LH:10
BRDA:5,0,0,6
BRDA:5,0,1,4
BRDA:6,1,0,6
BRDA:6,1,1,3
BRDA:10,2,0,2
BRDA:10,2,1,4
BRDA:14,3,0,1
BRDA:14,3,1,3
BRF:8
BRH:8
end_of_record
TN:
SF:src\controllers\notification.controller.js
FN:14,(anonymous_0)
FN:55,(anonymous_1)
FN:78,(anonymous_2)
FN:101,(anonymous_3)
FN:132,(anonymous_4)
FN:164,(anonymous_5)
FN:187,(anonymous_6)
FN:218,(anonymous_7)
FN:250,(anonymous_8)
FN:319,(anonymous_9)
FN:381,(anonymous_10)
FN:433,(anonymous_11)
FNF:12
FNH:12
FNDA:4,(anonymous_0)
FNDA:2,(anonymous_1)
FNDA:2,(anonymous_2)
FNDA:3,(anonymous_3)
FNDA:3,(anonymous_4)
FNDA:2,(anonymous_5)
FNDA:3,(anonymous_6)
FNDA:3,(anonymous_7)
FNDA:4,(anonymous_8)
FNDA:3,(anonymous_9)
FNDA:2,(anonymous_10)
FNDA:2,(anonymous_11)
DA:1,4
DA:2,4
DA:3,4
DA:15,4
DA:16,4
DA:24,4
DA:26,4
DA:35,4
DA:37,3
DA:43,1
DA:44,1
DA:56,2
DA:57,2
DA:58,2
DA:60,1
DA:66,1
DA:67,1
DA:79,2
DA:80,2
DA:81,2
DA:83,1
DA:89,1
DA:90,1
DA:102,3
DA:103,3
DA:104,3
DA:106,3
DA:108,1
DA:114,2
DA:115,2
DA:116,1
DA:121,1
DA:133,3
DA:134,3
DA:135,3
DA:137,3
DA:138,1
DA:144,2
DA:146,1
DA:152,1
DA:153,1
DA:165,2
DA:166,2
DA:167,2
DA:169,1
DA:175,1
DA:176,1
DA:188,3
DA:189,3
DA:190,3
DA:192,3
DA:194,1
DA:200,2
DA:201,2
DA:202,1
DA:207,1
DA:219,3
DA:220,3
DA:221,3
DA:223,3
DA:225,2
DA:226,1
DA:232,1
DA:238,1
DA:239,1
DA:251,4
DA:263,4
DA:266,4
DA:267,1
DA:274,3
DA:275,1
DA:281,2
DA:295,1
DA:301,1
DA:302,1
DA:303,1
DA:308,0
DA:320,3
DA:331,3
DA:334,3
DA:335,1
DA:341,2
DA:342,1
DA:348,1
DA:363,1
DA:369,0
DA:370,0
DA:382,2
DA:393,2
DA:396,2
DA:397,1
DA:403,1
DA:415,1
DA:421,0
DA:422,0
DA:434,2
DA:444,2
DA:447,2
DA:448,1
DA:454,1
DA:466,1
DA:472,0
DA:473,0
DA:481,4
LF:104
LH:97
BRDA:18,0,0,3
BRDA:19,1,0,3
BRDA:115,2,0,1
BRDA:115,2,1,1
BRDA:137,3,0,1
BRDA:137,3,1,2
BRDA:137,4,0,3
BRDA:137,4,1,3
BRDA:201,5,0,1
BRDA:201,5,1,1
BRDA:225,6,0,1
BRDA:225,6,1,1
BRDA:266,7,0,1
BRDA:266,7,1,3
BRDA:266,8,0,4
BRDA:266,8,1,3
BRDA:266,8,2,3
BRDA:266,8,3,3
BRDA:274,9,0,1
BRDA:274,9,1,2
BRDA:286,10,0,2
BRDA:286,10,1,2
BRDA:302,11,0,1
BRDA:302,11,1,0
BRDA:334,12,0,1
BRDA:334,12,1,2
BRDA:334,13,0,3
BRDA:334,13,1,3
BRDA:341,14,0,1
BRDA:341,14,1,1
BRDA:341,15,0,2
BRDA:341,15,1,1
BRDA:341,15,2,1
BRDA:354,16,0,1
BRDA:354,16,1,1
BRDA:396,17,0,1
BRDA:396,17,1,1
BRDA:396,18,0,2
BRDA:396,18,1,1
BRDA:396,18,2,1
BRDA:396,18,3,1
BRDA:407,19,0,1
BRDA:407,19,1,1
BRDA:447,20,0,1
BRDA:447,20,1,1
BRDA:447,21,0,2
BRDA:447,21,1,1
BRDA:447,21,2,1
BRDA:458,22,0,1
BRDA:458,22,1,1
BRF:50
BRH:49
end_of_record
TN:
SF:src\controllers\organization.controller.js
FN:13,(anonymous_0)
FN:42,(anonymous_1)
FN:85,(anonymous_2)
FN:117,(anonymous_3)
FN:148,(anonymous_4)
FN:188,(anonymous_5)
FN:219,(anonymous_6)
FN:259,(anonymous_7)
FN:298,(anonymous_8)
FN:329,(anonymous_9)
FN:364,(anonymous_10)
FN:391,(anonymous_11)
FN:418,(anonymous_12)
FN:450,(anonymous_13)
FN:476,(anonymous_14)
FN:524,(anonymous_15)
FN:549,(anonymous_16)
FN:575,(anonymous_17)
FNF:18
FNH:16
FNDA:3,(anonymous_0)
FNDA:4,(anonymous_1)
FNDA:4,(anonymous_2)
FNDA:4,(anonymous_3)
FNDA:4,(anonymous_4)
FNDA:3,(anonymous_5)
FNDA:3,(anonymous_6)
FNDA:3,(anonymous_7)
FNDA:2,(anonymous_8)
FNDA:2,(anonymous_9)
FNDA:2,(anonymous_10)
FNDA:1,(anonymous_11)
FNDA:2,(anonymous_12)
FNDA:2,(anonymous_13)
FNDA:4,(anonymous_14)
FNDA:2,(anonymous_15)
FNDA:0,(anonymous_16)
FNDA:0,(anonymous_17)
DA:1,4
DA:14,3
DA:15,3
DA:16,3
DA:18,3
DA:23,1
DA:29,2
DA:30,2
DA:31,2
DA:43,4
DA:44,4
DA:45,4
DA:46,4
DA:48,4
DA:54,2
DA:59,2
DA:61,2
DA:66,2
DA:71,2
DA:72,2
DA:74,2
DA:86,4
DA:87,4
DA:88,4
DA:89,4
DA:91,4
DA:97,1
DA:103,3
DA:104,3
DA:106,3
DA:118,4
DA:119,4
DA:120,4
DA:123,4
DA:124,2
DA:125,2
DA:126,1
DA:128,1
DA:131,3
DA:136,1
DA:137,1
DA:149,4
DA:150,4
DA:151,4
DA:152,4
DA:154,4
DA:155,1
DA:161,3
DA:168,1
DA:174,2
DA:175,2
DA:177,2
DA:189,3
DA:190,3
DA:191,3
DA:193,3
DA:199,1
DA:205,2
DA:206,2
DA:208,2
DA:220,3
DA:221,3
DA:222,3
DA:223,3
DA:225,3
DA:226,1
DA:232,2
DA:239,1
DA:245,1
DA:246,1
DA:248,1
DA:260,3
DA:261,3
DA:262,3
DA:263,3
DA:265,3
DA:266,1
DA:272,2
DA:278,1
DA:284,1
DA:285,1
DA:287,1
DA:299,2
DA:300,2
DA:301,2
DA:302,2
DA:308,2
DA:310,2
DA:315,0
DA:316,0
DA:318,0
DA:330,2
DA:331,2
DA:338,2
DA:345,2
DA:347,2
DA:352,0
DA:353,0
DA:365,2
DA:366,2
DA:367,2
DA:369,2
DA:371,1
DA:377,1
DA:378,1
DA:380,1
DA:392,1
DA:393,1
DA:394,1
DA:396,1
DA:398,1
DA:404,0
DA:405,0
DA:407,0
DA:419,2
DA:420,2
DA:421,2
DA:422,2
DA:424,2
DA:430,1
DA:436,1
DA:437,1
DA:439,1
DA:451,2
DA:452,2
DA:453,2
DA:455,2
DA:457,1
DA:462,1
DA:463,1
DA:465,1
DA:477,4
DA:478,4
DA:479,4
DA:480,4
DA:482,4
DA:483,1
DA:489,3
DA:496,2
DA:504,1
DA:506,1
DA:507,1
DA:508,1
DA:509,0
DA:510,0
DA:513,1
DA:525,2
DA:526,2
DA:528,2
DA:530,1
DA:536,1
DA:537,1
DA:538,1
DA:550,0
DA:551,0
DA:552,0
DA:558,0
DA:559,0
DA:561,0
DA:563,0
DA:564,0
DA:576,0
DA:577,0
DA:580,0
DA:581,0
DA:583,0
DA:585,0
DA:586,0
DA:594,4
LF:169
LH:144
BRDA:30,0,0,1
BRDA:30,0,1,1
BRDA:71,1,0,2
BRDA:71,1,1,2
BRDA:72,2,0,2
BRDA:72,2,1,2
BRDA:104,3,0,1
BRDA:104,3,1,2
BRDA:105,4,0,1
BRDA:105,4,1,1
BRDA:123,5,0,2
BRDA:123,5,1,2
BRDA:125,6,0,1
BRDA:125,6,1,1
BRDA:154,7,0,1
BRDA:154,7,1,3
BRDA:175,8,0,1
BRDA:175,8,1,1
BRDA:176,9,0,0
BRDA:176,9,1,1
BRDA:206,10,0,0
BRDA:206,10,1,2
BRDA:207,11,0,1
BRDA:207,11,1,1
BRDA:225,12,0,1
BRDA:225,12,1,2
BRDA:246,13,0,0
BRDA:246,13,1,1
BRDA:247,14,0,0
BRDA:247,14,1,1
BRDA:265,15,0,1
BRDA:265,15,1,2
BRDA:285,16,0,1
BRDA:285,16,1,0
BRDA:286,17,0,0
BRDA:286,17,1,0
BRDA:316,18,0,0
BRDA:316,18,1,0
BRDA:317,19,0,0
BRDA:317,19,1,0
BRDA:339,20,0,2
BRDA:339,20,1,1
BRDA:340,21,0,2
BRDA:340,21,1,1
BRDA:341,22,0,2
BRDA:341,22,1,1
BRDA:342,23,0,2
BRDA:342,23,1,1
BRDA:378,24,0,1
BRDA:378,24,1,0
BRDA:379,25,0,0
BRDA:379,25,1,0
BRDA:405,26,0,0
BRDA:405,26,1,0
BRDA:406,27,0,0
BRDA:406,27,1,0
BRDA:437,28,0,1
BRDA:437,28,1,0
BRDA:438,29,0,0
BRDA:438,29,1,0
BRDA:463,30,0,1
BRDA:463,30,1,0
BRDA:464,31,0,0
BRDA:464,31,1,0
BRDA:482,32,0,1
BRDA:482,32,1,3
BRDA:498,33,0,1
BRDA:498,33,1,1
BRDA:507,34,0,1
BRDA:507,34,1,0
BRDA:507,35,0,1
BRDA:507,35,1,0
BRDA:509,36,0,0
BRDA:509,36,1,0
BRDA:537,37,0,1
BRDA:537,37,1,0
BRF:76
BRH:47
end_of_record
TN:
SF:src\controllers\project.controller.js
FN:22,(anonymous_0)
FN:75,(anonymous_1)
FN:103,(anonymous_2)
FN:137,(anonymous_3)
FN:169,(anonymous_4)
FN:200,(anonymous_5)
FN:228,(anonymous_6)
FN:252,(anonymous_7)
FN:300,(anonymous_8)
FN:337,(anonymous_9)
FN:370,(anonymous_10)
FN:403,(anonymous_11)
FN:436,(anonymous_12)
FN:459,(anonymous_13)
FN:516,(anonymous_14)
FN:585,(anonymous_15)
FN:586,(anonymous_16)
FN:594,(anonymous_17)
FN:598,(anonymous_18)
FN:602,(anonymous_19)
FN:607,(anonymous_20)
FN:610,(anonymous_21)
FN:667,(anonymous_22)
FN:668,(anonymous_23)
FN:679,(anonymous_24)
FN:683,(anonymous_25)
FN:687,(anonymous_26)
FN:689,(anonymous_27)
FN:732,(anonymous_28)
FN:770,(anonymous_29)
FN:771,(anonymous_30)
FN:772,(anonymous_31)
FN:777,(anonymous_32)
FN:778,(anonymous_33)
FN:779,(anonymous_34)
FN:789,(anonymous_35)
FN:793,(anonymous_36)
FN:797,(anonymous_37)
FN:802,(anonymous_38)
FN:805,(anonymous_39)
FN:846,(anonymous_40)
FN:847,(anonymous_41)
FN:897,(anonymous_42)
FN:904,(anonymous_43)
FN:911,(anonymous_44)
FN:944,(anonymous_45)
FN:964,(anonymous_46)
FN:965,(anonymous_47)
FN:991,(anonymous_48)
FN:997,(anonymous_49)
FN:1032,(anonymous_50)
FN:1037,(anonymous_51)
FN:1062,(anonymous_52)
FN:1131,(anonymous_53)
FN:1176,(anonymous_54)
FN:1230,(anonymous_55)
FN:1321,(anonymous_56)
FN:1410,(anonymous_57)
FN:1521,(anonymous_58)
FN:1556,(anonymous_59)
FN:1584,(anonymous_60)
FN:1649,(anonymous_61)
FN:1692,(anonymous_62)
FN:1730,(anonymous_63)
FNF:64
FNH:41
FNDA:6,(anonymous_0)
FNDA:4,(anonymous_1)
FNDA:4,(anonymous_2)
FNDA:4,(anonymous_3)
FNDA:3,(anonymous_4)
FNDA:3,(anonymous_5)
FNDA:2,(anonymous_6)
FNDA:6,(anonymous_7)
FNDA:3,(anonymous_8)
FNDA:2,(anonymous_9)
FNDA:2,(anonymous_10)
FNDA:2,(anonymous_11)
FNDA:2,(anonymous_12)
FNDA:4,(anonymous_13)
FNDA:6,(anonymous_14)
FNDA:2,(anonymous_15)
FNDA:2,(anonymous_16)
FNDA:1,(anonymous_17)
FNDA:1,(anonymous_18)
FNDA:0,(anonymous_19)
FNDA:1,(anonymous_20)
FNDA:1,(anonymous_21)
FNDA:1,(anonymous_22)
FNDA:1,(anonymous_23)
FNDA:1,(anonymous_24)
FNDA:1,(anonymous_25)
FNDA:1,(anonymous_26)
FNDA:1,(anonymous_27)
FNDA:1,(anonymous_28)
FNDA:0,(anonymous_29)
FNDA:0,(anonymous_30)
FNDA:0,(anonymous_31)
FNDA:0,(anonymous_32)
FNDA:0,(anonymous_33)
FNDA:0,(anonymous_34)
FNDA:0,(anonymous_35)
FNDA:0,(anonymous_36)
FNDA:0,(anonymous_37)
FNDA:0,(anonymous_38)
FNDA:0,(anonymous_39)
FNDA:0,(anonymous_40)
FNDA:0,(anonymous_41)
FNDA:0,(anonymous_42)
FNDA:0,(anonymous_43)
FNDA:0,(anonymous_44)
FNDA:4,(anonymous_45)
FNDA:1,(anonymous_46)
FNDA:1,(anonymous_47)
FNDA:1,(anonymous_48)
FNDA:1,(anonymous_49)
FNDA:1,(anonymous_50)
FNDA:1,(anonymous_51)
FNDA:4,(anonymous_52)
FNDA:3,(anonymous_53)
FNDA:4,(anonymous_54)
FNDA:0,(anonymous_55)
FNDA:0,(anonymous_56)
FNDA:0,(anonymous_57)
FNDA:0,(anonymous_58)
FNDA:0,(anonymous_59)
FNDA:0,(anonymous_60)
FNDA:3,(anonymous_61)
FNDA:3,(anonymous_62)
FNDA:2,(anonymous_63)
DA:1,4
DA:2,4
DA:9,4
DA:10,4
DA:23,6
DA:24,6
DA:25,6
DA:26,1
DA:32,5
DA:33,5
DA:34,5
DA:36,5
DA:37,1
DA:43,4
DA:49,1
DA:55,3
DA:57,3
DA:58,3
DA:59,1
DA:60,2
DA:61,1
DA:64,3
DA:76,4
DA:77,4
DA:78,4
DA:80,4
DA:85,2
DA:90,2
DA:91,2
DA:92,2
DA:104,4
DA:105,4
DA:106,4
DA:107,4
DA:109,4
DA:111,1
DA:117,3
DA:119,3
DA:120,3
DA:121,1
DA:122,2
DA:123,1
DA:126,3
DA:138,4
DA:139,4
DA:140,4
DA:142,4
DA:144,1
DA:149,3
DA:151,3
DA:152,3
DA:153,1
DA:154,2
DA:155,1
DA:158,3
DA:170,3
DA:171,3
DA:172,3
DA:177,3
DA:182,2
DA:188,1
DA:189,1
DA:201,3
DA:202,3
DA:203,3
DA:208,3
DA:210,2
DA:216,1
DA:217,1
DA:229,2
DA:230,2
DA:232,2
DA:234,1
DA:240,1
DA:241,1
DA:253,6
DA:254,6
DA:255,6
DA:256,6
DA:258,6
DA:259,1
DA:265,5
DA:272,2
DA:278,3
DA:280,3
DA:281,3
DA:282,1
DA:283,2
DA:284,1
DA:285,1
DA:286,1
DA:289,3
DA:301,3
DA:302,3
DA:303,3
DA:305,3
DA:311,1
DA:317,2
DA:319,2
DA:320,2
DA:321,1
DA:322,1
DA:323,1
DA:326,2
DA:338,2
DA:339,2
DA:340,2
DA:342,2
DA:344,1
DA:350,1
DA:352,1
DA:353,1
DA:354,1
DA:355,0
DA:356,0
DA:359,1
DA:371,2
DA:372,2
DA:373,2
DA:375,2
DA:377,1
DA:383,1
DA:385,1
DA:386,1
DA:387,0
DA:388,1
DA:389,1
DA:392,1
DA:404,2
DA:405,2
DA:406,2
DA:408,2
DA:410,1
DA:416,1
DA:418,1
DA:419,1
DA:420,0
DA:421,1
DA:422,1
DA:425,1
DA:437,2
DA:438,2
DA:440,2
DA:442,1
DA:447,1
DA:448,1
DA:460,4
DA:461,4
DA:468,4
DA:470,4
DA:471,1
DA:477,3
DA:484,2
DA:485,2
DA:487,2
DA:499,1
DA:500,1
DA:517,6
DA:518,6
DA:519,6
DA:520,6
DA:521,6
DA:522,6
DA:524,6
DA:526,6
DA:530,6
DA:531,1
DA:538,5
DA:539,1
DA:545,4
DA:546,4
DA:547,4
DA:548,4
DA:550,4
DA:570,4
DA:571,4
DA:581,4
DA:582,2
DA:584,2
DA:585,2
DA:586,2
DA:587,2
DA:594,2
DA:597,2
DA:598,1
DA:601,2
DA:602,0
DA:606,2
DA:608,1
DA:611,1
DA:619,1
DA:622,1
DA:624,1
DA:648,2
DA:650,2
DA:651,2
DA:654,2
DA:655,2
DA:660,1
DA:665,4
DA:666,3
DA:667,1
DA:668,1
DA:670,3
DA:678,3
DA:679,1
DA:682,3
DA:683,1
DA:687,3
DA:688,1
DA:689,1
DA:691,1
DA:692,1
DA:699,1
DA:701,1
DA:720,3
DA:721,3
DA:723,3
DA:724,3
DA:725,3
DA:726,3
DA:729,3
DA:730,3
DA:732,1
DA:735,3
DA:740,1
DA:743,3
DA:744,1
DA:748,3
DA:749,2
DA:751,1
DA:755,1
DA:759,4
DA:760,4
DA:761,4
DA:762,4
DA:764,0
DA:765,0
DA:768,0
DA:770,0
DA:771,0
DA:772,0
DA:776,0
DA:777,0
DA:778,0
DA:779,0
DA:781,0
DA:783,0
DA:789,0
DA:792,0
DA:793,0
DA:796,0
DA:797,0
DA:801,0
DA:803,0
DA:806,0
DA:815,0
DA:817,0
DA:841,0
DA:842,0
DA:844,0
DA:846,0
DA:847,0
DA:853,0
DA:854,0
DA:856,0
DA:857,0
DA:859,0
DA:860,0
DA:861,0
DA:862,0
DA:863,0
DA:866,0
DA:872,0
DA:873,0
DA:879,0
DA:880,0
DA:881,0
DA:886,0
DA:889,0
DA:890,0
DA:891,0
DA:895,0
DA:897,0
DA:898,0
DA:899,0
DA:904,0
DA:905,0
DA:906,0
DA:911,0
DA:913,0
DA:914,0
DA:916,0
DA:917,0
DA:921,4
DA:925,4
DA:927,0
DA:928,0
DA:945,4
DA:946,4
DA:947,4
DA:948,4
DA:949,4
DA:951,4
DA:955,4
DA:956,1
DA:962,3
DA:963,3
DA:964,1
DA:965,1
DA:968,3
DA:975,3
DA:977,3
DA:979,3
DA:991,1
DA:998,1
DA:1032,1
DA:1037,1
DA:1046,3
DA:1048,0
DA:1049,0
DA:1063,4
DA:1064,4
DA:1065,4
DA:1066,4
DA:1068,4
DA:1069,4
DA:1071,4
DA:1075,4
DA:1076,1
DA:1082,3
DA:1083,1
DA:1090,2
DA:1091,2
DA:1094,2
DA:1105,2
DA:1119,0
DA:1120,0
DA:1132,3
DA:1133,3
DA:1134,3
DA:1136,3
DA:1137,1
DA:1144,2
DA:1145,1
DA:1151,1
DA:1153,1
DA:1164,0
DA:1165,0
DA:1177,4
DA:1178,4
DA:1179,4
DA:1181,4
DA:1182,1
DA:1189,3
DA:1190,1
DA:1197,2
DA:1198,2
DA:1199,1
DA:1207,1
DA:1208,1
DA:1210,1
DA:1218,0
DA:1219,0
DA:1231,0
DA:1232,0
DA:1233,0
DA:1235,0
DA:1236,0
DA:1242,0
DA:1243,0
DA:1250,0
DA:1251,0
DA:1255,0
DA:1256,0
DA:1260,0
DA:1261,0
DA:1264,0
DA:1271,0
DA:1272,0
DA:1278,0
DA:1279,0
DA:1286,0
DA:1287,0
DA:1290,0
DA:1291,0
DA:1292,0
DA:1299,0
DA:1301,0
DA:1309,0
DA:1310,0
DA:1322,0
DA:1323,0
DA:1324,0
DA:1326,0
DA:1327,0
DA:1333,0
DA:1334,0
DA:1340,0
DA:1341,0
DA:1345,0
DA:1346,0
DA:1350,0
DA:1351,0
DA:1354,0
DA:1361,0
DA:1362,0
DA:1368,0
DA:1369,0
DA:1376,0
DA:1377,0
DA:1379,0
DA:1380,0
DA:1381,0
DA:1388,0
DA:1390,0
DA:1398,0
DA:1399,0
DA:1411,0
DA:1412,0
DA:1413,0
DA:1414,0
DA:1415,0
DA:1417,0
DA:1419,0
DA:1420,0
DA:1426,0
DA:1427,0
DA:1433,0
DA:1434,0
DA:1436,0
DA:1437,0
DA:1438,0
DA:1442,0
DA:1443,0
DA:1444,0
DA:1448,0
DA:1449,0
DA:1451,0
DA:1452,0
DA:1455,0
DA:1462,0
DA:1463,0
DA:1464,0
DA:1465,0
DA:1466,0
DA:1470,0
DA:1471,0
DA:1473,0
DA:1476,0
DA:1479,0
DA:1480,0
DA:1482,0
DA:1484,0
DA:1485,0
DA:1486,0
DA:1487,0
DA:1494,0
DA:1495,0
DA:1496,0
DA:1498,0
DA:1499,0
DA:1501,0
DA:1509,0
DA:1510,0
DA:1522,0
DA:1523,0
DA:1524,0
DA:1526,0
DA:1527,0
DA:1533,0
DA:1534,0
DA:1540,0
DA:1541,0
DA:1545,0
DA:1546,0
DA:1550,0
DA:1551,0
DA:1556,0
DA:1557,0
DA:1558,0
DA:1559,0
DA:1560,0
DA:1563,0
DA:1580,0
DA:1581,0
DA:1582,0
DA:1584,0
DA:1585,0
DA:1586,0
DA:1589,0
DA:1593,0
DA:1600,0
DA:1601,0
DA:1607,0
DA:1608,0
DA:1615,0
DA:1616,0
DA:1618,0
DA:1619,0
DA:1620,0
DA:1627,0
DA:1629,0
DA:1637,0
DA:1638,0
DA:1650,3
DA:1651,3
DA:1652,3
DA:1654,3
DA:1655,1
DA:1661,2
DA:1662,1
DA:1669,1
DA:1670,1
DA:1672,1
DA:1680,0
DA:1681,0
DA:1693,3
DA:1694,3
DA:1695,3
DA:1697,3
DA:1698,1
DA:1704,2
DA:1705,1
DA:1711,1
DA:1713,1
DA:1718,0
DA:1719,0
DA:1731,2
DA:1732,2
DA:1734,2
DA:1735,1
DA:1741,1
DA:1748,0
DA:1749,0
DA:1756,4
LF:536
LH:316
BRDA:25,0,0,1
BRDA:25,0,1,5
BRDA:36,1,0,1
BRDA:36,1,1,4
BRDA:58,2,0,1
BRDA:58,2,1,2
BRDA:60,3,0,1
BRDA:60,3,1,1
BRDA:91,4,0,1
BRDA:91,4,1,1
BRDA:120,5,0,1
BRDA:120,5,1,2
BRDA:122,6,0,1
BRDA:122,6,1,1
BRDA:152,7,0,1
BRDA:152,7,1,2
BRDA:154,8,0,1
BRDA:154,8,1,1
BRDA:258,9,0,1
BRDA:258,9,1,5
BRDA:268,10,0,5
BRDA:268,10,1,4
BRDA:281,11,0,1
BRDA:281,11,1,2
BRDA:283,12,0,1
BRDA:283,12,1,1
BRDA:285,13,0,1
BRDA:285,13,1,0
BRDA:320,14,0,1
BRDA:320,14,1,1
BRDA:320,15,0,2
BRDA:320,15,1,1
BRDA:322,16,0,1
BRDA:322,16,1,0
BRDA:353,17,0,1
BRDA:353,17,1,0
BRDA:355,18,0,0
BRDA:355,18,1,0
BRDA:386,19,0,0
BRDA:386,19,1,1
BRDA:388,20,0,1
BRDA:388,20,1,0
BRDA:419,21,0,0
BRDA:419,21,1,1
BRDA:421,22,0,1
BRDA:421,22,1,0
BRDA:466,23,0,2
BRDA:467,24,0,3
BRDA:470,25,0,1
BRDA:470,25,1,3
BRDA:470,26,0,4
BRDA:470,26,1,3
BRDA:493,27,0,2
BRDA:493,27,1,1
BRDA:494,28,0,2
BRDA:494,28,1,1
BRDA:495,29,0,1
BRDA:495,29,1,1
BRDA:530,30,0,1
BRDA:530,30,1,5
BRDA:538,31,0,1
BRDA:538,31,1,4
BRDA:545,32,0,4
BRDA:545,32,1,1
BRDA:546,33,0,4
BRDA:546,33,1,1
BRDA:547,34,0,4
BRDA:547,34,1,2
BRDA:581,35,0,2
BRDA:581,35,1,2
BRDA:610,36,0,1
BRDA:610,36,1,0
BRDA:613,37,0,1
BRDA:613,37,1,1
BRDA:614,38,0,1
BRDA:614,38,1,1
BRDA:615,39,0,1
BRDA:615,39,1,1
BRDA:628,40,0,0
BRDA:628,40,1,1
BRDA:628,41,0,1
BRDA:628,41,1,0
BRDA:628,41,2,0
BRDA:665,42,0,3
BRDA:665,42,1,1
BRDA:666,43,0,3
BRDA:666,43,1,0
BRDA:705,44,0,1
BRDA:705,44,1,0
BRDA:705,45,0,1
BRDA:705,45,1,1
BRDA:705,45,2,1
BRDA:726,46,0,3
BRDA:726,46,1,2
BRDA:731,47,0,3
BRDA:731,47,1,0
BRDA:732,48,0,3
BRDA:732,48,1,0
BRDA:743,49,0,1
BRDA:743,49,1,2
BRDA:748,50,0,2
BRDA:748,50,1,1
BRDA:764,51,0,0
BRDA:764,51,1,0
BRDA:769,52,0,0
BRDA:769,52,1,0
BRDA:772,53,0,0
BRDA:772,53,1,0
BRDA:781,54,0,0
BRDA:781,54,1,0
BRDA:805,55,0,0
BRDA:805,55,1,0
BRDA:808,56,0,0
BRDA:808,56,1,0
BRDA:809,57,0,0
BRDA:809,57,1,0
BRDA:810,58,0,0
BRDA:810,58,1,0
BRDA:821,59,0,0
BRDA:821,59,1,0
BRDA:821,60,0,0
BRDA:821,60,1,0
BRDA:821,60,2,0
BRDA:841,61,0,0
BRDA:841,61,1,0
BRDA:859,62,0,0
BRDA:859,62,1,0
BRDA:955,63,0,1
BRDA:955,63,1,3
BRDA:962,64,0,3
BRDA:962,64,1,0
BRDA:985,65,0,3
BRDA:985,65,1,0
BRDA:986,66,0,3
BRDA:986,66,1,0
BRDA:987,67,0,3
BRDA:987,67,1,0
BRDA:998,68,0,1
BRDA:998,68,1,1
BRDA:998,68,2,1
BRDA:1019,69,0,3
BRDA:1019,69,1,2
BRDA:1020,70,0,1
BRDA:1020,70,1,2
BRDA:1022,71,0,1
BRDA:1022,71,1,1
BRDA:1025,72,0,1
BRDA:1025,72,1,2
BRDA:1027,73,0,1
BRDA:1027,73,1,1
BRDA:1035,74,0,1
BRDA:1035,74,1,1
BRDA:1036,75,0,1
BRDA:1036,75,1,0
BRDA:1037,76,0,1
BRDA:1037,76,1,0
BRDA:1052,77,0,0
BRDA:1052,77,1,0
BRDA:1075,78,0,1
BRDA:1075,78,1,3
BRDA:1082,79,0,1
BRDA:1082,79,1,2
BRDA:1082,80,0,3
BRDA:1082,80,1,3
BRDA:1115,81,0,2
BRDA:1115,81,1,1
BRDA:1136,82,0,1
BRDA:1136,82,1,2
BRDA:1144,83,0,1
BRDA:1144,83,1,1
BRDA:1181,84,0,1
BRDA:1181,84,1,3
BRDA:1189,85,0,1
BRDA:1189,85,1,2
BRDA:1198,86,0,1
BRDA:1198,86,1,1
BRDA:1235,87,0,0
BRDA:1235,87,1,0
BRDA:1242,88,0,0
BRDA:1242,88,1,0
BRDA:1250,89,0,0
BRDA:1250,89,1,0
BRDA:1255,90,0,0
BRDA:1255,90,1,0
BRDA:1271,91,0,0
BRDA:1271,91,1,0
BRDA:1273,92,0,0
BRDA:1273,92,1,0
BRDA:1278,93,0,0
BRDA:1278,93,1,0
BRDA:1280,94,0,0
BRDA:1280,94,1,0
BRDA:1291,95,0,0
BRDA:1291,95,1,0
BRDA:1326,96,0,0
BRDA:1326,96,1,0
BRDA:1333,97,0,0
BRDA:1333,97,1,0
BRDA:1340,98,0,0
BRDA:1340,98,1,0
BRDA:1345,99,0,0
BRDA:1345,99,1,0
BRDA:1361,100,0,0
BRDA:1361,100,1,0
BRDA:1363,101,0,0
BRDA:1363,101,1,0
BRDA:1368,102,0,0
BRDA:1368,102,1,0
BRDA:1370,103,0,0
BRDA:1370,103,1,0
BRDA:1380,104,0,0
BRDA:1380,104,1,0
BRDA:1419,105,0,0
BRDA:1419,105,1,0
BRDA:1426,106,0,0
BRDA:1426,106,1,0
BRDA:1436,107,0,0
BRDA:1436,107,1,0
BRDA:1442,108,0,0
BRDA:1442,108,1,0
BRDA:1448,109,0,0
BRDA:1448,109,1,0
BRDA:1462,110,0,0
BRDA:1462,110,1,0
BRDA:1464,111,0,0
BRDA:1464,111,1,0
BRDA:1471,112,0,0
BRDA:1471,112,1,0
BRDA:1485,113,0,0
BRDA:1485,113,1,0
BRDA:1526,114,0,0
BRDA:1526,114,1,0
BRDA:1533,115,0,0
BRDA:1533,115,1,0
BRDA:1540,116,0,0
BRDA:1540,116,1,0
BRDA:1545,117,0,0
BRDA:1545,117,1,0
BRDA:1557,118,0,0
BRDA:1557,118,1,0
BRDA:1558,119,0,0
BRDA:1558,119,1,0
BRDA:1559,120,0,0
BRDA:1559,120,1,0
BRDA:1559,121,0,0
BRDA:1559,121,1,0
BRDA:1581,122,0,0
BRDA:1581,122,1,0
BRDA:1581,123,0,0
BRDA:1581,123,1,0
BRDA:1585,124,0,0
BRDA:1585,124,1,0
BRDA:1600,125,0,0
BRDA:1600,125,1,0
BRDA:1602,126,0,0
BRDA:1602,126,1,0
BRDA:1607,127,0,0
BRDA:1607,127,1,0
BRDA:1609,128,0,0
BRDA:1609,128,1,0
BRDA:1619,129,0,0
BRDA:1619,129,1,0
BRDA:1654,130,0,1
BRDA:1654,130,1,2
BRDA:1661,131,0,1
BRDA:1661,131,1,1
BRDA:1697,132,0,1
BRDA:1697,132,1,2
BRDA:1704,133,0,1
BRDA:1704,133,1,1
BRDA:1734,134,0,1
BRDA:1734,134,1,1
BRF:272
BRH:136
end_of_record
TN:
SF:src\controllers\risk.controller.js
FN:18,(anonymous_0)
FN:44,(anonymous_1)
FN:77,(anonymous_2)
FN:111,(anonymous_3)
FN:174,(anonymous_4)
FN:210,(anonymous_5)
FN:238,(anonymous_6)
FN:273,(anonymous_7)
FN:316,(anonymous_8)
FN:352,(anonymous_9)
FN:377,(anonymous_10)
FN:402,(anonymous_11)
FN:425,(anonymous_12)
FN:448,(anonymous_13)
FN:471,(anonymous_14)
FN:485,(anonymous_15)
FN:513,(anonymous_16)
FN:545,(anonymous_17)
FN:568,(anonymous_18)
FN:592,(anonymous_19)
FN:630,(anonymous_20)
FN:641,(anonymous_21)
FN:664,(anonymous_22)
FN:684,(anonymous_23)
FN:697,(anonymous_24)
FN:726,(anonymous_25)
FN:750,(anonymous_26)
FN:758,(anonymous_27)
FN:759,(anonymous_28)
FN:796,(anonymous_29)
FN:817,(anonymous_30)
FN:844,(anonymous_31)
FN:851,(anonymous_32)
FN:873,(anonymous_33)
FN:874,(anonymous_34)
FN:876,(anonymous_35)
FN:899,(anonymous_36)
FN:950,(anonymous_37)
FN:979,(anonymous_38)
FNF:39
FNH:15
FNDA:3,(anonymous_0)
FNDA:4,(anonymous_1)
FNDA:3,(anonymous_2)
FNDA:0,(anonymous_3)
FNDA:0,(anonymous_4)
FNDA:0,(anonymous_5)
FNDA:0,(anonymous_6)
FNDA:3,(anonymous_7)
FNDA:4,(anonymous_8)
FNDA:2,(anonymous_9)
FNDA:2,(anonymous_10)
FNDA:2,(anonymous_11)
FNDA:2,(anonymous_12)
FNDA:2,(anonymous_13)
FNDA:2,(anonymous_14)
FNDA:1,(anonymous_15)
FNDA:2,(anonymous_16)
FNDA:2,(anonymous_17)
FNDA:2,(anonymous_18)
FNDA:0,(anonymous_19)
FNDA:0,(anonymous_20)
FNDA:0,(anonymous_21)
FNDA:0,(anonymous_22)
FNDA:0,(anonymous_23)
FNDA:0,(anonymous_24)
FNDA:0,(anonymous_25)
FNDA:0,(anonymous_26)
FNDA:0,(anonymous_27)
FNDA:0,(anonymous_28)
FNDA:0,(anonymous_29)
FNDA:0,(anonymous_30)
FNDA:0,(anonymous_31)
FNDA:0,(anonymous_32)
FNDA:0,(anonymous_33)
FNDA:0,(anonymous_34)
FNDA:0,(anonymous_35)
FNDA:0,(anonymous_36)
FNDA:0,(anonymous_37)
FNDA:0,(anonymous_38)
DA:6,4
DA:7,4
DA:8,4
DA:9,4
DA:10,4
DA:11,4
DA:19,3
DA:20,3
DA:22,3
DA:24,1
DA:30,2
DA:32,2
DA:33,2
DA:45,4
DA:46,4
DA:47,4
DA:49,4
DA:50,4
DA:51,4
DA:53,4
DA:58,3
DA:63,1
DA:65,1
DA:66,1
DA:78,3
DA:79,3
DA:81,3
DA:86,2
DA:87,1
DA:93,1
DA:98,1
DA:99,1
DA:112,0
DA:113,0
DA:114,0
DA:115,0
DA:118,0
DA:119,0
DA:126,0
DA:127,0
DA:133,0
DA:149,0
DA:155,0
DA:157,0
DA:158,0
DA:159,0
DA:160,0
DA:162,0
DA:175,0
DA:176,0
DA:177,0
DA:178,0
DA:180,0
DA:187,0
DA:193,0
DA:195,0
DA:196,0
DA:197,0
DA:199,0
DA:211,0
DA:212,0
DA:214,0
DA:216,0
DA:224,0
DA:226,0
DA:227,0
DA:239,0
DA:240,0
DA:241,0
DA:243,0
DA:249,0
DA:255,0
DA:257,0
DA:258,0
DA:259,0
DA:260,0
DA:262,0
DA:274,3
DA:275,3
DA:276,3
DA:277,3
DA:279,3
DA:281,2
DA:282,1
DA:288,1
DA:296,1
DA:298,1
DA:304,1
DA:305,1
DA:317,4
DA:318,4
DA:319,4
DA:320,4
DA:322,4
DA:328,1
DA:334,3
DA:336,3
DA:337,3
DA:338,3
DA:339,3
DA:341,3
DA:353,2
DA:354,2
DA:356,2
DA:358,1
DA:363,1
DA:365,1
DA:366,1
DA:378,2
DA:379,2
DA:381,2
DA:385,1
DA:390,1
DA:391,1
DA:403,2
DA:404,2
DA:406,2
DA:408,1
DA:413,1
DA:414,1
DA:426,2
DA:427,2
DA:429,2
DA:431,1
DA:436,1
DA:437,1
DA:449,2
DA:450,2
DA:452,2
DA:454,1
DA:459,1
DA:460,1
DA:472,2
DA:473,2
DA:474,2
DA:476,2
DA:477,2
DA:479,2
DA:481,2
DA:485,1
DA:501,0
DA:502,0
DA:514,2
DA:515,2
DA:517,2
DA:521,2
DA:522,1
DA:528,1
DA:533,0
DA:534,0
DA:546,2
DA:548,2
DA:550,1
DA:556,1
DA:557,1
DA:569,2
DA:570,2
DA:572,1
DA:580,1
DA:581,1
DA:593,0
DA:594,0
DA:595,0
DA:597,0
DA:598,0
DA:600,0
DA:602,0
DA:603,0
DA:610,0
DA:611,0
DA:617,0
DA:618,0
DA:619,0
DA:625,0
DA:630,0
DA:641,0
DA:651,0
DA:652,0
DA:665,0
DA:666,0
DA:667,0
DA:669,0
DA:671,0
DA:672,0
DA:673,0
DA:674,0
DA:681,0
DA:684,0
DA:685,0
DA:686,0
DA:689,0
DA:697,0
DA:712,0
DA:713,0
DA:727,0
DA:728,0
DA:729,0
DA:731,0
DA:732,0
DA:738,0
DA:739,0
DA:741,0
DA:742,0
DA:749,0
DA:750,0
DA:753,0
DA:754,0
DA:758,0
DA:759,0
DA:760,0
DA:761,0
DA:772,0
DA:774,0
DA:784,0
DA:785,0
DA:797,0
DA:798,0
DA:800,0
DA:801,0
DA:802,0
DA:803,0
DA:809,0
DA:811,0
DA:817,0
DA:831,0
DA:832,0
DA:845,0
DA:846,0
DA:847,0
DA:848,0
DA:851,0
DA:864,0
DA:865,0
DA:867,0
DA:873,0
DA:874,0
DA:876,0
DA:886,0
DA:887,0
DA:900,0
DA:901,0
DA:902,0
DA:903,0
DA:905,0
DA:906,0
DA:914,0
DA:924,0
DA:937,0
DA:938,0
DA:951,0
DA:952,0
DA:954,0
DA:955,0
DA:956,0
DA:957,0
DA:959,0
DA:969,0
DA:979,0
DA:1040,0
DA:1046,0
DA:1047,0
DA:1055,4
LF:262
LH:112
BRDA:32,0,0,1
BRDA:32,0,1,1
BRDA:50,1,0,1
BRDA:50,1,1,3
BRDA:51,2,0,1
BRDA:51,2,1,3
BRDA:65,3,0,1
BRDA:65,3,1,0
BRDA:86,4,0,1
BRDA:86,4,1,1
BRDA:118,5,0,0
BRDA:118,5,1,0
BRDA:118,6,0,0
BRDA:118,6,1,0
BRDA:118,6,2,0
BRDA:118,6,3,0
BRDA:126,7,0,0
BRDA:126,7,1,0
BRDA:126,8,0,0
BRDA:126,8,1,0
BRDA:126,8,2,0
BRDA:126,8,3,0
BRDA:141,9,0,0
BRDA:141,9,1,0
BRDA:142,10,0,0
BRDA:142,10,1,0
BRDA:143,11,0,0
BRDA:143,11,1,0
BRDA:144,12,0,0
BRDA:144,12,1,0
BRDA:158,13,0,0
BRDA:158,13,1,0
BRDA:159,14,0,0
BRDA:159,14,1,0
BRDA:160,15,0,0
BRDA:160,15,1,0
BRDA:196,16,0,0
BRDA:196,16,1,0
BRDA:197,17,0,0
BRDA:197,17,1,0
BRDA:226,18,0,0
BRDA:226,18,1,0
BRDA:258,19,0,0
BRDA:258,19,1,0
BRDA:259,20,0,0
BRDA:259,20,1,0
BRDA:260,21,0,0
BRDA:260,21,1,0
BRDA:281,22,0,1
BRDA:281,22,1,1
BRDA:337,23,0,1
BRDA:337,23,1,2
BRDA:338,24,0,1
BRDA:338,24,1,2
BRDA:339,25,0,1
BRDA:339,25,1,2
BRDA:365,26,0,1
BRDA:365,26,1,0
BRDA:477,27,0,1
BRDA:477,27,1,1
BRDA:521,28,0,1
BRDA:521,28,1,1
BRDA:595,29,0,0
BRDA:602,30,0,0
BRDA:602,30,1,0
BRDA:610,31,0,0
BRDA:610,31,1,0
BRDA:617,32,0,0
BRDA:617,32,1,0
BRDA:667,33,0,0
BRDA:673,34,0,0
BRDA:673,34,1,0
BRDA:681,35,0,0
BRDA:681,35,1,0
BRDA:685,36,0,0
BRDA:685,36,1,0
BRDA:705,37,0,0
BRDA:705,37,1,0
BRDA:729,38,0,0
BRDA:731,39,0,0
BRDA:731,39,1,0
BRDA:731,40,0,0
BRDA:731,40,1,0
BRDA:741,41,0,0
BRDA:741,41,1,0
BRDA:749,42,0,0
BRDA:749,42,1,0
BRDA:753,43,0,0
BRDA:753,43,1,0
BRDA:760,44,0,0
BRDA:760,44,1,0
BRDA:802,45,0,0
BRDA:802,45,1,0
BRDA:809,46,0,0
BRDA:809,46,1,0
BRDA:851,47,0,0
BRDA:851,47,1,0
BRDA:905,48,0,0
BRDA:905,48,1,0
BRF:99
BRH:22
end_of_record
TN:
SF:src\controllers\user.controller.js
FN:16,(anonymous_0)
FN:37,(anonymous_1)
FNF:2
FNH:0
FNDA:0,(anonymous_0)
FNDA:0,(anonymous_1)
DA:1,3
DA:2,3
DA:3,3
DA:17,0
DA:18,0
DA:20,0
DA:22,0
DA:25,0
DA:26,0
DA:38,0
DA:39,0
DA:40,0
DA:43,0
DA:44,0
DA:52,0
DA:53,0
DA:55,0
DA:56,0
DA:64,0
DA:66,0
DA:72,0
DA:75,0
DA:77,0
DA:84,0
DA:85,0
DA:92,0
DA:97,3
LF:27
LH:4
BRDA:18,0,0,0
BRDA:18,0,1,0
BRDA:18,0,2,0
BRDA:39,1,0,0
BRDA:39,1,1,0
BRDA:39,1,2,0
BRDA:43,2,0,0
BRDA:43,2,1,0
BRDA:43,3,0,0
BRDA:43,3,1,0
BRDA:55,4,0,0
BRDA:55,4,1,0
BRDA:55,5,0,0
BRDA:55,5,1,0
BRDA:55,5,2,0
BRDA:75,6,0,0
BRDA:75,6,1,0
BRDA:75,7,0,0
BRDA:75,7,1,0
BRDA:84,8,0,0
BRDA:84,8,1,0
BRF:21
BRH:0
end_of_record
TN:
SF:src\middleware\authorization.js
FN:12,(anonymous_0)
FN:13,(anonymous_1)
FN:39,(anonymous_2)
FN:60,(anonymous_3)
FN:81,(anonymous_4)
FN:104,(anonymous_5)
FN:142,(anonymous_6)
FN:166,(anonymous_7)
FN:212,(anonymous_8)
FNF:9
FNH:8
FNDA:22,(anonymous_0)
FNDA:4,(anonymous_1)
FNDA:3,(anonymous_2)
FNDA:3,(anonymous_3)
FNDA:3,(anonymous_4)
FNDA:2,(anonymous_5)
FNDA:0,(anonymous_6)
FNDA:1,(anonymous_7)
FNDA:1,(anonymous_8)
DA:12,4
DA:13,22
DA:15,4
DA:16,1
DA:23,3
DA:24,1
DA:32,2
DA:39,4
DA:40,3
DA:41,1
DA:47,2
DA:48,1
DA:54,1
DA:60,4
DA:61,3
DA:62,1
DA:68,2
DA:69,1
DA:75,1
DA:81,4
DA:82,3
DA:83,1
DA:89,2
DA:90,1
DA:97,1
DA:104,4
DA:105,2
DA:106,1
DA:112,1
DA:113,1
DA:116,1
DA:117,1
DA:120,0
DA:121,0
DA:122,0
DA:123,0
DA:126,0
DA:133,0
DA:134,0
DA:141,0
DA:142,0
DA:145,0
DA:146,0
DA:149,0
DA:150,0
DA:157,0
DA:166,4
DA:167,1
DA:168,1
DA:174,0
DA:175,0
DA:177,0
DA:178,0
DA:179,0
DA:181,0
DA:182,0
DA:189,0
DA:190,0
DA:197,0
DA:198,0
DA:200,0
DA:201,0
DA:212,4
DA:213,1
DA:214,1
DA:220,0
DA:221,0
DA:223,0
DA:224,0
DA:225,0
DA:227,0
DA:228,0
DA:235,0
DA:236,0
DA:238,0
DA:239,0
DA:246,0
DA:247,0
DA:248,0
DA:249,0
DA:251,0
DA:252,0
DA:259,4
LF:83
LH:39
BRDA:15,0,0,1
BRDA:15,0,1,3
BRDA:23,1,0,1
BRDA:23,1,1,2
BRDA:40,2,0,1
BRDA:40,2,1,2
BRDA:47,3,0,1
BRDA:47,3,1,1
BRDA:61,4,0,1
BRDA:61,4,1,2
BRDA:68,5,0,1
BRDA:68,5,1,1
BRDA:82,6,0,1
BRDA:82,6,1,2
BRDA:89,7,0,1
BRDA:89,7,1,1
BRDA:105,8,0,1
BRDA:105,8,1,1
BRDA:112,9,0,1
BRDA:112,9,1,0
BRDA:116,10,0,1
BRDA:116,10,1,0
BRDA:120,11,0,0
BRDA:120,11,1,0
BRDA:133,12,0,0
BRDA:133,12,1,0
BRDA:142,13,0,0
BRDA:142,13,1,0
BRDA:145,14,0,0
BRDA:145,14,1,0
BRDA:167,15,0,1
BRDA:167,15,1,0
BRDA:174,16,0,0
BRDA:174,16,1,0
BRDA:181,17,0,0
BRDA:181,17,1,0
BRDA:189,18,0,0
BRDA:189,18,1,0
BRDA:213,19,0,1
BRDA:213,19,1,0
BRDA:220,20,0,0
BRDA:220,20,1,0
BRDA:227,21,0,0
BRDA:227,21,1,0
BRDA:238,22,0,0
BRDA:238,22,1,0
BRDA:238,23,0,0
BRDA:238,23,1,0
BRF:48
BRH:22
end_of_record
TN:
SF:src\services\aiExtractor.service.js
FN:11,(anonymous_0)
FN:31,(anonymous_1)
FN:39,(anonymous_2)
FN:46,(anonymous_3)
FN:59,(anonymous_4)
FN:91,(anonymous_5)
FN:138,(anonymous_6)
FN:155,(anonymous_7)
FN:169,(anonymous_8)
FN:178,(anonymous_9)
FN:222,(anonymous_10)
FN:299,(anonymous_11)
FN:311,(anonymous_12)
FN:315,(anonymous_13)
FN:329,(anonymous_14)
FN:365,(anonymous_15)
FN:395,(anonymous_16)
FN:419,(anonymous_17)
FN:587,(anonymous_18)
FN:595,(anonymous_19)
FN:605,(anonymous_20)
FN:617,(anonymous_21)
FN:628,(anonymous_22)
FN:636,(anonymous_23)
FN:646,(anonymous_24)
FN:665,(anonymous_25)
FN:667,(anonymous_26)
FN:674,(anonymous_27)
FN:681,(anonymous_28)
FN:686,(anonymous_29)
FN:695,(anonymous_30)
FN:696,(anonymous_31)
FN:724,(anonymous_32)
FN:725,(anonymous_33)
FN:741,(anonymous_34)
FN:754,(anonymous_35)
FN:764,(anonymous_36)
FN:801,(anonymous_37)
FNF:38
FNH:5
FNDA:7,(anonymous_0)
FNDA:1,(anonymous_1)
FNDA:7,(anonymous_2)
FNDA:1,(anonymous_3)
FNDA:1,(anonymous_4)
FNDA:0,(anonymous_5)
FNDA:0,(anonymous_6)
FNDA:0,(anonymous_7)
FNDA:0,(anonymous_8)
FNDA:0,(anonymous_9)
FNDA:0,(anonymous_10)
FNDA:0,(anonymous_11)
FNDA:0,(anonymous_12)
FNDA:0,(anonymous_13)
FNDA:0,(anonymous_14)
FNDA:0,(anonymous_15)
FNDA:0,(anonymous_16)
FNDA:0,(anonymous_17)
FNDA:0,(anonymous_18)
FNDA:0,(anonymous_19)
FNDA:0,(anonymous_20)
FNDA:0,(anonymous_21)
FNDA:0,(anonymous_22)
FNDA:0,(anonymous_23)
FNDA:0,(anonymous_24)
FNDA:0,(anonymous_25)
FNDA:0,(anonymous_26)
FNDA:0,(anonymous_27)
FNDA:0,(anonymous_28)
FNDA:0,(anonymous_29)
FNDA:0,(anonymous_30)
FNDA:0,(anonymous_31)
FNDA:0,(anonymous_32)
FNDA:0,(anonymous_33)
FNDA:0,(anonymous_34)
FNDA:0,(anonymous_35)
FNDA:0,(anonymous_36)
FNDA:0,(anonymous_37)
DA:1,7
DA:2,7
DA:3,7
DA:12,7
DA:15,7
DA:23,7
DA:24,7
DA:25,7
DA:32,1
DA:33,1
DA:40,7
DA:47,1
DA:48,1
DA:49,1
DA:50,0
DA:51,0
DA:53,1
DA:60,1
DA:63,1
DA:66,1
DA:69,1
DA:70,1
DA:71,1
DA:72,1
DA:75,1
DA:76,1
DA:80,0
DA:81,0
DA:82,0
DA:92,0
DA:94,0
DA:95,0
DA:99,0
DA:100,0
DA:101,0
DA:104,0
DA:105,0
DA:109,0
DA:112,0
DA:127,0
DA:130,0
DA:133,0
DA:137,0
DA:138,0
DA:139,0
DA:142,0
DA:144,0
DA:147,0
DA:148,0
DA:149,0
DA:150,0
DA:155,0
DA:158,0
DA:161,0
DA:170,0
DA:171,0
DA:173,0
DA:174,0
DA:176,0
DA:177,0
DA:178,0
DA:180,0
DA:183,0
DA:184,0
DA:186,0
DA:188,0
DA:209,0
DA:210,0
DA:213,0
DA:214,0
DA:216,0
DA:219,0
DA:220,0
DA:221,0
DA:222,0
DA:223,0
DA:226,0
DA:227,0
DA:228,0
DA:229,0
DA:232,0
DA:233,0
DA:236,0
DA:238,0
DA:239,0
DA:242,0
DA:244,0
DA:247,0
DA:248,0
DA:249,0
DA:252,0
DA:255,0
DA:258,0
DA:261,0
DA:262,0
DA:263,0
DA:267,0
DA:268,0
DA:270,0
DA:273,0
DA:274,0
DA:275,0
DA:277,0
DA:278,0
DA:279,0
DA:280,0
DA:281,0
DA:282,0
DA:283,0
DA:285,0
DA:289,0
DA:291,0
DA:294,0
DA:295,0
DA:297,0
DA:298,0
DA:299,0
DA:304,0
DA:305,0
DA:313,0
DA:314,0
DA:315,0
DA:316,0
DA:317,0
DA:318,0
DA:320,0
DA:325,0
DA:326,0
DA:327,0
DA:329,0
DA:331,0
DA:332,0
DA:336,0
DA:337,0
DA:339,0
DA:340,0
DA:341,0
DA:342,0
DA:343,0
DA:344,0
DA:345,0
DA:346,0
DA:348,0
DA:353,0
DA:354,0
DA:357,0
DA:362,0
DA:363,0
DA:365,0
DA:366,0
DA:367,0
DA:370,0
DA:371,0
DA:372,0
DA:373,0
DA:374,0
DA:375,0
DA:376,0
DA:377,0
DA:378,0
DA:379,0
DA:380,0
DA:381,0
DA:384,0
DA:387,0
DA:392,0
DA:393,0
DA:395,0
DA:396,0
DA:397,0
DA:399,0
DA:400,0
DA:401,0
DA:402,0
DA:403,0
DA:404,0
DA:405,0
DA:406,0
DA:408,0
DA:411,0
DA:420,0
DA:588,0
DA:589,0
DA:590,0
DA:592,0
DA:596,0
DA:599,0
DA:600,0
DA:603,0
DA:604,0
DA:605,0
DA:609,0
DA:610,0
DA:613,0
DA:614,0
DA:618,0
DA:619,0
DA:620,0
DA:623,0
DA:624,0
DA:625,0
DA:629,0
DA:630,0
DA:631,0
DA:633,0
DA:637,0
DA:640,0
DA:641,0
DA:644,0
DA:645,0
DA:646,0
DA:650,0
DA:651,0
DA:654,0
DA:655,0
DA:661,0
DA:662,0
DA:666,0
DA:667,0
DA:668,0
DA:670,0
DA:673,0
DA:674,0
DA:675,0
DA:677,0
DA:680,0
DA:681,0
DA:682,0
DA:685,0
DA:686,0
DA:687,0
DA:690,0
DA:691,0
DA:692,0
DA:694,0
DA:695,0
DA:698,0
DA:699,0
DA:700,0
DA:704,0
DA:705,0
DA:706,0
DA:710,0
DA:711,0
DA:714,0
DA:717,0
DA:720,0
DA:721,0
DA:723,0
DA:724,0
DA:727,0
DA:728,0
DA:729,0
DA:731,0
DA:734,0
DA:738,0
DA:739,0
DA:741,0
DA:742,0
DA:743,0
DA:744,0
DA:746,0
DA:751,0
DA:752,0
DA:754,0
DA:755,0
DA:756,0
DA:757,0
DA:759,0
DA:765,0
DA:766,0
DA:767,0
DA:768,0
DA:769,0
DA:771,0
DA:772,0
DA:773,0
DA:775,0
DA:776,0
DA:778,0
DA:779,0
DA:783,0
DA:784,0
DA:785,0
DA:787,0
DA:788,0
DA:790,0
DA:791,0
DA:793,0
DA:796,0
DA:802,0
DA:804,0
DA:805,0
DA:806,0
DA:808,0
DA:809,0
DA:812,0
DA:816,7
LF:298
LH:25
BRDA:48,0,0,0
BRDA:48,0,1,1
BRDA:49,1,0,0
BRDA:49,1,1,1
BRDA:66,2,0,1
BRDA:66,2,1,1
BRDA:75,3,0,1
BRDA:75,3,1,0
BRDA:75,4,0,1
BRDA:75,4,1,0
BRDA:80,5,0,0
BRDA:80,5,1,0
BRDA:94,6,0,0
BRDA:94,6,1,0
BRDA:100,7,0,0
BRDA:100,7,1,0
BRDA:104,8,0,0
BRDA:104,8,1,0
BRDA:116,9,0,0
BRDA:116,9,1,0
BRDA:117,10,0,0
BRDA:117,10,1,0
BRDA:118,11,0,0
BRDA:118,11,1,0
BRDA:119,12,0,0
BRDA:119,12,1,0
BRDA:120,13,0,0
BRDA:120,13,1,0
BRDA:121,14,0,0
BRDA:121,14,1,0
BRDA:122,15,0,0
BRDA:122,15,1,0
BRDA:123,16,0,0
BRDA:123,16,1,0
BRDA:137,17,0,0
BRDA:137,17,1,0
BRDA:149,18,0,0
BRDA:149,18,1,0
BRDA:152,19,0,0
BRDA:152,19,1,0
BRDA:176,20,0,0
BRDA:176,20,1,0
BRDA:177,21,0,0
BRDA:177,21,1,0
BRDA:209,22,0,0
BRDA:209,22,1,0
BRDA:219,23,0,0
BRDA:219,23,1,0
BRDA:219,24,0,0
BRDA:219,24,1,0
BRDA:226,25,0,0
BRDA:226,25,1,0
BRDA:238,26,0,0
BRDA:238,26,1,0
BRDA:238,27,0,0
BRDA:238,27,1,0
BRDA:244,28,0,0
BRDA:244,28,1,0
BRDA:247,29,0,0
BRDA:247,29,1,0
BRDA:252,30,0,0
BRDA:252,30,1,0
BRDA:261,31,0,0
BRDA:261,31,1,0
BRDA:261,32,0,0
BRDA:261,32,1,0
BRDA:273,33,0,0
BRDA:273,33,1,0
BRDA:297,34,0,0
BRDA:297,34,1,0
BRDA:305,35,0,0
BRDA:305,35,1,0
BRDA:313,36,0,0
BRDA:313,36,1,0
BRDA:317,37,0,0
BRDA:317,37,1,0
BRDA:325,38,0,0
BRDA:325,38,1,0
BRDA:331,39,0,0
BRDA:331,39,1,0
BRDA:336,40,0,0
BRDA:336,40,1,0
BRDA:336,41,0,0
BRDA:336,41,1,0
BRDA:339,42,0,0
BRDA:339,42,1,0
BRDA:339,43,0,0
BRDA:339,43,1,0
BRDA:341,44,0,0
BRDA:341,44,1,0
BRDA:341,45,0,0
BRDA:341,45,1,0
BRDA:343,46,0,0
BRDA:343,46,1,0
BRDA:343,47,0,0
BRDA:343,47,1,0
BRDA:343,47,2,0
BRDA:345,48,0,0
BRDA:345,48,1,0
BRDA:345,49,0,0
BRDA:345,49,1,0
BRDA:345,49,2,0
BRDA:353,50,0,0
BRDA:353,50,1,0
BRDA:353,51,0,0
BRDA:353,51,1,0
BRDA:362,52,0,0
BRDA:362,52,1,0
BRDA:366,53,0,0
BRDA:366,53,1,0
BRDA:370,54,0,0
BRDA:370,54,1,0
BRDA:370,55,0,0
BRDA:370,55,1,0
BRDA:370,55,2,0
BRDA:370,55,3,0
BRDA:372,56,0,0
BRDA:372,56,1,0
BRDA:372,57,0,0
BRDA:372,57,1,0
BRDA:374,58,0,0
BRDA:374,58,1,0
BRDA:374,59,0,0
BRDA:374,59,1,0
BRDA:374,59,2,0
BRDA:376,60,0,0
BRDA:376,60,1,0
BRDA:376,61,0,0
BRDA:376,61,1,0
BRDA:378,62,0,0
BRDA:378,62,1,0
BRDA:378,63,0,0
BRDA:378,63,1,0
BRDA:378,63,2,0
BRDA:380,64,0,0
BRDA:380,64,1,0
BRDA:380,65,0,0
BRDA:380,65,1,0
BRDA:380,65,2,0
BRDA:380,65,3,0
BRDA:392,66,0,0
BRDA:392,66,1,0
BRDA:396,67,0,0
BRDA:396,67,1,0
BRDA:397,68,0,0
BRDA:397,68,1,0
BRDA:399,69,0,0
BRDA:399,69,1,0
BRDA:399,70,0,0
BRDA:399,70,1,0
BRDA:399,70,2,0
BRDA:399,70,3,0
BRDA:401,71,0,0
BRDA:401,71,1,0
BRDA:401,72,0,0
BRDA:401,72,1,0
BRDA:401,72,2,0
BRDA:401,72,3,0
BRDA:403,73,0,0
BRDA:403,73,1,0
BRDA:403,74,0,0
BRDA:403,74,1,0
BRDA:403,74,2,0
BRDA:405,75,0,0
BRDA:405,75,1,0
BRDA:405,76,0,0
BRDA:405,76,1,0
BRDA:589,77,0,0
BRDA:589,77,1,0
BRDA:595,78,0,0
BRDA:595,79,0,0
BRDA:599,80,0,0
BRDA:599,80,1,0
BRDA:599,81,0,0
BRDA:599,81,1,0
BRDA:599,81,2,0
BRDA:603,82,0,0
BRDA:603,82,1,0
BRDA:609,83,0,0
BRDA:609,83,1,0
BRDA:619,84,0,0
BRDA:619,84,1,0
BRDA:630,85,0,0
BRDA:630,85,1,0
BRDA:636,86,0,0
BRDA:640,87,0,0
BRDA:640,87,1,0
BRDA:640,88,0,0
BRDA:640,88,1,0
BRDA:640,88,2,0
BRDA:644,89,0,0
BRDA:644,89,1,0
BRDA:644,90,0,0
BRDA:644,90,1,0
BRDA:650,91,0,0
BRDA:650,91,1,0
BRDA:650,92,0,0
BRDA:650,92,1,0
BRDA:654,93,0,0
BRDA:654,93,1,0
BRDA:666,94,0,0
BRDA:666,94,1,0
BRDA:666,95,0,0
BRDA:666,95,1,0
BRDA:668,96,0,0
BRDA:668,96,1,0
BRDA:670,97,0,0
BRDA:670,97,1,0
BRDA:673,98,0,0
BRDA:673,98,1,0
BRDA:673,99,0,0
BRDA:673,99,1,0
BRDA:675,100,0,0
BRDA:675,100,1,0
BRDA:677,101,0,0
BRDA:677,101,1,0
BRDA:680,102,0,0
BRDA:680,102,1,0
BRDA:680,103,0,0
BRDA:680,103,1,0
BRDA:682,104,0,0
BRDA:682,104,1,0
BRDA:685,105,0,0
BRDA:685,105,1,0
BRDA:685,106,0,0
BRDA:685,106,1,0
BRDA:687,107,0,0
BRDA:687,107,1,0
BRDA:690,108,0,0
BRDA:690,108,1,0
BRDA:690,109,0,0
BRDA:690,109,1,0
BRDA:698,110,0,0
BRDA:698,110,1,0
BRDA:704,111,0,0
BRDA:704,111,1,0
BRDA:704,112,0,0
BRDA:704,112,1,0
BRDA:710,113,0,0
BRDA:710,113,1,0
BRDA:710,114,0,0
BRDA:710,114,1,0
BRDA:717,115,0,0
BRDA:717,115,1,0
BRDA:720,116,0,0
BRDA:720,116,1,0
BRDA:720,117,0,0
BRDA:720,117,1,0
BRDA:724,118,0,0
BRDA:724,118,1,0
BRDA:727,119,0,0
BRDA:727,119,1,0
BRDA:734,120,0,0
BRDA:734,120,1,0
BRDA:738,121,0,0
BRDA:738,121,1,0
BRDA:738,122,0,0
BRDA:738,122,1,0
BRDA:742,123,0,0
BRDA:742,123,1,0
BRDA:751,124,0,0
BRDA:751,124,1,0
BRDA:751,125,0,0
BRDA:751,125,1,0
BRDA:755,126,0,0
BRDA:755,126,1,0
BRDA:765,127,0,0
BRDA:765,127,1,0
BRDA:765,128,0,0
BRDA:765,128,1,0
BRDA:766,129,0,0
BRDA:766,129,1,0
BRDA:766,130,0,0
BRDA:766,130,1,0
BRDA:767,131,0,0
BRDA:767,131,1,0
BRDA:767,132,0,0
BRDA:767,132,1,0
BRDA:768,133,0,0
BRDA:768,133,1,0
BRDA:768,134,0,0
BRDA:768,134,1,0
BRDA:769,135,0,0
BRDA:769,135,1,0
BRDA:769,136,0,0
BRDA:769,136,1,0
BRDA:771,137,0,0
BRDA:771,137,1,0
BRDA:772,138,0,0
BRDA:772,138,1,0
BRDA:772,139,0,0
BRDA:772,139,1,0
BRDA:775,140,0,0
BRDA:775,140,1,0
BRDA:775,141,0,0
BRDA:775,141,1,0
BRDA:778,142,0,0
BRDA:778,142,1,0
BRDA:778,143,0,0
BRDA:778,143,1,0
BRDA:783,144,0,0
BRDA:783,144,1,0
BRDA:784,145,0,0
BRDA:784,145,1,0
BRDA:784,146,0,0
BRDA:784,146,1,0
BRDA:787,147,0,0
BRDA:787,147,1,0
BRDA:787,148,0,0
BRDA:787,148,1,0
BRDA:790,149,0,0
BRDA:790,149,1,0
BRDA:790,150,0,0
BRDA:790,150,1,0
BRDA:793,151,0,0
BRDA:793,151,1,0
BRDA:793,152,0,0
BRDA:793,152,1,0
BRDA:793,152,2,0
BRDA:804,153,0,0
BRDA:804,153,1,0
BRF:321
BRH:6
end_of_record
TN:
SF:src\services\auth.service.js
FN:13,(anonymous_0)
FN:96,(anonymous_1)
FN:110,(anonymous_2)
FN:184,(anonymous_3)
FN:204,(anonymous_4)
FN:212,(anonymous_5)
FN:221,(anonymous_6)
FNF:7
FNH:4
FNDA:5,(anonymous_0)
FNDA:0,(anonymous_1)
FNDA:7,(anonymous_2)
FNDA:2,(anonymous_3)
FNDA:0,(anonymous_4)
FNDA:0,(anonymous_5)
FNDA:1,(anonymous_6)
DA:1,11
DA:2,11
DA:3,11
DA:4,11
DA:5,11
DA:6,11
DA:7,11
DA:10,11
DA:14,5
DA:17,5
DA:19,5
DA:21,2
DA:22,1
DA:27,1
DA:29,0
DA:32,1
DA:33,0
DA:37,1
DA:38,1
DA:40,1
DA:48,1
DA:49,1
DA:51,1
DA:52,1
DA:54,0
DA:57,1
DA:69,3
DA:70,3
DA:71,3
DA:73,3
DA:86,3
DA:87,3
DA:89,3
DA:90,3
DA:92,0
DA:96,3
DA:97,0
DA:100,3
DA:111,7
DA:112,7
DA:113,7
DA:115,7
DA:117,7
DA:118,0
DA:122,7
DA:123,1
DA:124,1
DA:125,1
DA:132,6
DA:133,0
DA:136,6
DA:137,0
DA:140,6
DA:141,6
DA:143,3
DA:145,3
DA:147,1
DA:148,1
DA:154,2
DA:155,2
DA:156,2
DA:163,3
DA:164,1
DA:168,3
DA:171,3
DA:173,3
DA:185,2
DA:190,2
DA:191,1
DA:194,1
DA:204,1
DA:205,0
DA:209,1
DA:210,0
DA:211,0
DA:212,0
DA:213,0
DA:218,1
DA:222,1
DA:224,1
DA:225,0
DA:229,1
DA:230,1
DA:233,1
DA:241,1
DA:242,1
DA:244,1
DA:246,1
DA:250,11
LF:89
LH:75
BRDA:19,0,0,2
BRDA:19,0,1,3
BRDA:21,1,0,1
BRDA:21,1,1,1
BRDA:27,2,0,0
BRDA:27,2,1,1
BRDA:27,3,0,1
BRDA:27,3,1,1
BRDA:32,4,0,0
BRDA:32,4,1,1
BRDA:44,5,0,1
BRDA:44,5,1,1
BRDA:48,6,0,1
BRDA:48,6,1,0
BRDA:48,7,0,0
BRDA:48,7,1,0
BRDA:86,8,0,3
BRDA:86,8,1,0
BRDA:86,9,0,0
BRDA:86,9,1,0
BRDA:117,10,0,0
BRDA:117,10,1,7
BRDA:122,11,0,1
BRDA:122,11,1,6
BRDA:122,12,0,7
BRDA:122,12,1,1
BRDA:132,13,0,0
BRDA:132,13,1,6
BRDA:132,14,0,6
BRDA:132,14,1,0
BRDA:136,15,0,0
BRDA:136,15,1,6
BRDA:141,16,0,3
BRDA:141,16,1,3
BRDA:143,17,0,3
BRDA:143,17,1,2
BRDA:145,18,0,1
BRDA:145,18,1,2
BRDA:163,19,0,1
BRDA:163,19,1,2
BRDA:190,20,0,1
BRDA:190,20,1,1
BRDA:209,21,0,0
BRDA:209,21,1,1
BRDA:211,22,0,0
BRDA:211,22,1,0
BRDA:224,23,0,0
BRDA:224,23,1,1
BRDA:237,24,0,1
BRDA:237,24,1,1
BRDA:241,25,0,1
BRDA:241,25,1,0
BRDA:241,26,0,0
BRDA:241,26,1,0
BRF:54
BRH:35
end_of_record
TN:
SF:src\services\authNotificationHelper.js
FN:11,(anonymous_0)
FN:21,(anonymous_1)
FN:42,(anonymous_2)
FN:65,(anonymous_3)
FN:94,(anonymous_4)
FN:120,(anonymous_5)
FNF:6
FNH:3
FNDA:7,(anonymous_0)
FNDA:3,(anonymous_1)
FNDA:2,(anonymous_2)
FNDA:0,(anonymous_3)
FNDA:0,(anonymous_4)
FNDA:0,(anonymous_5)
DA:1,8
DA:2,8
DA:12,7
DA:13,7
DA:14,4
DA:15,0
DA:22,3
DA:23,3
DA:35,0
DA:43,2
DA:44,2
DA:58,1
DA:66,0
DA:67,0
DA:73,0
DA:87,0
DA:95,0
DA:96,0
DA:98,0
DA:113,0
DA:121,0
DA:122,0
DA:137,0
DA:142,8
LF:24
LH:11
BRDA:12,0,0,0
BRDA:12,0,1,7
BRDA:13,1,0,3
BRDA:13,1,1,4
BRDA:14,2,0,4
BRDA:14,2,1,0
BRDA:126,3,0,0
BRDA:126,3,1,0
BRF:8
BRH:4
end_of_record
TN:
SF:src\services\bfi44.service.js
FN:98,(anonymous_0)
FN:112,(anonymous_1)
FN:122,(anonymous_2)
FN:152,(anonymous_3)
FN:167,(anonymous_4)
FN:194,(anonymous_5)
FN:200,(anonymous_6)
FN:218,(anonymous_7)
FN:234,(anonymous_8)
FN:257,(anonymous_9)
FN:283,(anonymous_10)
FN:292,(anonymous_11)
FN:304,(anonymous_12)
FN:309,(anonymous_13)
FN:309,(anonymous_14)
FN:320,(anonymous_15)
FN:331,(anonymous_16)
FN:332,(anonymous_17)
FN:338,(anonymous_18)
FN:351,(anonymous_19)
FN:366,(anonymous_20)
FN:386,(anonymous_21)
FNF:22
FNH:4
FNDA:0,(anonymous_0)
FNDA:20,(anonymous_1)
FNDA:6,(anonymous_2)
FNDA:1,(anonymous_3)
FNDA:4,(anonymous_4)
FNDA:0,(anonymous_5)
FNDA:0,(anonymous_6)
FNDA:0,(anonymous_7)
FNDA:0,(anonymous_8)
FNDA:0,(anonymous_9)
FNDA:0,(anonymous_10)
FNDA:0,(anonymous_11)
FNDA:0,(anonymous_12)
FNDA:0,(anonymous_13)
FNDA:0,(anonymous_14)
FNDA:0,(anonymous_15)
FNDA:0,(anonymous_16)
FNDA:0,(anonymous_17)
FNDA:0,(anonymous_18)
FNDA:0,(anonymous_19)
FNDA:0,(anonymous_20)
FNDA:0,(anonymous_21)
DA:1,5
DA:2,5
DA:5,5
DA:17,5
DA:99,0
DA:113,20
DA:123,6
DA:124,6
DA:126,6
DA:128,6
DA:129,47
DA:132,47
DA:133,1
DA:137,46
DA:138,17
DA:141,46
DA:144,5
DA:153,1
DA:155,1
DA:156,5
DA:159,1
DA:169,4
DA:170,4
DA:171,1
DA:175,3
DA:176,55
DA:178,55
DA:179,1
DA:182,54
DA:183,1
DA:196,0
DA:199,0
DA:200,0
DA:204,0
DA:207,0
DA:214,0
DA:215,0
DA:218,0
DA:219,0
DA:222,0
DA:235,0
DA:237,0
DA:238,0
DA:241,0
DA:243,0
DA:258,0
DA:260,0
DA:261,0
DA:265,0
DA:268,0
DA:269,0
DA:271,0
DA:284,0
DA:294,0
DA:303,0
DA:304,0
DA:308,0
DA:309,0
DA:312,0
DA:321,0
DA:323,0
DA:324,0
DA:331,0
DA:332,0
DA:334,0
DA:336,0
DA:338,0
DA:352,0
DA:357,0
DA:365,0
DA:366,0
DA:369,0
DA:370,0
DA:371,0
DA:373,0
DA:387,0
DA:389,0
DA:390,0
DA:394,0
DA:395,0
DA:402,0
DA:404,0
DA:405,0
DA:412,0
DA:414,0
DA:422,5
LF:86
LH:30
BRDA:124,0,0,6
BRDA:124,0,1,0
BRDA:132,1,0,1
BRDA:132,1,1,46
BRDA:137,2,0,17
BRDA:137,2,1,29
BRDA:170,3,0,1
BRDA:170,3,1,3
BRDA:178,4,0,1
BRDA:178,4,1,54
BRDA:178,5,0,55
BRDA:178,5,1,54
BRDA:182,6,0,1
BRDA:182,6,1,53
BRDA:182,7,0,54
BRDA:182,7,1,54
BRDA:182,7,2,54
BRDA:215,8,0,0
BRDA:215,8,1,0
BRDA:237,9,0,0
BRDA:237,9,1,0
BRDA:245,10,0,0
BRDA:245,10,1,0
BRDA:260,11,0,0
BRDA:260,11,1,0
BRDA:323,12,0,0
BRDA:323,12,1,0
BRDA:371,13,0,0
BRDA:371,13,1,0
BRDA:389,14,0,0
BRDA:389,14,1,0
BRDA:394,15,0,0
BRDA:394,15,1,0
BRDA:404,16,0,0
BRDA:404,16,1,0
BRF:35
BRH:16
end_of_record
TN:
SF:src\services\bfi44NotificationHelper.js
FN:12,(anonymous_0)
FN:22,(anonymous_1)
FN:46,(anonymous_2)
FN:70,(anonymous_3)
FN:95,(anonymous_4)
FN:120,(anonymous_5)
FN:121,(anonymous_6)
FNF:7
FNH:4
FNDA:1,(anonymous_0)
FNDA:1,(anonymous_1)
FNDA:0,(anonymous_2)
FNDA:0,(anonymous_3)
FNDA:0,(anonymous_4)
FNDA:1,(anonymous_5)
FNDA:2,(anonymous_6)
DA:1,11
DA:2,11
DA:13,1
DA:14,1
DA:15,0
DA:16,0
DA:23,1
DA:24,1
DA:39,0
DA:47,0
DA:48,0
DA:63,0
DA:71,0
DA:72,0
DA:88,0
DA:96,0
DA:97,0
DA:113,0
DA:121,1
DA:122,2
DA:125,1
DA:126,1
DA:128,0
DA:133,11
LF:24
LH:11
BRDA:13,0,0,0
BRDA:13,0,1,1
BRDA:14,1,0,1
BRDA:14,1,1,0
BRDA:15,2,0,0
BRDA:15,2,1,0
BRDA:122,3,0,2
BRDA:122,3,1,0
BRF:8
BRH:3
end_of_record
TN:
SF:src\services\cbr.service.js
FN:27,predictRisksWithCBR
FN:60,(anonymous_1)
FN:82,retrieveSimilarCases
FN:101,(anonymous_3)
FN:115,(anonymous_4)
FN:130,(anonymous_5)
FN:132,(anonymous_6)
FN:141,(anonymous_7)
FN:147,(anonymous_8)
FN:160,extractProjectFeatures
FN:228,calculateSimilarity
FN:262,calculateDimensionSimilarity
FN:285,(anonymous_12)
FN:286,(anonymous_13)
FN:291,(anonymous_14)
FN:292,(anonymous_15)
FN:317,getSimilarityBreakdown
FN:349,reuseSolution
FN:360,(anonymous_18)
FN:363,(anonymous_19)
FN:383,(anonymous_20)
FN:385,(anonymous_21)
FN:406,(anonymous_22)
FN:432,(anonymous_23)
FN:433,(anonymous_24)
FN:436,(anonymous_25)
FN:446,reviseWithTreeRules
FN:450,(anonymous_27)
FN:451,(anonymous_28)
FN:468,retainCase
FN:570,calculateCBRConfidence
FN:574,(anonymous_31)
FN:605,calculateConsensus
FN:611,(anonymous_33)
FN:612,(anonymous_34)
FN:620,(anonymous_35)
FN:628,calculateRecency
FN:631,(anonymous_37)
FN:632,(anonymous_38)
FN:639,(anonymous_39)
FN:646,getMaxDifference
FN:650,areSimilarStrings
FN:668,(anonymous_42)
FN:674,getCategoryForRiskType
FN:688,getClarityLevel
FN:697,extractTags
FN:723,getImpactRange
FN:725,(anonymous_47)
FN:726,(anonymous_48)
FN:736,getMostCommonQualityImpact
FN:738,(anonymous_50)
FN:739,(anonymous_51)
FN:745,(anonymous_52)
FN:750,(anonymous_53)
FNF:54
FNH:9
FNDA:0,predictRisksWithCBR
FNDA:0,(anonymous_1)
FNDA:0,retrieveSimilarCases
FNDA:0,(anonymous_3)
FNDA:0,(anonymous_4)
FNDA:0,(anonymous_5)
FNDA:0,(anonymous_6)
FNDA:0,(anonymous_7)
FNDA:0,(anonymous_8)
FNDA:1,extractProjectFeatures
FNDA:2,calculateSimilarity
FNDA:5,calculateDimensionSimilarity
FNDA:2,(anonymous_12)
FNDA:2,(anonymous_13)
FNDA:2,(anonymous_14)
FNDA:2,(anonymous_15)
FNDA:0,getSimilarityBreakdown
FNDA:0,reuseSolution
FNDA:0,(anonymous_18)
FNDA:0,(anonymous_19)
FNDA:0,(anonymous_20)
FNDA:0,(anonymous_21)
FNDA:0,(anonymous_22)
FNDA:0,(anonymous_23)
FNDA:0,(anonymous_24)
FNDA:0,(anonymous_25)
FNDA:0,reviseWithTreeRules
FNDA:0,(anonymous_27)
FNDA:0,(anonymous_28)
FNDA:0,retainCase
FNDA:0,calculateCBRConfidence
FNDA:0,(anonymous_31)
FNDA:0,calculateConsensus
FNDA:0,(anonymous_33)
FNDA:0,(anonymous_34)
FNDA:0,(anonymous_35)
FNDA:0,calculateRecency
FNDA:0,(anonymous_37)
FNDA:0,(anonymous_38)
FNDA:0,(anonymous_39)
FNDA:6,getMaxDifference
FNDA:0,areSimilarStrings
FNDA:0,(anonymous_42)
FNDA:0,getCategoryForRiskType
FNDA:1,getClarityLevel
FNDA:0,extractTags
FNDA:0,getImpactRange
FNDA:0,(anonymous_47)
FNDA:0,(anonymous_48)
FNDA:0,getMostCommonQualityImpact
FNDA:0,(anonymous_50)
FNDA:0,(anonymous_51)
FNDA:0,(anonymous_52)
FNDA:0,(anonymous_53)
DA:7,9
DA:8,9
DA:13,9
DA:28,0
DA:30,0
DA:31,0
DA:32,0
DA:34,0
DA:43,0
DA:45,0
DA:46,0
DA:53,0
DA:55,0
DA:57,0
DA:60,0
DA:73,0
DA:74,0
DA:83,0
DA:86,0
DA:91,0
DA:95,0
DA:98,0
DA:101,0
DA:102,0
DA:103,0
DA:105,0
DA:115,0
DA:116,0
DA:117,0
DA:119,0
DA:129,0
DA:130,0
DA:132,0
DA:140,0
DA:141,0
DA:144,0
DA:147,0
DA:148,0
DA:149,0
DA:153,0
DA:161,1
DA:229,2
DA:232,1
DA:233,1
DA:234,1
DA:242,1
DA:245,1
DA:246,5
DA:247,5
DA:252,5
DA:256,1
DA:263,5
DA:264,5
DA:266,5
DA:267,10
DA:269,10
DA:271,10
DA:274,10
DA:276,6
DA:277,6
DA:278,6
DA:280,4
DA:282,2
DA:283,0
DA:285,2
DA:286,2
DA:287,2
DA:290,2
DA:291,2
DA:292,2
DA:294,2
DA:297,2
DA:299,2
DA:300,2
DA:301,0
DA:302,0
DA:305,0
DA:307,0
DA:311,5
DA:319,0
DA:320,0
DA:321,0
DA:329,0
DA:331,0
DA:332,0
DA:333,0
DA:339,0
DA:343,0
DA:350,0
DA:351,0
DA:352,0
DA:355,0
DA:358,0
DA:360,0
DA:361,0
DA:363,0
DA:364,0
DA:365,0
DA:368,0
DA:378,0
DA:381,0
DA:383,0
DA:385,0
DA:388,0
DA:389,0
DA:391,0
DA:392,0
DA:393,0
DA:396,0
DA:406,0
DA:427,0
DA:428,0
DA:431,0
DA:432,0
DA:433,0
DA:435,0
DA:436,0
DA:437,0
DA:440,0
DA:447,0
DA:450,0
DA:451,0
DA:453,0
DA:454,0
DA:462,0
DA:469,0
DA:472,0
DA:474,0
DA:475,0
DA:476,0
DA:478,0
DA:479,0
DA:481,0
DA:488,0
DA:500,0
DA:507,0
DA:508,0
DA:509,0
DA:511,0
DA:512,0
DA:514,0
DA:518,0
DA:560,0
DA:561,0
DA:563,0
DA:571,0
DA:574,0
DA:575,0
DA:577,0
DA:580,0
DA:581,0
DA:582,0
DA:586,0
DA:589,0
DA:593,0
DA:599,0
DA:606,0
DA:609,0
DA:611,0
DA:612,0
DA:613,0
DA:618,0
DA:619,0
DA:620,0
DA:622,0
DA:629,0
DA:630,0
DA:631,0
DA:633,0
DA:634,0
DA:637,0
DA:639,0
DA:642,0
DA:647,6
DA:651,0
DA:652,0
DA:655,0
DA:656,0
DA:660,0
DA:668,0
DA:669,0
DA:675,0
DA:685,0
DA:689,1
DA:690,1
DA:692,1
DA:693,1
DA:694,1
DA:698,0
DA:701,0
DA:702,0
DA:706,0
DA:709,0
DA:710,0
DA:711,0
DA:712,0
DA:716,0
DA:717,0
DA:720,0
DA:724,0
DA:725,0
DA:726,0
DA:728,0
DA:730,0
DA:731,0
DA:733,0
DA:737,0
DA:738,0
DA:739,0
DA:741,0
DA:744,0
DA:745,0
DA:746,0
DA:750,0
DA:751,0
DA:755,9
LF:216
LH:44
BRDA:27,0,0,0
BRDA:27,1,0,0
BRDA:31,2,0,0
BRDA:31,2,1,0
BRDA:32,3,0,0
BRDA:32,3,1,0
BRDA:45,4,0,0
BRDA:45,4,1,0
BRDA:45,5,0,0
BRDA:45,5,1,0
BRDA:82,6,0,0
BRDA:82,7,0,0
BRDA:82,8,0,0
BRDA:148,9,0,0
BRDA:148,9,1,0
BRDA:160,10,0,0
BRDA:164,11,0,1
BRDA:164,11,1,1
BRDA:165,12,0,1
BRDA:165,12,1,0
BRDA:166,13,0,1
BRDA:166,13,1,1
BRDA:167,14,0,1
BRDA:167,14,1,0
BRDA:168,15,0,1
BRDA:168,15,1,1
BRDA:169,16,0,1
BRDA:169,16,1,1
BRDA:170,17,0,1
BRDA:170,17,1,0
BRDA:171,18,0,1
BRDA:171,18,1,0
BRDA:175,19,0,1
BRDA:175,19,1,0
BRDA:176,20,0,1
BRDA:176,20,1,1
BRDA:177,21,0,1
BRDA:177,21,1,1
BRDA:178,22,0,1
BRDA:178,22,1,1
BRDA:179,23,0,1
BRDA:179,23,1,1
BRDA:180,24,0,1
BRDA:180,24,1,1
BRDA:181,25,0,1
BRDA:181,25,1,0
BRDA:182,26,0,1
BRDA:182,26,1,0
BRDA:183,27,0,1
BRDA:183,27,1,0
BRDA:187,28,0,1
BRDA:187,28,1,0
BRDA:188,29,0,1
BRDA:188,29,1,1
BRDA:189,30,0,1
BRDA:189,30,1,1
BRDA:190,31,0,1
BRDA:190,31,1,1
BRDA:191,32,0,1
BRDA:191,32,1,1
BRDA:192,33,0,1
BRDA:192,33,1,1
BRDA:193,34,0,1
BRDA:193,34,1,1
BRDA:194,35,0,0
BRDA:194,35,1,1
BRDA:200,36,0,1
BRDA:200,36,1,1
BRDA:201,37,0,1
BRDA:201,37,1,1
BRDA:202,38,0,1
BRDA:202,38,1,1
BRDA:203,39,0,1
BRDA:203,39,1,1
BRDA:204,40,0,1
BRDA:204,40,1,1
BRDA:208,41,0,1
BRDA:208,41,1,1
BRDA:209,42,0,1
BRDA:209,42,1,1
BRDA:210,43,0,1
BRDA:210,43,1,1
BRDA:211,44,0,1
BRDA:211,44,1,1
BRDA:216,45,0,0
BRDA:216,45,1,1
BRDA:217,46,0,0
BRDA:217,46,1,1
BRDA:218,47,0,1
BRDA:218,47,1,1
BRDA:219,48,0,0
BRDA:219,48,1,1
BRDA:229,49,0,1
BRDA:229,49,1,1
BRDA:233,50,0,0
BRDA:233,50,1,1
BRDA:234,51,0,1
BRDA:234,51,1,1
BRDA:246,52,0,5
BRDA:246,52,1,0
BRDA:246,53,0,5
BRDA:246,53,1,5
BRDA:269,54,0,0
BRDA:269,54,1,10
BRDA:269,55,0,10
BRDA:269,55,1,10
BRDA:274,56,0,6
BRDA:274,56,1,4
BRDA:274,57,0,10
BRDA:274,57,1,6
BRDA:280,58,0,2
BRDA:280,58,1,2
BRDA:280,59,0,4
BRDA:280,59,1,2
BRDA:282,60,0,0
BRDA:282,60,1,2
BRDA:282,61,0,2
BRDA:282,61,1,0
BRDA:294,62,0,2
BRDA:294,62,1,0
BRDA:297,63,0,2
BRDA:297,63,1,0
BRDA:297,64,0,2
BRDA:297,64,1,2
BRDA:299,65,0,2
BRDA:299,65,1,0
BRDA:301,66,0,0
BRDA:301,66,1,0
BRDA:305,67,0,0
BRDA:305,67,1,0
BRDA:305,68,0,0
BRDA:305,68,1,0
BRDA:307,69,0,0
BRDA:307,69,1,0
BRDA:311,70,0,5
BRDA:311,70,1,0
BRDA:320,71,0,0
BRDA:320,71,1,0
BRDA:321,72,0,0
BRDA:321,72,1,0
BRDA:332,73,0,0
BRDA:332,73,1,0
BRDA:332,74,0,0
BRDA:332,74,1,0
BRDA:350,75,0,0
BRDA:350,75,1,0
BRDA:350,76,0,0
BRDA:350,76,1,0
BRDA:364,77,0,0
BRDA:364,77,1,0
BRDA:373,78,0,0
BRDA:373,78,1,0
BRDA:392,79,0,0
BRDA:392,79,1,0
BRDA:415,80,0,0
BRDA:415,80,1,0
BRDA:418,81,0,0
BRDA:418,81,1,0
BRDA:421,82,0,0
BRDA:421,82,1,0
BRDA:428,83,0,0
BRDA:428,83,1,0
BRDA:453,84,0,0
BRDA:453,84,1,0
BRDA:476,85,0,0
BRDA:476,85,1,0
BRDA:478,86,0,0
BRDA:478,86,1,0
BRDA:491,87,0,0
BRDA:491,87,1,0
BRDA:492,88,0,0
BRDA:492,88,1,0
BRDA:496,89,0,0
BRDA:496,89,1,0
BRDA:497,90,0,0
BRDA:497,90,1,0
BRDA:501,91,0,0
BRDA:501,91,1,0
BRDA:502,92,0,0
BRDA:502,92,1,0
BRDA:503,93,0,0
BRDA:503,93,1,0
BRDA:504,94,0,0
BRDA:504,94,1,0
BRDA:507,95,0,0
BRDA:507,95,1,0
BRDA:534,96,0,0
BRDA:534,96,1,0
BRDA:535,97,0,0
BRDA:535,97,1,0
BRDA:539,98,0,0
BRDA:539,98,1,0
BRDA:540,99,0,0
BRDA:540,99,1,0
BRDA:544,100,0,0
BRDA:544,100,1,0
BRDA:545,101,0,0
BRDA:545,101,1,0
BRDA:546,102,0,0
BRDA:546,102,1,0
BRDA:547,103,0,0
BRDA:547,103,1,0
BRDA:551,104,0,0
BRDA:551,104,1,0
BRDA:577,105,0,0
BRDA:577,105,1,0
BRDA:606,106,0,0
BRDA:606,106,1,0
BRDA:613,107,0,0
BRDA:613,107,1,0
BRDA:622,108,0,0
BRDA:622,108,1,0
BRDA:637,109,0,0
BRDA:637,109,1,0
BRDA:647,110,0,6
BRDA:647,110,1,1
BRDA:655,111,0,0
BRDA:655,111,1,0
BRDA:655,112,0,0
BRDA:655,112,1,0
BRDA:669,113,0,0
BRDA:669,113,1,0
BRDA:669,113,2,0
BRDA:669,113,3,0
BRDA:685,114,0,0
BRDA:685,114,1,0
BRDA:689,115,0,1
BRDA:689,115,1,1
BRDA:690,116,0,1
BRDA:690,116,1,1
BRDA:692,117,0,0
BRDA:692,117,1,1
BRDA:692,118,0,1
BRDA:692,118,1,0
BRDA:693,119,0,0
BRDA:693,119,1,1
BRDA:693,120,0,1
BRDA:693,120,1,0
BRDA:701,121,0,0
BRDA:701,121,1,0
BRDA:709,122,0,0
BRDA:709,122,1,0
BRDA:710,123,0,0
BRDA:710,123,1,0
BRDA:711,124,0,0
BRDA:711,124,1,0
BRDA:712,125,0,0
BRDA:712,125,1,0
BRDA:716,126,0,0
BRDA:716,126,1,0
BRDA:716,127,0,0
BRDA:716,127,1,0
BRDA:728,128,0,0
BRDA:728,128,1,0
BRDA:741,129,0,0
BRDA:741,129,1,0
BRDA:746,130,0,0
BRDA:746,130,1,0
BRDA:751,131,0,0
BRDA:751,131,1,0
BRF:260
BRH:100
end_of_record
TN:
SF:src\services\cv.service.js
FN:32,(anonymous_0)
FN:41,(anonymous_1)
FN:74,(anonymous_2)
FN:88,(anonymous_3)
FN:102,(anonymous_4)
FN:163,(anonymous_5)
FN:227,(anonymous_6)
FN:302,(anonymous_7)
FN:312,(anonymous_8)
FN:369,(anonymous_9)
FN:372,(anonymous_10)
FN:393,(anonymous_11)
FN:430,(anonymous_12)
FN:436,(anonymous_13)
FN:454,(anonymous_14)
FN:468,(anonymous_15)
FN:480,(anonymous_16)
FN:485,(anonymous_17)
FN:507,(anonymous_18)
FN:523,(anonymous_19)
FN:531,(anonymous_20)
FN:546,(anonymous_21)
FN:561,(anonymous_22)
FN:569,(anonymous_23)
FN:577,(anonymous_24)
FN:585,(anonymous_25)
FN:593,(anonymous_26)
FN:596,(anonymous_27)
FN:604,(anonymous_28)
FN:612,(anonymous_29)
FN:618,(anonymous_30)
FN:626,(anonymous_31)
FN:669,(anonymous_32)
FNF:33
FNH:1
FNDA:0,(anonymous_0)
FNDA:0,(anonymous_1)
FNDA:0,(anonymous_2)
FNDA:0,(anonymous_3)
FNDA:0,(anonymous_4)
FNDA:0,(anonymous_5)
FNDA:0,(anonymous_6)
FNDA:0,(anonymous_7)
FNDA:0,(anonymous_8)
FNDA:0,(anonymous_9)
FNDA:0,(anonymous_10)
FNDA:0,(anonymous_11)
FNDA:0,(anonymous_12)
FNDA:0,(anonymous_13)
FNDA:0,(anonymous_14)
FNDA:0,(anonymous_15)
FNDA:0,(anonymous_16)
FNDA:0,(anonymous_17)
FNDA:0,(anonymous_18)
FNDA:0,(anonymous_19)
FNDA:0,(anonymous_20)
FNDA:0,(anonymous_21)
FNDA:0,(anonymous_22)
FNDA:0,(anonymous_23)
FNDA:0,(anonymous_24)
FNDA:0,(anonymous_25)
FNDA:0,(anonymous_26)
FNDA:0,(anonymous_27)
FNDA:0,(anonymous_28)
FNDA:0,(anonymous_29)
FNDA:0,(anonymous_30)
FNDA:1,(anonymous_31)
FNDA:0,(anonymous_32)
DA:1,5
DA:2,5
DA:3,5
DA:4,5
DA:7,5
DA:10,5
DA:11,5
DA:12,5
DA:13,5
DA:14,5
DA:15,5
DA:16,5
DA:17,5
DA:33,0
DA:35,0
DA:38,0
DA:40,0
DA:41,0
DA:42,0
DA:46,0
DA:61,0
DA:64,0
DA:67,0
DA:70,0
DA:71,0
DA:74,0
DA:75,0
DA:78,0
DA:80,0
DA:81,0
DA:89,0
DA:90,0
DA:91,0
DA:93,0
DA:103,0
DA:105,0
DA:115,0
DA:116,0
DA:119,0
DA:120,0
DA:124,0
DA:125,0
DA:126,0
DA:130,0
DA:131,0
DA:135,0
DA:136,0
DA:137,0
DA:141,0
DA:142,0
DA:143,0
DA:144,0
DA:147,0
DA:149,0
DA:151,0
DA:152,0
DA:164,0
DA:166,0
DA:167,0
DA:168,0
DA:172,0
DA:173,0
DA:177,0
DA:180,0
DA:181,0
DA:185,0
DA:186,0
DA:187,0
DA:190,0
DA:200,0
DA:202,0
DA:212,0
DA:213,0
DA:228,0
DA:230,0
DA:231,0
DA:232,0
DA:236,0
DA:237,0
DA:241,0
DA:242,0
DA:243,0
DA:247,0
DA:248,0
DA:251,0
DA:253,0
DA:262,0
DA:263,0
DA:264,0
DA:266,0
DA:269,0
DA:270,0
DA:271,0
DA:272,0
DA:276,0
DA:277,0
DA:281,0
DA:288,0
DA:290,0
DA:291,0
DA:303,0
DA:304,0
DA:311,0
DA:312,0
DA:315,0
DA:316,0
DA:320,0
DA:321,0
DA:322,0
DA:323,0
DA:324,0
DA:325,0
DA:327,0
DA:330,0
DA:333,0
DA:341,0
DA:343,0
DA:344,0
DA:345,0
DA:348,0
DA:349,0
DA:350,0
DA:351,0
DA:352,0
DA:356,0
DA:357,0
DA:359,0
DA:370,0
DA:371,0
DA:372,0
DA:375,0
DA:376,0
DA:377,0
DA:378,0
DA:381,0
DA:394,0
DA:396,0
DA:397,0
DA:398,0
DA:402,0
DA:403,0
DA:407,0
DA:411,0
DA:412,0
DA:416,0
DA:417,0
DA:420,0
DA:422,0
DA:423,0
DA:431,0
DA:434,0
DA:435,0
DA:436,0
DA:440,0
DA:441,0
DA:444,0
DA:448,0
DA:455,0
DA:456,0
DA:457,0
DA:460,0
DA:461,0
DA:462,0
DA:469,0
DA:470,0
DA:471,0
DA:473,0
DA:474,0
DA:481,0
DA:483,0
DA:484,0
DA:485,0
DA:489,0
DA:490,0
DA:493,0
DA:494,0
DA:500,0
DA:501,0
DA:509,0
DA:510,0
DA:512,0
DA:517,0
DA:524,0
DA:525,0
DA:533,0
DA:536,0
DA:537,0
DA:540,0
DA:548,0
DA:551,0
DA:552,0
DA:553,0
DA:555,0
DA:562,0
DA:563,0
DA:570,0
DA:571,0
DA:578,0
DA:579,0
DA:586,0
DA:587,0
DA:595,0
DA:596,0
DA:597,0
DA:599,0
DA:603,0
DA:604,0
DA:605,0
DA:607,0
DA:611,0
DA:612,0
DA:613,0
DA:617,0
DA:618,0
DA:619,0
DA:628,1
DA:629,1
DA:630,1
DA:631,1
DA:632,1
DA:635,1
DA:636,1
DA:637,1
DA:639,1
DA:640,1
DA:642,1
DA:643,1
DA:648,1
DA:649,1
DA:650,1
DA:652,1
DA:653,1
DA:655,1
DA:656,1
DA:658,1
DA:661,1
DA:671,0
DA:673,0
DA:675,0
DA:676,0
DA:679,0
DA:680,0
DA:683,0
DA:687,5
LF:244
LH:35
BRDA:71,0,0,0
BRDA:71,0,1,0
BRDA:90,1,0,0
BRDA:90,1,1,0
BRDA:115,2,0,0
BRDA:115,2,1,0
BRDA:119,3,0,0
BRDA:119,3,1,0
BRDA:125,4,0,0
BRDA:125,4,1,0
BRDA:130,5,0,0
BRDA:130,5,1,0
BRDA:130,6,0,0
BRDA:130,6,1,0
BRDA:136,7,0,0
BRDA:136,7,1,0
BRDA:163,8,0,0
BRDA:167,9,0,0
BRDA:167,9,1,0
BRDA:172,10,0,0
BRDA:172,10,1,0
BRDA:180,11,0,0
BRDA:180,11,1,0
BRDA:185,12,0,0
BRDA:185,12,1,0
BRDA:186,13,0,0
BRDA:186,13,1,0
BRDA:227,14,0,0
BRDA:227,15,0,0
BRDA:231,16,0,0
BRDA:231,16,1,0
BRDA:236,17,0,0
BRDA:236,17,1,0
BRDA:242,18,0,0
BRDA:242,18,1,0
BRDA:247,19,0,0
BRDA:247,19,1,0
BRDA:247,20,0,0
BRDA:247,20,1,0
BRDA:263,21,0,0
BRDA:263,21,1,0
BRDA:269,22,0,0
BRDA:269,22,1,0
BRDA:269,23,0,0
BRDA:269,23,1,0
BRDA:276,24,0,0
BRDA:276,24,1,0
BRDA:276,25,0,0
BRDA:276,25,1,0
BRDA:302,26,0,0
BRDA:312,27,0,0
BRDA:312,27,1,0
BRDA:315,28,0,0
BRDA:315,28,1,0
BRDA:320,29,0,0
BRDA:320,29,1,0
BRDA:322,30,0,0
BRDA:322,30,1,0
BRDA:323,31,0,0
BRDA:323,31,1,0
BRDA:335,32,0,0
BRDA:335,32,1,0
BRDA:336,33,0,0
BRDA:336,33,1,0
BRDA:349,34,0,0
BRDA:349,34,1,0
BRDA:349,35,0,0
BRDA:349,35,1,0
BRDA:375,36,0,0
BRDA:375,36,1,0
BRDA:397,37,0,0
BRDA:397,37,1,0
BRDA:402,38,0,0
BRDA:402,38,1,0
BRDA:411,39,0,0
BRDA:411,39,1,0
BRDA:416,40,0,0
BRDA:416,40,1,0
BRDA:416,41,0,0
BRDA:416,41,1,0
BRDA:430,42,0,0
BRDA:434,43,0,0
BRDA:434,43,1,0
BRDA:440,44,0,0
BRDA:440,44,1,0
BRDA:456,45,0,0
BRDA:456,45,1,0
BRDA:470,46,0,0
BRDA:470,46,1,0
BRDA:483,47,0,0
BRDA:483,47,1,0
BRDA:483,48,0,0
BRDA:483,48,1,0
BRDA:489,49,0,0
BRDA:489,49,1,0
BRDA:489,50,0,0
BRDA:489,50,1,0
BRDA:493,51,0,0
BRDA:493,51,1,0
BRDA:524,52,0,0
BRDA:524,52,1,0
BRDA:533,53,0,0
BRDA:533,53,1,0
BRDA:536,54,0,0
BRDA:536,54,1,0
BRDA:536,55,0,0
BRDA:536,55,1,0
BRDA:548,56,0,0
BRDA:548,56,1,0
BRDA:551,57,0,0
BRDA:551,57,1,0
BRDA:552,58,0,0
BRDA:552,58,1,0
BRDA:562,59,0,0
BRDA:562,59,1,0
BRDA:570,60,0,0
BRDA:570,60,1,0
BRDA:578,61,0,0
BRDA:578,61,1,0
BRDA:586,62,0,0
BRDA:586,62,1,0
BRDA:595,63,0,0
BRDA:595,63,1,0
BRDA:595,64,0,0
BRDA:595,64,1,0
BRDA:597,65,0,0
BRDA:597,65,1,0
BRDA:599,66,0,0
BRDA:599,66,1,0
BRDA:603,67,0,0
BRDA:603,67,1,0
BRDA:603,68,0,0
BRDA:603,68,1,0
BRDA:605,69,0,0
BRDA:605,69,1,0
BRDA:607,70,0,0
BRDA:607,70,1,0
BRDA:611,71,0,0
BRDA:611,71,1,0
BRDA:611,72,0,0
BRDA:611,72,1,0
BRDA:613,73,0,0
BRDA:613,73,1,0
BRDA:617,74,0,0
BRDA:617,74,1,0
BRDA:617,75,0,0
BRDA:617,75,1,0
BRDA:619,76,0,0
BRDA:619,76,1,0
BRDA:628,77,0,1
BRDA:628,77,1,0
BRDA:628,78,0,1
BRDA:628,78,1,1
BRDA:629,79,0,1
BRDA:629,79,1,0
BRDA:629,80,0,1
BRDA:629,80,1,1
BRDA:630,81,0,1
BRDA:630,81,1,0
BRDA:630,82,0,1
BRDA:630,82,1,1
BRDA:631,83,0,1
BRDA:631,83,1,0
BRDA:631,84,0,1
BRDA:631,84,1,1
BRDA:632,85,0,1
BRDA:632,85,1,0
BRDA:632,86,0,1
BRDA:632,86,1,1
BRDA:635,87,0,1
BRDA:635,87,1,0
BRDA:636,88,0,1
BRDA:636,88,1,0
BRDA:636,89,0,1
BRDA:636,89,1,1
BRDA:639,90,0,1
BRDA:639,90,1,0
BRDA:639,91,0,1
BRDA:639,91,1,1
BRDA:642,92,0,1
BRDA:642,92,1,0
BRDA:642,93,0,1
BRDA:642,93,1,1
BRDA:648,94,0,1
BRDA:648,94,1,0
BRDA:649,95,0,1
BRDA:649,95,1,0
BRDA:649,96,0,1
BRDA:649,96,1,1
BRDA:652,97,0,1
BRDA:652,97,1,0
BRDA:652,98,0,1
BRDA:652,98,1,1
BRDA:655,99,0,1
BRDA:655,99,1,0
BRDA:655,100,0,1
BRDA:655,100,1,1
BRDA:658,101,0,1
BRDA:658,101,1,0
BRDA:658,102,0,1
BRDA:658,102,1,1
BRDA:658,102,2,1
BRDA:673,103,0,0
BRDA:673,103,1,0
BRF:204
BRH:39
end_of_record
TN:
SF:src\services\cvCompletenessValidator.service.js
FN:17,(anonymous_0)
FN:31,(anonymous_1)
FN:36,(anonymous_2)
FN:50,(anonymous_3)
FN:55,(anonymous_4)
FN:70,(anonymous_5)
FN:75,(anonymous_6)
FN:88,(anonymous_7)
FN:93,(anonymous_8)
FN:106,(anonymous_9)
FN:138,(anonymous_10)
FN:167,(anonymous_11)
FN:199,validateCVCompleteness
FN:220,(anonymous_13)
FN:260,getFieldConfig
FN:271,isFieldComplete
FN:284,getCategoryCompleteness
FN:287,(anonymous_17)
FNF:18
FNH:18
FNDA:24,(anonymous_0)
FNDA:22,(anonymous_1)
FNDA:11,(anonymous_2)
FNDA:22,(anonymous_3)
FNDA:11,(anonymous_4)
FNDA:22,(anonymous_5)
FNDA:11,(anonymous_6)
FNDA:22,(anonymous_7)
FNDA:10,(anonymous_8)
FNDA:22,(anonymous_9)
FNDA:22,(anonymous_10)
FNDA:22,(anonymous_11)
FNDA:22,validateCVCompleteness
FNDA:168,(anonymous_13)
FNDA:6,getFieldConfig
FNDA:3,isFieldComplete
FNDA:1,getCategoryCompleteness
FNDA:8,(anonymous_17)
DA:11,8
DA:18,24
DA:19,24
DA:20,24
DA:21,10
DA:23,24
DA:32,22
DA:33,22
DA:34,11
DA:36,11
DA:37,11
DA:38,11
DA:42,22
DA:51,22
DA:52,22
DA:53,11
DA:55,11
DA:56,11
DA:57,11
DA:58,11
DA:62,22
DA:71,22
DA:72,22
DA:73,12
DA:75,10
DA:76,11
DA:77,11
DA:80,22
DA:89,22
DA:90,22
DA:91,12
DA:93,10
DA:94,10
DA:95,10
DA:98,22
DA:107,22
DA:109,22
DA:110,13
DA:111,13
DA:115,9
DA:116,2
DA:120,9
DA:121,1
DA:130,9
DA:139,22
DA:142,22
DA:144,14
DA:147,8
DA:148,0
DA:152,8
DA:153,0
DA:155,0
DA:159,8
DA:168,22
DA:171,22
DA:173,14
DA:177,8
DA:178,0
DA:181,8
DA:182,0
DA:185,8
DA:186,0
DA:189,8
DA:200,22
DA:201,1
DA:210,21
DA:211,21
DA:212,21
DA:220,21
DA:221,168
DA:223,168
DA:224,71
DA:227,71
DA:228,60
DA:230,71
DA:233,71
DA:238,21
DA:239,21
DA:240,21
DA:242,21
DA:261,6
DA:262,6
DA:272,3
DA:273,3
DA:275,2
DA:276,2
DA:285,1
DA:287,1
DA:288,8
DA:289,8
DA:291,8
DA:292,6
DA:299,8
DA:300,1
DA:301,1
DA:305,1
DA:308,8
LF:97
LH:91
BRDA:19,0,0,11
BRDA:19,0,1,13
BRDA:20,1,0,10
BRDA:20,1,1,14
BRDA:20,2,0,24
BRDA:20,2,1,14
BRDA:33,3,0,11
BRDA:33,3,1,11
BRDA:33,4,0,22
BRDA:33,4,1,11
BRDA:37,5,0,0
BRDA:37,5,1,11
BRDA:38,6,0,0
BRDA:38,6,1,11
BRDA:52,7,0,11
BRDA:52,7,1,11
BRDA:52,8,0,22
BRDA:52,8,1,11
BRDA:56,9,0,0
BRDA:56,9,1,11
BRDA:57,10,0,0
BRDA:57,10,1,11
BRDA:58,11,0,0
BRDA:58,11,1,11
BRDA:72,12,0,12
BRDA:72,12,1,10
BRDA:72,13,0,22
BRDA:72,13,1,10
BRDA:76,14,0,0
BRDA:76,14,1,11
BRDA:77,15,0,0
BRDA:77,15,1,11
BRDA:90,16,0,12
BRDA:90,16,1,10
BRDA:90,17,0,22
BRDA:90,17,1,10
BRDA:94,18,0,0
BRDA:94,18,1,10
BRDA:95,19,0,0
BRDA:95,19,1,10
BRDA:109,20,0,13
BRDA:109,20,1,9
BRDA:115,21,0,2
BRDA:115,21,1,7
BRDA:115,22,0,9
BRDA:115,22,1,7
BRDA:120,23,0,1
BRDA:120,23,1,8
BRDA:120,24,0,9
BRDA:120,24,1,1
BRDA:142,25,0,14
BRDA:142,25,1,8
BRDA:147,26,0,0
BRDA:147,26,1,8
BRDA:152,27,0,0
BRDA:152,27,1,8
BRDA:153,28,0,0
BRDA:153,28,1,0
BRDA:153,29,0,0
BRDA:153,29,1,0
BRDA:171,30,0,14
BRDA:171,30,1,8
BRDA:177,31,0,0
BRDA:177,31,1,8
BRDA:181,32,0,0
BRDA:181,32,1,8
BRDA:185,33,0,0
BRDA:185,33,1,8
BRDA:200,34,0,1
BRDA:200,34,1,21
BRDA:223,35,0,71
BRDA:223,35,1,97
BRDA:227,36,0,60
BRDA:227,36,1,11
BRDA:262,37,0,6
BRDA:262,37,1,2
BRDA:273,38,0,1
BRDA:273,38,1,2
BRDA:291,39,0,6
BRDA:291,39,1,2
BRDA:299,40,0,1
BRDA:299,40,1,7
BRF:82
BRH:64
end_of_record
TN:
SF:src\services\cvInteractiveQuestionnaire.service.js
FN:79,createQuestionnaireSession
FN:100,generateSessionId
FN:111,getInitialQuestions
FN:128,(anonymous_3)
FN:129,(anonymous_4)
FN:182,processResponsesAndGetNext
FN:187,(anonymous_6)
FN:217,(anonymous_7)
FN:218,(anonymous_8)
FN:259,(anonymous_9)
FN:260,(anonymous_10)
FN:272,finalizeQuestionnaire
FN:275,(anonymous_12)
FN:312,getAllPhases
FN:322,getPhaseById
FN:341,calculateProgress
FN:351,validateResponse
FN:412,(anonymous_17)
FNF:18
FNH:16
FNDA:10,createQuestionnaireSession
FNDA:11,generateSessionId
FNDA:7,getInitialQuestions
FNDA:42,(anonymous_3)
FNDA:78,(anonymous_4)
FNDA:6,processResponsesAndGetNext
FNDA:8,(anonymous_6)
FNDA:33,(anonymous_7)
FNDA:101,(anonymous_8)
FNDA:20,(anonymous_9)
FNDA:36,(anonymous_10)
FNDA:1,finalizeQuestionnaire
FNDA:13,(anonymous_12)
FNDA:0,getAllPhases
FNDA:0,getPhaseById
FNDA:1,calculateProgress
FNDA:14,validateResponse
FNDA:14,(anonymous_17)
DA:7,6
DA:8,6
DA:14,6
DA:80,10
DA:101,11
DA:112,7
DA:113,7
DA:116,7
DA:119,7
DA:120,7
DA:121,7
DA:122,7
DA:124,7
DA:125,11
DA:126,11
DA:128,11
DA:129,78
DA:132,11
DA:133,6
DA:135,6
DA:136,6
DA:137,6
DA:138,6
DA:144,7
DA:145,1
DA:157,6
DA:183,6
DA:186,6
DA:187,6
DA:188,8
DA:189,8
DA:191,8
DA:192,6
DA:193,3
DA:195,6
DA:198,8
DA:201,6
DA:202,6
DA:205,6
DA:206,6
DA:209,6
DA:210,6
DA:211,6
DA:213,6
DA:214,6
DA:215,6
DA:217,6
DA:218,101
DA:221,6
DA:222,4
DA:224,4
DA:225,4
DA:226,4
DA:227,4
DA:233,6
DA:234,2
DA:246,4
DA:260,36
DA:274,1
DA:275,1
DA:276,13
DA:277,13
DA:279,13
DA:280,10
DA:281,5
DA:283,10
DA:286,13
DA:289,1
DA:291,1
DA:313,0
DA:323,0
DA:324,0
DA:326,0
DA:328,0
DA:342,1
DA:352,14
DA:355,14
DA:356,2
DA:363,14
DA:364,12
DA:366,3
DA:367,3
DA:368,2
DA:373,3
DA:376,0
DA:377,0
DA:378,0
DA:383,0
DA:386,2
DA:387,2
DA:388,0
DA:392,2
DA:393,1
DA:398,2
DA:401,0
DA:402,0
DA:407,0
DA:411,5
DA:412,14
DA:413,5
DA:414,2
DA:420,5
DA:423,2
DA:424,1
DA:429,2
DA:433,14
DA:439,6
LF:107
LH:94
BRDA:79,0,0,0
BRDA:83,1,0,9
BRDA:83,1,1,1
BRDA:111,2,0,0
BRDA:111,3,0,2
BRDA:112,4,0,7
BRDA:112,4,1,2
BRDA:132,5,0,6
BRDA:132,5,1,5
BRDA:135,6,0,6
BRDA:135,6,1,0
BRDA:144,7,0,1
BRDA:144,7,1,6
BRDA:182,8,0,0
BRDA:183,9,0,6
BRDA:183,9,1,0
BRDA:192,10,0,3
BRDA:192,10,1,3
BRDA:221,11,0,4
BRDA:221,11,1,2
BRDA:224,12,0,4
BRDA:224,12,1,0
BRDA:233,13,0,2
BRDA:233,13,1,4
BRDA:237,14,0,0
BRDA:237,14,1,2
BRDA:280,15,0,5
BRDA:280,15,1,5
BRDA:298,16,0,1
BRDA:298,16,1,0
BRDA:301,17,0,1
BRDA:301,17,1,0
BRDA:322,18,0,0
BRDA:323,19,0,0
BRDA:323,19,1,0
BRDA:326,20,0,0
BRDA:326,20,1,0
BRDA:355,21,0,2
BRDA:355,21,1,12
BRDA:355,22,0,14
BRDA:355,22,1,14
BRDA:355,22,2,14
BRDA:355,22,3,14
BRDA:363,23,0,12
BRDA:363,23,1,2
BRDA:363,24,0,14
BRDA:363,24,1,14
BRDA:363,24,2,14
BRDA:364,25,0,3
BRDA:364,25,1,0
BRDA:364,25,2,2
BRDA:364,25,3,0
BRDA:364,25,4,2
BRDA:364,25,5,5
BRDA:364,25,6,2
BRDA:367,26,0,2
BRDA:367,26,1,1
BRDA:377,27,0,0
BRDA:377,27,1,0
BRDA:387,28,0,0
BRDA:387,28,1,2
BRDA:392,29,0,1
BRDA:392,29,1,1
BRDA:392,30,0,2
BRDA:392,30,1,2
BRDA:401,31,0,0
BRDA:401,31,1,0
BRDA:401,32,0,0
BRDA:401,32,1,0
BRDA:401,32,2,0
BRDA:401,32,3,0
BRDA:401,32,4,0
BRDA:403,33,0,0
BRDA:403,33,1,0
BRDA:403,34,0,0
BRDA:403,34,1,0
BRDA:404,35,0,0
BRDA:404,35,1,0
BRDA:404,36,0,0
BRDA:404,36,1,0
BRDA:411,37,0,5
BRDA:411,37,1,0
BRDA:413,38,0,2
BRDA:413,38,1,3
BRDA:423,39,0,1
BRDA:423,39,1,1
BRDA:423,40,0,2
BRDA:423,40,1,2
BRF:88
BRH:53
end_of_record
TN:
SF:src\services\cvNotificationHelper.js
FN:11,(anonymous_0)
FN:21,(anonymous_1)
FN:44,(anonymous_2)
FN:69,(anonymous_3)
FN:96,(anonymous_4)
FN:121,(anonymous_5)
FN:149,(anonymous_6)
FNF:7
FNH:3
FNDA:4,(anonymous_0)
FNDA:1,(anonymous_1)
FNDA:1,(anonymous_2)
FNDA:0,(anonymous_3)
FNDA:0,(anonymous_4)
FNDA:0,(anonymous_5)
FNDA:0,(anonymous_6)
DA:1,9
DA:2,9
DA:12,4
DA:13,4
DA:14,0
DA:15,0
DA:22,1
DA:23,1
DA:37,1
DA:45,1
DA:46,1
DA:47,1
DA:62,0
DA:70,0
DA:71,0
DA:72,0
DA:73,0
DA:89,0
DA:97,0
DA:98,0
DA:114,0
DA:122,0
DA:123,0
DA:124,0
DA:126,0
DA:142,0
DA:150,0
DA:151,0
DA:164,0
DA:169,9
LF:30
LH:11
BRDA:12,0,0,0
BRDA:12,0,1,4
BRDA:13,1,0,4
BRDA:13,1,1,0
BRDA:14,2,0,0
BRDA:14,2,1,0
BRDA:77,3,0,0
BRDA:77,3,1,0
BRDA:102,4,0,0
BRDA:102,4,1,0
BRDA:123,5,0,0
BRDA:123,5,1,0
BRF:12
BRH:2
end_of_record
TN:
SF:src\services\cvQuestionsGenerator.service.js
FN:431,generateQuestionsForMissingFields
FN:438,(anonymous_1)
FN:457,(anonymous_2)
FN:469,generateConditionalQuestions
FN:473,(anonymous_4)
FN:491,shouldAskQuestion
FN:524,getQuestionsByCategory
FN:528,(anonymous_7)
FNF:8
FNH:8
FNDA:29,generateQuestionsForMissingFields
FNDA:47,(anonymous_1)
FNDA:24,(anonymous_2)
FNDA:18,generateConditionalQuestions
FNDA:29,(anonymous_4)
FNDA:34,shouldAskQuestion
FNDA:4,getQuestionsByCategory
FNDA:7,(anonymous_7)
DA:7,6
DA:13,6
DA:432,29
DA:433,29
DA:436,29
DA:438,29
DA:440,47
DA:441,47
DA:444,47
DA:446,47
DA:447,47
DA:456,29
DA:457,29
DA:459,29
DA:470,18
DA:471,18
DA:473,18
DA:475,29
DA:477,29
DA:478,25
DA:482,18
DA:495,34
DA:496,4
DA:500,30
DA:501,4
DA:505,26
DA:506,2
DA:510,24
DA:511,1
DA:515,23
DA:525,4
DA:526,4
DA:528,4
DA:529,7
DA:530,7
DA:532,7
DA:533,6
DA:536,7
DA:539,4
DA:542,6
LF:40
LH:40
BRDA:431,0,0,5
BRDA:433,1,0,28
BRDA:433,1,1,1
BRDA:444,2,0,47
BRDA:444,2,1,2
BRDA:444,2,2,2
BRDA:446,3,0,47
BRDA:446,3,1,0
BRDA:446,4,0,47
BRDA:446,4,1,47
BRDA:450,5,0,47
BRDA:450,5,1,0
BRDA:469,6,0,8
BRDA:477,7,0,25
BRDA:477,7,1,4
BRDA:495,8,0,4
BRDA:495,8,1,30
BRDA:500,9,0,4
BRDA:500,9,1,26
BRDA:505,10,0,2
BRDA:505,10,1,24
BRDA:510,11,0,1
BRDA:510,11,1,23
BRDA:524,12,0,3
BRDA:530,13,0,7
BRDA:530,13,1,0
BRDA:532,14,0,6
BRDA:532,14,1,1
BRF:28
BRH:25
end_of_record
TN:
SF:src\services\decisionTree.service.js
FN:32,mergeDecisionTreeConfig
FN:57,getEffectiveDecisionTreeConfig
FN:76,getEffectiveWorkMode
FN:92,isRemotePredominant
FN:101,isOfficePredominant
FN:231,calculateTimeOverlap
FN:245,calculateCulturalDistance
FN:267,binomialCoefficient
FN:283,classifyIntoFiveIntervals
FN:299,classifyTool
FN:302,(anonymous_10)
FN:305,(anonymous_11)
FN:314,labelToSeverity
FN:328,predictRisksWithRules
FN:339,(anonymous_14)
FN:349,(anonymous_15)
FN:352,(anonymous_16)
FN:355,(anonymous_17)
FN:358,(anonymous_18)
FN:361,(anonymous_19)
FN:364,(anonymous_20)
FN:367,(anonymous_21)
FN:370,(anonymous_22)
FN:374,(anonymous_23)
FN:377,(anonymous_24)
FN:380,(anonymous_25)
FN:383,(anonymous_26)
FN:386,(anonymous_27)
FN:389,(anonymous_28)
FN:392,(anonymous_29)
FN:395,(anonymous_30)
FN:398,(anonymous_31)
FN:401,(anonymous_32)
FN:404,(anonymous_33)
FN:407,(anonymous_34)
FN:410,(anonymous_35)
FN:413,(anonymous_36)
FN:416,(anonymous_37)
FN:419,(anonymous_38)
FN:423,(anonymous_39)
FN:426,(anonymous_40)
FN:429,(anonymous_41)
FN:432,(anonymous_42)
FN:435,(anonymous_43)
FN:441,(anonymous_44)
FN:451,(anonymous_45)
FN:470,checkConflictEscalationRisk
FN:544,checkChangeResistanceRisk
FN:658,checkBurnoutSusceptibilityRisk
FN:776,checkOnboardingIssues
FN:788,(anonymous_50)
FN:904,checkSocialIsolation
FN:1018,checkDigitalFatigue
FN:1122,checkCommunicationRisk
FN:1181,(anonymous_54)
FN:1272,checkSkillGapRisk
FN:1396,checkTeamOverloadRisk
FN:1415,(anonymous_57)
FN:1497,checkDependencyRisk
FN:1508,(anonymous_59)
FN:1582,checkScopeCreepRisk
FN:1675,checkProcessRisk
FN:1750,checkInfrastructureRisk
FN:1814,checkQualityRisk
FN:1830,(anonymous_64)
FN:1916,calculateTeamExperience
FN:1923,(anonymous_66)
FN:1947,calculateTechMatch
FN:1955,(anonymous_68)
FN:1956,(anonymous_69)
FN:1957,(anonymous_70)
FN:1968,getSeverityScore
FN:1984,checkKnowledgeManagementRisk
FN:2115,checkResourceAvailabilityRisk
FN:2262,checkRemoteWorkSupportRisk
FN:2403,checkRoleClarityRisk
FN:2536,checkStandardsComplianceRisk
FN:2675,checkTimezoneSchedulingRisk
FN:2803,checkWorkLifeBoundaryBlur
FN:2911,checkMeetingFatigue
FN:3015,checkTechnostressOverload
FN:3117,checkToolFragmentation
FN:3207,checkCulturalDistanceRisk
FN:3301,checkLinguisticDistanceRisk
FN:3338,(anonymous_84)
FN:3340,(anonymous_85)
FN:3415,checkTeamAutonomyRisk
FN:3480,checkScheduleFlexibilityRisk
FN:3545,checkTravelAvailabilityRisk
FN:3613,buildRiskFromCatalog
FN:3634,enrichRiskWithCatalogMetadata
FNF:91
FNH:2
FNDA:0,mergeDecisionTreeConfig
FNDA:0,getEffectiveDecisionTreeConfig
FNDA:0,getEffectiveWorkMode
FNDA:0,isRemotePredominant
FNDA:0,isOfficePredominant
FNDA:0,calculateTimeOverlap
FNDA:0,calculateCulturalDistance
FNDA:0,binomialCoefficient
FNDA:0,classifyIntoFiveIntervals
FNDA:0,classifyTool
FNDA:0,(anonymous_10)
FNDA:0,(anonymous_11)
FNDA:0,labelToSeverity
FNDA:0,predictRisksWithRules
FNDA:0,(anonymous_14)
FNDA:0,(anonymous_15)
FNDA:0,(anonymous_16)
FNDA:0,(anonymous_17)
FNDA:0,(anonymous_18)
FNDA:0,(anonymous_19)
FNDA:0,(anonymous_20)
FNDA:0,(anonymous_21)
FNDA:0,(anonymous_22)
FNDA:0,(anonymous_23)
FNDA:0,(anonymous_24)
FNDA:0,(anonymous_25)
FNDA:0,(anonymous_26)
FNDA:0,(anonymous_27)
FNDA:0,(anonymous_28)
FNDA:0,(anonymous_29)
FNDA:0,(anonymous_30)
FNDA:0,(anonymous_31)
FNDA:0,(anonymous_32)
FNDA:0,(anonymous_33)
FNDA:0,(anonymous_34)
FNDA:0,(anonymous_35)
FNDA:0,(anonymous_36)
FNDA:0,(anonymous_37)
FNDA:0,(anonymous_38)
FNDA:0,(anonymous_39)
FNDA:0,(anonymous_40)
FNDA:0,(anonymous_41)
FNDA:0,(anonymous_42)
FNDA:0,(anonymous_43)
FNDA:0,(anonymous_44)
FNDA:0,(anonymous_45)
FNDA:2,checkConflictEscalationRisk
FNDA:0,checkChangeResistanceRisk
FNDA:0,checkBurnoutSusceptibilityRisk
FNDA:0,checkOnboardingIssues
FNDA:0,(anonymous_50)
FNDA:0,checkSocialIsolation
FNDA:0,checkDigitalFatigue
FNDA:0,checkCommunicationRisk
FNDA:0,(anonymous_54)
FNDA:0,checkSkillGapRisk
FNDA:0,checkTeamOverloadRisk
FNDA:0,(anonymous_57)
FNDA:0,checkDependencyRisk
FNDA:0,(anonymous_59)
FNDA:0,checkScopeCreepRisk
FNDA:0,checkProcessRisk
FNDA:0,checkInfrastructureRisk
FNDA:0,checkQualityRisk
FNDA:0,(anonymous_64)
FNDA:0,calculateTeamExperience
FNDA:0,(anonymous_66)
FNDA:0,calculateTechMatch
FNDA:0,(anonymous_68)
FNDA:0,(anonymous_69)
FNDA:0,(anonymous_70)
FNDA:0,getSeverityScore
FNDA:0,checkKnowledgeManagementRisk
FNDA:0,checkResourceAvailabilityRisk
FNDA:0,checkRemoteWorkSupportRisk
FNDA:0,checkRoleClarityRisk
FNDA:0,checkStandardsComplianceRisk
FNDA:0,checkTimezoneSchedulingRisk
FNDA:0,checkWorkLifeBoundaryBlur
FNDA:0,checkMeetingFatigue
FNDA:0,checkTechnostressOverload
FNDA:0,checkToolFragmentation
FNDA:0,checkCulturalDistanceRisk
FNDA:0,checkLinguisticDistanceRisk
FNDA:0,(anonymous_84)
FNDA:0,(anonymous_85)
FNDA:0,checkTeamAutonomyRisk
FNDA:0,checkScheduleFlexibilityRisk
[...]
DA:207,3
DA:211,6
DA:215,6
LF:91
LH:78
BRDA:12,0,0,2
BRDA:12,0,1,2
BRDA:12,1,0,4
BRDA:12,1,1,2
BRDA:24,2,0,6
BRDA:24,2,1,0
BRDA:24,3,0,6
BRDA:24,3,1,6
BRDA:44,4,0,1
BRDA:44,4,1,12
BRDA:45,5,0,1
BRDA:45,5,1,0
BRDA:49,6,0,3
BRDA:49,6,1,9
BRDA:49,7,0,12
BRDA:49,7,1,9
BRDA:59,8,0,2
BRDA:59,8,1,0
BRDA:79,9,0,0
BRDA:79,9,1,6
BRDA:94,10,0,3
BRDA:94,10,1,3
BRDA:96,11,0,1
BRDA:96,11,1,2
BRDA:101,12,0,1
BRDA:101,12,1,0
BRDA:104,13,0,1
BRDA:104,13,1,1
BRDA:109,14,0,1
BRDA:109,14,1,0
BRDA:117,15,0,6
BRDA:117,15,1,0
BRDA:128,16,0,0
BRDA:128,16,1,6
BRDA:130,17,0,0
BRDA:130,17,1,0
BRDA:136,18,0,6
BRDA:136,18,1,0
BRDA:142,19,0,0
BRDA:142,19,1,6
BRDA:142,20,0,6
BRDA:142,20,1,0
BRDA:145,21,0,0
BRDA:145,21,1,0
BRDA:147,22,0,0
BRDA:147,22,1,0
BRDA:156,23,0,0
BRDA:156,23,1,6
BRDA:156,24,0,6
BRDA:156,24,1,0
BRDA:161,25,0,0
BRDA:161,25,1,6
BRDA:161,26,0,6
BRDA:161,26,1,0
BRDA:166,27,0,0
BRDA:166,27,1,6
BRDA:166,28,0,6
BRDA:166,28,1,6
BRDA:175,29,0,0
BRDA:175,29,1,6
BRDA:183,30,0,6
BRDA:183,30,1,0
BRDA:184,31,0,4
BRDA:184,31,1,2
BRDA:185,32,0,6
BRDA:185,32,1,0
BRDA:194,33,0,0
BRDA:194,33,1,6
BRDA:205,34,0,3
BRDA:205,34,1,15
BRF:70
BRH:44
end_of_record
TN:
SF:src\services\cvExtractors\languagesExtractor.js
FN:11,(anonymous_0)
FN:20,(anonymous_1)
FN:33,(anonymous_2)
FN:102,(anonymous_3)
FNF:4
FNH:4
FNDA:5,(anonymous_0)
FNDA:3,(anonymous_1)
FNDA:3,(anonymous_2)
FNDA:1,(anonymous_3)
DA:1,6
DA:12,5
DA:13,2
DA:16,3
DA:17,3
DA:18,3
DA:20,3
DA:21,3
DA:22,3
DA:23,3
DA:27,3
DA:34,3
DA:35,3
DA:36,3
DA:39,3
DA:40,3
DA:41,4
DA:42,3
DA:43,3
DA:48,3
DA:51,3
DA:52,3
DA:53,11
DA:54,11
DA:55,1
DA:56,1
DA:59,11
DA:64,3
DA:65,2
DA:80,2
DA:81,18
DA:82,1
DA:83,1
DA:89,3
DA:90,1
DA:93,3
DA:103,1
DA:113,1
DA:114,0
DA:117,1
DA:121,6
LF:41
LH:40
BRDA:12,0,0,2
BRDA:12,0,1,3
BRDA:12,1,0,5
BRDA:12,1,1,3
BRDA:22,2,0,3
BRDA:22,2,1,0
BRDA:22,3,0,3
BRDA:22,3,1,3
BRDA:39,4,0,3
BRDA:39,4,1,0
BRDA:39,5,0,3
BRDA:39,5,1,3
BRDA:41,6,0,3
BRDA:41,6,1,1
BRDA:48,7,0,0
BRDA:48,7,1,3
BRDA:51,8,0,3
BRDA:51,8,1,0
BRDA:51,9,0,3
BRDA:51,9,1,3
BRDA:54,10,0,1
BRDA:54,10,1,10
BRDA:59,11,0,1
BRDA:59,11,1,10
BRDA:64,12,0,2
BRDA:64,12,1,1
BRDA:81,13,0,1
BRDA:81,13,1,17
BRDA:89,14,0,1
BRDA:89,14,1,2
BRDA:113,15,0,0
BRDA:113,15,1,1
BRDA:117,16,0,1
BRDA:117,16,1,0
BRF:34
BRH:28
end_of_record
TN:
SF:src\services\cvExtractors\projectsExtractor.js
FN:11,(anonymous_0)
FN:22,(anonymous_1)
FN:35,(anonymous_2)
FN:40,(anonymous_3)
FN:66,(anonymous_4)
FN:74,(anonymous_5)
FN:75,(anonymous_6)
FN:93,(anonymous_7)
FN:113,(anonymous_8)
FN:134,(anonymous_9)
FN:138,(anonymous_10)
FNF:11
FNH:10
FNDA:4,(anonymous_0)
FNDA:9,(anonymous_1)
FNDA:2,(anonymous_2)
FNDA:10,(anonymous_3)
FNDA:6,(anonymous_4)
FNDA:9,(anonymous_5)
FNDA:9,(anonymous_6)
FNDA:2,(anonymous_7)
FNDA:0,(anonymous_8)
FNDA:9,(anonymous_9)
FNDA:18,(anonymous_10)
DA:1,6
DA:12,4
DA:13,2
DA:16,2
DA:17,2
DA:20,2
DA:22,2
DA:23,9
DA:24,9
DA:25,9
DA:29,2
DA:36,2
DA:37,2
DA:38,2
DA:40,2
DA:41,10
DA:43,10
DA:44,7
DA:45,7
DA:46,7
DA:48,7
DA:49,6
DA:52,3
DA:56,2
DA:57,2
DA:60,2
DA:68,6
DA:75,9
DA:76,9
DA:78,9
DA:89,9
DA:92,9
DA:93,9
DA:94,2
DA:95,1
DA:96,1
DA:97,1
DA:102,9
DA:103,9
DA:104,1
DA:105,1
DA:106,1
DA:107,8
DA:108,0
DA:112,9
DA:113,0
DA:117,9
DA:118,9
DA:122,9
DA:123,9
DA:124,9
DA:125,9
DA:126,9
DA:128,9
DA:135,9
DA:136,9
DA:138,9
DA:139,18
DA:140,18
DA:141,2
DA:142,2
DA:146,9
DA:150,6
LF:63
LH:61
BRDA:12,0,0,2
BRDA:12,0,1,2
BRDA:12,1,0,4
BRDA:12,1,1,2
BRDA:24,2,0,9
BRDA:24,2,1,0
BRDA:24,3,0,9
BRDA:24,3,1,9
BRDA:43,4,0,7
BRDA:43,4,1,3
BRDA:43,5,0,10
BRDA:43,5,1,9
BRDA:43,5,2,6
BRDA:44,6,0,7
BRDA:44,6,1,0
BRDA:48,7,0,6
BRDA:48,7,1,1
BRDA:56,8,0,2
BRDA:56,8,1,0
BRDA:68,9,0,6
BRDA:68,9,1,6
BRDA:76,10,0,0
BRDA:76,10,1,9
BRDA:94,11,0,1
BRDA:94,11,1,1
BRDA:94,12,0,2
BRDA:94,12,1,1
BRDA:94,12,2,1
BRDA:96,13,0,1
BRDA:96,13,1,0
BRDA:103,14,0,1
BRDA:103,14,1,8
BRDA:107,15,0,0
BRDA:107,15,1,8
BRDA:112,16,0,0
BRDA:112,16,1,9
BRDA:117,17,0,9
BRDA:117,17,1,0
BRDA:122,18,0,8
BRDA:122,18,1,1
BRDA:123,19,0,8
BRDA:123,19,1,1
BRDA:124,20,0,8
BRDA:124,20,1,1
BRDA:125,21,0,8
BRDA:125,21,1,1
BRDA:126,22,0,8
BRDA:126,22,1,1
BRDA:140,23,0,2
BRDA:140,23,1,16
BRF:50
BRH:42
end_of_record
TN:
SF:src\services\cvExtractors\skillsExtractor.js
FN:11,(anonymous_0)
FN:35,(anonymous_1)
FN:45,(anonymous_2)
FN:73,(anonymous_3)
FN:108,(anonymous_4)
FN:120,(anonymous_5)
FNF:6
FNH:6
FNDA:7,(anonymous_0)
FNDA:5,(anonymous_1)
FNDA:5,(anonymous_2)
FNDA:5,(anonymous_3)
FNDA:5,(anonymous_4)
FNDA:120,(anonymous_5)
DA:1,6
DA:12,7
DA:13,2
DA:16,5
DA:21,5
DA:24,5
DA:27,5
DA:29,5
DA:36,5
DA:38,5
DA:41,4
DA:42,4
DA:45,4
DA:46,5
DA:47,5
DA:49,5
DA:50,5
DA:51,5
DA:53,5
DA:54,5
DA:61,5
DA:67,4
DA:74,5
DA:75,5
DA:89,5
DA:90,9
DA:91,5
DA:94,5
DA:95,50
DA:96,0
DA:102,5
DA:109,5
DA:117,5
DA:118,5
DA:120,5
DA:121,120
DA:123,3
DA:124,3
DA:128,5
DA:132,6
LF:40
LH:39
BRDA:12,0,0,2
BRDA:12,0,1,5
BRDA:12,1,0,7
BRDA:12,1,1,5
BRDA:38,2,0,1
BRDA:38,2,1,4
BRDA:49,3,0,5
BRDA:49,3,1,0
BRDA:53,4,0,5
BRDA:53,4,1,0
BRDA:90,5,0,5
BRDA:90,5,1,4
BRDA:95,6,0,0
BRDA:95,6,1,50
BRDA:121,7,0,3
BRDA:121,7,1,117
BRF:16
BRH:13
end_of_record
TN:
SF:src\services\notificationChannels\EmailChannel.js
FN:9,(anonymous_0)
FN:20,(anonymous_1)
FN:53,(anonymous_2)
FN:76,(anonymous_3)
FN:113,(anonymous_4)
FN:127,(anonymous_5)
FN:158,(anonymous_6)
FNF:7
FNH:7
FNDA:7,(anonymous_0)
FNDA:3,(anonymous_1)
FNDA:3,(anonymous_2)
FNDA:3,(anonymous_3)
FNDA:3,(anonymous_4)
FNDA:2,(anonymous_5)
FNDA:4,(anonymous_6)
DA:1,27
DA:2,27
DA:10,7
DA:11,7
DA:21,3
DA:23,3
DA:24,1
DA:28,2
DA:31,2
DA:33,1
DA:40,2
DA:41,2
DA:55,3
DA:56,1
DA:60,2
DA:61,1
DA:65,1
DA:66,1
DA:69,0
DA:77,3
DA:85,3
DA:114,3
DA:120,3
DA:128,2
DA:130,2
DA:140,2
DA:150,2
DA:151,1
DA:152,1
DA:155,1
DA:159,4
DA:163,27
LF:32
LH:31
BRDA:23,0,0,1
BRDA:23,0,1,2
BRDA:55,1,0,1
BRDA:55,1,1,2
BRDA:60,2,0,1
BRDA:60,2,1,1
BRDA:65,3,0,1
BRDA:65,3,1,0
BRDA:77,4,0,1
BRDA:77,4,1,2
BRDA:81,5,0,1
BRDA:81,5,1,0
BRDA:120,6,0,3
BRDA:120,6,1,2
BRDA:132,7,0,2
BRDA:132,7,1,0
BRDA:133,8,0,2
BRDA:133,8,1,0
BRDA:150,9,0,1
BRDA:150,9,1,1
BRF:20
BRH:16
end_of_record
TN:
SF:src\services\notificationChannels\InAppChannel.js
FN:16,(anonymous_0)
FN:40,(anonymous_1)
FN:54,(anonymous_2)
FNF:3
FNH:3
FNDA:2,(anonymous_0)
FNDA:7,(anonymous_1)
FNDA:2,(anonymous_2)
DA:1,27
DA:2,27
DA:17,2
DA:20,2
DA:27,0
DA:28,0
DA:41,7
DA:42,4
DA:46,3
DA:47,2
DA:51,1
DA:55,2
DA:59,27
LF:13
LH:11
BRDA:41,0,0,4
BRDA:41,0,1,3
BRDA:41,1,0,7
BRDA:41,1,1,6
BRDA:46,2,0,2
BRDA:46,2,1,1
BRF:6
BRH:6
end_of_record
TN:
SF:src\services\notificationChannels\NotificationChannel.js
FN:14,(anonymous_0)
FN:24,(anonymous_1)
FN:32,(anonymous_2)
FNF:3
FNH:3
FNDA:1,(anonymous_0)
FNDA:1,(anonymous_1)
FNDA:1,(anonymous_2)
DA:1,30
DA:15,1
DA:25,1
DA:33,1
DA:37,30
LF:5
LH:5
BRF:0
BRH:0
end_of_record
TN:
SF:src\services\notificationChannels\NotificationChannelFactory.js
FN:11,(anonymous_0)
FN:19,(anonymous_1)
FN:28,(anonymous_2)
FN:37,(anonymous_3)
FN:76,(anonymous_4)
FN:83,(anonymous_5)
FNF:6
FNH:6
FNDA:26,(anonymous_0)
FNDA:21,(anonymous_1)
FNDA:1,(anonymous_2)
FNDA:9,(anonymous_3)
FNDA:1,(anonymous_4)
FNDA:6,(anonymous_5)
DA:1,26
DA:2,26
DA:3,26
DA:4,26
DA:12,26
DA:13,26
DA:20,21
DA:29,1
DA:39,9
DA:40,4
DA:46,5
DA:48,2
DA:49,2
DA:52,2
DA:53,1
DA:55,1
DA:56,1
DA:59,0
DA:60,0
DA:63,1
DA:67,3
DA:69,3
DA:77,1
DA:84,6
DA:89,26
LF:25
LH:23
BRDA:39,0,0,4
BRDA:39,0,1,5
BRDA:46,1,0,2
BRDA:46,1,1,2
BRDA:46,1,2,0
BRDA:46,1,3,1
BRDA:52,2,0,1
BRDA:52,2,1,1
BRF:8
BRH:7
end_of_record
TN:
SF:src\services\notificationChannels\PushChannel.js
FN:16,(anonymous_0)
FN:42,(anonymous_1)
FN:59,(anonymous_2)
FNF:3
FNH:3
FNDA:1,(anonymous_0)
FNDA:3,(anonymous_1)
FNDA:1,(anonymous_2)
DA:1,27
DA:2,27
DA:17,1
DA:20,1
DA:22,1
DA:29,0
DA:30,0
DA:43,3
DA:44,1
DA:48,2
DA:49,2
DA:50,1
DA:56,1
DA:60,1
DA:64,27
LF:15
LH:13
BRDA:43,0,0,1
BRDA:43,0,1,2
BRDA:48,1,0,2
BRDA:48,1,1,0
BRDA:49,2,0,1
BRDA:49,2,1,1
BRF:6
BRH:5
end_of_record
TN:
SF:src\utils\AppError.js
FN:8,(anonymous_0)
FN:19,(anonymous_1)
FN:23,(anonymous_2)
FN:27,(anonymous_3)
FN:31,(anonymous_4)
FN:35,(anonymous_5)
FN:39,(anonymous_6)
FNF:7
FNH:7
FNDA:64,(anonymous_0)
FNDA:22,(anonymous_1)
FNDA:5,(anonymous_2)
FNDA:8,(anonymous_3)
FNDA:17,(anonymous_4)
FNDA:3,(anonymous_5)
FNDA:2,(anonymous_6)
DA:9,64
DA:11,64
DA:12,64
DA:13,64
DA:14,64
DA:16,64
DA:20,22
DA:24,5
DA:28,8
DA:32,17
DA:36,3
DA:40,2
DA:44,40
LF:13
LH:13
BRDA:9,0,0,64
BRDA:9,0,1,4
BRF:2
BRH:2
end_of_record
TN:
SF:src\utils\bfi44ProfileMapper.js
FN:1,normalizeNumber
FN:18,toStableBfi44Profile
FNF:2
FNH:2
FNDA:10,normalizeNumber
FNDA:2,toStableBfi44Profile
DA:2,10
DA:3,10
DA:19,2
DA:21,2
DA:22,2
DA:23,2
DA:34,0
DA:36,0
DA:38,0
DA:49,20
LF:10
LH:7
BRDA:2,0,0,0
BRDA:2,0,1,10
BRDA:3,1,0,10
BRDA:3,1,1,0
BRDA:19,2,0,0
BRDA:19,2,1,2
BRDA:21,3,0,2
BRDA:21,3,1,0
BRDA:21,4,0,2
BRDA:21,4,1,2
BRDA:25,5,0,2
BRDA:25,5,1,0
BRDA:26,6,0,2
BRDA:26,6,1,0
BRDA:27,7,0,2
BRDA:27,7,1,0
BRDA:28,8,0,2
BRDA:28,8,1,0
BRDA:29,9,0,2
BRDA:29,9,1,0
BRDA:34,10,0,0
BRDA:34,10,1,0
BRDA:34,11,0,0
BRDA:34,11,1,0
BRDA:36,12,0,0
BRDA:36,12,1,0
BRDA:36,13,0,0
BRDA:36,13,1,0
BRDA:40,14,0,0
BRDA:40,14,1,0
BRDA:41,15,0,0
BRDA:41,15,1,0
BRDA:42,16,0,0
BRDA:42,16,1,0
BRDA:43,17,0,0
BRDA:43,17,1,0
BRDA:44,18,0,0
BRDA:44,18,1,0
BRF:38
BRH:11
end_of_record
TN:
SF:src\utils\cvUtils.js
FN:10,(anonymous_0)
FN:13,(anonymous_1)
FN:20,(anonymous_2)
FN:29,(anonymous_3)
FN:31,(anonymous_4)
FN:40,(anonymous_5)
FN:49,(anonymous_6)
FN:58,(anonymous_7)
FN:68,(anonymous_8)
FN:78,(anonymous_9)
FN:80,(anonymous_10)
FN:86,(anonymous_11)
FN:98,(anonymous_12)
FN:114,(anonymous_13)
FN:121,(anonymous_14)
FN:147,(anonymous_15)
FN:158,(anonymous_16)
FN:197,(anonymous_17)
FN:210,(anonymous_18)
FN:215,(anonymous_19)
FN:228,(anonymous_20)
FN:234,(anonymous_21)
FN:243,(anonymous_22)
FN:256,(anonymous_23)
FN:271,(anonymous_24)
FN:275,(anonymous_25)
FNF:26
FNH:22
FNDA:5,(anonymous_0)
FNDA:6,(anonymous_1)
FNDA:4,(anonymous_2)
FNDA:12,(anonymous_3)
FNDA:7,(anonymous_4)
FNDA:17,(anonymous_5)
FNDA:3,(anonymous_6)
FNDA:3,(anonymous_7)
FNDA:40,(anonymous_8)
FNDA:200,(anonymous_9)
FNDA:31,(anonymous_10)
FNDA:200,(anonymous_11)
FNDA:10,(anonymous_12)
FNDA:3,(anonymous_13)
FNDA:10,(anonymous_14)
FNDA:20,(anonymous_15)
FNDA:16,(anonymous_16)
FNDA:48,(anonymous_17)
FNDA:27,(anonymous_18)
FNDA:31,(anonymous_19)
FNDA:0,(anonymous_20)
FNDA:0,(anonymous_21)
FNDA:0,(anonymous_22)
FNDA:0,(anonymous_23)
FNDA:6,(anonymous_24)
FNDA:6,(anonymous_25)
DA:11,5
DA:12,5
DA:13,6
DA:22,4
DA:28,4
DA:29,4
DA:30,12
DA:31,12
DA:34,4
DA:41,17
DA:42,17
DA:43,17
DA:50,3
DA:51,3
DA:52,3
DA:59,3
DA:60,3
DA:61,3
DA:69,40
DA:77,40
DA:78,40
DA:79,200
DA:80,200
DA:84,40
DA:85,40
DA:86,40
DA:87,200
DA:88,4
DA:92,40
DA:99,10
DA:101,8
DA:115,3
DA:116,3
DA:117,3
DA:118,3
DA:119,3
DA:121,3
DA:122,10
DA:123,10
DA:124,10
DA:127,10
DA:132,9
DA:133,9
DA:134,9
DA:135,9
DA:136,9
DA:137,9
DA:139,9
DA:145,9
DA:146,9
DA:147,15
DA:148,20
DA:149,20
DA:152,20
DA:155,16
DA:158,16
DA:160,16
DA:163,15
DA:165,4
DA:166,2
DA:167,2
DA:170,4
DA:171,4
DA:172,4
DA:173,4
DA:180,10
DA:181,5
DA:186,3
DA:187,3
DA:188,3
DA:191,3
DA:198,48
DA:200,48
DA:211,27
DA:212,0
DA:214,27
DA:215,27
DA:216,31
DA:222,0
DA:229,0
DA:230,0
DA:233,0
DA:234,0
DA:235,0
DA:236,0
DA:242,0
DA:243,0
DA:244,0
DA:245,0
DA:250,0
DA:257,0
DA:260,0
DA:261,0
DA:264,0
DA:272,6
DA:273,6
DA:275,6
DA:276,6
DA:278,6
DA:279,0
DA:283,6
DA:287,14
LF:102
LH:84
BRDA:12,0,0,5
BRDA:12,0,1,1
BRDA:30,1,0,12
BRDA:30,1,1,6
BRDA:42,2,0,17
BRDA:42,2,1,9
BRDA:51,3,0,3
BRDA:51,3,1,1
BRDA:52,4,0,3
BRDA:52,4,1,1
BRDA:60,5,0,3
BRDA:60,5,1,1
BRDA:61,6,0,3
BRDA:61,6,1,1
BRDA:79,7,0,200
BRDA:79,7,1,177
BRDA:87,8,0,4
BRDA:87,8,1,196
BRDA:99,9,0,2
BRDA:99,9,1,8
BRDA:127,10,0,9
BRDA:127,10,1,1
BRDA:136,11,0,9
BRDA:136,11,1,9
BRDA:139,12,0,9
BRDA:139,12,1,9
BRDA:139,12,2,5
BRDA:139,12,3,5
BRDA:139,12,4,5
BRDA:139,12,5,0
BRDA:145,13,0,9
BRDA:145,13,1,0
BRDA:152,14,0,4
BRDA:152,14,1,16
BRDA:155,15,0,0
BRDA:155,15,1,16
BRDA:158,16,0,0
BRDA:158,16,1,16
BRDA:163,17,0,4
BRDA:163,17,1,11
BRDA:165,18,0,2
BRDA:165,18,1,2
BRDA:166,19,0,2
BRDA:166,19,1,0
BRDA:180,20,0,5
BRDA:180,20,1,5
BRDA:180,21,0,10
BRDA:180,21,1,6
BRDA:186,22,0,3
BRDA:186,22,1,0
BRDA:187,23,0,3
BRDA:187,23,1,0
BRDA:198,24,0,0
BRDA:198,24,1,48
BRDA:211,25,0,0
BRDA:211,25,1,27
BRDA:214,26,0,27
BRDA:214,26,1,0
BRDA:214,27,0,27
BRDA:214,27,1,27
BRDA:216,28,0,31
BRDA:216,28,1,27
BRDA:216,28,2,27
BRDA:216,28,3,27
BRDA:219,29,0,1
BRDA:219,29,1,26
BRDA:222,30,0,0
BRDA:222,30,1,0
BRDA:222,30,2,0
BRDA:233,31,0,0
BRDA:233,31,1,0
BRDA:235,32,0,0
BRDA:235,32,1,0
BRDA:242,33,0,0
BRDA:242,33,1,0
BRDA:244,34,0,0
BRDA:244,34,1,0
BRDA:260,35,0,0
BRDA:260,35,1,0
BRDA:260,36,0,0
BRDA:260,36,1,0
BRDA:278,37,0,0
BRDA:278,37,1,6
BRDA:278,38,0,6
BRDA:278,38,1,6
BRF:85
BRH:59
end_of_record
TN:
SF:src\utils\dictionaries.js
FN:200,(anonymous_0)
FN:202,(anonymous_1)
FN:211,(anonymous_2)
FN:218,(anonymous_3)
FN:226,(anonymous_4)
FN:230,(anonymous_5)
FNF:6
FNH:6
FNDA:2,(anonymous_0)
FNDA:12,(anonymous_1)
FNDA:2,(anonymous_2)
FNDA:40,(anonymous_3)
FNDA:22,(anonymous_4)
FNDA:944,(anonymous_5)
DA:6,6
DA:200,6
DA:201,2
DA:202,2
DA:203,12
DA:205,2
DA:211,6
DA:212,2
DA:218,6
DA:219,40
DA:220,40
DA:226,6
DA:227,22
DA:229,22
DA:230,944
DA:231,19
DA:232,5
DA:233,5
DA:234,4
DA:235,3
DA:236,0
DA:237,2
DA:238,0
DA:243,3
DA:246,6
LF:25
LH:23
BRDA:220,0,0,40
BRDA:220,0,1,20
BRDA:230,1,0,19
BRDA:230,1,1,50
BRDA:231,2,0,5
BRDA:231,2,1,5
BRDA:231,2,2,4
BRDA:231,2,3,3
BRDA:231,2,4,0
BRDA:231,2,5,2
BRDA:231,2,6,0
BRF:11
BRH:9
end_of_record
TN:
SF:src\utils\jwt.js
FN:10,(anonymous_0)
FN:23,(anonymous_1)
FN:35,(anonymous_2)
FNF:3
FNH:3
FNDA:19,(anonymous_0)
FNDA:19,(anonymous_1)
FNDA:19,(anonymous_2)
DA:1,6
DA:3,6
DA:4,6
DA:6,6
DA:7,0
DA:10,6
DA:11,19
DA:18,19
DA:23,6
DA:24,19
DA:25,19
DA:27,4
DA:28,1
DA:30,3
DA:35,6
DA:36,19
DA:37,19
DA:39,19
DA:40,3
DA:46,16
DA:47,16
DA:48,14
DA:50,14
DA:52,14
DA:54,2
LF:25
LH:24
BRDA:4,0,0,6
BRDA:4,0,1,0
BRDA:6,1,0,0
BRDA:6,1,1,6
BRDA:27,2,0,1
BRDA:27,2,1,3
BRDA:39,3,0,3
BRDA:39,3,1,16
BRDA:39,4,0,19
BRDA:39,4,1,16
BRF:10
BRH:8
end_of_record
TN:
SF:src\utils\notificationValidator.js
FN:10,(anonymous_0)
FN:45,(anonymous_1)
FN:70,(anonymous_2)
FN:112,(anonymous_3)
FN:149,(anonymous_4)
FNF:5
FNH:5
FNDA:12,(anonymous_0)
FNDA:2,(anonymous_1)
FNDA:5,(anonymous_2)
FNDA:4,(anonymous_3)
FNDA:12,(anonymous_4)
DA:1,4
DA:11,12
DA:12,12
DA:14,12
DA:15,1
DA:18,12
DA:19,1
DA:20,11
DA:21,11
DA:24,12
DA:25,1
DA:26,11
DA:27,1
DA:28,10
DA:29,1
DA:32,12
DA:33,1
DA:34,11
DA:35,0
DA:36,11
DA:37,1
DA:40,12
DA:41,3
DA:42,1
DA:44,2
DA:45,2
DA:46,2
DA:47,2
DA:52,12
DA:53,2
DA:56,12
DA:57,12
DA:64,0
DA:71,5
DA:72,5
DA:74,5
DA:75,1
DA:76,4
DA:77,1
DA:78,3
DA:79,1
DA:80,2
DA:81,1
DA:84,5
DA:85,0
DA:86,5
DA:87,5
DA:90,5
DA:91,0
DA:94,5
DA:95,0
DA:98,5
DA:99,5
DA:106,0
DA:113,4
DA:114,4
DA:115,4
DA:117,4
DA:118,1
DA:119,3
DA:120,1
DA:123,4
DA:124,4
DA:127,4
DA:128,0
DA:131,4
DA:132,0
DA:135,4
DA:136,4
DA:143,0
DA:150,12
DA:151,12
DA:153,12
DA:154,2
DA:157,12
DA:158,3
DA:159,3
DA:160,2
DA:164,12
DA:165,1
DA:168,12
DA:169,1
DA:172,12
DA:173,6
DA:180,6
DA:184,4
LF:86
LH:77
BRDA:14,0,0,1
BRDA:14,0,1,11
BRDA:18,1,0,1
BRDA:18,1,1,11
BRDA:20,2,0,11
BRDA:20,2,1,0
BRDA:24,3,0,1
BRDA:24,3,1,11
BRDA:26,4,0,1
BRDA:26,4,1,10
BRDA:26,5,0,11
BRDA:26,5,1,11
BRDA:28,6,0,1
BRDA:28,6,1,9
BRDA:32,7,0,1
BRDA:32,7,1,11
BRDA:34,8,0,0
BRDA:34,8,1,11
BRDA:34,9,0,11
BRDA:34,9,1,11
BRDA:36,10,0,1
BRDA:36,10,1,10
BRDA:40,11,0,3
BRDA:40,11,1,9
BRDA:41,12,0,1
BRDA:41,12,1,2
BRDA:46,13,0,2
BRDA:46,13,1,0
BRDA:52,14,0,2
BRDA:52,14,1,10
BRDA:52,15,0,12
BRDA:52,15,1,2
BRDA:56,16,0,12
BRDA:56,16,1,0
BRDA:74,17,0,1
BRDA:74,17,1,4
BRDA:76,18,0,1
BRDA:76,18,1,3
BRDA:78,19,0,1
BRDA:78,19,1,2
BRDA:80,20,0,1
BRDA:80,20,1,1
BRDA:84,21,0,0
BRDA:84,21,1,5
BRDA:86,22,0,5
BRDA:86,22,1,0
BRDA:90,23,0,0
BRDA:90,23,1,5
BRDA:90,24,0,5
BRDA:90,24,1,5
BRDA:90,24,2,5
BRDA:94,25,0,0
BRDA:94,25,1,5
BRDA:94,26,0,5
BRDA:94,26,1,5
BRDA:94,26,2,5
BRDA:98,27,0,5
BRDA:98,27,1,0
BRDA:117,28,0,1
BRDA:117,28,1,3
BRDA:119,29,0,1
BRDA:119,29,1,2
BRDA:123,30,0,4
BRDA:123,30,1,0
BRDA:123,31,0,4
BRDA:123,31,1,4
BRDA:127,32,0,0
BRDA:127,32,1,4
BRDA:127,33,0,4
BRDA:127,33,1,4
BRDA:127,33,2,4
BRDA:131,34,0,0
BRDA:131,34,1,4
BRDA:131,35,0,4
BRDA:131,35,1,4
BRDA:131,35,2,4
BRDA:135,36,0,4
BRDA:135,36,1,0
BRDA:153,37,0,2
BRDA:153,37,1,10
BRDA:153,38,0,12
BRDA:153,38,1,3
BRDA:153,38,2,2
BRDA:157,39,0,3
BRDA:157,39,1,9
BRDA:159,40,0,2
BRDA:159,40,1,1
BRDA:159,41,0,3
BRDA:159,41,1,3
BRDA:159,41,2,2
BRDA:164,42,0,1
BRDA:164,42,1,11
BRDA:164,43,0,12
BRDA:164,43,1,7
BRDA:168,44,0,1
BRDA:168,44,1,11
BRDA:168,45,0,12
BRDA:168,45,1,1
BRDA:172,46,0,6
BRDA:172,46,1,6
BRF:100
BRH:87
end_of_record
TN:
SF:src\utils\responseHandler.js
FN:4,(anonymous_0)
FN:53,(anonymous_1)
FN:60,(anonymous_2)
FN:67,(anonymous_3)
FNF:4
FNH:4
FNDA:18,(anonymous_0)
FNDA:10,(anonymous_1)
FNDA:3,(anonymous_2)
FNDA:4,(anonymous_3)
DA:1,8
DA:5,18
DA:7,18
DA:8,6
DA:9,6
DA:10,6
DA:18,12
DA:44,12
DA:45,12
DA:47,12
DA:54,10
DA:61,3
DA:68,4
DA:72,8
LF:14
LH:14
BRDA:7,0,0,6
BRDA:7,0,1,12
BRDA:7,1,0,18
BRDA:7,1,1,17
BRDA:7,1,2,12
BRDA:8,2,0,6
BRDA:8,2,1,0
BRDA:8,3,0,6
BRDA:8,3,1,0
BRDA:9,4,0,6
BRDA:9,4,1,0
BRDA:9,4,2,0
BRDA:12,5,0,6
BRDA:12,5,1,0
BRDA:14,6,0,1
BRDA:14,6,1,5
BRDA:44,7,0,10
BRDA:44,7,1,2
BRDA:44,8,0,12
BRDA:44,8,1,11
BRDA:45,9,0,12
BRDA:45,9,1,5
BRDA:45,10,0,5
BRDA:45,10,1,4
BRDA:45,11,0,5
BRDA:45,11,1,4
BRDA:53,12,0,6
BRDA:60,13,0,2
BRF:28
BRH:23
end_of_record
TN:
SF:src\utils\validators.js
FN:4,(anonymous_0)
FN:9,(anonymous_1)
FN:13,(anonymous_2)
FN:27,(anonymous_3)
FN:33,(anonymous_4)
FN:42,(anonymous_5)
FN:73,(anonymous_6)
FN:94,(anonymous_7)
FN:123,(anonymous_8)
FNF:9
FNH:6
FNDA:17,(anonymous_0)
FNDA:12,(anonymous_1)
FNDA:12,(anonymous_2)
FNDA:2,(anonymous_3)
FNDA:1,(anonymous_4)
FNDA:0,(anonymous_5)
FNDA:0,(anonymous_6)
FNDA:0,(anonymous_7)
FNDA:12,(anonymous_8)
DA:1,5
DA:5,17
DA:6,17
DA:10,12
DA:14,12
DA:15,5
DA:18,7
DA:19,2
DA:22,5
DA:23,1
DA:28,2
DA:29,0
DA:34,1
DA:35,0
DA:43,0
DA:45,0
DA:46,0
DA:52,0
DA:53,0
DA:59,0
DA:60,0
DA:61,0
DA:67,0
DA:74,0
DA:76,0
DA:77,0
DA:78,0
DA:79,0
DA:86,0
DA:95,0
DA:96,0
DA:99,0
DA:100,0
DA:101,0
DA:104,0
DA:105,0
DA:106,0
DA:108,0
DA:109,0
DA:112,0
DA:113,0
DA:117,0
DA:131,12
DA:133,12
DA:134,3
DA:135,1
DA:142,11
DA:143,2
DA:144,0
DA:151,11
DA:152,2
DA:153,0
DA:160,11
DA:161,3
DA:162,1
DA:169,10
DA:170,3
DA:171,0
DA:177,3
DA:178,3
DA:180,3
DA:181,1
DA:187,2
DA:188,0
DA:195,9
DA:196,1
DA:197,0
DA:203,1
DA:205,1
DA:206,0
DA:212,1
DA:213,0
DA:219,1
DA:220,0
DA:227,9
DA:231,5
LF:76
LH:38
BRDA:10,0,0,12
BRDA:10,0,1,10
BRDA:14,1,0,5
BRDA:14,1,1,7
BRDA:14,2,0,12
BRDA:14,2,1,10
BRDA:14,2,2,8
BRDA:18,3,0,2
BRDA:18,3,1,5
BRDA:22,4,0,1
BRDA:22,4,1,4
BRDA:28,5,0,0
BRDA:28,5,1,2
BRDA:28,6,0,2
BRDA:28,6,1,2
BRDA:34,7,0,0
BRDA:34,7,1,1
BRDA:34,8,0,1
BRDA:34,8,1,1
BRDA:45,9,0,0
BRDA:45,9,1,0
BRDA:45,10,0,0
BRDA:45,10,1,0
BRDA:52,11,0,0
BRDA:52,11,1,0
BRDA:52,12,0,0
BRDA:52,12,1,0
BRDA:60,13,0,0
BRDA:60,13,1,0
BRDA:76,14,0,0
BRDA:76,14,1,0
BRDA:76,15,0,0
BRDA:76,15,1,0
BRDA:78,16,0,0
BRDA:78,16,1,0
BRDA:95,17,0,0
BRDA:95,17,1,0
BRDA:95,18,0,0
BRDA:95,18,1,0
BRDA:100,19,0,0
BRDA:100,19,1,0
BRDA:108,20,0,0
BRDA:108,20,1,0
BRDA:108,21,0,0
BRDA:108,21,1,0
BRDA:112,22,0,0
BRDA:112,22,1,0
BRDA:112,23,0,0
BRDA:112,23,1,0
BRDA:112,23,2,0
BRDA:133,24,0,3
BRDA:133,24,1,9
BRDA:134,25,0,1
BRDA:134,25,1,2
BRDA:134,26,0,3
BRDA:134,26,1,3
BRDA:134,26,2,2
BRDA:142,27,0,2
BRDA:142,27,1,9
BRDA:143,28,0,0
BRDA:143,28,1,2
BRDA:143,29,0,2
BRDA:143,29,1,2
BRDA:151,30,0,2
BRDA:151,30,1,9
BRDA:152,31,0,0
BRDA:152,31,1,2
BRDA:152,32,0,2
BRDA:152,32,1,2
BRDA:160,33,0,3
BRDA:160,33,1,8
BRDA:161,34,0,1
BRDA:161,34,1,2
BRDA:169,35,0,3
BRDA:169,35,1,7
BRDA:170,36,0,0
BRDA:170,36,1,3
BRDA:170,37,0,3
BRDA:170,37,1,3
BRDA:180,38,0,1
BRDA:180,38,1,2
BRDA:180,39,0,3
BRDA:180,39,1,3
BRDA:180,39,2,3
BRDA:187,40,0,0
BRDA:187,40,1,2
BRDA:187,41,0,2
BRDA:187,41,1,2
BRDA:187,41,2,2
BRDA:195,42,0,1
BRDA:195,42,1,8
BRDA:196,43,0,0
BRDA:196,43,1,1
BRDA:196,44,0,1
BRDA:196,44,1,1
BRDA:205,45,0,0
BRDA:205,45,1,1
BRDA:205,46,0,1
BRDA:205,46,1,1
BRDA:212,47,0,0
BRDA:212,47,1,1
BRDA:212,48,0,1
BRDA:212,48,1,1
BRDA:219,49,0,0
BRDA:219,49,1,1
BRDA:219,50,0,1
BRDA:219,50,1,1
BRF:107
BRH:66
end_of_record
