TN:
SF:src\controllers\auth.controller.js
FN:8,(anonymous_0)
FN:27,(anonymous_1)
FN:45,(anonymous_2)
FN:64,(anonymous_3)
FNF:4
FNH:4
FNDA:9,(anonymous_0)
FNDA:3,(anonymous_1)
FNDA:6,(anonymous_2)
FNDA:4,(anonymous_3)
DA:1,4
DA:2,4
DA:3,4
DA:4,4
DA:5,4
DA:6,4
DA:8,4
DA:9,9
DA:10,9
DA:12,9
DA:14,5
DA:16,4
DA:23,5
DA:27,4
DA:28,3
DA:29,3
DA:31,3
DA:33,3
DA:35,2
DA:41,1
DA:45,4
DA:46,6
DA:47,6
DA:49,6
DA:50,1
DA:53,5
DA:55,3
DA:56,3
DA:59,3
DA:60,3
DA:64,4
DA:65,4
DA:66,4
DA:68,4
DA:69,4
DA:71,2
DA:73,2
DA:80,2
LF:38
LH:38
BRDA:19,0,0,0
BRDA:19,0,1,4
BRDA:37,1,0,0
BRDA:37,1,1,2
BRDA:49,2,0,1
BRDA:49,2,1,5
BRF:6
BRH:4
end_of_record
TN:
SF:src\controllers\bfi44.controller.js
FN:17,(anonymous_0)
FN:33,(anonymous_1)
FN:59,(anonymous_2)
FN:97,(anonymous_3)
FN:119,(anonymous_4)
FN:144,(anonymous_5)
FN:162,(anonymous_6)
FN:192,(anonymous_7)
FN:225,(anonymous_8)
FN:242,(anonymous_9)
FN:259,(anonymous_10)
FN:283,(anonymous_11)
FNF:12
FNH:11
FNDA:2,(anonymous_0)
FNDA:3,(anonymous_1)
FNDA:6,(anonymous_2)
FNDA:3,(anonymous_3)
FNDA:3,(anonymous_4)
FNDA:3,(anonymous_5)
FNDA:5,(anonymous_6)
FNDA:0,(anonymous_7)
FNDA:4,(anonymous_8)
FNDA:3,(anonymous_9)
FNDA:4,(anonymous_10)
FNDA:4,(anonymous_11)
DA:1,4
DA:2,4
DA:3,4
DA:4,4
DA:18,2
DA:19,2
DA:20,2
DA:22,1
DA:24,1
DA:25,1
DA:34,3
DA:35,3
DA:36,3
DA:38,3
DA:39,1
DA:42,2
DA:44,1
DA:50,1
DA:51,1
DA:60,6
DA:61,6
DA:63,6
DA:64,2
DA:65,2
DA:67,2
DA:68,1
DA:71,1
DA:72,1
DA:74,1
DA:75,0
DA:79,5
DA:81,4
DA:82,1
DA:85,3
DA:88,1
DA:89,1
DA:98,3
DA:99,3
DA:101,3
DA:103,2
DA:104,1
DA:107,1
DA:110,1
DA:111,1
DA:120,3
DA:121,3
DA:123,3
DA:124,1
DA:127,2
DA:129,1
DA:135,1
DA:136,1
DA:145,3
DA:146,3
DA:148,3
DA:150,2
DA:153,1
DA:154,1
DA:163,5
DA:164,5
DA:165,5
DA:167,5
DA:168,1
DA:171,4
DA:172,1
DA:175,3
DA:177,2
DA:183,1
DA:184,1
DA:193,0
DA:194,0
DA:196,0
DA:197,0
DA:201,0
DA:203,0
DA:204,0
DA:207,0
DA:208,0
DA:211,0
DA:213,0
DA:216,0
DA:217,0
DA:226,4
DA:227,4
DA:228,4
DA:230,4
DA:231,1
DA:234,3
DA:235,1
DA:238,2
DA:240,2
DA:242,3
DA:250,0
DA:251,0
DA:260,4
DA:261,4
DA:262,4
DA:264,3
DA:265,1
DA:268,2
DA:274,1
DA:275,1
DA:284,4
DA:285,4
DA:286,1
DA:289,3
DA:290,1
DA:293,2
DA:295,1
DA:298,1
DA:299,1
DA:304,4
LF:112
LH:96
BRDA:19,0,0,2
BRDA:19,0,1,2
BRDA:19,0,2,2
BRDA:38,1,0,1
BRDA:38,1,1,2
BRDA:63,2,0,2
BRDA:63,2,1,4
BRDA:63,3,0,6
BRDA:63,3,1,3
BRDA:67,4,0,1
BRDA:67,4,1,1
BRDA:72,5,0,1
BRDA:72,5,1,1
BRDA:72,5,2,0
BRDA:74,6,0,0
BRDA:74,6,1,1
BRDA:81,7,0,1
BRDA:81,7,1,3
BRDA:103,8,0,1
BRDA:103,8,1,1
BRDA:123,9,0,1
BRDA:123,9,1,2
BRDA:167,10,0,1
BRDA:167,10,1,4
BRDA:167,11,0,5
BRDA:167,11,1,2
BRDA:171,12,0,1
BRDA:171,12,1,3
BRDA:196,13,0,0
BRDA:196,13,1,0
BRDA:203,14,0,0
BRDA:203,14,1,0
BRDA:207,15,0,0
BRDA:207,15,1,0
BRDA:207,16,0,0
BRDA:207,16,1,0
BRDA:230,17,0,1
BRDA:230,17,1,3
BRDA:230,18,0,4
BRDA:230,18,1,2
BRDA:234,19,0,1
BRDA:234,19,1,2
BRDA:264,20,0,1
BRDA:264,20,1,2
BRDA:270,21,0,2
BRDA:270,21,1,0
BRDA:285,22,0,1
BRDA:285,22,1,3
BRDA:289,23,0,1
BRDA:289,23,1,2
BRF:50
BRH:39
end_of_record
TN:
SF:src\controllers\cv.controller.js
FN:34,(anonymous_0)
FN:70,(anonymous_1)
FN:128,(anonymous_2)
FN:145,(anonymous_3)
FN:168,(anonymous_4)
FN:192,(anonymous_5)
FN:216,(anonymous_6)
FN:237,(anonymous_7)
FN:254,(anonymous_8)
FN:266,(anonymous_9)
FN:281,(anonymous_10)
FN:327,(anonymous_11)
FN:374,(anonymous_12)
FN:412,(anonymous_13)
FN:480,(anonymous_14)
FN:520,(anonymous_15)
FN:566,(anonymous_16)
FN:625,(anonymous_17)
FN:672,(anonymous_18)
FN:712,(anonymous_19)
FN:761,(anonymous_20)
FN:766,(anonymous_21)
FN:786,(anonymous_22)
FN:843,(anonymous_23)
FNF:24
FNH:19
FNDA:7,(anonymous_0)
FNDA:0,(anonymous_1)
FNDA:2,(anonymous_2)
FNDA:3,(anonymous_3)
FNDA:3,(anonymous_4)
FNDA:3,(anonymous_5)
FNDA:2,(anonymous_6)
FNDA:2,(anonymous_7)
FNDA:2,(anonymous_8)
FNDA:3,(anonymous_9)
FNDA:4,(anonymous_10)
FNDA:0,(anonymous_11)
FNDA:0,(anonymous_12)
FNDA:0,(anonymous_13)
FNDA:2,(anonymous_14)
FNDA:4,(anonymous_15)
FNDA:3,(anonymous_16)
FNDA:3,(anonymous_17)
FNDA:4,(anonymous_18)
FNDA:0,(anonymous_19)
FNDA:1,(anonymous_20)
FNDA:2,(anonymous_21)
FNDA:3,(anonymous_22)
FNDA:3,(anonymous_23)
DA:1,4
DA:2,4
DA:3,4
DA:4,4
DA:5,4
DA:6,4
DA:7,4
DA:8,4
DA:9,4
DA:10,4
DA:17,4
DA:19,4
DA:35,7
DA:36,7
DA:37,1
DA:40,6
DA:41,6
DA:45,6
DA:46,3
DA:47,3
DA:48,2
DA:49,3
DA:50,2
DA:52,1
DA:55,4
DA:56,1
DA:59,3
DA:60,3
DA:62,3
DA:63,1
DA:70,2
DA:71,0
DA:74,2
DA:77,2
DA:78,2
DA:81,2
DA:82,0
DA:83,0
DA:85,0
DA:106,2
DA:120,1
DA:121,1
DA:129,2
DA:130,2
DA:131,2
DA:133,1
DA:138,1
DA:146,3
DA:147,3
DA:148,3
DA:149,3
DA:151,3
DA:153,3
DA:154,1
DA:157,2
DA:160,0
DA:169,3
DA:170,3
DA:176,3
DA:178,3
DA:184,0
DA:193,3
DA:194,3
DA:201,3
DA:203,3
DA:209,0
DA:217,2
DA:218,2
DA:219,2
DA:220,2
DA:222,2
DA:224,1
DA:230,1
DA:238,2
DA:239,2
DA:240,2
DA:242,2
DA:244,1
DA:247,1
DA:255,2
DA:256,2
DA:257,2
DA:259,2
DA:266,3
DA:270,2
DA:273,0
DA:282,4
DA:283,4
DA:284,4
DA:286,4
DA:287,1
DA:290,3
DA:292,1
DA:298,2
DA:300,2
DA:308,2
DA:316,2
DA:317,2
DA:319,2
DA:328,0
DA:331,0
DA:332,0
DA:333,0
DA:334,0
DA:336,0
DA:337,0
DA:340,0
DA:346,0
DA:348,0
DA:351,0
DA:353,0
DA:358,0
DA:363,0
DA:364,0
DA:366,0
DA:375,0
DA:376,0
DA:377,0
DA:378,0
DA:380,0
DA:382,0
DA:385,0
DA:387,0
DA:394,0
DA:401,0
DA:402,0
DA:404,0
DA:413,0
DA:414,0
DA:415,0
DA:416,0
DA:417,0
DA:419,0
DA:420,0
DA:423,0
DA:424,0
DA:425,0
DA:433,0
DA:438,0
DA:447,0
DA:453,0
DA:455,0
DA:462,0
DA:469,0
DA:470,0
DA:472,0
DA:481,2
DA:482,2
DA:484,2
DA:486,2
DA:487,1
DA:490,1
DA:491,1
DA:493,1
DA:511,0
DA:512,0
DA:521,4
DA:522,4
DA:523,4
DA:524,4
DA:526,4
DA:528,4
DA:529,1
DA:532,3
DA:534,3
DA:535,1
DA:543,2
DA:544,1
DA:546,1
DA:549,2
DA:557,0
DA:558,0
DA:567,3
DA:568,3
DA:569,3
DA:571,3
DA:572,1
DA:575,2
DA:577,2
DA:578,1
DA:582,1
DA:585,1
DA:587,1
DA:588,0
DA:591,1
DA:594,1
DA:597,1
DA:599,1
DA:601,1
DA:616,0
DA:617,0
DA:626,3
DA:627,3
DA:628,3
DA:630,3
DA:632,3
DA:633,1
DA:636,2
DA:638,2
DA:639,1
DA:650,1
DA:651,1
DA:653,1
DA:662,0
DA:663,0
DA:673,4
DA:674,4
DA:675,4
DA:676,4
DA:678,4
DA:679,1
DA:682,3
DA:683,1
DA:686,2
DA:688,2
DA:689,1
DA:693,1
DA:695,1
DA:703,0
DA:704,0
DA:713,0
DA:714,0
DA:715,0
DA:717,0
DA:718,0
DA:721,0
DA:723,0
DA:724,0
DA:728,0
DA:731,0
DA:733,0
DA:736,0
DA:738,0
DA:752,0
DA:753,0
DA:762,1
DA:763,1
DA:764,1
DA:766,2
DA:773,1
DA:778,0
DA:779,0
DA:787,3
DA:788,3
DA:789,3
DA:791,3
DA:792,1
DA:796,2
DA:797,2
DA:798,1
DA:802,1
DA:804,1
DA:807,1
DA:810,1
DA:811,1
DA:813,1
DA:814,1
DA:821,0
DA:835,0
DA:836,0
DA:844,3
DA:845,3
DA:846,3
DA:848,3
DA:849,1
DA:853,2
DA:854,2
DA:855,1
DA:858,1
DA:861,1
DA:863,1
DA:866,1
DA:868,1
DA:870,1
DA:887,0
DA:888,0
DA:893,4
LF:277
LH:189
BRDA:36,0,0,1
BRDA:36,0,1,6
BRDA:45,1,0,3
BRDA:45,1,1,3
BRDA:49,2,0,2
BRDA:49,2,1,1
BRDA:55,3,0,1
BRDA:55,3,1,3
BRDA:55,4,0,4
BRDA:55,4,1,3
BRDA:60,5,0,3
BRDA:60,5,1,0
BRDA:62,6,0,1
BRDA:62,6,1,2
BRDA:78,7,0,2
BRDA:78,7,1,2
BRDA:78,7,2,2
BRDA:78,7,3,0
BRDA:81,8,0,0
BRDA:81,8,1,2
BRDA:153,9,0,1
BRDA:153,9,1,2
BRDA:153,10,0,3
BRDA:153,10,1,1
BRDA:171,11,0,1
BRDA:171,11,1,2
BRDA:172,12,0,1
BRDA:172,12,1,2
BRDA:195,13,0,3
BRDA:195,13,1,1
BRDA:196,14,0,3
BRDA:196,14,1,1
BRDA:197,15,0,3
BRDA:197,15,1,1
BRDA:260,16,0,2
BRDA:260,16,1,1
BRDA:261,17,0,2
BRDA:261,17,1,1
BRDA:262,18,0,2
BRDA:262,18,1,1
BRDA:263,19,0,2
BRDA:263,19,1,1
BRDA:264,20,0,2
BRDA:264,20,1,1
BRDA:265,21,0,2
BRDA:265,21,1,1
BRDA:266,22,0,2
BRDA:266,22,1,1
BRDA:286,23,0,1
BRDA:286,23,1,3
BRDA:316,24,0,2
BRDA:316,24,1,0
BRDA:317,25,0,2
BRDA:317,25,1,0
BRDA:333,26,0,0
BRDA:333,26,1,0
BRDA:336,27,0,0
BRDA:336,27,1,0
BRDA:363,28,0,0
BRDA:363,28,1,0
BRDA:364,29,0,0
BRDA:364,29,1,0
BRDA:377,30,0,0
BRDA:377,30,1,0
BRDA:401,31,0,0
BRDA:401,31,1,0
BRDA:402,32,0,0
BRDA:402,32,1,0
BRDA:415,33,0,0
BRDA:415,33,1,0
BRDA:419,34,0,0
BRDA:419,34,1,0
BRDA:424,35,0,0
BRDA:424,35,1,0
BRDA:434,36,0,0
BRDA:434,36,1,0
BRDA:435,37,0,0
BRDA:435,37,1,0
BRDA:469,38,0,0
BRDA:469,38,1,0
BRDA:470,39,0,0
BRDA:470,39,1,0
BRDA:486,40,0,1
BRDA:486,40,1,1
BRDA:523,41,0,4
BRDA:523,41,1,2
BRDA:523,41,2,2
BRDA:528,42,0,1
BRDA:528,42,1,3
BRDA:534,43,0,1
BRDA:534,43,1,2
BRDA:543,44,0,1
BRDA:543,44,1,1
BRDA:552,45,0,1
BRDA:552,45,1,1
BRDA:571,46,0,1
BRDA:571,46,1,2
BRDA:571,47,0,3
BRDA:571,47,1,3
BRDA:577,48,0,1
BRDA:577,48,1,1
BRDA:587,49,0,0
BRDA:587,49,1,1
BRDA:628,50,0,3
BRDA:628,50,1,3
BRDA:628,50,2,3
BRDA:632,51,0,1
BRDA:632,51,1,2
BRDA:638,52,0,1
BRDA:638,52,1,1
BRDA:676,53,0,4
BRDA:676,53,1,4
BRDA:676,53,2,4
BRDA:678,54,0,1
BRDA:678,54,1,3
BRDA:678,55,0,4
BRDA:678,55,1,4
BRDA:682,56,0,1
BRDA:682,56,1,2
BRDA:688,57,0,1
BRDA:688,57,1,1
BRDA:698,58,0,1
BRDA:698,58,1,0
BRDA:717,59,0,0
BRDA:717,59,1,0
BRDA:717,60,0,0
BRDA:717,60,1,0
BRDA:723,61,0,0
BRDA:723,61,1,0
BRDA:746,62,0,0
BRDA:746,62,1,0
BRDA:746,63,0,0
BRDA:746,63,1,0
BRDA:763,64,0,1
BRDA:763,64,1,0
BRDA:763,64,2,0
BRDA:791,65,0,1
BRDA:791,65,1,2
BRDA:791,66,0,3
BRDA:791,66,1,2
BRDA:791,66,2,2
BRDA:797,67,0,1
BRDA:797,67,1,1
BRDA:810,68,0,1
BRDA:810,68,1,1
BRDA:810,68,2,1
BRDA:810,68,3,1
BRDA:810,68,4,1
BRDA:813,69,0,1
BRDA:813,69,1,0
BRDA:848,70,0,1
BRDA:848,70,1,2
BRDA:848,71,0,3
BRDA:848,71,1,2
BRDA:854,72,0,1
BRDA:854,72,1,1
BRF:156
BRH:108
end_of_record
TN:
SF:src\controllers\home.controller.js
FN:1,(anonymous_0)
FNF:1
FNH:1
FNDA:2,(anonymous_0)
DA:1,1
DA:2,2
LF:2
LH:2
BRF:0
BRH:0
end_of_record
TN:
SF:src\controllers\legal.controller.js
FN:5,(anonymous_0)
FNF:1
FNH:1
FNDA:6,(anonymous_0)
DA:1,4
DA:2,4
DA:6,6
DA:7,6
DA:8,6
DA:10,6
DA:12,6
DA:13,2
DA:16,4
DA:17,1
DA:20,3
DA:32,0
DA:37,4
LF:13
LH:12
BRDA:7,0,0,6
BRDA:7,0,1,4
BRDA:8,1,0,6
BRDA:8,1,1,3
BRDA:12,2,0,2
BRDA:12,2,1,4
BRDA:16,3,0,1
BRDA:16,3,1,3
BRF:8
BRH:8
end_of_record
TN:
SF:src\controllers\notification.controller.js
FN:16,(anonymous_0)
FN:60,(anonymous_1)
FN:80,(anonymous_2)
FN:100,(anonymous_3)
FN:123,(anonymous_4)
FN:152,(anonymous_5)
FN:172,(anonymous_6)
FN:195,(anonymous_7)
FN:224,(anonymous_8)
FN:289,(anonymous_9)
FN:353,(anonymous_10)
FN:405,(anonymous_11)
FNF:12
FNH:12
FNDA:4,(anonymous_0)
FNDA:2,(anonymous_1)
FNDA:2,(anonymous_2)
FNDA:3,(anonymous_3)
FNDA:3,(anonymous_4)
FNDA:2,(anonymous_5)
FNDA:3,(anonymous_6)
FNDA:3,(anonymous_7)
FNDA:4,(anonymous_8)
FNDA:3,(anonymous_9)
FNDA:2,(anonymous_10)
FNDA:2,(anonymous_11)
DA:1,4
DA:2,4
DA:3,4
DA:4,4
DA:5,4
DA:17,4
DA:18,4
DA:19,4
DA:27,4
DA:29,4
DA:38,4
DA:41,3
DA:43,3
DA:52,1
DA:61,2
DA:62,2
DA:63,2
DA:64,2
DA:66,1
DA:72,1
DA:81,2
DA:82,2
DA:83,2
DA:84,2
DA:86,1
DA:92,1
DA:101,3
DA:102,3
DA:103,3
DA:104,3
DA:106,3
DA:107,1
DA:109,1
DA:115,2
DA:124,3
DA:125,3
DA:126,3
DA:127,3
DA:129,3
DA:130,1
DA:136,2
DA:138,1
DA:144,1
DA:153,2
DA:154,2
DA:155,2
DA:156,2
DA:158,1
DA:164,1
DA:173,3
DA:174,3
DA:175,3
DA:176,3
DA:178,3
DA:179,1
DA:181,1
DA:187,2
DA:196,3
DA:197,3
DA:198,3
DA:199,3
DA:201,3
DA:203,2
DA:204,1
DA:210,1
DA:216,1
DA:225,4
DA:226,0
DA:228,4
DA:229,4
DA:241,4
DA:244,4
DA:245,1
DA:252,3
DA:253,1
DA:259,2
DA:273,1
DA:275,1
DA:281,1
DA:290,3
DA:291,0
DA:293,3
DA:294,3
DA:305,3
DA:308,3
DA:309,1
DA:315,2
DA:316,1
DA:322,1
DA:337,1
DA:339,1
DA:345,0
DA:354,2
DA:355,0
DA:357,2
DA:358,2
DA:369,2
DA:372,2
DA:373,1
DA:379,1
DA:391,1
DA:397,0
DA:406,2
DA:407,0
DA:409,2
DA:410,2
DA:420,2
DA:423,2
DA:424,1
DA:430,1
DA:442,1
DA:448,0
DA:453,4
LF:113
LH:106
BRDA:21,0,0,3
BRDA:22,1,0,3
BRDA:129,2,0,1
BRDA:129,2,1,2
BRDA:129,3,0,3
BRDA:129,3,1,3
BRDA:203,4,0,1
BRDA:203,4,1,1
BRDA:225,5,0,0
BRDA:225,5,1,4
BRDA:225,6,0,4
BRDA:225,6,1,4
BRDA:244,7,0,1
BRDA:244,7,1,3
BRDA:244,8,0,4
BRDA:244,8,1,3
BRDA:244,8,2,3
BRDA:244,8,3,3
BRDA:252,9,0,1
BRDA:252,9,1,2
BRDA:264,10,0,2
BRDA:264,10,1,2
BRDA:290,11,0,0
BRDA:290,11,1,3
BRDA:290,12,0,3
BRDA:290,12,1,3
BRDA:308,13,0,1
BRDA:308,13,1,2
BRDA:308,14,0,3
BRDA:308,14,1,3
BRDA:315,15,0,1
BRDA:315,15,1,1
BRDA:315,16,0,2
BRDA:315,16,1,1
BRDA:315,16,2,1
BRDA:328,17,0,1
BRDA:328,17,1,1
BRDA:354,18,0,0
BRDA:354,18,1,2
BRDA:354,19,0,2
BRDA:354,19,1,2
BRDA:372,20,0,1
BRDA:372,20,1,1
BRDA:372,21,0,2
BRDA:372,21,1,1
BRDA:372,21,2,1
BRDA:372,21,3,1
BRDA:383,22,0,1
BRDA:383,22,1,1
BRDA:406,23,0,0
BRDA:406,23,1,2
BRDA:406,24,0,2
BRDA:406,24,1,2
BRDA:423,25,0,1
BRDA:423,25,1,1
BRDA:423,26,0,2
BRDA:423,26,1,1
BRDA:423,26,2,1
BRDA:434,27,0,1
BRDA:434,27,1,1
BRF:60
BRH:56
end_of_record
TN:
SF:src\controllers\organization.controller.js
FN:16,(anonymous_0)
FN:56,(anonymous_1)
FN:82,(anonymous_2)
FN:109,(anonymous_3)
FN:137,(anonymous_4)
FN:172,(anonymous_5)
FN:198,(anonymous_6)
FN:233,(anonymous_7)
FN:267,(anonymous_8)
FN:297,(anonymous_9)
FN:329,(anonymous_10)
FN:351,(anonymous_11)
FN:373,(anonymous_12)
FN:400,(anonymous_13)
FN:421,(anonymous_14)
FN:458,(anonymous_15)
FN:479,(anonymous_16)
FN:506,(anonymous_17)
FN:525,(anonymous_18)
FN:558,(anonymous_19)
FNF:20
FNH:18
FNDA:3,(anonymous_0)
FNDA:4,(anonymous_1)
FNDA:4,(anonymous_2)
FNDA:4,(anonymous_3)
FNDA:4,(anonymous_4)
FNDA:3,(anonymous_5)
FNDA:3,(anonymous_6)
FNDA:3,(anonymous_7)
FNDA:2,(anonymous_8)
FNDA:2,(anonymous_9)
FNDA:2,(anonymous_10)
FNDA:1,(anonymous_11)
FNDA:2,(anonymous_12)
FNDA:2,(anonymous_13)
FNDA:4,(anonymous_14)
FNDA:2,(anonymous_15)
FNDA:3,(anonymous_16)
FNDA:2,(anonymous_17)
FNDA:0,(anonymous_18)
FNDA:0,(anonymous_19)
DA:1,4
DA:2,4
DA:3,4
DA:4,4
DA:17,3
DA:18,3
DA:19,3
DA:21,3
DA:26,1
DA:32,2
DA:34,2
DA:35,0
DA:41,2
DA:42,0
DA:48,2
DA:57,4
DA:58,4
DA:59,4
DA:60,4
DA:62,4
DA:68,2
DA:73,2
DA:74,2
DA:83,4
DA:84,4
DA:85,4
DA:86,4
DA:88,4
DA:94,1
DA:100,3
DA:101,3
DA:110,4
DA:111,4
DA:112,4
DA:115,4
DA:116,2
DA:117,2
DA:118,1
DA:120,1
DA:123,3
DA:128,1
DA:129,1
DA:138,4
DA:139,4
DA:140,4
DA:141,4
DA:143,4
DA:144,1
DA:150,3
DA:157,1
DA:163,2
DA:164,2
DA:173,3
DA:174,3
DA:175,3
DA:177,3
DA:183,1
DA:189,2
DA:190,2
DA:199,3
DA:200,3
DA:201,3
DA:202,3
DA:204,3
DA:205,1
DA:211,2
DA:218,1
DA:224,1
DA:225,1
DA:234,3
DA:235,3
DA:236,3
DA:237,3
DA:239,3
DA:240,1
DA:246,2
DA:252,1
DA:258,1
DA:259,1
DA:268,2
DA:269,2
DA:270,2
DA:271,2
DA:279,2
DA:281,2
DA:288,1
DA:289,1
DA:298,2
DA:299,2
DA:306,2
DA:313,2
DA:315,2
DA:320,0
DA:321,0
DA:330,2
DA:331,2
DA:332,2
DA:334,2
DA:336,1
DA:342,1
DA:343,1
DA:352,1
DA:353,1
DA:354,1
DA:356,1
DA:358,1
DA:364,0
DA:365,0
DA:374,2
DA:375,2
DA:376,2
DA:377,2
DA:379,2
DA:385,1
DA:391,1
DA:392,1
DA:401,2
DA:402,2
DA:403,2
DA:405,2
DA:407,1
DA:412,1
DA:413,1
DA:422,4
DA:423,4
DA:424,4
DA:425,4
DA:427,4
DA:428,1
DA:434,3
DA:441,2
DA:449,1
DA:450,1
DA:459,2
DA:460,2
DA:462,2
DA:464,1
DA:470,1
DA:471,1
DA:480,3
DA:481,3
DA:482,3
DA:489,3
DA:491,2
DA:498,1
DA:507,2
DA:508,2
DA:510,2
DA:512,1
DA:517,1
DA:526,0
DA:527,0
DA:528,0
DA:530,0
DA:532,0
DA:533,0
DA:539,0
DA:544,0
DA:549,0
DA:550,0
DA:559,0
DA:560,0
DA:561,0
DA:562,0
DA:564,0
DA:566,0
DA:567,0
DA:573,0
DA:574,0
DA:577,0
DA:578,0
DA:580,0
DA:581,0
DA:584,0
DA:586,0
DA:592,0
DA:593,0
DA:598,4
LF:178
LH:145
BRDA:34,0,0,0
BRDA:34,0,1,2
BRDA:41,1,0,0
BRDA:41,1,1,2
BRDA:115,2,0,2
BRDA:115,2,1,2
BRDA:117,3,0,1
BRDA:117,3,1,1
BRDA:143,4,0,1
BRDA:143,4,1,3
BRDA:204,5,0,1
BRDA:204,5,1,2
BRDA:239,6,0,1
BRDA:239,6,1,2
BRDA:283,7,0,0
BRDA:283,7,1,2
BRDA:307,8,0,2
BRDA:307,8,1,1
BRDA:308,9,0,2
BRDA:308,9,1,1
BRDA:309,10,0,2
BRDA:309,10,1,1
BRDA:310,11,0,2
BRDA:310,11,1,1
BRDA:427,12,0,1
BRDA:427,12,1,3
BRDA:443,13,0,1
BRDA:443,13,1,1
BRDA:493,14,0,0
BRDA:493,14,1,2
BRDA:532,15,0,0
BRDA:532,15,1,0
BRDA:539,16,0,0
BRDA:539,16,1,0
BRDA:566,17,0,0
BRDA:566,17,1,0
BRDA:573,18,0,0
BRDA:573,18,1,0
BRDA:577,19,0,0
BRDA:577,19,1,0
BRDA:580,20,0,0
BRDA:580,20,1,0
BRF:42
BRH:26
end_of_record
TN:
SF:src\controllers\project.controller.js
FN:27,(anonymous_0)
FN:43,(anonymous_1)
FN:107,(anonymous_2)
FN:149,(anonymous_3)
FN:173,(anonymous_4)
FN:196,(anonymous_5)
FN:217,(anonymous_6)
FN:248,(anonymous_7)
FN:273,(anonymous_8)
FN:294,(anonymous_9)
FN:329,(anonymous_10)
FN:355,(anonymous_11)
FN:377,(anonymous_12)
FN:399,(anonymous_13)
FN:421,(anonymous_14)
FN:441,(anonymous_15)
FN:493,(anonymous_16)
FN:562,(anonymous_17)
FN:579,(anonymous_18)
FN:647,(anonymous_19)
FN:674,(anonymous_20)
FN:709,(anonymous_21)
FN:719,(anonymous_22)
FN:729,(anonymous_23)
FN:739,(anonymous_24)
FN:740,(anonymous_25)
FN:755,(anonymous_26)
FN:759,(anonymous_27)
FN:774,(anonymous_28)
FN:799,(anonymous_29)
FN:823,(anonymous_30)
FN:874,(anonymous_31)
FN:944,(anonymous_32)
FNF:33
FNH:23
FNDA:13,(anonymous_0)
FNDA:0,(anonymous_1)
FNDA:6,(anonymous_2)
FNDA:4,(anonymous_3)
FNDA:4,(anonymous_4)
FNDA:4,(anonymous_5)
FNDA:3,(anonymous_6)
FNDA:3,(anonymous_7)
FNDA:2,(anonymous_8)
FNDA:6,(anonymous_9)
FNDA:3,(anonymous_10)
FNDA:2,(anonymous_11)
FNDA:2,(anonymous_12)
FNDA:2,(anonymous_13)
FNDA:2,(anonymous_14)
FNDA:4,(anonymous_15)
FNDA:6,(anonymous_16)
FNDA:1,(anonymous_17)
FNDA:4,(anonymous_18)
FNDA:3,(anonymous_19)
FNDA:4,(anonymous_20)
FNDA:0,(anonymous_21)
FNDA:0,(anonymous_22)
FNDA:0,(anonymous_23)
FNDA:0,(anonymous_24)
FNDA:0,(anonymous_25)
FNDA:0,(anonymous_26)
FNDA:0,(anonymous_27)
FNDA:3,(anonymous_28)
FNDA:3,(anonymous_29)
FNDA:0,(anonymous_30)
FNDA:0,(anonymous_31)
FNDA:2,(anonymous_32)
DA:1,4
DA:2,4
DA:9,4
DA:10,4
DA:11,4
DA:12,4
DA:13,4
DA:14,4
DA:15,4
DA:16,4
DA:18,4
DA:19,4
DA:28,13
DA:34,13
DA:35,4
DA:37,9
DA:38,4
DA:40,5
DA:44,0
DA:45,0
DA:46,0
DA:48,0
DA:49,0
DA:51,0
DA:52,0
DA:55,0
DA:56,0
DA:57,0
DA:58,0
DA:61,0
DA:67,0
DA:68,0
DA:69,0
DA:76,0
DA:77,0
DA:78,0
DA:85,0
DA:87,0
DA:88,0
DA:90,0
DA:98,0
DA:99,0
DA:108,6
DA:109,6
DA:110,6
DA:111,1
DA:117,5
DA:118,5
DA:119,5
DA:121,5
DA:122,1
DA:128,4
DA:134,1
DA:140,3
DA:141,3
DA:150,4
DA:151,4
DA:152,4
DA:154,4
DA:159,2
DA:164,2
DA:165,2
DA:174,4
DA:175,4
DA:176,4
DA:177,4
DA:179,4
DA:181,1
DA:187,3
DA:188,3
DA:197,4
DA:198,4
DA:199,4
DA:201,4
DA:203,1
DA:208,3
DA:209,3
DA:218,3
DA:219,3
DA:220,3
DA:227,3
DA:232,2
DA:239,1
DA:240,1
DA:249,3
DA:250,3
DA:251,3
DA:256,3
DA:258,2
DA:264,1
DA:265,1
DA:274,2
DA:275,2
DA:277,2
DA:279,1
DA:285,1
DA:286,1
DA:295,6
DA:296,6
DA:297,6
DA:298,6
DA:300,6
DA:301,1
DA:307,5
DA:314,2
DA:320,3
DA:321,3
DA:330,3
DA:331,3
DA:332,3
DA:334,3
DA:340,1
DA:346,2
DA:347,2
DA:356,2
DA:357,2
DA:358,2
DA:360,2
DA:362,1
DA:368,1
DA:369,1
DA:378,2
DA:379,2
DA:380,2
DA:382,2
DA:384,1
DA:390,1
DA:391,1
DA:400,2
DA:401,2
DA:402,2
DA:404,2
DA:406,1
DA:412,1
DA:413,1
DA:422,2
DA:423,2
DA:425,2
DA:427,1
DA:432,1
DA:433,1
DA:442,4
DA:448,4
DA:450,4
DA:451,1
DA:457,3
DA:464,2
DA:465,2
DA:467,2
DA:479,1
DA:480,1
DA:494,6
DA:495,6
DA:496,6
DA:498,6
DA:505,6
DA:506,1
DA:509,5
DA:510,1
DA:513,4
DA:514,4
DA:515,4
DA:516,4
DA:518,4
DA:537,4
DA:538,2
DA:539,2
DA:540,2
DA:541,2
DA:544,4
DA:545,4
DA:546,3
DA:547,3
DA:548,3
DA:549,3
DA:550,3
DA:551,3
DA:552,3
DA:553,3
DA:554,1
DA:556,3
DA:559,1
DA:562,4
DA:563,4
DA:564,4
DA:565,4
DA:567,4
DA:569,0
DA:570,0
DA:580,4
DA:581,4
DA:582,4
DA:584,4
DA:591,4
DA:592,1
DA:598,3
DA:599,1
DA:606,2
DA:607,2
DA:608,2
DA:609,2
DA:612,2
DA:622,2
DA:624,2
DA:638,0
DA:639,0
DA:648,3
DA:649,3
DA:650,3
DA:652,1
DA:654,1
DA:665,2
DA:666,2
DA:675,4
DA:676,4
DA:677,4
DA:680,2
DA:681,2
DA:682,1
DA:690,1
DA:692,1
DA:700,2
DA:701,2
DA:710,0
DA:720,0
DA:730,0
DA:740,0
DA:741,0
DA:742,0
DA:743,0
DA:744,0
DA:747,0
DA:753,0
DA:756,0
DA:757,0
DA:758,0
DA:759,0
DA:760,0
DA:761,0
DA:763,0
DA:765,0
DA:775,3
DA:776,3
DA:777,3
DA:780,1
DA:782,1
DA:790,2
DA:791,2
DA:800,3
DA:801,3
DA:802,3
DA:804,1
DA:806,1
DA:811,2
DA:812,2
DA:824,0
DA:825,0
DA:826,0
DA:828,0
DA:829,0
DA:835,0
DA:836,0
DA:838,0
DA:839,0
DA:845,0
DA:846,0
DA:847,0
DA:849,0
DA:861,0
DA:862,0
DA:875,0
DA:876,0
DA:877,0
DA:878,0
DA:880,0
DA:881,0
DA:887,0
DA:888,0
DA:890,0
DA:891,0
DA:897,0
DA:898,0
DA:904,0
DA:905,0
DA:906,0
DA:913,0
DA:914,0
DA:916,0
DA:917,0
DA:920,0
DA:922,0
DA:924,0
DA:935,0
DA:936,0
DA:945,2
DA:946,2
DA:948,2
DA:949,1
DA:955,1
DA:962,0
DA:963,0
DA:967,4
LF:302
LH:215
BRDA:34,0,0,4
BRDA:34,0,1,9
BRDA:37,1,0,4
BRDA:37,1,1,5
BRDA:43,2,0,0
BRDA:43,3,0,0
BRDA:43,4,0,0
BRDA:48,5,0,0
BRDA:48,5,1,0
BRDA:51,6,0,0
BRDA:51,6,1,0
BRDA:57,7,0,0
BRDA:57,7,1,0
BRDA:68,8,0,0
BRDA:68,8,1,0
BRDA:70,9,0,0
BRDA:70,9,1,0
BRDA:77,10,0,0
BRDA:77,10,1,0
BRDA:88,11,0,0
BRDA:88,11,1,0
BRDA:110,12,0,1
BRDA:110,12,1,5
BRDA:121,13,0,1
BRDA:121,13,1,4
BRDA:234,14,0,0
BRDA:234,14,1,2
BRDA:300,15,0,1
BRDA:300,15,1,5
BRDA:310,16,0,5
BRDA:310,16,1,4
BRDA:446,17,0,2
BRDA:447,18,0,3
BRDA:450,19,0,1
BRDA:450,19,1,3
BRDA:450,20,0,4
BRDA:450,20,1,3
BRDA:473,21,0,2
BRDA:473,21,1,1
BRDA:474,22,0,2
BRDA:474,22,1,1
BRDA:475,23,0,1
BRDA:475,23,1,1
BRDA:505,24,0,1
BRDA:505,24,1,5
BRDA:509,25,0,1
BRDA:509,25,1,4
BRDA:513,26,0,4
BRDA:513,26,1,1
BRDA:514,27,0,4
BRDA:514,27,1,2
BRDA:515,28,0,4
BRDA:515,28,1,2
BRDA:537,29,0,2
BRDA:537,29,1,2
BRDA:545,30,0,3
BRDA:545,30,1,1
BRDA:547,31,0,3
BRDA:547,31,1,0
BRDA:553,32,0,1
BRDA:553,32,1,2
BRDA:562,33,0,4
BRDA:562,33,1,1
BRDA:591,34,0,1
BRDA:591,34,1,3
BRDA:598,35,0,1
BRDA:598,35,1,2
BRDA:598,36,0,3
BRDA:598,36,1,3
BRDA:634,37,0,2
BRDA:634,37,1,1
BRDA:681,38,0,1
BRDA:681,38,1,1
BRDA:741,39,0,0
BRDA:741,39,1,0
BRDA:742,40,0,0
BRDA:742,40,1,0
BRDA:743,41,0,0
BRDA:743,41,1,0
BRDA:743,42,0,0
BRDA:743,42,1,0
BRDA:757,43,0,0
BRDA:757,43,1,0
BRDA:757,44,0,0
BRDA:757,44,1,0
BRDA:760,45,0,0
BRDA:760,45,1,0
BRDA:828,46,0,0
BRDA:828,46,1,0
BRDA:836,47,0,0
BRDA:836,47,1,0
BRDA:838,48,0,0
BRDA:838,48,1,0
BRDA:838,49,0,0
BRDA:838,49,1,0
BRDA:847,50,0,0
BRDA:847,50,1,0
BRDA:880,51,0,0
BRDA:880,51,1,0
BRDA:888,52,0,0
BRDA:888,52,1,0
BRDA:890,53,0,0
BRDA:890,53,1,0
BRDA:890,54,0,0
BRDA:890,54,1,0
BRDA:897,55,0,0
BRDA:897,55,1,0
BRDA:905,56,0,0
BRDA:905,56,1,0
BRDA:905,57,0,0
BRDA:905,57,1,0
BRDA:905,57,2,0
BRDA:913,58,0,0
BRDA:913,58,1,0
BRDA:916,59,0,0
BRDA:916,59,1,0
BRDA:922,60,0,0
BRDA:922,60,1,0
BRDA:948,61,0,1
BRDA:948,61,1,1
BRF:120
BRH:56
end_of_record
TN:
SF:src\controllers\risk.controller.js
FN:24,(anonymous_0)
FN:48,(anonymous_1)
FN:64,(anonymous_2)
FN:85,(anonymous_3)
FN:124,(anonymous_4)
FN:183,(anonymous_5)
FN:216,(anonymous_6)
FN:224,(anonymous_7)
FN:246,(anonymous_8)
FN:272,(anonymous_9)
FN:317,(anonymous_10)
FN:345,(anonymous_11)
FN:367,(anonymous_12)
FN:389,(anonymous_13)
FN:409,(anonymous_14)
FN:429,(anonymous_15)
FN:449,(anonymous_16)
FN:463,(anonymous_17)
FN:488,(anonymous_18)
FN:520,(anonymous_19)
FN:542,(anonymous_20)
FN:563,(anonymous_21)
FN:600,(anonymous_22)
FN:611,(anonymous_23)
FN:631,(anonymous_24)
FN:650,(anonymous_25)
FN:663,(anonymous_26)
FN:689,(anonymous_27)
FN:712,(anonymous_28)
FN:720,(anonymous_29)
FN:721,(anonymous_30)
FN:755,(anonymous_31)
FN:775,(anonymous_32)
FNF:33
FNH:16
FNDA:3,(anonymous_0)
FNDA:4,(anonymous_1)
FNDA:2,(anonymous_2)
FNDA:3,(anonymous_3)
FNDA:0,(anonymous_4)
FNDA:0,(anonymous_5)
FNDA:0,(anonymous_6)
FNDA:0,(anonymous_7)
FNDA:0,(anonymous_8)
FNDA:3,(anonymous_9)
FNDA:4,(anonymous_10)
FNDA:3,(anonymous_11)
FNDA:2,(anonymous_12)
FNDA:2,(anonymous_13)
FNDA:2,(anonymous_14)
FNDA:2,(anonymous_15)
FNDA:2,(anonymous_16)
FNDA:1,(anonymous_17)
FNDA:2,(anonymous_18)
FNDA:2,(anonymous_19)
FNDA:2,(anonymous_20)
FNDA:0,(anonymous_21)
FNDA:0,(anonymous_22)
FNDA:0,(anonymous_23)
FNDA:0,(anonymous_24)
FNDA:0,(anonymous_25)
FNDA:0,(anonymous_26)
FNDA:0,(anonymous_27)
FNDA:0,(anonymous_28)
FNDA:0,(anonymous_29)
FNDA:0,(anonymous_30)
FNDA:0,(anonymous_31)
FNDA:0,(anonymous_32)
DA:6,4
DA:7,4
DA:8,4
DA:9,4
DA:10,4
DA:11,4
DA:13,4
DA:15,4
DA:16,4
DA:25,3
DA:26,3
DA:27,3
DA:29,3
DA:31,1
DA:38,2
DA:39,2
DA:49,4
DA:50,4
DA:51,4
DA:52,4
DA:54,4
DA:55,4
DA:56,4
DA:58,4
DA:64,3
DA:66,1
DA:75,3
DA:76,3
DA:86,3
DA:87,3
DA:88,3
DA:90,3
DA:98,2
DA:99,1
DA:106,1
DA:108,1
DA:114,1
DA:115,1
DA:125,0
DA:126,0
DA:127,0
DA:128,0
DA:129,0
DA:132,0
DA:133,0
DA:140,0
DA:141,0
DA:147,0
DA:164,0
DA:166,0
DA:173,0
DA:174,0
DA:184,0
DA:185,0
DA:186,0
DA:187,0
DA:188,0
DA:190,0
DA:198,0
DA:200,0
DA:207,0
DA:208,0
DA:217,0
DA:218,0
DA:219,0
DA:221,0
DA:224,0
DA:225,0
DA:228,0
DA:237,0
DA:238,0
DA:247,0
DA:248,0
DA:249,0
DA:251,0
DA:257,0
DA:263,0
DA:264,0
DA:273,3
DA:274,3
DA:275,3
DA:276,3
DA:277,3
DA:279,3
DA:281,2
DA:282,1
DA:288,1
DA:299,1
DA:301,1
DA:308,1
DA:309,1
DA:318,4
DA:319,4
DA:320,4
DA:321,4
DA:323,4
DA:329,1
DA:335,3
DA:336,3
DA:346,3
DA:347,3
DA:348,3
DA:350,3
DA:352,2
DA:358,1
DA:359,1
DA:368,2
DA:369,2
DA:371,2
DA:375,1
DA:380,1
DA:381,1
DA:390,2
DA:391,2
DA:393,2
DA:395,1
DA:400,1
DA:401,1
DA:410,2
DA:411,2
DA:413,2
DA:415,1
DA:420,1
DA:421,1
DA:430,2
DA:431,2
DA:433,2
DA:435,1
DA:440,1
DA:441,1
DA:450,2
DA:451,2
DA:452,2
DA:454,2
DA:455,2
DA:457,2
DA:459,2
DA:463,1
DA:479,0
DA:480,0
DA:489,2
DA:490,2
DA:492,2
DA:499,2
DA:500,1
DA:506,1
DA:511,0
DA:512,0
DA:521,2
DA:522,0
DA:524,2
DA:525,2
DA:527,1
DA:533,1
DA:534,1
DA:543,2
DA:544,2
DA:546,1
DA:554,1
DA:555,1
DA:564,0
DA:565,0
DA:566,0
DA:568,0
DA:572,0
DA:573,0
DA:580,0
DA:581,0
DA:587,0
DA:588,0
DA:589,0
DA:595,0
DA:600,0
DA:611,0
DA:621,0
DA:622,0
DA:632,0
DA:633,0
DA:634,0
DA:636,0
DA:638,0
DA:639,0
DA:640,0
DA:647,0
DA:650,0
DA:651,0
DA:652,0
DA:655,0
DA:663,0
DA:678,0
DA:679,0
DA:690,0
DA:691,0
DA:692,0
DA:694,0
DA:695,0
DA:701,0
DA:703,0
DA:704,0
DA:711,0
DA:712,0
DA:715,0
DA:716,0
DA:720,0
DA:721,0
DA:722,0
DA:723,0
DA:734,0
DA:736,0
DA:746,0
DA:747,0
DA:756,0
DA:757,0
DA:759,0
DA:760,0
DA:761,0
DA:767,0
DA:769,0
DA:775,0
DA:789,0
DA:790,0
DA:795,4
LF:222
LH:116
BRDA:55,0,0,1
BRDA:55,0,1,3
BRDA:56,1,0,1
BRDA:56,1,1,3
BRDA:98,2,0,1
BRDA:98,2,1,1
BRDA:132,3,0,0
BRDA:132,3,1,0
BRDA:132,4,0,0
BRDA:132,4,1,0
BRDA:132,4,2,0
BRDA:132,4,3,0
BRDA:140,5,0,0
BRDA:140,5,1,0
BRDA:140,6,0,0
BRDA:140,6,1,0
BRDA:140,6,2,0
BRDA:140,6,3,0
BRDA:155,7,0,0
BRDA:155,7,1,0
BRDA:156,8,0,0
BRDA:156,8,1,0
BRDA:157,9,0,0
BRDA:157,9,1,0
BRDA:158,10,0,0
BRDA:158,10,1,0
BRDA:164,11,0,0
BRDA:164,11,1,0
BRDA:198,12,0,0
BRDA:198,12,1,0
BRDA:225,13,0,0
BRDA:225,13,1,0
BRDA:281,14,0,1
BRDA:281,14,1,1
BRDA:455,15,0,1
BRDA:455,15,1,1
BRDA:499,16,0,1
BRDA:499,16,1,1
BRDA:521,17,0,0
BRDA:521,17,1,2
BRDA:521,18,0,2
BRDA:521,18,1,0
BRDA:566,19,0,0
BRDA:572,20,0,0
BRDA:572,20,1,0
BRDA:580,21,0,0
BRDA:580,21,1,0
BRDA:587,22,0,0
BRDA:587,22,1,0
BRDA:634,23,0,0
BRDA:639,24,0,0
BRDA:639,24,1,0
BRDA:647,25,0,0
BRDA:647,25,1,0
BRDA:651,26,0,0
BRDA:651,26,1,0
BRDA:671,27,0,0
BRDA:671,27,1,0
BRDA:692,28,0,0
BRDA:694,29,0,0
BRDA:694,29,1,0
BRDA:694,30,0,0
BRDA:694,30,1,0
BRDA:703,31,0,0
BRDA:703,31,1,0
BRDA:711,32,0,0
BRDA:711,32,1,0
BRDA:715,33,0,0
BRDA:715,33,1,0
BRDA:722,34,0,0
BRDA:722,34,1,0
BRDA:760,35,0,0
BRDA:760,35,1,0
BRDA:767,36,0,0
BRDA:767,36,1,0
BRF:75
BRH:14
end_of_record
TN:
SF:src\controllers\user.controller.js
FN:18,(anonymous_0)
FN:51,(anonymous_1)
FN:85,(anonymous_2)
FN:106,(anonymous_3)
FNF:4
FNH:0
FNDA:0,(anonymous_0)
FNDA:0,(anonymous_1)
FNDA:0,(anonymous_2)
FNDA:0,(anonymous_3)
DA:1,3
DA:2,3
DA:3,3
DA:4,3
DA:5,3
DA:19,0
DA:20,0
DA:21,0
DA:23,0
DA:24,0
DA:30,0
DA:36,0
DA:42,0
DA:43,0
DA:52,0
DA:53,0
DA:55,0
DA:60,0
DA:64,0
DA:75,0
DA:76,0
DA:86,0
DA:87,0
DA:89,0
DA:91,0
DA:94,0
DA:95,0
DA:107,0
DA:108,0
DA:109,0
DA:112,0
DA:113,0
DA:121,0
DA:125,0
DA:126,0
DA:134,0
DA:136,0
DA:142,0
DA:145,0
DA:147,0
DA:154,0
DA:155,0
DA:162,0
DA:167,3
LF:44
LH:6
BRDA:23,0,0,0
BRDA:23,0,1,0
BRDA:23,1,0,0
BRDA:23,1,1,0
BRDA:60,2,0,0
BRDA:60,2,1,0
BRDA:60,2,2,0
BRDA:112,3,0,0
BRDA:112,3,1,0
BRDA:112,4,0,0
BRDA:112,4,1,0
BRDA:125,5,0,0
BRDA:125,5,1,0
BRDA:125,6,0,0
BRDA:125,6,1,0
BRDA:125,6,2,0
BRDA:145,7,0,0
BRDA:145,7,1,0
BRDA:145,8,0,0
BRDA:145,8,1,0
BRDA:154,9,0,0
BRDA:154,9,1,0
BRF:22
BRH:0
end_of_record
TN:
SF:src\middleware\authorization.js
FN:15,(anonymous_0)
FN:16,(anonymous_1)
FN:42,(anonymous_2)
FN:63,(anonymous_3)
FN:84,(anonymous_4)
FN:107,(anonymous_5)
FN:142,(anonymous_6)
FN:166,(anonymous_7)
FN:211,(anonymous_8)
FN:261,(anonymous_9)
FN:302,(anonymous_10)
FNF:11
FNH:9
FNDA:16,(anonymous_0)
FNDA:4,(anonymous_1)
FNDA:3,(anonymous_2)
FNDA:3,(anonymous_3)
FNDA:3,(anonymous_4)
FNDA:2,(anonymous_5)
FNDA:0,(anonymous_6)
FNDA:1,(anonymous_7)
FNDA:1,(anonymous_8)
FNDA:3,(anonymous_9)
FNDA:0,(anonymous_10)
DA:7,4
DA:8,4
DA:15,4
DA:16,16
DA:18,4
DA:19,1
DA:26,3
DA:27,1
DA:35,2
DA:42,4
DA:43,3
DA:44,1
DA:50,2
DA:51,1
DA:57,1
DA:63,4
DA:64,3
DA:65,1
DA:71,2
DA:72,1
DA:78,1
DA:84,4
DA:85,3
DA:86,1
DA:92,2
DA:93,1
DA:100,1
DA:107,4
DA:108,2
DA:109,1
DA:115,1
DA:116,1
DA:119,1
DA:120,1
DA:123,0
DA:124,0
DA:126,0
DA:133,0
DA:134,0
DA:141,0
DA:142,0
DA:145,0
DA:146,0
DA:149,0
DA:150,0
DA:157,0
DA:166,4
DA:167,1
DA:168,1
DA:174,0
DA:175,0
DA:177,0
DA:178,0
DA:180,0
DA:181,0
DA:188,0
DA:189,0
DA:196,0
DA:197,0
DA:199,0
DA:200,0
DA:211,4
DA:212,1
DA:213,1
DA:219,0
DA:220,0
DA:222,0
DA:223,0
DA:225,0
DA:226,0
DA:233,0
DA:234,0
DA:236,0
DA:237,0
DA:244,0
DA:245,0
DA:246,0
DA:247,0
DA:249,0
DA:250,0
DA:261,4
DA:262,3
DA:263,1
DA:270,2
DA:271,1
DA:272,1
DA:276,1
DA:277,0
DA:278,0
DA:280,0
DA:281,0
DA:282,0
DA:285,0
DA:286,0
DA:293,1
DA:302,4
DA:303,0
DA:304,0
DA:306,0
DA:307,0
DA:309,0
DA:312,4
LF:102
LH:50
BRDA:18,0,0,1
BRDA:18,0,1,3
BRDA:26,1,0,1
BRDA:26,1,1,2
BRDA:43,2,0,1
BRDA:43,2,1,2
BRDA:50,3,0,1
BRDA:50,3,1,1
BRDA:64,4,0,1
BRDA:64,4,1,2
BRDA:71,5,0,1
BRDA:71,5,1,1
BRDA:85,6,0,1
BRDA:85,6,1,2
BRDA:92,7,0,1
BRDA:92,7,1,1
BRDA:108,8,0,1
BRDA:108,8,1,1
BRDA:115,9,0,1
BRDA:115,9,1,0
BRDA:119,10,0,1
BRDA:119,10,1,0
BRDA:123,11,0,0
BRDA:123,11,1,0
BRDA:133,12,0,0
BRDA:133,12,1,0
BRDA:142,13,0,0
BRDA:142,13,1,0
BRDA:145,14,0,0
BRDA:145,14,1,0
BRDA:167,15,0,1
BRDA:167,15,1,0
BRDA:174,16,0,0
BRDA:174,16,1,0
BRDA:180,17,0,0
BRDA:180,17,1,0
BRDA:188,18,0,0
BRDA:188,18,1,0
BRDA:212,19,0,1
BRDA:212,19,1,0
BRDA:219,20,0,0
BRDA:219,20,1,0
BRDA:225,21,0,0
BRDA:225,21,1,0
BRDA:236,22,0,0
BRDA:236,22,1,0
BRDA:236,23,0,0
BRDA:236,23,1,0
BRDA:262,24,0,1
BRDA:262,24,1,2
BRDA:270,25,0,1
BRDA:270,25,1,1
BRDA:276,26,0,0
BRDA:276,26,1,1
BRDA:276,27,0,1
BRDA:276,27,1,1
BRDA:278,28,0,0
BRDA:278,28,1,0
BRDA:280,29,0,0
BRDA:280,29,1,0
BRDA:280,30,0,0
BRDA:280,30,1,0
BRDA:303,31,0,0
BRDA:303,31,1,0
BRDA:306,32,0,0
BRDA:306,32,1,0
BRDA:306,33,0,0
BRDA:306,33,1,0
BRF:68
BRH:29
end_of_record
TN:
SF:src\services\auth\auth.service.js
FN:14,(anonymous_0)
FN:15,(anonymous_1)
FN:16,(anonymous_2)
FN:20,(anonymous_3)
FN:55,(anonymous_4)
FN:120,(anonymous_5)
FN:135,(anonymous_6)
FN:202,(anonymous_7)
FN:221,(anonymous_8)
FN:228,(anonymous_9)
FN:237,(anonymous_10)
FNF:11
FNH:5
FNDA:0,(anonymous_0)
FNDA:0,(anonymous_1)
FNDA:0,(anonymous_2)
FNDA:5,(anonymous_3)
FNDA:5,(anonymous_4)
FNDA:0,(anonymous_5)
FNDA:7,(anonymous_6)
FNDA:2,(anonymous_7)
FNDA:0,(anonymous_8)
FNDA:0,(anonymous_9)
FNDA:1,(anonymous_10)
DA:1,11
DA:2,11
DA:3,11
DA:4,11
DA:5,11
DA:6,11
DA:7,11
DA:8,11
DA:9,11
DA:11,11
DA:13,11
DA:14,0
DA:15,0
DA:16,0
DA:21,5
DA:22,5
DA:24,5
DA:30,5
DA:32,0
DA:38,0
DA:44,0
DA:51,0
DA:56,5
DA:58,5
DA:60,5
DA:61,2
DA:62,1
DA:65,1
DA:66,0
DA:68,1
DA:69,0
DA:72,1
DA:73,1
DA:75,1
DA:82,1
DA:83,1
DA:85,1
DA:87,1
DA:99,3
DA:100,3
DA:101,3
DA:103,3
DA:115,3
DA:116,3
DA:118,3
DA:120,3
DA:121,0
DA:124,3
DA:136,7
DA:137,7
DA:138,7
DA:140,7
DA:142,7
DA:143,0
DA:146,7
DA:147,1
DA:148,1
DA:149,1
DA:155,6
DA:156,0
DA:159,6
DA:160,0
DA:163,6
DA:164,6
DA:165,3
DA:167,3
DA:168,1
DA:169,1
DA:175,2
DA:176,2
DA:182,3
DA:183,1
DA:186,3
DA:188,3
DA:190,3
DA:203,2
DA:208,2
DA:209,1
DA:212,1
DA:221,1
DA:222,0
DA:225,1
DA:226,0
DA:227,0
DA:228,0
DA:229,0
DA:234,1
DA:238,1
DA:240,1
DA:241,0
DA:244,1
DA:245,1
DA:247,1
DA:254,1
DA:255,1
DA:257,1
DA:259,1
DA:266,11
LF:98
LH:79
BRDA:60,0,0,2
BRDA:60,0,1,3
BRDA:61,1,0,1
BRDA:61,1,1,1
BRDA:65,2,0,0
BRDA:65,2,1,1
BRDA:65,3,0,1
BRDA:65,3,1,1
BRDA:68,4,0,0
BRDA:68,4,1,1
BRDA:79,5,0,1
BRDA:79,5,1,1
BRDA:82,6,0,1
BRDA:82,6,1,0
BRDA:82,7,0,0
BRDA:82,7,1,0
BRDA:94,8,0,0
BRDA:94,8,1,1
BRDA:115,9,0,3
BRDA:115,9,1,0
BRDA:115,10,0,0
BRDA:115,10,1,0
BRDA:131,11,0,0
BRDA:131,11,1,3
BRDA:142,12,0,0
BRDA:142,12,1,7
BRDA:146,13,0,1
BRDA:146,13,1,6
BRDA:146,14,0,7
BRDA:146,14,1,1
BRDA:155,15,0,0
BRDA:155,15,1,6
BRDA:155,16,0,6
BRDA:155,16,1,0
BRDA:159,17,0,0
BRDA:159,17,1,6
BRDA:164,18,0,3
BRDA:164,18,1,3
BRDA:165,19,0,3
BRDA:165,19,1,2
BRDA:167,20,0,1
BRDA:167,20,1,2
BRDA:182,21,0,1
BRDA:182,21,1,2
BRDA:197,22,0,3
BRDA:197,22,1,3
BRDA:208,23,0,1
BRDA:208,23,1,1
BRDA:225,24,0,0
BRDA:225,24,1,1
BRDA:227,25,0,0
BRDA:227,25,1,0
BRDA:240,26,0,0
BRDA:240,26,1,1
BRDA:251,27,0,1
BRDA:251,27,1,1
BRDA:254,28,0,1
BRDA:254,28,1,0
BRDA:254,29,0,0
BRDA:254,29,1,0
BRDA:261,30,0,0
BRDA:261,30,1,1
BRF:62
BRH:40
end_of_record
TN:
SF:src\services\auth\email.service.js
FN:5,(anonymous_0)
FN:6,(anonymous_1)
FN:7,(anonymous_2)
FN:11,(anonymous_3)
FN:16,(anonymous_4)
FN:63,(anonymous_5)
FN:82,(anonymous_6)
FN:83,(anonymous_7)
FN:86,(anonymous_8)
FNF:9
FNH:8
FNDA:0,(anonymous_0)
FNDA:3,(anonymous_1)
FNDA:1,(anonymous_2)
FNDA:21,(anonymous_3)
FNDA:2,(anonymous_4)
FNDA:4,(anonymous_5)
FNDA:2,(anonymous_6)
FNDA:2,(anonymous_7)
FNDA:3,(anonymous_8)
DA:1,21
DA:2,21
DA:4,21
DA:5,0
DA:6,3
DA:7,1
DA:12,21
DA:13,21
DA:17,2
DA:27,2
DA:29,2
DA:30,4
DA:31,4
DA:33,1
DA:34,0
DA:37,1
DA:39,3
DA:40,3
DA:47,3
DA:48,2
DA:49,2
DA:54,1
DA:60,1
DA:64,4
DA:74,4
DA:75,3
DA:76,3
DA:79,1
DA:83,2
DA:87,3
DA:109,21
LF:31
LH:29
BRDA:12,0,0,21
BRDA:12,0,1,21
BRDA:13,1,0,21
BRDA:13,1,1,21
BRDA:19,2,0,2
BRDA:19,2,1,0
BRDA:20,3,0,2
BRDA:20,3,1,0
BRDA:33,4,0,0
BRDA:33,4,1,1
BRDA:47,5,0,2
BRDA:47,5,1,1
BRDA:74,6,0,3
BRDA:74,6,1,1
BRF:14
BRH:11
end_of_record
TN:
SF:src\services\auth\emailQueue.service.js
FN:6,(anonymous_0)
FN:7,(anonymous_1)
FN:8,(anonymous_2)
FN:12,(anonymous_3)
FN:19,(anonymous_4)
FN:33,(anonymous_5)
FN:55,(anonymous_6)
FN:118,(anonymous_7)
FN:139,(anonymous_8)
FN:141,(anonymous_9)
FN:145,(anonymous_10)
FN:153,(anonymous_11)
FNF:12
FNH:1
FNDA:0,(anonymous_0)
FNDA:0,(anonymous_1)
FNDA:0,(anonymous_2)
FNDA:11,(anonymous_3)
FNDA:0,(anonymous_4)
FNDA:0,(anonymous_5)
FNDA:0,(anonymous_6)
FNDA:0,(anonymous_7)
FNDA:0,(anonymous_8)
FNDA:0,(anonymous_9)
FNDA:0,(anonymous_10)
FNDA:0,(anonymous_11)
DA:1,11
DA:2,11
DA:3,11
DA:5,11
DA:6,0
DA:7,0
DA:8,0
DA:13,11
DA:14,11
DA:15,11
DA:16,11
DA:20,0
DA:29,0
DA:30,0
DA:34,0
DA:35,0
DA:37,0
DA:38,0
DA:39,0
DA:45,0
DA:46,0
DA:49,0
DA:51,0
DA:56,0
DA:58,0
DA:59,0
DA:63,0
DA:64,0
DA:65,0
DA:67,0
DA:70,0
DA:76,0
DA:78,0
DA:80,0
DA:81,0
DA:82,0
DA:83,0
DA:84,0
DA:86,0
DA:93,0
DA:94,0
DA:102,0
DA:103,0
DA:106,0
DA:119,0
DA:120,0
DA:122,0
DA:123,0
DA:124,0
DA:127,0
DA:129,0
DA:135,0
DA:140,0
DA:141,0
DA:142,0
DA:146,0
DA:147,0
DA:148,0
DA:149,0
DA:154,0
DA:161,0
DA:165,11
LF:62
LH:9
BRDA:15,0,0,11
BRDA:15,0,1,11
BRDA:16,1,0,11
BRDA:16,1,1,11
BRDA:21,2,0,0
BRDA:21,2,1,0
BRDA:34,3,0,0
BRDA:34,3,1,0
BRDA:63,4,0,0
BRDA:63,4,1,0
BRDA:81,5,0,0
BRDA:81,5,1,0
BRDA:82,6,0,0
BRDA:82,6,1,0
BRDA:93,7,0,0
BRDA:93,7,1,0
BRDA:102,8,0,0
BRDA:102,8,1,0
BRDA:122,9,0,0
BRDA:122,9,1,0
BRDA:146,10,0,0
BRDA:146,10,1,0
BRF:22
BRH:4
end_of_record
TN:
SF:src\services\core\bfi44.service.js
FN:116,(anonymous_0)
FN:124,(anonymous_1)
FN:137,(anonymous_2)
FN:147,(anonymous_3)
FN:177,(anonymous_4)
FN:192,(anonymous_5)
FN:219,(anonymous_6)
FN:236,(anonymous_7)
FN:252,(anonymous_8)
FN:268,(anonymous_9)
FN:294,(anonymous_10)
FN:320,(anonymous_11)
FN:329,(anonymous_12)
FN:341,(anonymous_13)
FN:346,(anonymous_14)
FN:346,(anonymous_15)
FN:357,(anonymous_16)
FN:368,(anonymous_17)
FN:369,(anonymous_18)
FN:375,(anonymous_19)
FN:388,(anonymous_20)
FN:403,(anonymous_21)
FN:423,(anonymous_22)
FNF:23
FNH:4
FNDA:0,(anonymous_0)
FNDA:0,(anonymous_1)
FNDA:20,(anonymous_2)
FNDA:6,(anonymous_3)
FNDA:1,(anonymous_4)
FNDA:4,(anonymous_5)
FNDA:0,(anonymous_6)
FNDA:0,(anonymous_7)
FNDA:0,(anonymous_8)
FNDA:0,(anonymous_9)
FNDA:0,(anonymous_10)
FNDA:0,(anonymous_11)
FNDA:0,(anonymous_12)
FNDA:0,(anonymous_13)
FNDA:0,(anonymous_14)
FNDA:0,(anonymous_15)
FNDA:0,(anonymous_16)
FNDA:0,(anonymous_17)
FNDA:0,(anonymous_18)
FNDA:0,(anonymous_19)
FNDA:0,(anonymous_20)
FNDA:0,(anonymous_21)
FNDA:0,(anonymous_22)
DA:1,5
DA:2,5
DA:3,5
DA:4,5
DA:7,5
DA:19,5
DA:117,0
DA:119,0
DA:124,0
DA:138,20
DA:148,6
DA:149,6
DA:151,6
DA:153,6
DA:154,47
DA:157,47
DA:158,1
DA:162,46
DA:163,17
DA:166,46
DA:169,5
DA:178,1
DA:180,1
DA:181,5
DA:184,1
DA:194,4
DA:195,4
DA:196,1
DA:200,3
DA:201,55
DA:203,55
DA:204,1
DA:207,54
DA:208,1
DA:221,0
DA:223,0
DA:224,0
DA:227,0
DA:228,0
DA:232,0
DA:235,0
DA:236,0
DA:240,0
DA:243,0
DA:249,0
DA:252,0
DA:253,0
DA:256,0
DA:269,0
DA:274,0
DA:275,0
DA:278,0
DA:280,0
DA:295,0
DA:297,0
DA:298,0
DA:302,0
DA:305,0
DA:306,0
DA:308,0
DA:321,0
DA:331,0
DA:340,0
DA:341,0
DA:345,0
DA:346,0
DA:349,0
DA:358,0
DA:360,0
DA:361,0
DA:368,0
DA:369,0
DA:371,0
DA:373,0
DA:375,0
DA:389,0
DA:394,0
DA:402,0
DA:403,0
DA:406,0
DA:407,0
DA:408,0
DA:410,0
DA:424,0
DA:426,0
DA:427,0
DA:431,0
DA:432,0
DA:439,0
DA:441,0
DA:442,0
DA:449,0
DA:451,0
DA:459,5
LF:94
LH:32
BRDA:116,0,0,0
BRDA:117,1,0,0
BRDA:117,1,1,0
BRDA:149,2,0,6
BRDA:149,2,1,0
BRDA:157,3,0,1
BRDA:157,3,1,46
BRDA:162,4,0,17
BRDA:162,4,1,29
BRDA:195,5,0,1
BRDA:195,5,1,3
BRDA:203,6,0,1
BRDA:203,6,1,54
BRDA:203,7,0,55
BRDA:203,7,1,54
BRDA:207,8,0,1
BRDA:207,8,1,53
BRDA:207,9,0,54
BRDA:207,9,1,54
BRDA:207,9,2,54
BRDA:223,10,0,0
BRDA:223,10,1,0
BRDA:227,11,0,0
BRDA:227,11,1,0
BRDA:249,12,0,0
BRDA:249,12,1,0
BRDA:274,13,0,0
BRDA:274,13,1,0
BRDA:282,14,0,0
BRDA:282,14,1,0
BRDA:297,15,0,0
BRDA:297,15,1,0
BRDA:360,16,0,0
BRDA:360,16,1,0
BRDA:408,17,0,0
BRDA:408,17,1,0
BRDA:426,18,0,0
BRDA:426,18,1,0
BRDA:431,19,0,0
BRDA:431,19,1,0
BRDA:441,20,0,0
BRDA:441,20,1,0
BRF:42
BRH:16
end_of_record
TN:
SF:src\services\core\organization.service.js
FN:28,(anonymous_0)
FN:80,(anonymous_1)
FN:118,(anonymous_2)
FN:130,(anonymous_3)
FN:148,(anonymous_4)
FN:158,(anonymous_5)
FN:171,(anonymous_6)
FN:195,(anonymous_7)
FN:202,(anonymous_8)
FN:217,(anonymous_9)
FN:230,(anonymous_10)
FN:246,(anonymous_11)
FN:257,(anonymous_12)
FN:272,(anonymous_13)
FN:297,(anonymous_14)
FN:311,(anonymous_15)
FN:320,(anonymous_16)
FN:324,(anonymous_17)
FN:328,(anonymous_18)
FN:334,(anonymous_19)
FN:339,(anonymous_20)
FN:353,(anonymous_21)
FN:374,(anonymous_22)
FN:413,(anonymous_23)
FN:475,(anonymous_24)
FN:496,(anonymous_25)
FN:518,(anonymous_26)
FN:527,(anonymous_27)
FN:545,(anonymous_28)
FN:555,(anonymous_29)
FN:556,(anonymous_30)
FN:557,(anonymous_31)
FN:558,(anonymous_32)
FN:560,(anonymous_33)
FN:578,(anonymous_34)
FN:621,(anonymous_35)
FN:632,(anonymous_36)
FN:633,(anonymous_37)
FNF:38
FNH:9
FNDA:3,(anonymous_0)
FNDA:3,(anonymous_1)
FNDA:3,(anonymous_2)
FNDA:4,(anonymous_3)
FNDA:1,(anonymous_4)
FNDA:1,(anonymous_5)
FNDA:3,(anonymous_6)
FNDA:0,(anonymous_7)
FNDA:0,(anonymous_8)
FNDA:2,(anonymous_9)
FNDA:0,(anonymous_10)
FNDA:2,(anonymous_11)
FNDA:0,(anonymous_12)
FNDA:0,(anonymous_13)
FNDA:0,(anonymous_14)
FNDA:0,(anonymous_15)
FNDA:0,(anonymous_16)
FNDA:0,(anonymous_17)
FNDA:0,(anonymous_18)
FNDA:0,(anonymous_19)
FNDA:0,(anonymous_20)
FNDA:0,(anonymous_21)
FNDA:0,(anonymous_22)
FNDA:0,(anonymous_23)
FNDA:0,(anonymous_24)
FNDA:0,(anonymous_25)
FNDA:0,(anonymous_26)
FNDA:0,(anonymous_27)
FNDA:0,(anonymous_28)
FNDA:0,(anonymous_29)
FNDA:0,(anonymous_30)
FNDA:0,(anonymous_31)
FNDA:0,(anonymous_32)
FNDA:0,(anonymous_33)
FNDA:0,(anonymous_34)
FNDA:0,(anonymous_35)
FNDA:0,(anonymous_36)
FNDA:0,(anonymous_37)
DA:1,5
DA:2,5
DA:3,5
DA:4,5
DA:5,5
DA:12,5
DA:29,3
DA:30,3
DA:31,1
DA:34,2
DA:39,2
DA:40,1
DA:44,1
DA:45,1
DA:48,1
DA:49,0
DA:54,1
DA:63,1
DA:64,1
DA:65,1
DA:68,1
DA:70,1
DA:81,3
DA:86,3
DA:87,0
DA:90,3
DA:94,3
DA:95,1
DA:99,2
DA:100,1
DA:101,1
DA:103,1
DA:104,1
DA:108,1
DA:119,3
DA:121,3
DA:122,1
DA:125,2
DA:126,1
DA:129,1
DA:130,4
DA:133,1
DA:134,1
DA:136,1
DA:137,1
DA:138,1
DA:140,1
DA:149,1
DA:150,1
DA:159,1
DA:160,1
DA:172,3
DA:175,3
DA:176,1
DA:180,2
DA:181,2
DA:182,1
DA:186,1
DA:189,1
DA:190,1
DA:191,1
DA:195,1
DA:196,0
DA:200,1
DA:201,1
DA:202,1
DA:203,0
DA:207,1
DA:218,2
DA:220,2
DA:221,1
DA:224,1
DA:226,1
DA:229,1
DA:230,1
DA:231,0
DA:235,1
DA:247,2
DA:249,2
DA:250,1
DA:253,1
DA:255,1
DA:256,1
DA:257,1
DA:258,0
DA:262,1
DA:273,0
DA:276,0
DA:277,0
DA:281,0
DA:282,0
DA:283,0
DA:286,0
DA:289,0
DA:290,0
DA:291,0
DA:294,0
DA:297,0
DA:298,0
DA:301,0
DA:312,0
DA:313,0
DA:315,0
DA:316,0
DA:320,0
DA:323,0
DA:324,0
DA:327,0
DA:328,0
DA:329,0
DA:333,0
DA:334,0
DA:335,0
DA:339,0
DA:340,0
DA:346,0
DA:352,0
DA:353,0
DA:354,0
DA:358,0
DA:359,0
DA:360,0
DA:361,0
DA:362,0
DA:363,0
DA:364,0
DA:366,0
DA:367,0
DA:368,0
DA:369,0
DA:374,0
DA:375,0
DA:376,0
DA:377,0
DA:379,0
DA:393,0
DA:394,0
DA:395,0
DA:396,0
DA:397,0
DA:398,0
DA:404,0
DA:419,0
DA:421,0
DA:424,0
DA:425,0
DA:428,0
DA:429,0
DA:432,0
DA:433,0
DA:436,0
DA:437,0
DA:438,0
DA:442,0
DA:443,0
DA:445,0
DA:458,0
DA:476,0
DA:479,0
DA:480,0
DA:483,0
DA:484,0
DA:485,0
DA:487,0
DA:497,0
DA:500,0
DA:501,0
DA:504,0
DA:505,0
DA:506,0
DA:508,0
DA:519,0
DA:522,0
DA:523,0
DA:527,0
DA:528,0
DA:529,0
DA:533,0
DA:534,0
DA:536,0
DA:546,0
DA:549,0
DA:550,0
DA:553,0
DA:555,0
DA:556,0
DA:557,0
DA:558,0
DA:560,0
DA:567,0
DA:579,0
DA:581,0
DA:582,0
DA:585,0
DA:586,0
DA:589,0
DA:590,0
DA:593,0
DA:595,0
DA:596,0
DA:597,0
DA:600,0
DA:601,0
DA:602,0
DA:603,0
DA:610,0
DA:613,0
DA:622,0
DA:627,0
DA:628,0
DA:631,0
DA:632,0
DA:633,0
DA:640,0
DA:644,5
LF:215
LH:81
BRDA:30,0,0,1
BRDA:30,0,1,2
BRDA:39,1,0,1
BRDA:39,1,1,1
BRDA:44,2,0,1
BRDA:44,2,1,0
BRDA:48,3,0,0
BRDA:48,3,1,1
BRDA:80,4,0,2
BRDA:80,5,0,2
BRDA:86,6,0,0
BRDA:86,6,1,3
BRDA:94,7,0,1
BRDA:94,7,1,2
BRDA:99,8,0,1
BRDA:99,8,1,1
BRDA:103,9,0,1
BRDA:103,9,1,0
BRDA:103,10,0,1
BRDA:103,10,1,1
BRDA:121,11,0,1
BRDA:121,11,1,2
BRDA:125,12,0,1
BRDA:125,12,1,1
BRDA:175,13,0,1
BRDA:175,13,1,2
BRDA:181,14,0,1
BRDA:181,14,1,1
BRDA:189,15,0,1
BRDA:189,15,1,0
BRDA:201,16,0,1
BRDA:201,16,1,0
BRDA:220,17,0,1
BRDA:220,17,1,1
BRDA:229,18,0,1
BRDA:229,18,1,0
BRDA:249,19,0,1
BRDA:249,19,1,1
BRDA:256,20,0,1
BRDA:256,20,1,0
BRDA:276,21,0,0
BRDA:276,21,1,0
BRDA:282,22,0,0
BRDA:282,22,1,0
BRDA:289,23,0,0
BRDA:289,23,1,0
BRDA:289,24,0,0
BRDA:289,24,1,0
BRDA:311,25,0,0
BRDA:315,26,0,0
BRDA:315,26,1,0
BRDA:315,27,0,0
BRDA:315,27,1,0
BRDA:323,28,0,0
BRDA:323,28,1,0
BRDA:327,29,0,0
BRDA:327,29,1,0
BRDA:329,30,0,0
BRDA:329,30,1,0
BRDA:333,31,0,0
BRDA:333,31,1,0
BRDA:335,32,0,0
BRDA:335,32,1,0
BRDA:362,33,0,0
BRDA:362,33,1,0
BRDA:366,34,0,0
BRDA:366,34,1,0
BRDA:367,35,0,0
BRDA:367,35,1,0
BRDA:368,36,0,0
BRDA:368,36,1,0
BRDA:375,37,0,0
BRDA:375,37,1,0
BRDA:377,38,0,0
BRDA:377,38,1,0
BRDA:381,39,0,0
BRDA:381,39,1,0
BRDA:387,40,0,0
BRDA:387,40,1,0
BRDA:393,41,0,0
BRDA:393,41,1,0
BRDA:393,42,0,0
BRDA:393,42,1,0
BRDA:394,43,0,0
BRDA:394,43,1,0
BRDA:395,44,0,0
BRDA:395,44,1,0
BRDA:413,45,0,0
BRDA:413,46,0,0
BRDA:415,47,0,0
BRDA:416,48,0,0
BRDA:417,49,0,0
BRDA:418,50,0,0
BRDA:424,51,0,0
BRDA:424,51,1,0
BRDA:428,52,0,0
BRDA:428,52,1,0
BRDA:432,53,0,0
BRDA:432,53,1,0
BRDA:436,54,0,0
BRDA:436,54,1,0
BRDA:443,55,0,0
BRDA:443,55,1,0
BRDA:479,56,0,0
BRDA:479,56,1,0
BRDA:500,57,0,0
BRDA:500,57,1,0
BRDA:522,58,0,0
BRDA:522,58,1,0
BRDA:528,59,0,0
BRDA:528,59,1,0
BRDA:549,60,0,0
BRDA:549,60,1,0
BRDA:558,61,0,0
BRDA:558,61,1,0
BRDA:581,62,0,0
BRDA:581,62,1,0
BRDA:585,63,0,0
BRDA:585,63,1,0
BRDA:589,64,0,0
BRDA:589,64,1,0
BRDA:602,65,0,0
BRDA:602,65,1,0
BRDA:627,66,0,0
BRDA:627,66,1,0
BRDA:632,67,0,0
BRDA:632,67,1,0
BRF:127
BRH:32
end_of_record
TN:
SF:src\services\core\project.service.js
FN:33,(anonymous_0)
FN:84,(anonymous_1)
FN:105,(anonymous_2)
FN:106,(anonymous_3)
FN:121,(anonymous_4)
FN:124,(anonymous_5)
FN:130,(anonymous_6)
FN:160,(anonymous_7)
FN:175,(anonymous_8)
FN:204,(anonymous_9)
FN:235,(anonymous_10)
FN:286,(anonymous_11)
FN:320,(anonymous_12)
FN:352,(anonymous_13)
FN:365,(anonymous_14)
FN:396,(anonymous_15)
FN:422,(anonymous_16)
FN:458,(anonymous_17)
FN:471,(anonymous_18)
FN:511,(anonymous_19)
FN:543,(anonymous_20)
FN:587,(anonymous_21)
FN:636,(anonymous_22)
FN:676,(anonymous_23)
FN:691,(anonymous_24)
FNF:25
FNH:16
FNDA:4,(anonymous_0)
FNDA:2,(anonymous_1)
FNDA:0,(anonymous_2)
FNDA:0,(anonymous_3)
FNDA:0,(anonymous_4)
FNDA:0,(anonymous_5)
FNDA:0,(anonymous_6)
FNDA:3,(anonymous_7)
FNDA:4,(anonymous_8)
FNDA:3,(anonymous_9)
FNDA:2,(anonymous_10)
FNDA:1,(anonymous_11)
FNDA:0,(anonymous_12)
FNDA:1,(anonymous_13)
FNDA:4,(anonymous_14)
FNDA:0,(anonymous_15)
FNDA:3,(anonymous_16)
FNDA:0,(anonymous_17)
FNDA:4,(anonymous_18)
FNDA:1,(anonymous_19)
FNDA:0,(anonymous_20)
FNDA:3,(anonymous_21)
FNDA:4,(anonymous_22)
FNDA:2,(anonymous_23)
FNDA:3,(anonymous_24)
DA:1,6
DA:2,6
DA:3,6
DA:4,6
DA:15,6
DA:34,4
DA:35,4
DA:36,2
DA:39,2
DA:40,1
DA:43,1
DA:44,1
DA:45,0
DA:48,1
DA:64,1
DA:65,1
DA:66,1
DA:69,1
DA:70,1
DA:72,0
DA:75,1
DA:85,2
DA:90,2
DA:91,0
DA:94,2
DA:98,2
DA:99,1
DA:103,1
DA:104,0
DA:105,0
DA:106,0
DA:109,0
DA:115,0
DA:120,0
DA:121,0
DA:123,0
DA:124,0
DA:127,0
DA:130,0
DA:131,0
DA:132,0
DA:133,0
DA:135,0
DA:144,0
DA:147,0
DA:150,1
DA:161,3
DA:163,3
DA:164,1
DA:168,2
DA:169,2
DA:170,1
DA:174,1
DA:175,4
DA:178,1
DA:179,1
DA:181,1
DA:184,1
DA:185,1
DA:186,1
DA:189,1
DA:190,1
DA:192,0
DA:195,1
DA:205,3
DA:207,3
DA:208,1
DA:212,2
DA:213,2
DA:214,1
DA:218,1
DA:219,1
DA:221,0
DA:224,1
DA:226,1
DA:236,2
DA:239,2
DA:240,1
DA:243,2
DA:244,1
DA:247,2
DA:248,2
DA:249,2
DA:251,2
DA:259,2
DA:260,0
DA:261,0
DA:264,2
DA:269,2
DA:270,0
DA:276,2
DA:288,1
DA:290,1
DA:291,0
DA:294,1
DA:295,0
DA:298,1
DA:307,1
DA:315,1
DA:316,1
DA:320,0
DA:322,0
DA:327,0
DA:328,0
DA:331,0
DA:332,0
DA:335,0
DA:344,0
DA:353,1
DA:354,1
DA:366,4
DA:373,4
DA:374,1
DA:378,3
DA:379,1
DA:383,2
DA:384,1
DA:388,1
DA:391,1
DA:395,1
DA:396,1
DA:397,0
DA:401,1
DA:402,1
DA:403,1
DA:409,0
DA:412,1
DA:423,3
DA:430,3
DA:431,1
DA:435,2
DA:436,1
DA:440,1
DA:441,1
DA:442,1
DA:448,0
DA:452,1
DA:454,1
DA:457,1
DA:458,1
DA:459,0
DA:462,1
DA:472,4
DA:479,4
DA:480,1
DA:484,3
DA:485,1
DA:488,2
DA:489,1
DA:492,1
DA:494,1
DA:497,1
DA:498,1
DA:500,0
DA:503,1
DA:512,1
DA:515,1
DA:516,1
DA:517,0
DA:521,1
DA:525,1
DA:526,0
DA:530,1
DA:538,1
DA:539,1
DA:543,0
DA:555,0
DA:560,0
DA:578,0
DA:588,3
DA:595,3
DA:596,1
DA:600,2
DA:601,0
DA:604,2
DA:605,1
DA:608,1
DA:610,1
DA:613,1
DA:614,1
DA:616,0
DA:621,1
DA:622,1
DA:624,0
DA:627,1
DA:637,4
DA:644,4
DA:645,1
DA:649,3
DA:650,1
DA:653,2
DA:654,1
DA:657,1
DA:659,1
DA:662,1
DA:663,1
DA:665,0
DA:668,1
DA:677,2
DA:679,2
DA:691,2
DA:692,3
DA:693,3
DA:696,2
DA:700,6
LF:205
LH:155
BRDA:35,0,0,2
BRDA:35,0,1,2
BRDA:39,1,0,1
BRDA:39,1,1,1
BRDA:44,2,0,0
BRDA:44,2,1,1
BRDA:84,3,0,1
BRDA:90,4,0,0
BRDA:90,4,1,2
BRDA:98,5,0,1
BRDA:98,5,1,1
BRDA:103,6,0,0
BRDA:103,6,1,1
BRDA:103,7,0,1
BRDA:103,7,1,0
BRDA:103,7,2,0
BRDA:106,8,0,0
BRDA:106,8,1,0
BRDA:131,9,0,0
BRDA:131,9,1,0
BRDA:132,10,0,0
BRDA:132,10,1,0
BRDA:133,11,0,0
BRDA:133,11,1,0
BRDA:139,12,0,0
BRDA:139,12,1,0
BRDA:163,13,0,1
BRDA:163,13,1,2
BRDA:169,14,0,1
BRDA:169,14,1,1
BRDA:169,15,0,2
BRDA:169,15,1,1
BRDA:207,16,0,1
BRDA:207,16,1,2
BRDA:213,17,0,1
BRDA:213,17,1,1
BRDA:235,18,0,1
BRDA:239,19,0,1
BRDA:239,19,1,1
BRDA:243,20,0,1
BRDA:243,20,1,1
BRDA:247,21,0,2
BRDA:247,21,1,2
BRDA:248,22,0,2
BRDA:248,22,1,2
BRDA:249,23,0,2
BRDA:249,23,1,2
BRDA:259,24,0,0
BRDA:259,24,1,2
BRDA:266,25,0,0
BRDA:266,25,1,2
BRDA:269,26,0,0
BRDA:269,26,1,2
BRDA:286,27,0,1
BRDA:290,28,0,0
BRDA:290,28,1,1
BRDA:294,29,0,0
BRDA:294,29,1,1
BRDA:315,30,0,1
BRDA:315,30,1,0
BRDA:327,31,0,0
BRDA:327,31,1,0
BRDA:331,32,0,0
BRDA:331,32,1,0
BRDA:373,33,0,1
BRDA:373,33,1,3
BRDA:378,34,0,1
BRDA:378,34,1,2
BRDA:378,35,0,3
BRDA:378,35,1,1
BRDA:383,36,0,1
BRDA:383,36,1,1
BRDA:430,37,0,1
BRDA:430,37,1,2
BRDA:435,38,0,1
BRDA:435,38,1,1
BRDA:435,39,0,2
BRDA:435,39,1,1
BRDA:479,40,0,1
BRDA:479,40,1,3
BRDA:484,41,0,1
BRDA:484,41,1,2
BRDA:484,42,0,3
BRDA:484,42,1,1
BRDA:488,43,0,1
BRDA:488,43,1,1
BRDA:516,44,0,0
BRDA:516,44,1,1
BRDA:525,45,0,0
BRDA:525,45,1,1
BRDA:525,46,0,1
BRDA:525,46,1,1
BRDA:538,47,0,1
BRDA:538,47,1,0
BRDA:551,48,0,0
BRDA:551,48,1,0
BRDA:555,49,0,0
BRDA:555,49,1,0
BRDA:555,50,0,0
BRDA:555,50,1,0
BRDA:570,51,0,0
BRDA:570,51,1,0
BRDA:595,52,0,1
BRDA:595,52,1,2
BRDA:600,53,0,0
BRDA:600,53,1,2
BRDA:600,54,0,2
BRDA:600,54,1,0
BRDA:604,55,0,1
BRDA:604,55,1,1
BRDA:644,56,0,1
BRDA:644,56,1,3
BRDA:649,57,0,1
BRDA:649,57,1,2
BRDA:653,58,0,1
BRDA:653,58,1,1
BRDA:653,59,0,2
BRDA:653,59,1,1
BRF:118
BRH:80
end_of_record
TN:
SF:src\services\core\user.service.js
FN:28,(anonymous_0)
FN:92,(anonymous_1)
FN:100,(anonymous_2)
FN:120,(anonymous_3)
FN:138,(anonymous_4)
FN:155,(anonymous_5)
FN:177,(anonymous_6)
FN:214,(anonymous_7)
FN:230,(anonymous_8)
FN:259,(anonymous_9)
FN:284,(anonymous_10)
FN:307,(anonymous_11)
FNF:12
FNH:12
FNDA:7,(anonymous_0)
FNDA:6,(anonymous_1)
FNDA:2,(anonymous_2)
FNDA:1,(anonymous_3)
FNDA:4,(anonymous_4)
FNDA:4,(anonymous_5)
FNDA:4,(anonymous_6)
FNDA:3,(anonymous_7)
FNDA:2,(anonymous_8)
FNDA:7,(anonymous_9)
FNDA:1,(anonymous_10)
FNDA:1,(anonymous_11)
DA:1,4
DA:2,4
DA:3,4
DA:14,4
DA:29,7
DA:30,7
DA:32,7
DA:34,7
DA:36,7
DA:37,1
DA:41,6
DA:42,5
DA:43,5
DA:45,5
DA:46,1
DA:51,5
DA:54,3
DA:57,3
DA:60,3
DA:63,3
DA:66,3
DA:69,3
DA:71,3
DA:73,3
DA:79,4
DA:80,4
DA:82,7
DA:94,6
DA:99,6
DA:100,2
DA:101,1
DA:110,5
DA:118,5
DA:119,1
DA:120,1
DA:123,1
DA:140,4
DA:143,4
DA:146,4
DA:157,4
DA:164,4
DA:179,4
DA:186,4
DA:193,4
DA:217,3
DA:227,3
DA:229,1
DA:230,1
DA:231,2
DA:232,1
DA:239,1
DA:244,1
DA:245,1
DA:246,1
DA:249,1
DA:261,7
DA:262,7
DA:263,1
DA:266,6
DA:274,6
DA:279,6
DA:280,1
DA:281,1
DA:284,1
DA:294,6
DA:302,6
DA:303,1
DA:304,1
DA:307,1
DA:317,6
DA:318,6
DA:319,6
DA:321,6
DA:322,1
DA:335,6
DA:342,6
DA:343,1
DA:349,6
DA:353,4
LF:79
LH:79
BRDA:36,0,0,1
BRDA:36,0,1,6
BRDA:41,1,0,5
BRDA:41,1,1,1
BRDA:41,2,0,6
BRDA:41,2,1,5
BRDA:45,3,0,1
BRDA:45,3,1,4
BRDA:99,4,0,1
BRDA:99,4,1,5
BRDA:118,5,0,1
BRDA:118,5,1,4
BRDA:229,6,0,1
BRDA:229,6,1,0
BRDA:229,7,0,1
BRDA:229,7,1,1
BRDA:231,8,0,1
BRDA:231,8,1,1
BRDA:231,9,0,2
BRDA:231,9,1,2
BRDA:244,10,0,1
BRDA:244,10,1,0
BRDA:244,11,0,1
BRDA:244,11,1,1
BRDA:262,12,0,1
BRDA:262,12,1,6
BRDA:279,13,0,1
BRDA:279,13,1,5
BRDA:302,14,0,1
BRDA:302,14,1,5
BRDA:321,15,0,1
BRDA:321,15,1,5
BRDA:321,16,0,6
BRDA:321,16,1,5
BRDA:321,16,2,5
BRDA:326,17,0,1
BRDA:326,17,1,0
BRDA:327,18,0,1
BRDA:327,18,1,0
BRDA:328,19,0,1
BRDA:328,19,1,0
BRDA:342,20,0,1
BRDA:342,20,1,5
BRF:43
BRH:38
end_of_record
TN:
SF:src\services\cv\aiExtractor.service.js
FN:6,_createOpenAICompatibleProvider
FN:9,(anonymous_1)
FN:12,(anonymous_2)
FN:24,(anonymous_3)
FN:31,(anonymous_4)
FN:34,(anonymous_5)
FN:37,(anonymous_6)
FN:40,(anonymous_7)
FN:52,(anonymous_8)
FN:81,(anonymous_9)
FN:85,(anonymous_10)
FN:89,(anonymous_11)
FN:96,(anonymous_12)
FN:107,(anonymous_13)
FN:126,(anonymous_14)
FN:159,(anonymous_15)
FN:174,(anonymous_16)
FN:183,(anonymous_17)
FN:191,(anonymous_18)
FN:214,(anonymous_19)
FN:275,(anonymous_20)
FN:284,(anonymous_21)
FN:287,(anonymous_22)
FN:300,(anonymous_23)
FN:327,(anonymous_24)
FN:352,(anonymous_25)
FN:372,(anonymous_26)
FN:398,(anonymous_27)
FN:566,(anonymous_28)
FN:574,(anonymous_29)
FN:581,(anonymous_30)
FN:593,(anonymous_31)
FN:614,(anonymous_32)
FN:622,(anonymous_33)
FN:629,(anonymous_34)
FN:647,(anonymous_35)
FN:649,(anonymous_36)
FN:655,(anonymous_37)
FN:661,(anonymous_38)
FN:665,(anonymous_39)
FN:672,(anonymous_40)
FN:673,(anonymous_41)
FN:692,(anonymous_42)
FN:693,(anonymous_43)
FN:704,(anonymous_44)
FN:714,(anonymous_45)
FN:724,(anonymous_46)
FN:759,(anonymous_47)
FNF:48
FNH:8
FNDA:16,_createOpenAICompatibleProvider
FNDA:0,(anonymous_1)
FNDA:0,(anonymous_2)
FNDA:0,(anonymous_3)
FNDA:8,(anonymous_4)
FNDA:1,(anonymous_5)
FNDA:0,(anonymous_6)
FNDA:0,(anonymous_7)
FNDA:0,(anonymous_8)
FNDA:10,(anonymous_9)
FNDA:1,(anonymous_10)
FNDA:1,(anonymous_11)
FNDA:1,(anonymous_12)
FNDA:1,(anonymous_13)
FNDA:0,(anonymous_14)
FNDA:0,(anonymous_15)
FNDA:0,(anonymous_16)
FNDA:0,(anonymous_17)
FNDA:0,(anonymous_18)
FNDA:0,(anonymous_19)
FNDA:0,(anonymous_20)
FNDA:0,(anonymous_21)
FNDA:0,(anonymous_22)
FNDA:0,(anonymous_23)
FNDA:0,(anonymous_24)
FNDA:0,(anonymous_25)
FNDA:0,(anonymous_26)
FNDA:0,(anonymous_27)
FNDA:0,(anonymous_28)
FNDA:0,(anonymous_29)
FNDA:0,(anonymous_30)
FNDA:0,(anonymous_31)
FNDA:0,(anonymous_32)
FNDA:0,(anonymous_33)
FNDA:0,(anonymous_34)
FNDA:0,(anonymous_35)
FNDA:0,(anonymous_36)
FNDA:0,(anonymous_37)
FNDA:0,(anonymous_38)
FNDA:0,(anonymous_39)
FNDA:0,(anonymous_40)
FNDA:0,(anonymous_41)
FNDA:0,(anonymous_42)
FNDA:0,(anonymous_43)
FNDA:0,(anonymous_44)
FNDA:0,(anonymous_45)
FNDA:0,(anonymous_46)
FNDA:0,(anonymous_47)
DA:1,8
DA:2,8
DA:3,8
DA:4,8
DA:7,16
DA:10,0
DA:13,0
DA:25,0
DA:32,8
DA:35,1
DA:38,0
DA:41,0
DA:53,0
DA:60,8
DA:76,8
DA:77,8
DA:78,8
DA:82,10
DA:86,1
DA:90,1
DA:91,1
DA:92,1
DA:93,0
DA:97,1
DA:98,1
DA:99,1
DA:100,1
DA:101,0
DA:102,0
DA:104,1
DA:108,1
DA:109,1
DA:110,1
DA:112,1
DA:113,1
DA:114,1
DA:115,1
DA:116,1
DA:117,1
DA:118,1
DA:120,0
DA:121,0
DA:127,0
DA:128,0
DA:129,0
DA:130,0
DA:132,0
DA:133,0
DA:136,0
DA:137,0
DA:139,0
DA:153,0
DA:154,0
DA:156,0
DA:158,0
DA:159,0
DA:160,0
DA:163,0
DA:165,0
DA:166,0
DA:167,0
DA:168,0
DA:169,0
DA:174,0
DA:177,0
DA:179,0
DA:184,0
DA:185,0
DA:187,0
DA:188,0
DA:189,0
DA:190,0
DA:191,0
DA:193,0
DA:196,0
DA:197,0
DA:198,0
DA:199,0
DA:200,0
DA:202,0
DA:208,0
DA:209,0
DA:211,0
DA:212,0
DA:213,0
DA:214,0
DA:215,0
DA:218,0
DA:219,0
DA:220,0
DA:221,0
DA:224,0
DA:225,0
DA:228,0
DA:229,0
DA:231,0
DA:232,0
DA:235,0
DA:238,0
DA:239,0
DA:240,0
DA:243,0
DA:244,0
DA:245,0
DA:247,0
DA:248,0
DA:249,0
DA:253,0
DA:254,0
DA:256,0
DA:257,0
DA:258,0
DA:259,0
DA:260,0
DA:261,0
DA:262,0
DA:263,0
DA:264,0
DA:267,0
DA:268,0
DA:271,0
DA:272,0
DA:273,0
DA:274,0
DA:275,0
DA:280,0
DA:281,0
DA:285,0
DA:286,0
DA:287,0
DA:288,0
DA:289,0
DA:290,0
DA:292,0
DA:296,0
DA:297,0
DA:298,0
DA:300,0
DA:301,0
DA:302,0
DA:304,0
DA:305,0
DA:306,0
DA:307,0
DA:308,0
DA:309,0
DA:310,0
DA:311,0
DA:312,0
DA:313,0
DA:315,0
DA:318,0
DA:319,0
DA:321,0
DA:325,0
DA:326,0
DA:327,0
DA:328,0
DA:329,0
DA:330,0
DA:331,0
DA:332,0
DA:333,0
DA:334,0
DA:335,0
DA:336,0
DA:337,0
DA:338,0
DA:339,0
DA:340,0
DA:341,0
DA:343,0
DA:346,0
DA:350,0
DA:351,0
DA:352,0
DA:353,0
DA:354,0
DA:355,0
DA:356,0
DA:357,0
DA:358,0
DA:359,0
DA:360,0
DA:361,0
DA:362,0
DA:364,0
DA:367,0
DA:373,0
DA:384,0
DA:385,0
DA:386,0
DA:388,0
DA:389,0
DA:391,0
DA:392,0
DA:393,0
DA:395,0
DA:399,0
DA:567,0
DA:568,0
DA:569,0
DA:571,0
DA:575,0
DA:576,0
DA:577,0
DA:579,0
DA:580,0
DA:581,0
DA:584,0
DA:585,0
DA:587,0
DA:590,0
DA:594,0
DA:595,0
DA:596,0
DA:598,0
DA:603,0
DA:604,0
DA:605,0
DA:606,0
DA:609,0
DA:610,0
DA:611,0
DA:615,0
DA:616,0
DA:617,0
DA:619,0
DA:623,0
DA:624,0
DA:625,0
DA:627,0
DA:628,0
DA:629,0
DA:632,0
DA:633,0
DA:635,0
DA:636,0
DA:641,0
DA:644,0
DA:648,0
DA:649,0
DA:650,0
DA:652,0
DA:654,0
DA:655,0
DA:656,0
DA:658,0
DA:660,0
DA:661,0
DA:662,0
DA:664,0
DA:665,0
DA:666,0
DA:668,0
DA:669,0
DA:670,0
DA:671,0
DA:672,0
DA:674,0
DA:675,0
DA:676,0
DA:678,0
DA:679,0
DA:680,0
DA:682,0
DA:683,0
DA:685,0
DA:687,0
DA:689,0
DA:690,0
DA:691,0
DA:692,0
DA:694,0
DA:695,0
DA:696,0
DA:698,0
DA:700,0
DA:702,0
DA:703,0
DA:704,0
DA:705,0
DA:706,0
DA:707,0
DA:709,0
DA:712,0
DA:713,0
DA:714,0
DA:715,0
DA:716,0
DA:717,0
DA:719,0
DA:725,0
DA:726,0
DA:727,0
DA:728,0
DA:729,0
DA:730,0
DA:731,0
DA:732,0
DA:734,0
DA:735,0
DA:737,0
DA:738,0
DA:741,0
DA:742,0
DA:743,0
DA:745,0
DA:746,0
DA:748,0
DA:749,0
DA:751,0
DA:754,0
DA:760,0
DA:761,0
DA:762,0
DA:763,0
DA:765,0
DA:767,0
DA:771,8
LF:320
LH:32
BRDA:92,0,0,1
BRDA:92,0,1,0
BRDA:98,1,0,0
BRDA:98,1,1,1
BRDA:99,2,0,0
BRDA:99,2,1,1
BRDA:100,3,0,0
BRDA:100,3,1,1
BRDA:110,4,0,1
BRDA:110,4,1,1
BRDA:116,5,0,0
BRDA:116,5,1,1
BRDA:117,6,0,1
BRDA:117,6,1,0
BRDA:117,7,0,1
BRDA:117,7,1,0
BRDA:120,8,0,0
BRDA:120,8,1,0
BRDA:129,9,0,0
BRDA:129,9,1,0
BRDA:132,10,0,0
BRDA:132,10,1,0
BRDA:143,11,0,0
BRDA:143,11,1,0
BRDA:144,12,0,0
BRDA:144,12,1,0
BRDA:145,13,0,0
BRDA:145,13,1,0
BRDA:146,14,0,0
BRDA:146,14,1,0
BRDA:147,15,0,0
BRDA:147,15,1,0
BRDA:148,16,0,0
BRDA:148,16,1,0
BRDA:149,17,0,0
BRDA:149,17,1,0
BRDA:150,18,0,0
BRDA:150,18,1,0
BRDA:158,19,0,0
BRDA:158,19,1,0
BRDA:168,20,0,0
BRDA:168,20,1,0
BRDA:171,21,0,0
BRDA:171,21,1,0
BRDA:189,22,0,0
BRDA:189,22,1,0
BRDA:190,23,0,0
BRDA:190,23,1,0
BRDA:208,24,0,0
BRDA:208,24,1,0
BRDA:211,25,0,0
BRDA:211,25,1,0
BRDA:211,26,0,0
BRDA:211,26,1,0
BRDA:218,27,0,0
BRDA:218,27,1,0
BRDA:231,28,0,0
BRDA:231,28,1,0
BRDA:235,29,0,0
BRDA:235,29,1,0
BRDA:238,30,0,0
BRDA:238,30,1,0
BRDA:243,31,0,0
BRDA:243,31,1,0
BRDA:247,32,0,0
BRDA:247,32,1,0
BRDA:247,33,0,0
BRDA:247,33,1,0
BRDA:256,34,0,0
BRDA:256,34,1,0
BRDA:273,35,0,0
BRDA:273,35,1,0
BRDA:281,36,0,0
BRDA:281,36,1,0
BRDA:285,37,0,0
BRDA:285,37,1,0
BRDA:289,38,0,0
BRDA:289,38,1,0
BRDA:296,39,0,0
BRDA:296,39,1,0
BRDA:301,40,0,0
BRDA:301,40,1,0
BRDA:304,41,0,0
BRDA:304,41,1,0
BRDA:304,42,0,0
BRDA:304,42,1,0
BRDA:306,43,0,0
BRDA:306,43,1,0
BRDA:306,44,0,0
BRDA:306,44,1,0
BRDA:308,45,0,0
BRDA:308,45,1,0
BRDA:308,46,0,0
BRDA:308,46,1,0
BRDA:310,47,0,0
BRDA:310,47,1,0
BRDA:310,48,0,0
BRDA:310,48,1,0
BRDA:310,48,2,0
BRDA:312,49,0,0
BRDA:312,49,1,0
BRDA:312,50,0,0
BRDA:312,50,1,0
BRDA:312,50,2,0
BRDA:318,51,0,0
BRDA:318,51,1,0
BRDA:318,52,0,0
BRDA:318,52,1,0
BRDA:325,53,0,0
BRDA:325,53,1,0
BRDA:328,54,0,0
BRDA:328,54,1,0
BRDA:330,55,0,0
BRDA:330,55,1,0
BRDA:330,56,0,0
BRDA:330,56,1,0
BRDA:330,56,2,0
BRDA:330,56,3,0
BRDA:332,57,0,0
BRDA:332,57,1,0
BRDA:332,58,0,0
BRDA:332,58,1,0
BRDA:334,59,0,0
BRDA:334,59,1,0
BRDA:334,60,0,0
BRDA:334,60,1,0
BRDA:334,60,2,0
BRDA:336,61,0,0
BRDA:336,61,1,0
BRDA:336,62,0,0
BRDA:336,62,1,0
BRDA:338,63,0,0
BRDA:338,63,1,0
BRDA:338,64,0,0
BRDA:338,64,1,0
BRDA:338,64,2,0
BRDA:340,65,0,0
BRDA:340,65,1,0
BRDA:340,66,0,0
BRDA:340,66,1,0
BRDA:340,66,2,0
BRDA:340,66,3,0
BRDA:350,67,0,0
BRDA:350,67,1,0
BRDA:353,68,0,0
BRDA:353,68,1,0
BRDA:354,69,0,0
BRDA:354,69,1,0
BRDA:355,70,0,0
BRDA:355,70,1,0
BRDA:355,71,0,0
BRDA:355,71,1,0
BRDA:355,71,2,0
BRDA:355,71,3,0
BRDA:357,72,0,0
BRDA:357,72,1,0
BRDA:357,73,0,0
BRDA:357,73,1,0
BRDA:357,73,2,0
BRDA:357,73,3,0
BRDA:359,74,0,0
BRDA:359,74,1,0
BRDA:359,75,0,0
BRDA:359,75,1,0
BRDA:359,75,2,0
BRDA:361,76,0,0
BRDA:361,76,1,0
BRDA:361,77,0,0
BRDA:361,77,1,0
BRDA:568,78,0,0
BRDA:568,78,1,0
BRDA:574,79,0,0
BRDA:574,80,0,0
BRDA:576,81,0,0
BRDA:576,81,1,0
BRDA:576,82,0,0
BRDA:576,82,1,0
BRDA:576,82,2,0
BRDA:579,83,0,0
BRDA:579,83,1,0
BRDA:584,84,0,0
BRDA:584,84,1,0
BRDA:595,85,0,0
BRDA:595,85,1,0
BRDA:605,86,0,0
BRDA:605,86,1,0
BRDA:616,87,0,0
BRDA:616,87,1,0
BRDA:622,88,0,0
BRDA:624,89,0,0
BRDA:624,89,1,0
BRDA:624,90,0,0
BRDA:624,90,1,0
BRDA:624,90,2,0
BRDA:627,91,0,0
BRDA:627,91,1,0
BRDA:627,92,0,0
BRDA:627,92,1,0
BRDA:632,93,0,0
BRDA:632,93,1,0
BRDA:632,94,0,0
BRDA:632,94,1,0
BRDA:635,95,0,0
BRDA:635,95,1,0
BRDA:648,96,0,0
BRDA:648,96,1,0
BRDA:648,97,0,0
BRDA:648,97,1,0
BRDA:650,98,0,0
BRDA:650,98,1,0
BRDA:652,99,0,0
BRDA:652,99,1,0
BRDA:654,100,0,0
BRDA:654,100,1,0
BRDA:654,101,0,0
BRDA:654,101,1,0
BRDA:656,102,0,0
BRDA:656,102,1,0
BRDA:658,103,0,0
BRDA:658,103,1,0
BRDA:660,104,0,0
BRDA:660,104,1,0
BRDA:660,105,0,0
BRDA:660,105,1,0
BRDA:662,106,0,0
BRDA:662,106,1,0
BRDA:664,107,0,0
BRDA:664,107,1,0
BRDA:664,108,0,0
BRDA:664,108,1,0
BRDA:666,109,0,0
BRDA:666,109,1,0
BRDA:668,110,0,0
BRDA:668,110,1,0
BRDA:668,111,0,0
BRDA:668,111,1,0
BRDA:674,112,0,0
BRDA:674,112,1,0
BRDA:678,113,0,0
BRDA:678,113,1,0
BRDA:678,114,0,0
BRDA:678,114,1,0
BRDA:682,115,0,0
BRDA:682,115,1,0
BRDA:682,116,0,0
BRDA:682,116,1,0
BRDA:687,117,0,0
BRDA:687,117,1,0
BRDA:689,118,0,0
BRDA:689,118,1,0
BRDA:689,119,0,0
BRDA:689,119,1,0
BRDA:692,120,0,0
BRDA:692,120,1,0
BRDA:694,121,0,0
BRDA:694,121,1,0
BRDA:700,122,0,0
BRDA:700,122,1,0
BRDA:702,123,0,0
BRDA:702,123,1,0
BRDA:702,124,0,0
BRDA:702,124,1,0
BRDA:705,125,0,0
BRDA:705,125,1,0
BRDA:712,126,0,0
BRDA:712,126,1,0
BRDA:712,127,0,0
BRDA:712,127,1,0
BRDA:715,128,0,0
BRDA:715,128,1,0
BRDA:725,129,0,0
BRDA:725,129,1,0
BRDA:725,130,0,0
BRDA:725,130,1,0
BRDA:726,131,0,0
BRDA:726,131,1,0
BRDA:726,132,0,0
BRDA:726,132,1,0
BRDA:727,133,0,0
BRDA:727,133,1,0
BRDA:727,134,0,0
BRDA:727,134,1,0
BRDA:728,135,0,0
BRDA:728,135,1,0
BRDA:728,136,0,0
BRDA:728,136,1,0
BRDA:729,137,0,0
BRDA:729,137,1,0
BRDA:729,138,0,0
BRDA:729,138,1,0
BRDA:730,139,0,0
BRDA:730,139,1,0
BRDA:731,140,0,0
BRDA:731,140,1,0
BRDA:731,141,0,0
BRDA:731,141,1,0
BRDA:734,142,0,0
BRDA:734,142,1,0
BRDA:734,143,0,0
BRDA:734,143,1,0
BRDA:737,144,0,0
BRDA:737,144,1,0
BRDA:737,145,0,0
BRDA:737,145,1,0
BRDA:741,146,0,0
BRDA:741,146,1,0
BRDA:742,147,0,0
BRDA:742,147,1,0
BRDA:742,148,0,0
BRDA:742,148,1,0
BRDA:745,149,0,0
BRDA:745,149,1,0
BRDA:745,150,0,0
BRDA:745,150,1,0
BRDA:748,151,0,0
BRDA:748,151,1,0
BRDA:748,152,0,0
BRDA:748,152,1,0
BRDA:751,153,0,0
BRDA:751,153,1,0
BRDA:751,154,0,0
BRDA:751,154,1,0
BRDA:751,154,2,0
BRDA:761,155,0,0
BRDA:761,155,1,0
BRF:325
BRH:9
end_of_record
TN:
SF:src\services\cv\cv.service.js
FN:34,(anonymous_0)
FN:71,(anonymous_1)
FN:85,(anonymous_2)
FN:99,(anonymous_3)
FN:160,(anonymous_4)
FN:224,(anonymous_5)
FN:289,(anonymous_6)
FN:293,(anonymous_7)
FN:360,(anonymous_8)
FN:363,(anonymous_9)
FN:390,(anonymous_10)
FN:427,(anonymous_11)
FN:433,(anonymous_12)
FN:451,(anonymous_13)
FN:478,(anonymous_14)
FN:490,(anonymous_15)
FN:495,(anonymous_16)
FN:517,(anonymous_17)
FN:533,(anonymous_18)
FN:541,(anonymous_19)
FN:556,(anonymous_20)
FN:571,(anonymous_21)
FN:579,(anonymous_22)
FN:587,(anonymous_23)
FN:595,(anonymous_24)
FN:603,(anonymous_25)
FN:606,(anonymous_26)
FN:614,(anonymous_27)
FN:622,(anonymous_28)
FN:628,(anonymous_29)
FN:636,(anonymous_30)
FN:679,(anonymous_31)
FNF:32
FNH:1
FNDA:0,(anonymous_0)
FNDA:0,(anonymous_1)
FNDA:0,(anonymous_2)
FNDA:0,(anonymous_3)
FNDA:0,(anonymous_4)
FNDA:0,(anonymous_5)
FNDA:0,(anonymous_6)
FNDA:0,(anonymous_7)
FNDA:0,(anonymous_8)
FNDA:0,(anonymous_9)
FNDA:0,(anonymous_10)
FNDA:0,(anonymous_11)
FNDA:0,(anonymous_12)
FNDA:0,(anonymous_13)
FNDA:0,(anonymous_14)
FNDA:0,(anonymous_15)
FNDA:0,(anonymous_16)
FNDA:0,(anonymous_17)
FNDA:0,(anonymous_18)
FNDA:0,(anonymous_19)
FNDA:0,(anonymous_20)
FNDA:0,(anonymous_21)
FNDA:0,(anonymous_22)
FNDA:0,(anonymous_23)
FNDA:0,(anonymous_24)
FNDA:0,(anonymous_25)
FNDA:0,(anonymous_26)
FNDA:0,(anonymous_27)
FNDA:0,(anonymous_28)
FNDA:0,(anonymous_29)
FNDA:1,(anonymous_30)
FNDA:0,(anonymous_31)
DA:1,5
DA:2,5
DA:3,5
DA:4,5
DA:5,5
DA:6,5
DA:9,5
DA:12,5
DA:13,5
DA:14,5
DA:15,5
DA:16,5
DA:17,5
DA:18,5
DA:19,5
DA:35,0
DA:37,0
DA:40,0
DA:43,0
DA:58,0
DA:61,0
DA:64,0
DA:67,0
DA:68,0
DA:71,0
DA:72,0
DA:75,0
DA:77,0
DA:78,0
DA:86,0
DA:87,0
DA:88,0
DA:90,0
DA:100,0
DA:102,0
DA:112,0
DA:113,0
DA:116,0
DA:117,0
DA:121,0
DA:122,0
DA:123,0
DA:127,0
DA:128,0
DA:132,0
DA:133,0
DA:134,0
DA:138,0
DA:139,0
DA:140,0
DA:141,0
DA:144,0
DA:146,0
DA:148,0
DA:149,0
DA:161,0
DA:163,0
DA:164,0
DA:165,0
DA:169,0
DA:170,0
DA:174,0
DA:177,0
DA:178,0
DA:182,0
DA:183,0
DA:184,0
DA:187,0
DA:197,0
DA:199,0
DA:209,0
DA:210,0
DA:225,0
DA:227,0
DA:228,0
DA:229,0
DA:233,0
DA:234,0
DA:238,0
DA:239,0
DA:240,0
DA:244,0
DA:245,0
DA:248,0
DA:251,0
DA:252,0
DA:253,0
DA:255,0
DA:258,0
DA:259,0
DA:263,0
DA:264,0
DA:268,0
DA:275,0
DA:277,0
DA:278,0
DA:290,0
DA:292,0
DA:293,0
DA:296,0
DA:298,0
DA:299,0
DA:300,0
DA:301,0
DA:302,0
DA:305,0
DA:306,0
DA:307,0
DA:308,0
DA:309,0
DA:311,0
DA:313,0
DA:317,0
DA:325,0
DA:327,0
DA:330,0
DA:331,0
DA:332,0
DA:333,0
DA:334,0
DA:335,0
DA:337,0
DA:338,0
DA:339,0
DA:341,0
DA:342,0
DA:347,0
DA:348,0
DA:350,0
DA:361,0
DA:362,0
DA:363,0
DA:366,0
DA:367,0
DA:368,0
DA:369,0
DA:372,0
DA:373,0
DA:374,0
DA:375,0
DA:378,0
DA:391,0
DA:393,0
DA:394,0
DA:395,0
DA:399,0
DA:400,0
DA:404,0
DA:408,0
DA:409,0
DA:413,0
DA:414,0
DA:417,0
DA:419,0
DA:420,0
DA:428,0
DA:431,0
DA:432,0
DA:433,0
DA:437,0
DA:438,0
DA:441,0
DA:445,0
DA:452,0
DA:453,0
DA:454,0
DA:457,0
DA:463,0
DA:464,0
DA:465,0
DA:466,0
DA:470,0
DA:471,0
DA:472,0
DA:479,0
DA:480,0
DA:481,0
DA:483,0
DA:484,0
DA:491,0
DA:493,0
DA:494,0
DA:495,0
DA:499,0
DA:500,0
DA:503,0
DA:504,0
DA:510,0
DA:511,0
DA:519,0
DA:520,0
DA:522,0
DA:527,0
DA:534,0
DA:535,0
DA:543,0
DA:546,0
DA:547,0
DA:550,0
DA:558,0
DA:561,0
DA:562,0
DA:563,0
DA:565,0
DA:572,0
DA:573,0
DA:580,0
DA:581,0
DA:588,0
DA:589,0
DA:596,0
DA:597,0
DA:605,0
DA:606,0
DA:607,0
DA:609,0
DA:613,0
DA:614,0
DA:615,0
DA:617,0
DA:621,0
DA:622,0
DA:623,0
DA:627,0
DA:628,0
DA:629,0
DA:638,1
DA:639,1
DA:640,1
DA:641,1
DA:642,1
DA:645,1
DA:646,1
DA:647,1
DA:649,1
DA:650,1
DA:652,1
DA:653,1
DA:658,1
DA:659,1
DA:660,1
DA:662,1
DA:663,1
DA:665,1
DA:666,1
DA:668,1
DA:671,1
DA:681,0
DA:683,0
DA:685,0
DA:686,0
DA:689,0
DA:690,0
DA:693,0
DA:697,5
LF:255
LH:37
BRDA:68,0,0,0
BRDA:68,0,1,0
BRDA:87,1,0,0
BRDA:87,1,1,0
BRDA:112,2,0,0
BRDA:112,2,1,0
BRDA:116,3,0,0
BRDA:116,3,1,0
BRDA:122,4,0,0
BRDA:122,4,1,0
BRDA:127,5,0,0
BRDA:127,5,1,0
BRDA:127,6,0,0
BRDA:127,6,1,0
BRDA:133,7,0,0
BRDA:133,7,1,0
BRDA:160,8,0,0
BRDA:164,9,0,0
BRDA:164,9,1,0
BRDA:169,10,0,0
BRDA:169,10,1,0
BRDA:177,11,0,0
BRDA:177,11,1,0
BRDA:182,12,0,0
BRDA:182,12,1,0
BRDA:183,13,0,0
BRDA:183,13,1,0
BRDA:224,14,0,0
BRDA:224,15,0,0
BRDA:228,16,0,0
BRDA:228,16,1,0
BRDA:233,17,0,0
BRDA:233,17,1,0
BRDA:239,18,0,0
BRDA:239,18,1,0
BRDA:244,19,0,0
BRDA:244,19,1,0
BRDA:244,20,0,0
BRDA:244,20,1,0
BRDA:252,21,0,0
BRDA:252,21,1,0
BRDA:258,22,0,0
BRDA:258,22,1,0
BRDA:258,23,0,0
BRDA:258,23,1,0
BRDA:263,24,0,0
BRDA:263,24,1,0
BRDA:263,25,0,0
BRDA:263,25,1,0
BRDA:289,26,0,0
BRDA:293,27,0,0
BRDA:293,27,1,0
BRDA:296,28,0,0
BRDA:296,28,1,0
BRDA:298,29,0,0
BRDA:298,29,1,0
BRDA:300,30,0,0
BRDA:300,30,1,0
BRDA:301,31,0,0
BRDA:301,31,1,0
BRDA:306,32,0,0
BRDA:306,32,1,0
BRDA:306,33,0,0
BRDA:306,33,1,0
BRDA:306,33,2,0
BRDA:308,34,0,0
BRDA:308,34,1,0
BRDA:319,35,0,0
BRDA:319,35,1,0
BRDA:320,36,0,0
BRDA:320,36,1,0
BRDA:331,37,0,0
BRDA:331,37,1,0
BRDA:333,38,0,0
BRDA:333,38,1,0
BRDA:333,39,0,0
BRDA:333,39,1,0
BRDA:337,40,0,0
BRDA:337,40,1,0
BRDA:341,41,0,0
BRDA:341,41,1,0
BRDA:366,42,0,0
BRDA:366,42,1,0
BRDA:373,43,0,0
BRDA:373,43,1,0
BRDA:373,44,0,0
BRDA:373,44,1,0
BRDA:373,44,2,0
BRDA:394,45,0,0
BRDA:394,45,1,0
BRDA:399,46,0,0
BRDA:399,46,1,0
BRDA:408,47,0,0
BRDA:408,47,1,0
BRDA:413,48,0,0
BRDA:413,48,1,0
BRDA:413,49,0,0
BRDA:413,49,1,0
BRDA:427,50,0,0
BRDA:431,51,0,0
BRDA:431,51,1,0
BRDA:437,52,0,0
BRDA:437,52,1,0
BRDA:453,53,0,0
BRDA:453,53,1,0
BRDA:465,54,0,0
BRDA:465,54,1,0
BRDA:480,55,0,0
BRDA:480,55,1,0
BRDA:493,56,0,0
BRDA:493,56,1,0
BRDA:493,57,0,0
BRDA:493,57,1,0
BRDA:499,58,0,0
BRDA:499,58,1,0
BRDA:499,59,0,0
BRDA:499,59,1,0
BRDA:503,60,0,0
BRDA:503,60,1,0
BRDA:534,61,0,0
BRDA:534,61,1,0
BRDA:543,62,0,0
BRDA:543,62,1,0
BRDA:546,63,0,0
BRDA:546,63,1,0
BRDA:546,64,0,0
BRDA:546,64,1,0
BRDA:558,65,0,0
BRDA:558,65,1,0
BRDA:561,66,0,0
BRDA:561,66,1,0
BRDA:562,67,0,0
BRDA:562,67,1,0
BRDA:572,68,0,0
BRDA:572,68,1,0
BRDA:580,69,0,0
BRDA:580,69,1,0
BRDA:588,70,0,0
BRDA:588,70,1,0
BRDA:596,71,0,0
BRDA:596,71,1,0
BRDA:605,72,0,0
BRDA:605,72,1,0
BRDA:605,73,0,0
BRDA:605,73,1,0
BRDA:607,74,0,0
BRDA:607,74,1,0
BRDA:609,75,0,0
BRDA:609,75,1,0
BRDA:613,76,0,0
BRDA:613,76,1,0
BRDA:613,77,0,0
BRDA:613,77,1,0
BRDA:615,78,0,0
BRDA:615,78,1,0
BRDA:617,79,0,0
BRDA:617,79,1,0
BRDA:621,80,0,0
BRDA:621,80,1,0
BRDA:621,81,0,0
BRDA:621,81,1,0
BRDA:623,82,0,0
BRDA:623,82,1,0
BRDA:627,83,0,0
BRDA:627,83,1,0
BRDA:627,84,0,0
BRDA:627,84,1,0
BRDA:629,85,0,0
BRDA:629,85,1,0
BRDA:638,86,0,1
BRDA:638,86,1,0
BRDA:638,87,0,1
BRDA:638,87,1,1
BRDA:639,88,0,1
BRDA:639,88,1,0
BRDA:639,89,0,1
BRDA:639,89,1,1
BRDA:640,90,0,1
BRDA:640,90,1,0
BRDA:640,91,0,1
BRDA:640,91,1,1
BRDA:641,92,0,1
BRDA:641,92,1,0
BRDA:641,93,0,1
BRDA:641,93,1,1
BRDA:642,94,0,1
BRDA:642,94,1,0
BRDA:642,95,0,1
BRDA:642,95,1,1
BRDA:645,96,0,1
BRDA:645,96,1,0
BRDA:646,97,0,1
BRDA:646,97,1,0
BRDA:646,98,0,1
BRDA:646,98,1,1
BRDA:649,99,0,1
BRDA:649,99,1,0
BRDA:649,100,0,1
BRDA:649,100,1,1
BRDA:652,101,0,1
BRDA:652,101,1,0
BRDA:652,102,0,1
BRDA:652,102,1,1
BRDA:658,103,0,1
BRDA:658,103,1,0
BRDA:659,104,0,1
BRDA:659,104,1,0
BRDA:659,105,0,1
BRDA:659,105,1,1
BRDA:662,106,0,1
BRDA:662,106,1,0
BRDA:662,107,0,1
BRDA:662,107,1,1
BRDA:665,108,0,1
BRDA:665,108,1,0
BRDA:665,109,0,1
BRDA:665,109,1,1
BRDA:668,110,0,1
BRDA:668,110,1,0
BRDA:668,111,0,1
BRDA:668,111,1,1
BRDA:668,111,2,1
BRDA:683,112,0,0
BRDA:683,112,1,0
BRF:224
BRH:39
end_of_record
TN:
SF:src\services\cv\cvCompletenessValidator.service.js
FN:17,(anonymous_0)
FN:31,(anonymous_1)
FN:36,(anonymous_2)
FN:50,(anonymous_3)
FN:55,(anonymous_4)
FN:70,(anonymous_5)
FN:75,(anonymous_6)
FN:88,(anonymous_7)
FN:93,(anonymous_8)
FN:106,(anonymous_9)
FN:138,(anonymous_10)
FN:167,(anonymous_11)
FN:199,validateCVCompleteness
FN:220,(anonymous_13)
FN:260,getFieldConfig
FN:271,isFieldComplete
FN:284,getCategoryCompleteness
FN:287,(anonymous_17)
FNF:18
FNH:18
FNDA:24,(anonymous_0)
FNDA:22,(anonymous_1)
FNDA:11,(anonymous_2)
FNDA:22,(anonymous_3)
FNDA:11,(anonymous_4)
FNDA:22,(anonymous_5)
FNDA:11,(anonymous_6)
FNDA:22,(anonymous_7)
FNDA:10,(anonymous_8)
FNDA:22,(anonymous_9)
FNDA:22,(anonymous_10)
FNDA:22,(anonymous_11)
FNDA:22,validateCVCompleteness
FNDA:168,(anonymous_13)
FNDA:6,getFieldConfig
FNDA:3,isFieldComplete
FNDA:1,getCategoryCompleteness
FNDA:8,(anonymous_17)
DA:11,8
DA:18,24
DA:19,24
DA:20,24
DA:21,10
DA:23,24
DA:32,22
DA:33,22
DA:34,11
DA:36,11
DA:37,11
DA:38,11
DA:42,22
DA:51,22
DA:52,22
DA:53,11
DA:55,11
DA:56,11
DA:57,11
DA:58,11
DA:62,22
DA:71,22
DA:72,22
DA:73,12
DA:75,10
DA:76,11
DA:77,11
DA:80,22
DA:89,22
DA:90,22
DA:91,12
DA:93,10
DA:94,10
DA:95,10
DA:98,22
DA:107,22
DA:109,22
DA:110,13
DA:111,13
DA:115,9
DA:116,2
DA:120,9
DA:121,1
DA:130,9
DA:139,22
DA:142,22
DA:144,14
DA:147,8
DA:148,0
DA:152,8
DA:153,0
DA:155,0
DA:159,8
DA:168,22
DA:171,22
DA:173,14
DA:177,8
DA:178,0
DA:181,8
DA:182,0
DA:185,8
DA:186,0
DA:189,8
DA:200,22
DA:201,1
DA:210,21
DA:211,21
DA:212,21
DA:220,21
DA:221,168
DA:223,168
DA:224,71
DA:227,71
DA:228,60
DA:230,71
DA:233,71
DA:238,21
DA:239,21
DA:240,21
DA:242,21
DA:261,6
DA:262,6
DA:272,3
DA:273,3
DA:275,2
DA:276,2
DA:285,1
DA:287,1
DA:288,8
DA:289,8
DA:291,8
DA:292,6
DA:299,8
DA:300,1
DA:301,1
DA:305,1
DA:308,8
LF:97
LH:91
BRDA:19,0,0,11
BRDA:19,0,1,13
BRDA:20,1,0,10
BRDA:20,1,1,14
BRDA:20,2,0,24
BRDA:20,2,1,14
BRDA:33,3,0,11
BRDA:33,3,1,11
BRDA:33,4,0,22
BRDA:33,4,1,11
BRDA:37,5,0,0
BRDA:37,5,1,11
BRDA:38,6,0,0
BRDA:38,6,1,11
BRDA:52,7,0,11
BRDA:52,7,1,11
BRDA:52,8,0,22
BRDA:52,8,1,11
BRDA:56,9,0,0
BRDA:56,9,1,11
BRDA:57,10,0,0
BRDA:57,10,1,11
BRDA:58,11,0,0
BRDA:58,11,1,11
BRDA:72,12,0,12
BRDA:72,12,1,10
BRDA:72,13,0,22
BRDA:72,13,1,10
BRDA:76,14,0,0
BRDA:76,14,1,11
BRDA:77,15,0,0
BRDA:77,15,1,11
BRDA:90,16,0,12
BRDA:90,16,1,10
BRDA:90,17,0,22
BRDA:90,17,1,10
BRDA:94,18,0,0
BRDA:94,18,1,10
BRDA:95,19,0,0
BRDA:95,19,1,10
BRDA:109,20,0,13
BRDA:109,20,1,9
BRDA:115,21,0,2
BRDA:115,21,1,7
BRDA:115,22,0,9
BRDA:115,22,1,7
BRDA:120,23,0,1
BRDA:120,23,1,8
BRDA:120,24,0,9
BRDA:120,24,1,1
BRDA:142,25,0,14
BRDA:142,25,1,8
BRDA:147,26,0,0
BRDA:147,26,1,8
BRDA:152,27,0,0
BRDA:152,27,1,8
BRDA:153,28,0,0
BRDA:153,28,1,0
BRDA:153,29,0,0
BRDA:153,29,1,0
BRDA:171,30,0,14
BRDA:171,30,1,8
BRDA:177,31,0,0
BRDA:177,31,1,8
BRDA:181,32,0,0
BRDA:181,32,1,8
BRDA:185,33,0,0
BRDA:185,33,1,8
BRDA:200,34,0,1
BRDA:200,34,1,21
BRDA:223,35,0,71
BRDA:223,35,1,97
BRDA:227,36,0,60
BRDA:227,36,1,11
BRDA:262,37,0,6
BRDA:262,37,1,2
BRDA:273,38,0,1
BRDA:273,38,1,2
BRDA:291,39,0,6
BRDA:291,39,1,2
BRDA:299,40,0,1
BRDA:299,40,1,7
BRF:82
BRH:64
end_of_record
TN:
SF:src\services\cv\cvInteractiveQuestionnaire.service.js
FN:11,_isSafeKey
FN:82,createQuestionnaireSession
FN:103,generateSessionId
FN:114,getInitialQuestions
FN:131,(anonymous_4)
FN:132,(anonymous_5)
FN:185,processResponsesAndGetNext
FN:190,(anonymous_7)
FN:192,(anonymous_8)
FN:221,(anonymous_9)
FN:222,(anonymous_10)
FN:263,(anonymous_11)
FN:264,(anonymous_12)
FN:276,finalizeQuestionnaire
FN:279,(anonymous_14)
FN:281,(anonymous_15)
FN:317,getAllPhases
FN:327,getPhaseById
FN:346,calculateProgress
FN:356,validateResponse
FN:417,(anonymous_20)
FNF:21
FNH:19
FNDA:37,_isSafeKey
FNDA:10,createQuestionnaireSession
FNDA:11,generateSessionId
FNDA:7,getInitialQuestions
FNDA:42,(anonymous_4)
FNDA:78,(anonymous_5)
FNDA:6,processResponsesAndGetNext
FNDA:8,(anonymous_7)
FNDA:14,(anonymous_8)
FNDA:33,(anonymous_9)
FNDA:101,(anonymous_10)
FNDA:20,(anonymous_11)
FNDA:36,(anonymous_12)
FNDA:1,finalizeQuestionnaire
FNDA:13,(anonymous_14)
FNDA:23,(anonymous_15)
FNDA:0,getAllPhases
FNDA:0,getPhaseById
FNDA:1,calculateProgress
FNDA:14,validateResponse
FNDA:14,(anonymous_20)
DA:7,6
DA:8,6
DA:10,6
DA:11,37
DA:17,6
DA:83,10
DA:104,11
DA:115,7
DA:116,7
DA:119,7
DA:122,7
DA:123,7
DA:124,7
DA:125,7
DA:127,7
DA:128,11
DA:129,11
DA:131,11
DA:132,78
DA:135,11
DA:136,6
DA:138,6
DA:139,6
DA:140,6
DA:141,6
DA:147,7
DA:148,1
DA:160,6
DA:186,6
DA:189,6
DA:190,6
DA:191,8
DA:192,14
DA:193,8
DA:195,8
DA:196,6
DA:197,3
DA:199,6
DA:202,8
DA:205,6
DA:206,6
DA:209,6
DA:210,6
DA:213,6
DA:214,6
DA:215,6
DA:217,6
DA:218,6
DA:219,6
DA:221,6
DA:222,101
DA:225,6
DA:226,4
DA:228,4
DA:229,4
DA:230,4
DA:231,4
DA:237,6
DA:238,2
DA:250,4
DA:264,36
DA:278,1
DA:279,1
DA:280,13
DA:281,23
DA:282,13
DA:284,13
DA:285,10
DA:286,5
DA:288,10
DA:291,13
DA:294,1
DA:296,1
DA:318,0
DA:328,0
DA:329,0
DA:331,0
DA:333,0
DA:347,1
DA:357,14
DA:360,14
DA:361,2
DA:368,14
DA:369,12
DA:371,3
DA:372,3
DA:373,2
DA:378,3
DA:381,0
DA:382,0
DA:383,0
DA:388,0
DA:391,2
DA:392,2
DA:393,0
DA:397,2
DA:398,1
DA:403,2
DA:406,0
DA:407,0
DA:412,0
DA:416,5
DA:417,14
DA:418,5
DA:419,2
DA:425,5
DA:428,2
DA:429,1
DA:434,2
DA:438,14
DA:444,6
LF:111
LH:98
BRDA:11,0,0,37
BRDA:11,0,1,37
BRDA:11,0,2,37
BRDA:82,1,0,0
BRDA:86,2,0,9
BRDA:86,2,1,1
BRDA:114,3,0,0
BRDA:114,4,0,2
BRDA:115,5,0,7
BRDA:115,5,1,2
BRDA:135,6,0,6
BRDA:135,6,1,5
BRDA:138,7,0,6
BRDA:138,7,1,0
BRDA:147,8,0,1
BRDA:147,8,1,6
BRDA:185,9,0,0
BRDA:186,10,0,6
BRDA:186,10,1,0
BRDA:192,11,0,0
BRDA:192,11,1,8
BRDA:196,12,0,3
BRDA:196,12,1,3
BRDA:196,13,0,6
BRDA:196,13,1,3
BRDA:225,14,0,4
BRDA:225,14,1,2
BRDA:228,15,0,4
BRDA:228,15,1,0
BRDA:237,16,0,2
BRDA:237,16,1,4
BRDA:241,17,0,0
BRDA:241,17,1,2
BRDA:281,18,0,0
BRDA:281,18,1,13
BRDA:285,19,0,5
BRDA:285,19,1,5
BRDA:285,20,0,10
BRDA:285,20,1,5
BRDA:303,21,0,1
BRDA:303,21,1,0
BRDA:306,22,0,1
BRDA:306,22,1,0
BRDA:327,23,0,0
BRDA:328,24,0,0
BRDA:328,24,1,0
BRDA:331,25,0,0
BRDA:331,25,1,0
BRDA:360,26,0,2
BRDA:360,26,1,12
BRDA:360,27,0,14
BRDA:360,27,1,14
BRDA:360,27,2,14
BRDA:360,27,3,14
BRDA:368,28,0,12
BRDA:368,28,1,2
BRDA:368,29,0,14
BRDA:368,29,1,14
BRDA:368,29,2,14
BRDA:369,30,0,3
BRDA:369,30,1,0
BRDA:369,30,2,2
BRDA:369,30,3,0
BRDA:369,30,4,2
BRDA:369,30,5,5
BRDA:369,30,6,2
BRDA:372,31,0,2
BRDA:372,31,1,1
BRDA:382,32,0,0
BRDA:382,32,1,0
BRDA:392,33,0,0
BRDA:392,33,1,2
BRDA:397,34,0,1
BRDA:397,34,1,1
BRDA:397,35,0,2
BRDA:397,35,1,2
BRDA:406,36,0,0
BRDA:406,36,1,0
BRDA:406,37,0,0
BRDA:406,37,1,0
BRDA:406,37,2,0
BRDA:406,37,3,0
BRDA:406,37,4,0
BRDA:408,38,0,0
BRDA:408,38,1,0
BRDA:408,39,0,0
BRDA:408,39,1,0
BRDA:409,40,0,0
BRDA:409,40,1,0
BRDA:409,41,0,0
BRDA:409,41,1,0
BRDA:416,42,0,5
BRDA:416,42,1,0
BRDA:418,43,0,2
BRDA:418,43,1,3
BRDA:428,44,0,1
BRDA:428,44,1,1
BRDA:428,45,0,2
BRDA:428,45,1,2
BRF:99
BRH:62
end_of_record
TN:
SF:src\services\cv\cvQuestionsGenerator.service.js
FN:431,generateQuestionsForMissingFields
FN:438,(anonymous_1)
FN:457,(anonymous_2)
FN:469,generateConditionalQuestions
FN:473,(anonymous_4)
FN:491,shouldAskQuestion
FN:524,getQuestionsByCategory
FN:528,(anonymous_7)
FNF:8
FNH:8
FNDA:29,generateQuestionsForMissingFields
FNDA:47,(anonymous_1)
FNDA:24,(anonymous_2)
FNDA:18,generateConditionalQuestions
FNDA:29,(anonymous_4)
FNDA:34,shouldAskQuestion
FNDA:4,getQuestionsByCategory
FNDA:7,(anonymous_7)
DA:7,6
DA:13,6
DA:432,29
DA:433,29
DA:436,29
DA:438,29
DA:440,47
DA:441,47
DA:444,47
DA:446,47
DA:447,47
DA:456,29
DA:457,29
DA:459,29
DA:470,18
DA:471,18
DA:473,18
DA:475,29
DA:477,29
DA:478,25
DA:482,18
DA:495,34
DA:496,4
DA:500,30
DA:501,4
DA:505,26
DA:506,2
DA:510,24
DA:511,1
DA:515,23
DA:525,4
DA:526,4
DA:528,4
DA:529,7
DA:530,7
DA:532,7
DA:533,6
DA:536,7
DA:539,4
DA:542,6
LF:40
LH:40
BRDA:431,0,0,5
BRDA:433,1,0,28
BRDA:433,1,1,1
BRDA:444,2,0,47
BRDA:444,2,1,2
BRDA:444,2,2,2
BRDA:446,3,0,47
BRDA:446,3,1,0
BRDA:446,4,0,47
BRDA:446,4,1,47
BRDA:450,5,0,47
BRDA:450,5,1,0
BRDA:469,6,0,8
BRDA:477,7,0,25
BRDA:477,7,1,4
BRDA:495,8,0,4
BRDA:495,8,1,30
BRDA:500,9,0,4
BRDA:500,9,1,26
BRDA:505,10,0,2
BRDA:505,10,1,24
BRDA:510,11,0,1
BRDA:510,11,1,23
BRDA:524,12,0,3
BRDA:530,13,0,7
BRDA:530,13,1,0
BRDA:532,14,0,6
BRDA:532,14,1,1
BRF:28
BRH:25
end_of_record
TN:
SF:src\services\cv\extractors\achievementsExtractor.js
FN:11,(anonymous_0)
FN:55,(anonymous_1)
FN:58,(anonymous_2)
FN:64,(anonymous_3)
FN:66,(anonymous_4)
FN:72,(anonymous_5)
FN:74,(anonymous_6)
FN:80,(anonymous_7)
FN:84,(anonymous_8)
FN:92,(anonymous_9)
FN:118,(anonymous_10)
FN:138,(anonymous_11)
FN:142,(anonymous_12)
FN:150,(anonymous_13)
FN:156,(anonymous_14)
FN:185,(anonymous_15)
FN:189,(anonymous_16)
FN:197,(anonymous_17)
FN:215,(anonymous_18)
FN:232,(anonymous_19)
FN:236,(anonymous_20)
FN:237,(anonymous_21)
FN:263,(anonymous_22)
FN:264,(anonymous_23)
FNF:24
FNH:24
FNDA:5,(anonymous_0)
FNDA:4,(anonymous_1)
FNDA:32,(anonymous_2)
FNDA:4,(anonymous_3)
FNDA:17,(anonymous_4)
FNDA:4,(anonymous_5)
FNDA:13,(anonymous_6)
FNDA:1,(anonymous_7)
FNDA:2,(anonymous_8)
FNDA:5,(anonymous_9)
FNDA:2,(anonymous_10)
FNDA:1,(anonymous_11)
FNDA:1,(anonymous_12)
FNDA:3,(anonymous_13)
FNDA:2,(anonymous_14)
FNDA:1,(anonymous_15)
FNDA:1,(anonymous_16)
FNDA:3,(anonymous_17)
FNDA:2,(anonymous_18)
FNDA:1,(anonymous_19)
FNDA:1,(anonymous_20)
FNDA:2,(anonymous_21)
FNDA:4,(anonymous_22)
FNDA:5,(anonymous_23)
DA:1,6
DA:12,5
DA:13,1
DA:20,4
DA:26,4
DA:27,4
DA:30,4
DA:31,1
DA:34,4
DA:35,1
DA:38,4
DA:39,1
DA:43,4
DA:46,1
DA:49,4
DA:56,4
DA:58,32
DA:65,4
DA:66,17
DA:73,4
DA:74,13
DA:81,1
DA:82,1
DA:84,1
DA:85,2
DA:92,5
DA:93,2
DA:94,2
DA:97,2
DA:98,2
DA:99,2
DA:102,2
DA:103,2
DA:104,1
DA:107,2
DA:108,2
DA:112,1
DA:119,2
DA:120,2
DA:121,2
DA:123,0
DA:124,0
DA:126,0
DA:127,0
DA:129,0
DA:130,0
DA:132,0
DA:139,1
DA:140,1
DA:142,1
DA:143,1
DA:150,3
DA:151,1
DA:152,1
DA:155,1
DA:156,2
DA:159,1
DA:160,1
DA:161,1
DA:165,1
DA:166,1
DA:167,1
DA:168,1
DA:171,1
DA:172,1
DA:173,1
DA:174,1
DA:175,1
DA:179,1
DA:186,1
DA:187,1
DA:189,1
DA:190,1
DA:197,3
DA:198,1
DA:199,1
DA:203,1
DA:204,1
DA:205,1
DA:206,1
DA:209,1
DA:210,1
DA:211,1
DA:214,1
DA:215,2
DA:218,1
DA:219,1
DA:220,1
DA:221,1
DA:222,1
DA:226,1
DA:233,1
DA:234,1
DA:236,1
DA:237,2
DA:238,1
DA:239,1
DA:245,1
DA:246,1
DA:247,1
DA:250,1
DA:251,1
DA:253,1
DA:257,1
DA:264,5
DA:268,6
LF:106
LH:99
BRDA:12,0,0,1
BRDA:12,0,1,4
BRDA:12,1,0,5
BRDA:12,1,1,4
BRDA:30,2,0,1
BRDA:30,2,1,3
BRDA:34,3,0,1
BRDA:34,3,1,3
BRDA:38,4,0,1
BRDA:38,4,1,3
BRDA:43,5,0,1
BRDA:43,5,1,3
BRDA:43,6,0,4
BRDA:43,6,1,3
BRDA:43,6,2,2
BRDA:93,7,0,2
BRDA:93,7,1,0
BRDA:98,8,0,2
BRDA:98,8,1,0
BRDA:103,9,0,1
BRDA:103,9,1,1
BRDA:107,10,0,2
BRDA:107,10,1,0
BRDA:120,11,0,2
BRDA:120,11,1,0
BRDA:120,12,0,2
BRDA:120,12,1,2
BRDA:120,12,2,1
BRDA:123,13,0,0
BRDA:123,13,1,0
BRDA:123,14,0,0
BRDA:123,14,1,0
BRDA:126,15,0,0
BRDA:126,15,1,0
BRDA:126,16,0,0
BRDA:126,16,1,0
BRDA:129,17,0,0
BRDA:129,17,1,0
BRDA:151,18,0,1
BRDA:151,18,1,0
BRDA:155,19,0,1
BRDA:155,19,1,0
BRDA:160,20,0,1
BRDA:160,20,1,0
BRDA:167,21,0,1
BRDA:167,21,1,0
BRDA:171,22,0,1
BRDA:171,22,1,0
BRDA:172,23,0,0
BRDA:172,23,1,1
BRDA:173,24,0,0
BRDA:173,24,1,1
BRDA:174,25,0,0
BRDA:174,25,1,1
BRDA:198,26,0,1
BRDA:198,26,1,0
BRDA:205,27,0,1
BRDA:205,27,1,0
BRDA:210,28,0,1
BRDA:210,28,1,0
BRDA:214,29,0,1
BRDA:214,29,1,0
BRDA:218,30,0,1
BRDA:218,30,1,0
BRDA:219,31,0,0
BRDA:219,31,1,1
BRDA:220,32,0,0
BRDA:220,32,1,1
BRDA:221,33,0,0
BRDA:221,33,1,1
BRDA:238,34,0,1
BRDA:238,34,1,0
BRDA:241,35,0,1
BRDA:241,35,1,0
BRDA:246,36,0,1
BRDA:246,36,1,0
BRDA:250,37,0,0
BRDA:250,37,1,1
BRDA:251,38,0,0
BRDA:251,38,1,1
BRF:80
BRH:45
end_of_record
TN:
SF:src\services\cv\extractors\certificationsExtractor.js
FN:11,(anonymous_0)
FN:22,(anonymous_1)
FN:35,(anonymous_2)
FN:40,(anonymous_3)
FN:66,(anonymous_4)
FN:70,(anonymous_5)
FN:76,(anonymous_6)
FN:77,(anonymous_7)
FNF:8
FNH:8
FNDA:3,(anonymous_0)
FNDA:2,(anonymous_1)
FNDA:1,(anonymous_2)
FNDA:10,(anonymous_3)
FNDA:7,(anonymous_4)
FNDA:56,(anonymous_5)
FNDA:2,(anonymous_6)
FNDA:9,(anonymous_7)
DA:1,6
DA:12,3
DA:13,2
DA:16,1
DA:17,1
DA:20,1
DA:22,1
DA:23,2
DA:24,2
DA:25,2
DA:29,1
DA:36,1
DA:37,1
DA:38,1
DA:40,1
DA:41,10
DA:43,10
DA:44,1
DA:45,1
DA:46,1
DA:48,1
DA:49,0
DA:52,9
DA:56,1
DA:57,1
DA:60,1
DA:67,7
DA:69,7
DA:70,56
DA:77,9
DA:78,2
DA:80,2
DA:90,2
DA:93,2
DA:94,2
DA:96,2
DA:97,1
DA:102,2
DA:103,2
DA:104,2
DA:105,2
DA:106,1
DA:111,2
DA:112,2
DA:113,2
DA:114,2
DA:118,2
DA:119,2
DA:120,2
DA:124,2
DA:125,2
DA:126,2
DA:127,2
DA:128,2
DA:130,2
DA:134,6
LF:56
LH:55
BRDA:12,0,0,2
BRDA:12,0,1,1
BRDA:12,1,0,3
BRDA:12,1,1,1
BRDA:24,2,0,2
BRDA:24,2,1,0
BRDA:24,3,0,2
BRDA:24,3,1,2
BRDA:43,4,0,1
BRDA:43,4,1,9
BRDA:43,5,0,10
BRDA:43,5,1,9
BRDA:43,5,2,7
BRDA:44,6,0,1
BRDA:44,6,1,0
BRDA:48,7,0,0
BRDA:48,7,1,1
BRDA:56,8,0,1
BRDA:56,8,1,0
BRDA:70,9,0,7
BRDA:70,9,1,0
BRDA:78,10,0,0
BRDA:78,10,1,2
BRDA:93,11,0,2
BRDA:93,11,1,0
BRDA:96,12,0,1
BRDA:96,12,1,1
BRDA:103,13,0,2
BRDA:103,13,1,0
BRDA:105,14,0,1
BRDA:105,14,1,1
BRDA:113,15,0,2
BRDA:113,15,1,0
BRDA:119,16,0,2
BRDA:119,16,1,0
BRDA:124,17,0,1
BRDA:124,17,1,1
BRDA:125,18,0,0
BRDA:125,18,1,2
BRDA:126,19,0,1
BRDA:126,19,1,1
BRDA:127,20,0,0
BRDA:127,20,1,2
BRDA:128,21,0,0
BRDA:128,21,1,2
BRF:45
BRH:32
end_of_record
TN:
SF:src\services\cv\extractors\contactExtractor.js
FN:11,(anonymous_0)
FN:36,(anonymous_1)
FN:55,(anonymous_2)
[...]
DA:688,0
DA:690,0
DA:691,0
DA:694,0
DA:695,0
DA:697,0
DA:698,0
DA:700,0
DA:701,0
DA:704,0
DA:712,0
DA:713,0
DA:714,0
DA:715,0
DA:723,1
DA:724,0
DA:725,0
DA:726,0
DA:734,0
DA:735,0
DA:736,0
DA:737,0
DA:745,1
DA:746,0
DA:747,0
DA:748,0
DA:756,0
DA:757,0
DA:758,0
DA:759,0
DA:767,0
DA:768,0
DA:769,0
DA:770,0
DA:778,0
DA:779,0
DA:780,0
DA:781,0
DA:782,0
DA:792,0
DA:794,0
DA:795,0
DA:798,0
DA:805,0
DA:816,0
DA:817,0
DA:819,0
DA:833,0
DA:834,0
DA:836,0
DA:837,0
DA:844,0
DA:845,0
DA:852,0
DA:853,0
DA:860,0
DA:868,0
DA:869,0
DA:871,0
DA:872,0
DA:880,0
DA:881,0
DA:889,0
DA:890,0
DA:898,0
DA:913,0
DA:915,0
DA:920,0
DA:921,0
DA:924,0
DA:928,0
DA:929,0
DA:944,0
DA:945,0
DA:946,0
DA:948,0
DA:949,0
DA:958,0
DA:970,0
DA:971,0
DA:990,0
DA:995,0
DA:996,0
DA:999,0
DA:1004,0
DA:1005,0
DA:1008,0
DA:1019,0
DA:1028,0
DA:1030,0
DA:1041,0
DA:1047,11
LF:277
LH:39
BRDA:92,0,0,0
BRDA:95,1,0,0
BRDA:95,1,1,0
BRDA:162,2,0,0
BRDA:162,2,1,5
BRDA:195,3,0,0
BRDA:195,3,1,1
BRDA:212,4,0,5
BRDA:212,4,1,0
BRDA:212,5,0,5
BRDA:212,5,1,5
BRDA:216,6,0,5
BRDA:216,6,1,0
BRDA:216,7,0,5
BRDA:216,7,1,5
BRDA:218,8,0,0
BRDA:218,8,1,0
BRDA:231,9,0,1
BRDA:231,9,1,0
BRDA:257,10,0,0
BRDA:257,10,1,0
BRDA:261,11,0,0
BRDA:261,11,1,0
BRDA:270,12,0,0
BRDA:270,12,1,0
BRDA:289,13,0,0
BRDA:289,13,1,0
BRDA:302,14,0,0
BRDA:302,14,1,0
BRDA:302,14,2,0
BRDA:302,14,3,0
BRDA:315,15,0,0
BRDA:315,15,1,0
BRDA:341,16,0,0
BRDA:341,16,1,0
BRDA:341,17,0,0
BRDA:341,17,1,0
BRDA:349,18,0,0
BRDA:349,18,1,0
BRDA:349,19,0,0
BRDA:349,19,1,0
BRDA:363,20,0,0
BRDA:363,20,1,0
BRDA:367,21,0,0
BRDA:367,21,1,0
BRDA:395,22,0,0
BRDA:395,22,1,0
BRDA:402,23,0,0
BRDA:402,23,1,0
BRDA:402,24,0,0
BRDA:402,24,1,0
BRDA:411,25,0,0
BRDA:411,25,1,0
BRDA:411,26,0,0
BRDA:411,26,1,0
BRDA:420,27,0,0
BRDA:420,27,1,0
BRDA:420,28,0,0
BRDA:420,28,1,0
BRDA:429,29,0,0
BRDA:429,29,1,0
BRDA:429,30,0,0
BRDA:429,30,1,0
BRDA:439,31,0,0
BRDA:439,31,1,0
BRDA:439,32,0,0
BRDA:439,32,1,0
BRDA:457,33,0,0
BRDA:457,33,1,0
BRDA:473,34,0,0
BRDA:473,34,1,0
BRDA:494,35,0,0
BRDA:494,35,1,0
BRDA:533,36,0,0
BRDA:533,36,1,0
BRDA:533,37,0,0
BRDA:533,37,1,0
BRDA:538,38,0,0
BRDA:538,38,1,0
BRDA:538,38,2,0
BRDA:539,39,0,0
BRDA:539,39,1,0
BRDA:539,39,2,0
BRDA:540,40,0,0
BRDA:540,40,1,0
BRDA:540,40,2,0
BRDA:543,41,0,0
BRDA:543,41,1,0
BRDA:544,42,0,0
BRDA:544,42,1,0
BRDA:558,43,0,0
BRDA:558,43,1,0
BRDA:572,44,0,0
BRDA:572,44,1,0
BRDA:586,45,0,0
BRDA:586,45,1,0
BRDA:586,46,0,0
BRDA:586,46,1,0
BRDA:599,47,0,0
BRDA:599,47,1,0
BRDA:599,48,0,0
BRDA:599,48,1,0
BRDA:613,49,0,0
BRDA:613,49,1,0
BRDA:637,50,0,0
BRDA:637,50,1,0
BRDA:637,50,2,0
BRDA:637,50,3,0
BRDA:638,51,0,0
BRDA:638,51,1,0
BRDA:653,52,0,0
BRDA:653,52,1,0
BRDA:660,53,0,0
BRDA:660,53,1,0
BRDA:690,54,0,0
BRDA:690,54,1,0
BRDA:690,55,0,0
BRDA:690,55,1,0
BRDA:694,56,0,0
BRDA:694,56,1,0
BRDA:694,57,0,0
BRDA:694,57,1,0
BRDA:697,58,0,0
BRDA:697,58,1,0
BRDA:700,59,0,0
BRDA:700,59,1,0
BRDA:700,60,0,0
BRDA:700,60,1,0
BRDA:712,61,0,0
BRDA:712,61,1,0
BRDA:723,62,0,1
BRDA:723,62,1,0
BRDA:724,63,0,0
BRDA:724,63,1,0
BRDA:725,64,0,0
BRDA:725,64,1,0
BRDA:734,65,0,0
BRDA:734,65,1,0
BRDA:735,66,0,0
BRDA:735,66,1,0
BRDA:736,67,0,0
BRDA:736,67,1,0
BRDA:745,68,0,1
BRDA:745,68,1,0
BRDA:746,69,0,0
BRDA:746,69,1,0
BRDA:747,70,0,0
BRDA:747,70,1,0
BRDA:756,71,0,0
BRDA:756,71,1,0
BRDA:757,72,0,0
BRDA:757,72,1,0
BRDA:758,73,0,0
BRDA:758,73,1,0
BRDA:767,74,0,0
BRDA:767,74,1,0
BRDA:768,75,0,0
BRDA:768,75,1,0
BRDA:769,76,0,0
BRDA:769,76,1,0
BRDA:778,77,0,0
BRDA:778,77,1,0
BRDA:779,78,0,0
BRDA:779,78,1,0
BRDA:780,79,0,0
BRDA:780,79,1,0
BRDA:781,80,0,0
BRDA:781,80,1,0
BRDA:791,81,0,0
BRDA:794,82,0,0
BRDA:794,82,1,0
BRDA:823,83,0,0
BRDA:823,83,1,0
BRDA:824,84,0,0
BRDA:824,84,1,0
BRDA:836,85,0,0
BRDA:836,85,1,0
BRDA:844,86,0,0
BRDA:844,86,1,0
BRDA:852,87,0,0
BRDA:852,87,1,0
BRDA:852,88,0,0
BRDA:852,88,1,0
BRDA:871,89,0,0
BRDA:871,89,1,0
BRDA:880,90,0,0
BRDA:880,90,1,0
BRDA:889,91,0,0
BRDA:889,91,1,0
BRDA:889,92,0,0
BRDA:889,92,1,0
BRDA:912,93,0,0
BRDA:920,94,0,0
BRDA:920,94,1,0
BRDA:924,95,0,0
BRDA:924,95,1,0
BRDA:924,95,2,0
BRDA:928,96,0,0
BRDA:928,96,1,0
BRDA:945,97,0,0
BRDA:945,97,1,0
BRDA:948,98,0,0
BRDA:948,98,1,0
BRDA:948,99,0,0
BRDA:948,99,1,0
BRDA:989,100,0,0
BRDA:995,101,0,0
BRDA:995,101,1,0
BRDA:999,102,0,0
BRDA:999,102,1,0
BRDA:999,102,2,0
BRDA:999,102,3,0
BRDA:1004,103,0,0
BRDA:1004,103,1,0
BRDA:1023,104,0,0
BRDA:1023,104,1,0
BRF:216
BRH:11
end_of_record
TN:
SF:src\utils\AppError.js
FN:8,(anonymous_0)
FN:19,(anonymous_1)
FN:23,(anonymous_2)
FN:27,(anonymous_3)
FN:31,(anonymous_4)
FN:35,(anonymous_5)
FN:39,(anonymous_6)
FNF:7
FNH:7
FNDA:131,(anonymous_0)
FNDA:52,(anonymous_1)
FNDA:5,(anonymous_2)
FNDA:19,(anonymous_3)
FNDA:28,(anonymous_4)
FNDA:4,(anonymous_5)
FNDA:2,(anonymous_6)
DA:9,131
DA:11,131
DA:12,131
DA:13,131
DA:14,131
DA:16,131
DA:20,52
DA:24,5
DA:28,19
DA:32,28
DA:36,4
DA:40,2
DA:44,72
LF:13
LH:13
BRDA:9,0,0,131
BRDA:9,0,1,4
BRF:2
BRH:2
end_of_record
TN:
SF:src\utils\bfi44ProfileMapper.js
FN:1,normalizeNumber
FN:18,toStableBfi44Profile
FNF:2
FNH:2
FNDA:10,normalizeNumber
FNDA:2,toStableBfi44Profile
DA:2,10
DA:3,10
DA:19,2
DA:21,2
DA:22,2
DA:23,2
DA:34,0
DA:36,0
DA:38,0
DA:49,22
LF:10
LH:7
BRDA:2,0,0,0
BRDA:2,0,1,10
BRDA:3,1,0,10
BRDA:3,1,1,0
BRDA:19,2,0,0
BRDA:19,2,1,2
BRDA:21,3,0,2
BRDA:21,3,1,0
BRDA:21,4,0,2
BRDA:21,4,1,2
BRDA:25,5,0,2
BRDA:25,5,1,0
BRDA:26,6,0,2
BRDA:26,6,1,0
BRDA:27,7,0,2
BRDA:27,7,1,0
BRDA:28,8,0,2
BRDA:28,8,1,0
BRDA:29,9,0,2
BRDA:29,9,1,0
BRDA:34,10,0,0
BRDA:34,10,1,0
BRDA:34,11,0,0
BRDA:34,11,1,0
BRDA:36,12,0,0
BRDA:36,12,1,0
BRDA:36,13,0,0
BRDA:36,13,1,0
BRDA:40,14,0,0
BRDA:40,14,1,0
BRDA:41,15,0,0
BRDA:41,15,1,0
BRDA:42,16,0,0
BRDA:42,16,1,0
BRDA:43,17,0,0
BRDA:43,17,1,0
BRDA:44,18,0,0
BRDA:44,18,1,0
BRF:38
BRH:11
end_of_record
TN:
SF:src\utils\cookie.js
FN:4,parseExpiresIn
FN:13,getTokenCookieOptions
FN:23,(anonymous_2)
FN:27,(anonymous_3)
FN:37,(anonymous_4)
FNF:5
FNH:5
FNDA:1,parseExpiresIn
FNDA:1,getTokenCookieOptions
FNDA:1,(anonymous_2)
FNDA:1,(anonymous_3)
FNDA:19,(anonymous_4)
DA:1,6
DA:2,6
DA:5,1
DA:6,1
DA:7,1
DA:8,1
DA:9,1
DA:10,1
DA:14,1
DA:23,6
DA:24,1
DA:27,6
DA:28,1
DA:37,6
DA:38,19
DA:41,6
LF:16
LH:16
BRDA:1,0,0,6
BRDA:1,0,1,6
BRDA:6,1,0,0
BRDA:6,1,1,1
BRDA:17,2,0,0
BRDA:17,2,1,1
BRDA:19,3,0,1
BRDA:19,3,1,0
BRDA:31,4,0,0
BRDA:31,4,1,1
BRDA:38,5,0,19
BRDA:38,5,1,19
BRF:12
BRH:8
end_of_record
TN:
SF:src\utils\cvUtils.js
FN:11,(anonymous_0)
FN:22,(anonymous_1)
FN:25,(anonymous_2)
FN:32,(anonymous_3)
FN:41,(anonymous_4)
FN:43,(anonymous_5)
FN:52,(anonymous_6)
FN:61,(anonymous_7)
FN:70,(anonymous_8)
FN:80,(anonymous_9)
FN:90,(anonymous_10)
FN:92,(anonymous_11)
FN:98,(anonymous_12)
FN:110,(anonymous_13)
FN:126,(anonymous_14)
FN:133,(anonymous_15)
FN:159,(anonymous_16)
FN:170,(anonymous_17)
FN:209,(anonymous_18)
FN:222,(anonymous_19)
FN:227,(anonymous_20)
FN:240,(anonymous_21)
FN:246,(anonymous_22)
FN:255,(anonymous_23)
FN:268,(anonymous_24)
FN:283,(anonymous_25)
FN:287,(anonymous_26)
FNF:27
FNH:23
FNDA:46,(anonymous_0)
FNDA:5,(anonymous_1)
FNDA:6,(anonymous_2)
FNDA:4,(anonymous_3)
FNDA:12,(anonymous_4)
FNDA:7,(anonymous_5)
FNDA:17,(anonymous_6)
FNDA:3,(anonymous_7)
FNDA:3,(anonymous_8)
FNDA:40,(anonymous_9)
FNDA:200,(anonymous_10)
FNDA:31,(anonymous_11)
FNDA:200,(anonymous_12)
FNDA:10,(anonymous_13)
FNDA:3,(anonymous_14)
FNDA:10,(anonymous_15)
FNDA:20,(anonymous_16)
FNDA:16,(anonymous_17)
FNDA:48,(anonymous_18)
FNDA:27,(anonymous_19)
FNDA:31,(anonymous_20)
FNDA:0,(anonymous_21)
FNDA:0,(anonymous_22)
FNDA:0,(anonymous_23)
FNDA:0,(anonymous_24)
FNDA:6,(anonymous_25)
FNDA:6,(anonymous_26)
DA:12,46
DA:13,0
DA:15,46
DA:16,46
DA:23,5
DA:24,5
DA:25,6
DA:34,4
DA:40,4
DA:41,4
DA:42,12
DA:43,12
DA:46,4
DA:53,17
DA:54,17
DA:55,17
DA:62,3
DA:63,3
DA:64,3
DA:71,3
DA:72,3
DA:73,3
DA:81,40
DA:89,40
DA:90,40
DA:91,200
DA:92,200
DA:96,40
DA:97,40
DA:98,40
DA:99,200
DA:100,4
DA:104,40
DA:111,10
DA:113,8
DA:127,3
DA:128,3
DA:129,3
DA:130,3
DA:131,3
DA:133,3
DA:134,10
DA:135,10
DA:136,10
DA:139,10
DA:144,9
DA:145,9
DA:146,9
DA:147,9
DA:148,9
DA:149,9
DA:151,9
DA:157,9
DA:158,9
DA:159,15
DA:160,20
DA:161,20
DA:164,20
DA:167,16
DA:170,16
DA:172,16
DA:175,15
DA:177,4
DA:178,2
DA:179,2
DA:182,4
DA:183,4
DA:184,4
DA:185,4
DA:192,10
DA:193,5
DA:198,3
DA:199,3
DA:200,3
DA:203,3
DA:210,48
DA:212,48
DA:223,27
DA:224,0
DA:226,27
DA:227,27
DA:228,31
DA:234,0
DA:241,0
DA:242,0
DA:245,0
DA:246,0
DA:247,0
DA:248,0
DA:254,0
DA:255,0
DA:256,0
DA:257,0
DA:262,0
DA:269,0
DA:272,0
DA:273,0
DA:276,0
DA:284,6
DA:285,6
DA:287,6
DA:288,6
DA:290,6
DA:291,0
DA:295,6
DA:299,14
LF:106
LH:87
BRDA:12,0,0,0
BRDA:12,0,1,46
BRDA:12,1,0,46
BRDA:12,1,1,46
BRDA:12,1,2,46
BRDA:24,2,0,5
BRDA:24,2,1,1
BRDA:42,3,0,12
BRDA:42,3,1,6
BRDA:54,4,0,17
BRDA:54,4,1,9
BRDA:63,5,0,3
BRDA:63,5,1,1
BRDA:64,6,0,3
BRDA:64,6,1,1
BRDA:72,7,0,3
BRDA:72,7,1,1
BRDA:73,8,0,3
BRDA:73,8,1,1
BRDA:91,9,0,200
BRDA:91,9,1,177
BRDA:99,10,0,4
BRDA:99,10,1,196
BRDA:111,11,0,2
BRDA:111,11,1,8
BRDA:139,12,0,9
BRDA:139,12,1,1
BRDA:148,13,0,9
BRDA:148,13,1,9
BRDA:151,14,0,9
BRDA:151,14,1,9
BRDA:151,14,2,5
BRDA:151,14,3,5
BRDA:151,14,4,5
BRDA:151,14,5,0
BRDA:157,15,0,9
BRDA:157,15,1,0
BRDA:164,16,0,4
BRDA:164,16,1,16
BRDA:167,17,0,0
BRDA:167,17,1,16
BRDA:170,18,0,0
BRDA:170,18,1,16
BRDA:175,19,0,4
BRDA:175,19,1,11
BRDA:177,20,0,2
BRDA:177,20,1,2
BRDA:178,21,0,2
BRDA:178,21,1,0
BRDA:192,22,0,5
BRDA:192,22,1,5
BRDA:192,23,0,10
BRDA:192,23,1,6
BRDA:198,24,0,3
BRDA:198,24,1,0
BRDA:199,25,0,3
BRDA:199,25,1,0
BRDA:210,26,0,0
BRDA:210,26,1,48
BRDA:223,27,0,0
BRDA:223,27,1,27
BRDA:226,28,0,27
BRDA:226,28,1,0
BRDA:226,29,0,27
BRDA:226,29,1,27
BRDA:228,30,0,31
BRDA:228,30,1,27
BRDA:228,30,2,27
BRDA:228,30,3,27
BRDA:231,31,0,1
BRDA:231,31,1,26
BRDA:234,32,0,0
BRDA:234,32,1,0
BRDA:234,32,2,0
BRDA:245,33,0,0
BRDA:245,33,1,0
BRDA:247,34,0,0
BRDA:247,34,1,0
BRDA:254,35,0,0
BRDA:254,35,1,0
BRDA:256,36,0,0
BRDA:256,36,1,0
BRDA:272,37,0,0
BRDA:272,37,1,0
BRDA:272,38,0,0
BRDA:272,38,1,0
BRDA:290,39,0,0
BRDA:290,39,1,6
BRDA:290,40,0,6
BRDA:290,40,1,6
BRF:90
BRH:63
end_of_record
TN:
SF:src\utils\dictionaries.js
FN:200,(anonymous_0)
FN:202,(anonymous_1)
FN:211,(anonymous_2)
FN:218,(anonymous_3)
FN:226,(anonymous_4)
FN:230,(anonymous_5)
FNF:6
FNH:6
FNDA:2,(anonymous_0)
FNDA:12,(anonymous_1)
FNDA:2,(anonymous_2)
FNDA:42,(anonymous_3)
FNDA:24,(anonymous_4)
FNDA:1058,(anonymous_5)
DA:6,6
DA:200,6
DA:201,2
DA:202,2
DA:203,12
DA:205,2
DA:211,6
DA:212,2
DA:218,6
DA:219,42
DA:220,42
DA:226,6
DA:227,24
DA:229,24
DA:230,1058
DA:231,22
DA:232,5
DA:233,5
DA:234,4
DA:235,3
DA:236,3
DA:237,2
DA:238,0
DA:243,2
DA:246,6
LF:25
LH:24
BRDA:220,0,0,42
BRDA:220,0,1,22
BRDA:230,1,0,22
BRDA:230,1,1,56
BRDA:231,2,0,5
BRDA:231,2,1,5
BRDA:231,2,2,4
BRDA:231,2,3,3
BRDA:231,2,4,3
BRDA:231,2,5,2
BRDA:231,2,6,0
BRF:11
BRH:10
end_of_record
TN:
SF:src\utils\documentUpdater.js
FN:3,isSafeKey
FN:12,applyDotNotationUpdates
FN:15,(anonymous_2)
FN:35,filterAllowedFields
FNF:4
FNH:4
FNDA:16,isSafeKey
FNDA:7,applyDotNotationUpdates
FNDA:16,(anonymous_2)
FNDA:8,filterAllowedFields
DA:1,5
DA:4,16
DA:13,7
DA:14,9
DA:15,16
DA:16,0
DA:18,9
DA:19,9
DA:20,7
DA:21,5
DA:23,7
DA:25,9
DA:36,8
DA:37,8
DA:38,11
DA:39,11
DA:40,6
DA:43,8
DA:46,5
LF:19
LH:18
BRDA:4,0,0,16
BRDA:4,0,1,16
BRDA:4,0,2,16
BRDA:15,1,0,0
BRDA:15,1,1,9
BRDA:20,2,0,5
BRDA:20,2,1,2
BRDA:20,3,0,7
BRDA:20,3,1,3
BRDA:39,4,0,6
BRDA:39,4,1,5
BRF:11
BRH:10
end_of_record
TN:
SF:src\utils\errorHelper.js
FN:1,getErrorStatusCode
FN:14,handleErrorCatch
FNF:2
FNH:2
FNDA:106,getErrorStatusCode
FNDA:85,handleErrorCatch
DA:2,106
DA:3,104
DA:4,103
DA:5,95
DA:6,95
DA:7,73
DA:8,57
DA:9,54
DA:10,39
DA:11,37
DA:15,85
DA:16,85
DA:17,1
DA:19,84
DA:22,9
LF:15
LH:15
BRDA:1,0,0,105
BRDA:2,1,0,2
BRDA:2,1,1,104
BRDA:3,2,0,1
BRDA:3,2,1,103
BRDA:4,3,0,8
BRDA:4,3,1,95
BRDA:5,4,0,95
BRDA:5,4,1,1
BRDA:6,5,0,22
BRDA:6,5,1,73
BRDA:6,6,0,95
BRDA:6,6,1,79
BRDA:7,7,0,16
BRDA:7,7,1,57
BRDA:7,8,0,73
BRDA:7,8,1,66
BRDA:7,8,2,62
BRDA:7,8,3,59
BRDA:7,8,4,58
BRDA:8,9,0,3
BRDA:8,9,1,54
BRDA:8,10,0,57
BRDA:8,10,1,57
BRDA:8,10,2,55
BRDA:8,10,3,54
BRDA:9,11,0,15
BRDA:9,11,1,39
BRDA:9,12,0,54
BRDA:9,12,1,48
BRDA:9,12,2,47
BRDA:9,12,3,45
BRDA:9,12,4,44
BRDA:9,12,5,39
BRDA:10,13,0,2
BRDA:10,13,1,37
BRDA:10,14,0,39
BRDA:10,14,1,39
BRDA:10,14,2,39
BRDA:10,14,3,38
BRDA:16,15,0,1
BRDA:16,15,1,84
BRF:42
BRH:42
end_of_record
TN:
SF:src\utils\idHelper.js
FN:7,extractId
FNF:1
FNH:1
FNDA:67,extractId
DA:8,67
DA:9,64
DA:10,48
DA:11,1
DA:14,35
LF:5
LH:5
BRDA:8,0,0,3
BRDA:8,0,1,64
BRDA:9,1,0,16
BRDA:9,1,1,48
BRDA:10,2,0,47
BRDA:10,2,1,1
BRF:6
BRH:6
end_of_record
TN:
SF:src\utils\jwt.js
FN:11,(anonymous_0)
FN:25,(anonymous_1)
FN:37,(anonymous_2)
FNF:3
FNH:3
FNDA:19,(anonymous_0)
FNDA:19,(anonymous_1)
FNDA:19,(anonymous_2)
DA:1,6
DA:2,6
DA:4,6
DA:5,6
DA:7,6
DA:8,0
DA:11,6
DA:12,19
DA:20,19
DA:25,6
DA:26,19
DA:27,19
DA:29,4
DA:30,1
DA:32,3
DA:37,6
DA:38,19
DA:39,19
DA:41,19
DA:42,19
DA:43,19
DA:44,16
DA:48,19
DA:49,3
DA:55,16
DA:56,14
DA:57,14
DA:59,14
DA:61,2
LF:29
LH:28
BRDA:5,0,0,6
BRDA:5,0,1,0
BRDA:7,1,0,0
BRDA:7,1,1,6
BRDA:17,2,0,0
BRDA:17,2,1,19
BRDA:29,3,0,1
BRDA:29,3,1,3
BRDA:41,4,0,19
BRDA:41,4,1,0
BRDA:43,5,0,16
BRDA:43,5,1,3
BRDA:43,6,0,19
BRDA:43,6,1,16
BRDA:48,7,0,3
BRDA:48,7,1,16
BRF:16
BRH:12
end_of_record
TN:
SF:src\utils\notificationValidator.js
FN:11,(anonymous_0)
FN:46,(anonymous_1)
FN:71,(anonymous_2)
FN:113,(anonymous_3)
FN:150,(anonymous_4)
FNF:5
FNH:5
FNDA:12,(anonymous_0)
FNDA:2,(anonymous_1)
FNDA:5,(anonymous_2)
FNDA:6,(anonymous_3)
FNDA:12,(anonymous_4)
DA:1,4
DA:2,4
DA:12,12
DA:13,12
DA:15,12
DA:16,1
DA:19,12
DA:20,1
DA:21,11
DA:22,1
DA:25,12
DA:26,1
DA:27,11
DA:28,1
DA:29,10
DA:30,1
DA:33,12
DA:34,1
DA:35,11
DA:36,0
DA:37,11
DA:38,1
DA:41,12
DA:42,3
DA:43,1
DA:45,2
DA:46,2
DA:47,2
DA:48,1
DA:53,12
DA:54,1
DA:57,12
DA:58,11
DA:65,1
DA:72,5
DA:73,5
DA:75,5
DA:76,1
DA:77,4
DA:78,1
DA:79,3
DA:80,1
DA:81,2
DA:82,1
DA:85,5
DA:86,0
DA:87,5
DA:88,0
DA:91,5
DA:92,0
DA:95,5
DA:96,0
DA:99,5
DA:100,4
DA:107,1
DA:114,6
DA:115,6
DA:116,6
DA:118,6
DA:119,1
DA:120,5
DA:121,1
DA:124,6
DA:125,0
DA:128,6
DA:129,0
DA:132,6
DA:133,0
DA:136,6
DA:137,2
DA:144,4
DA:151,12
DA:152,12
DA:154,12
DA:155,2
DA:158,12
DA:159,3
DA:160,3
DA:161,2
DA:165,12
DA:166,1
DA:169,12
DA:170,0
DA:173,12
DA:174,5
DA:181,7
DA:185,4
LF:87
LH:78
BRDA:15,0,0,1
BRDA:15,0,1,11
BRDA:19,1,0,1
BRDA:19,1,1,11
BRDA:21,2,0,1
BRDA:21,2,1,10
BRDA:25,3,0,1
BRDA:25,3,1,11
BRDA:27,4,0,1
BRDA:27,4,1,10
BRDA:27,5,0,11
BRDA:27,5,1,11
BRDA:29,6,0,1
BRDA:29,6,1,9
BRDA:33,7,0,1
BRDA:33,7,1,11
BRDA:35,8,0,0
BRDA:35,8,1,11
BRDA:35,9,0,11
BRDA:35,9,1,11
BRDA:37,10,0,1
BRDA:37,10,1,10
BRDA:41,11,0,3
BRDA:41,11,1,9
BRDA:42,12,0,1
BRDA:42,12,1,2
BRDA:47,13,0,1
BRDA:47,13,1,1
BRDA:53,14,0,1
BRDA:53,14,1,11
BRDA:53,15,0,12
BRDA:53,15,1,2
BRDA:57,16,0,11
BRDA:57,16,1,1
BRDA:75,17,0,1
BRDA:75,17,1,4
BRDA:77,18,0,1
BRDA:77,18,1,3
BRDA:79,19,0,1
BRDA:79,19,1,2
BRDA:81,20,0,1
BRDA:81,20,1,1
BRDA:85,21,0,0
BRDA:85,21,1,5
BRDA:87,22,0,0
BRDA:87,22,1,5
BRDA:91,23,0,0
BRDA:91,23,1,5
BRDA:91,24,0,5
BRDA:91,24,1,5
BRDA:91,24,2,5
BRDA:95,25,0,0
BRDA:95,25,1,5
BRDA:95,26,0,5
BRDA:95,26,1,5
BRDA:95,26,2,5
BRDA:99,27,0,4
BRDA:99,27,1,1
BRDA:118,28,0,1
BRDA:118,28,1,5
BRDA:120,29,0,1
BRDA:120,29,1,4
BRDA:124,30,0,0
BRDA:124,30,1,6
BRDA:124,31,0,6
BRDA:124,31,1,6
BRDA:128,32,0,0
BRDA:128,32,1,6
BRDA:128,33,0,6
BRDA:128,33,1,6
BRDA:128,33,2,6
BRDA:132,34,0,0
BRDA:132,34,1,6
BRDA:132,35,0,6
BRDA:132,35,1,6
BRDA:132,35,2,6
BRDA:136,36,0,2
BRDA:136,36,1,4
BRDA:154,37,0,2
BRDA:154,37,1,10
BRDA:154,38,0,12
BRDA:154,38,1,3
BRDA:154,38,2,2
BRDA:158,39,0,3
BRDA:158,39,1,9
BRDA:160,40,0,2
BRDA:160,40,1,1
BRDA:160,41,0,3
BRDA:160,41,1,3
BRDA:160,41,2,2
BRDA:165,42,0,1
BRDA:165,42,1,11
BRDA:165,43,0,12
BRDA:165,43,1,7
BRDA:169,44,0,0
BRDA:169,44,1,12
BRDA:169,45,0,12
BRDA:169,45,1,1
BRDA:173,46,0,5
BRDA:173,46,1,7
BRF:100
BRH:91
end_of_record
TN:
SF:src\utils\pdfParser.js
FN:13,parsePdf
FN:15,(anonymous_1)
FN:17,(anonymous_2)
FNF:3
FNH:0
FNDA:0,parsePdf
FNDA:0,(anonymous_1)
FNDA:0,(anonymous_2)
DA:1,3
DA:2,3
DA:4,3
DA:11,3
DA:14,0
DA:15,0
DA:17,0
DA:18,0
DA:22,3
LF:9
LH:5
BRF:0
BRH:0
end_of_record
TN:
SF:src\utils\responseHandler.js
FN:46,(anonymous_0)
FN:70,(anonymous_1)
FN:90,(anonymous_2)
FN:97,(anonymous_3)
FN:104,(anonymous_4)
FNF:5
FNH:5
FNDA:21,(anonymous_0)
FNDA:168,(anonymous_1)
FNDA:10,(anonymous_2)
FNDA:3,(anonymous_3)
FNDA:4,(anonymous_4)
DA:1,7
DA:47,21
DA:49,21
DA:50,9
DA:51,9
DA:52,9
DA:54,9
DA:55,9
DA:58,9
DA:59,1
DA:62,9
DA:65,12
DA:68,12
DA:69,12
DA:70,168
DA:71,5
DA:72,2
DA:76,12
DA:79,12
DA:81,12
DA:83,12
DA:84,12
DA:87,12
DA:91,10
DA:98,3
DA:105,4
DA:109,7
LF:27
LH:27
BRDA:49,0,0,9
BRDA:49,0,1,12
BRDA:49,1,0,21
BRDA:49,1,1,20
BRDA:49,1,2,12
BRDA:50,2,0,9
BRDA:50,2,1,0
BRDA:50,3,0,9
BRDA:50,3,1,0
BRDA:51,4,0,9
BRDA:51,4,1,0
BRDA:54,5,0,9
BRDA:54,5,1,0
BRDA:54,6,0,9
BRDA:54,6,1,9
BRDA:54,6,2,9
BRDA:58,7,0,1
BRDA:58,7,1,8
BRDA:65,8,0,10
BRDA:65,8,1,2
BRDA:65,9,0,12
BRDA:65,9,1,11
BRDA:68,10,0,5
BRDA:68,10,1,7
BRDA:68,11,0,12
BRDA:68,11,1,10
BRDA:69,12,0,5
BRDA:69,12,1,7
BRDA:69,13,0,12
BRDA:69,13,1,7
BRDA:71,14,0,2
BRDA:71,14,1,3
BRDA:76,15,0,7
BRDA:76,15,1,5
BRDA:78,16,0,5
BRDA:78,16,1,4
BRDA:78,17,0,5
BRDA:78,17,1,4
BRDA:79,18,0,12
BRDA:79,18,1,5
BRDA:83,19,0,12
BRDA:83,19,1,0
BRDA:83,20,0,12
BRDA:83,20,1,12
BRDA:90,21,0,6
BRDA:97,22,0,2
BRF:46
BRH:41
end_of_record
TN:
SF:src\utils\validators.js
FN:4,(anonymous_0)
FN:9,(anonymous_1)
FN:19,(anonymous_2)
FN:33,(anonymous_3)
FN:39,(anonymous_4)
FN:45,(anonymous_5)
FN:64,(anonymous_6)
FN:77,(anonymous_7)
FN:103,(anonymous_8)
FNF:9
FNH:6
FNDA:17,(anonymous_0)
FNDA:16,(anonymous_1)
FNDA:12,(anonymous_2)
FNDA:2,(anonymous_3)
FNDA:1,(anonymous_4)
FNDA:0,(anonymous_5)
FNDA:0,(anonymous_6)
FNDA:0,(anonymous_7)
FNDA:12,(anonymous_8)
DA:1,5
DA:5,17
DA:6,17
DA:10,16
DA:11,5
DA:13,11
DA:14,11
DA:15,11
DA:16,11
DA:20,12
DA:21,5
DA:24,7
DA:25,2
DA:28,5
DA:29,1
DA:34,2
DA:35,0
DA:40,1
DA:41,0
DA:46,0
DA:48,0
DA:49,0
DA:52,0
DA:53,0
DA:56,0
DA:57,0
DA:58,0
DA:61,0
DA:65,0
DA:67,0
DA:68,0
DA:69,0
DA:70,0
DA:74,0
DA:78,0
DA:79,0
DA:82,0
DA:83,0
DA:84,0
DA:87,0
DA:88,0
DA:89,0
DA:91,0
DA:92,0
DA:95,0
DA:96,0
DA:100,0
DA:111,12
DA:113,12
DA:114,3
DA:115,1
DA:119,11
DA:120,2
DA:121,0
DA:125,11
DA:126,2
DA:127,0
DA:131,11
DA:132,3
DA:133,1
DA:137,10
DA:138,3
DA:139,0
DA:142,3
DA:143,3
DA:145,3
DA:146,1
DA:149,2
DA:150,0
DA:154,9
DA:155,1
DA:156,0
DA:159,1
DA:161,1
DA:162,0
DA:165,1
DA:166,0
DA:169,1
DA:170,0
DA:174,9
DA:178,5
LF:81
LH:43
BRDA:10,0,0,5
BRDA:10,0,1,11
BRDA:10,1,0,16
BRDA:10,1,1,14
BRDA:16,2,0,11
BRDA:16,2,1,8
BRDA:16,2,2,7
BRDA:20,3,0,5
BRDA:20,3,1,7
BRDA:20,4,0,12
BRDA:20,4,1,10
BRDA:20,4,2,8
BRDA:24,5,0,2
BRDA:24,5,1,5
BRDA:28,6,0,1
BRDA:28,6,1,4
BRDA:34,7,0,0
BRDA:34,7,1,2
BRDA:34,8,0,2
BRDA:34,8,1,2
BRDA:40,9,0,0
BRDA:40,9,1,1
BRDA:40,10,0,1
BRDA:40,10,1,1
BRDA:48,11,0,0
BRDA:48,11,1,0
BRDA:48,12,0,0
BRDA:48,12,1,0
BRDA:52,13,0,0
BRDA:52,13,1,0
BRDA:52,14,0,0
BRDA:52,14,1,0
BRDA:57,15,0,0
BRDA:57,15,1,0
BRDA:67,16,0,0
BRDA:67,16,1,0
BRDA:67,17,0,0
BRDA:67,17,1,0
BRDA:69,18,0,0
BRDA:69,18,1,0
BRDA:78,19,0,0
BRDA:78,19,1,0
BRDA:78,20,0,0
BRDA:78,20,1,0
BRDA:83,21,0,0
BRDA:83,21,1,0
BRDA:91,22,0,0
BRDA:91,22,1,0
BRDA:91,23,0,0
BRDA:91,23,1,0
BRDA:95,24,0,0
BRDA:95,24,1,0
BRDA:95,25,0,0
BRDA:95,25,1,0
BRDA:95,25,2,0
BRDA:113,26,0,3
BRDA:113,26,1,9
BRDA:114,27,0,1
BRDA:114,27,1,2
BRDA:114,28,0,3
BRDA:114,28,1,3
BRDA:114,28,2,2
BRDA:119,29,0,2
BRDA:119,29,1,9
BRDA:120,30,0,0
BRDA:120,30,1,2
BRDA:120,31,0,2
BRDA:120,31,1,2
BRDA:125,32,0,2
BRDA:125,32,1,9
BRDA:126,33,0,0
BRDA:126,33,1,2
BRDA:126,34,0,2
BRDA:126,34,1,2
BRDA:131,35,0,3
BRDA:131,35,1,8
BRDA:132,36,0,1
BRDA:132,36,1,2
BRDA:137,37,0,3
BRDA:137,37,1,7
BRDA:138,38,0,0
BRDA:138,38,1,3
BRDA:138,39,0,3
BRDA:138,39,1,3
BRDA:145,40,0,1
BRDA:145,40,1,2
BRDA:145,41,0,3
BRDA:145,41,1,3
BRDA:145,41,2,3
BRDA:149,42,0,0
BRDA:149,42,1,2
BRDA:149,43,0,2
BRDA:149,43,1,2
BRDA:149,43,2,2
BRDA:154,44,0,1
BRDA:154,44,1,8
BRDA:155,45,0,0
BRDA:155,45,1,1
BRDA:155,46,0,1
BRDA:155,46,1,1
BRDA:161,47,0,0
BRDA:161,47,1,1
BRDA:161,48,0,1
BRDA:161,48,1,1
BRDA:165,49,0,0
BRDA:165,49,1,1
BRDA:165,50,0,1
BRDA:165,50,1,1
BRDA:169,51,0,0
BRDA:169,51,1,1
BRDA:169,52,0,1
BRDA:169,52,1,1
BRF:112
BRH:71
end_of_record
